#
# There is insufficient memory for the Java Runtime Environment to continue.
# Native memory allocation (malloc) failed to allocate 32744 bytes for ChunkPool::allocate
# Possible reasons:
#   The system is out of physical RAM or swap space
#   In 32 bit mode, the process size limit was hit
# Possible solutions:
#   Reduce memory load on the system
#   Increase physical memory or swap space
#   Check if swap backing store is full
#   Use 64 bit Java on a 64 bit OS
#   Decrease Java heap size (-Xmx/-Xms)
#   Decrease number of Java threads
#   Decrease Java thread stack sizes (-Xss)
#   Set larger code cache with -XX:ReservedCodeCacheSize=
# This output file may be truncated or incomplete.
#
#  Out of Memory Error (allocation.cpp:271), pid=11896, tid=13720
#
# JRE version: Java(TM) SE Runtime Environment (8.0_05-b13) (build 1.8.0_05-b13)
# Java VM: Java HotSpot(TM) 64-Bit Server VM (25.5-b02 mixed mode windows-amd64 compressed oops)
# Failed to write core dump. Minidumps are not enabled by default on client versions of Windows
#

---------------  T H R E A D  ---------------

Current thread (0x0000000015570800):  JavaThread "C2 CompilerThread0" daemon [_thread_in_native, id=13720, stack(0x0000000016eb0000,0x0000000016fb0000)]

Stack: [0x0000000016eb0000,0x0000000016fb0000]
Native frames: (J=compiled Java code, j=interpreted, Vv=VM code, C=native code)
V  [jvm.dll+0x308dea]


Current CompileTask:
C2:    702  610       4       com.android.dx.ssa.NormalSsaInsn::accept (25 bytes)


---------------  P R O C E S S  ---------------

Java Threads: ( => current thread )
  0x0000000016ae8000 JavaThread "pool-1-thread-4" [_thread_in_Java, id=13812, stack(0x00000000177b0000,0x00000000178b0000)]
  0x0000000016acd800 JavaThread "pool-1-thread-3" [_thread_in_Java, id=13432, stack(0x00000000176b0000,0x00000000177b0000)]
  0x0000000016a34800 JavaThread "pool-1-thread-2" [_thread_blocked, id=13752, stack(0x00000000175b0000,0x00000000176b0000)]
  0x0000000016a34000 JavaThread "pool-2-thread-1" [_thread_blocked, id=13684, stack(0x00000000174b0000,0x00000000175b0000)]
  0x0000000016a31000 JavaThread "pool-1-thread-1" [_thread_in_Java, id=8000, stack(0x00000000173b0000,0x00000000174b0000)]
  0x000000001694c800 JavaThread "Service Thread" daemon [_thread_blocked, id=12348, stack(0x00000000171b0000,0x00000000172b0000)]
  0x0000000016904800 JavaThread "C1 CompilerThread2" daemon [_thread_blocked, id=13936, stack(0x00000000170b0000,0x00000000171b0000)]
  0x0000000015585800 JavaThread "C2 CompilerThread1" daemon [_thread_in_native, id=14060, stack(0x0000000016fb0000,0x00000000170b0000)]
=>0x0000000015570800 JavaThread "C2 CompilerThread0" daemon [_thread_in_native, id=13720, stack(0x0000000016eb0000,0x0000000016fb0000)]
  0x000000001556f000 JavaThread "Attach Listener" daemon [_thread_blocked, id=9688, stack(0x0000000016db0000,0x0000000016eb0000)]
  0x00000000168f3800 JavaThread "Signal Dispatcher" daemon [_thread_blocked, id=13716, stack(0x0000000016cb0000,0x0000000016db0000)]
  0x0000000002dee000 JavaThread "Finalizer" daemon [_thread_blocked, id=13104, stack(0x00000000167b0000,0x00000000168b0000)]
  0x0000000002de9000 JavaThread "Reference Handler" daemon [_thread_blocked, id=10204, stack(0x00000000166b0000,0x00000000167b0000)]
  0x0000000002d00800 JavaThread "main" [_thread_blocked, id=13540, stack(0x00000000028c0000,0x00000000029c0000)]

Other Threads:
  0x0000000015527000 VMThread [stack: 0x00000000165b0000,0x00000000166b0000] [id=14052]
  0x0000000016952000 WatcherThread [stack: 0x00000000172b0000,0x00000000173b0000] [id=11368]

VM state:not at safepoint (normal execution)

VM Mutex/Monitor currently owned by a thread: None

Heap:
 PSYoungGen      total 6144K, used 3456K [0x00000000eab00000, 0x00000000eb700000, 0x0000000100000000)
  eden space 4096K, 40% used [0x00000000eab00000,0x00000000eac9c1d8,0x00000000eaf00000)
  from space 2048K, 88% used [0x00000000eb500000,0x00000000eb6c4028,0x00000000eb700000)
  to   space 1536K, 0% used [0x00000000eaf00000,0x00000000eaf00000,0x00000000eb080000)
 ParOldGen       total 129536K, used 2192K [0x00000000c0000000, 0x00000000c7e80000, 0x00000000eab00000)
  object space 129536K, 1% used [0x00000000c0000000,0x00000000c0224348,0x00000000c7e80000)
 Metaspace       used 5528K, capacity 6576K, committed 6784K, reserved 1056768K
  class space    used 586K, capacity 616K, committed 640K, reserved 1048576K

Card table byte_map: [0x0000000012250000,0x0000000012460000] byte_map_base: 0x0000000011c50000

Marking Bits: (ParMarkBitMap*) 0x000000006bc213b0
 Begin Bits: [0x00000000129c0000, 0x00000000139c0000)
 End Bits:   [0x00000000139c0000, 0x00000000149c0000)

Polling page: 0x00000000029c0000

CodeCache: size=245760Kb used=2553Kb max_used=2553Kb free=243206Kb
 bounds [0x0000000002e90000, 0x0000000003110000, 0x0000000011e90000]
 total_blobs=932 nmethods=663 adapters=180
 compilation: disabled (not enough contiguous free space left)

Compilation events (10 events):
Event: 0.558 Thread 0x0000000015585800 nmethod 688 0x00000000030cd1d0 code [0x00000000030cd320, 0x00000000030cd3f8]
Event: 0.558 Thread 0x0000000015585800  681       4       java.util.HashSet::contains (9 bytes)
Event: 0.559 Thread 0x0000000015585800 nmethod 681 0x00000000030fa010 code [0x00000000030fa160, 0x00000000030fa288]
Event: 0.559 Thread 0x0000000015585800  682       4       java.util.AbstractList::<init> (10 bytes)
Event: 0.559 Thread 0x0000000015585800 nmethod 682 0x00000000030d5990 code [0x00000000030d5ac0, 0x00000000030d5b18]
Event: 0.559 Thread 0x0000000015585800  646       4       java.util.ArrayList::ensureExplicitCapacity (26 bytes)
Event: 0.561 Thread 0x0000000015585800 nmethod 646 0x00000000030fb690 code [0x00000000030fb7e0, 0x00000000030fba48]
Event: 0.561 Thread 0x0000000015585800  701       4       com.android.dx.ssa.SsaBasicBlock::forEachInsn (37 bytes)
Event: 0.570 Thread 0x0000000016904800 nmethod 659 0x00000000030fa990 code [0x00000000030fab60, 0x00000000030fb338]
Event: 0.570 Thread 0x0000000016904800  690       3       com.android.dx.ssa.SCCP::simulateBranch (666 bytes)

GC Heap History (10 events):
Event: 0.193 GC heap before
{Heap before GC invocations=4 (full 0):
 PSYoungGen      total 1536K, used 1504K [0x00000000eab00000, 0x00000000eae00000, 0x0000000100000000)
  eden space 1024K, 100% used [0x00000000eab00000,0x00000000eac00000,0x00000000eac00000)
  from space 512K, 93% used [0x00000000eac00000,0x00000000eac78030,0x00000000eac80000)
  to   space 512K, 0% used [0x00000000ead80000,0x00000000ead80000,0x00000000eae00000)
 ParOldGen       total 129536K, used 603K [0x00000000c0000000, 0x00000000c7e80000, 0x00000000eab00000)
  object space 129536K, 0% used [0x00000000c0000000,0x00000000c0096d48,0x00000000c7e80000)
 Metaspace       used 3731K, capacity 5008K, committed 5120K, reserved 1056768K
  class space    used 418K, capacity 456K, committed 512K, reserved 1048576K
Event: 0.197 GC heap after
Heap after GC invocations=4 (full 0):
 PSYoungGen      total 2560K, used 488K [0x00000000eab00000, 0x00000000eae00000, 0x0000000100000000)
  eden space 2048K, 0% used [0x00000000eab00000,0x00000000eab00000,0x00000000ead00000)
  from space 512K, 95% used [0x00000000ead80000,0x00000000eadfa020,0x00000000eae00000)
  to   space 512K, 0% used [0x00000000ead00000,0x00000000ead00000,0x00000000ead80000)
 ParOldGen       total 129536K, used 914K [0x00000000c0000000, 0x00000000c7e80000, 0x00000000eab00000)
  object space 129536K, 0% used [0x00000000c0000000,0x00000000c00e4818,0x00000000c7e80000)
 Metaspace       used 3731K, capacity 5008K, committed 5120K, reserved 1056768K
  class space    used 418K, capacity 456K, committed 512K, reserved 1048576K
}
Event: 0.256 GC heap before
{Heap before GC invocations=5 (full 0):
 PSYoungGen      total 2560K, used 2530K [0x00000000eab00000, 0x00000000eae00000, 0x0000000100000000)
  eden space 2048K, 99% used [0x00000000eab00000,0x00000000eacfea00,0x00000000ead00000)
  from space 512K, 95% used [0x00000000ead80000,0x00000000eadfa020,0x00000000eae00000)
  to   space 512K, 0% used [0x00000000ead00000,0x00000000ead00000,0x00000000ead80000)
 ParOldGen       total 129536K, used 914K [0x00000000c0000000, 0x00000000c7e80000, 0x00000000eab00000)
  object space 129536K, 0% used [0x00000000c0000000,0x00000000c00e4818,0x00000000c7e80000)
 Metaspace       used 4183K, capacity 5392K, committed 5760K, reserved 1056768K
  class space    used 472K, capacity 520K, committed 640K, reserved 1048576K
Event: 0.266 GC heap after
Heap after GC invocations=5 (full 0):
 PSYoungGen      total 2560K, used 504K [0x00000000eab00000, 0x00000000eb200000, 0x0000000100000000)
  eden space 2048K, 0% used [0x00000000eab00000,0x00000000eab00000,0x00000000ead00000)
  from space 512K, 98% used [0x00000000ead00000,0x00000000ead7e010,0x00000000ead80000)
  to   space 1536K, 0% used [0x00000000eb080000,0x00000000eb080000,0x00000000eb200000)
 ParOldGen       total 129536K, used 1595K [0x00000000c0000000, 0x00000000c7e80000, 0x00000000eab00000)
  object space 129536K, 1% used [0x00000000c0000000,0x00000000c018ed88,0x00000000c7e80000)
 Metaspace       used 4183K, capacity 5392K, committed 5760K, reserved 1056768K
  class space    used 472K, capacity 520K, committed 640K, reserved 1048576K
}
Event: 0.303 GC heap before
{Heap before GC invocations=6 (full 0):
 PSYoungGen      total 2560K, used 2552K [0x00000000eab00000, 0x00000000eb200000, 0x0000000100000000)
  eden space 2048K, 100% used [0x00000000eab00000,0x00000000ead00000,0x00000000ead00000)
  from space 512K, 98% used [0x00000000ead00000,0x00000000ead7e010,0x00000000ead80000)
  to   space 1536K, 0% used [0x00000000eb080000,0x00000000eb080000,0x00000000eb200000)
 ParOldGen       total 129536K, used 1595K [0x00000000c0000000, 0x00000000c7e80000, 0x00000000eab00000)
  object space 129536K, 1% used [0x00000000c0000000,0x00000000c018ed88,0x00000000c7e80000)
 Metaspace       used 4832K, capacity 5936K, committed 6272K, reserved 1056768K
  class space    used 538K, capacity 552K, committed 640K, reserved 1048576K
Event: 0.326 GC heap after
Heap after GC invocations=6 (full 0):
 PSYoungGen      total 5632K, used 1160K [0x00000000eab00000, 0x00000000eb200000, 0x0000000100000000)
  eden space 4096K, 0% used [0x00000000eab00000,0x00000000eab00000,0x00000000eaf00000)
  from space 1536K, 75% used [0x00000000eb080000,0x00000000eb1a2310,0x00000000eb200000)
  to   space 1536K, 0% used [0x00000000eaf00000,0x00000000eaf00000,0x00000000eb080000)
 ParOldGen       total 129536K, used 1595K [0x00000000c0000000, 0x00000000c7e80000, 0x00000000eab00000)
  object space 129536K, 1% used [0x00000000c0000000,0x00000000c018ed88,0x00000000c7e80000)
 Metaspace       used 4832K, capacity 5936K, committed 6272K, reserved 1056768K
  class space    used 538K, capacity 552K, committed 640K, reserved 1048576K
}
Event: 0.453 GC heap before
{Heap before GC invocations=7 (full 0):
 PSYoungGen      total 5632K, used 5256K [0x00000000eab00000, 0x00000000eb200000, 0x0000000100000000)
  eden space 4096K, 100% used [0x00000000eab00000,0x00000000eaf00000,0x00000000eaf00000)
  from space 1536K, 75% used [0x00000000eb080000,0x00000000eb1a2310,0x00000000eb200000)
  to   space 1536K, 0% used [0x00000000eaf00000,0x00000000eaf00000,0x00000000eb080000)
 ParOldGen       total 129536K, used 1595K [0x00000000c0000000, 0x00000000c7e80000, 0x00000000eab00000)
  object space 129536K, 1% used [0x00000000c0000000,0x00000000c018ed88,0x00000000c7e80000)
 Metaspace       used 5411K, capacity 6512K, committed 6784K, reserved 1056768K
  class space    used 584K, capacity 616K, committed 640K, reserved 1048576K
Event: 0.540 GC heap after
Heap after GC invocations=7 (full 0):
 PSYoungGen      total 5632K, used 1504K [0x00000000eab00000, 0x00000000eb700000, 0x0000000100000000)
  eden space 4096K, 0% used [0x00000000eab00000,0x00000000eab00000,0x00000000eaf00000)
  from space 1536K, 97% used [0x00000000eaf00000,0x00000000eb078018,0x00000000eb080000)
  to   space 2048K, 0% used [0x00000000eb500000,0x00000000eb500000,0x00000000eb700000)
 ParOldGen       total 129536K, used 2136K [0x00000000c0000000, 0x00000000c7e80000, 0x00000000eab00000)
  object space 129536K, 1% used [0x00000000c0000000,0x00000000c0216348,0x00000000c7e80000)
 Metaspace       used 5411K, capacity 6512K, committed 6784K, reserved 1056768K
  class space    used 584K, capacity 616K, committed 640K, reserved 1048576K
}
Event: 0.583 GC heap before
{Heap before GC invocations=8 (full 0):
 PSYoungGen      total 5632K, used 5600K [0x00000000eab00000, 0x00000000eb700000, 0x0000000100000000)
  eden space 4096K, 100% used [0x00000000eab00000,0x00000000eaf00000,0x00000000eaf00000)
  from space 1536K, 97% used [0x00000000eaf00000,0x00000000eb078018,0x00000000eb080000)
  to   space 2048K, 0% used [0x00000000eb500000,0x00000000eb500000,0x00000000eb700000)
 ParOldGen       total 129536K, used 2136K [0x00000000c0000000, 0x00000000c7e80000, 0x00000000eab00000)
  object space 129536K, 1% used [0x00000000c0000000,0x00000000c0216348,0x00000000c7e80000)
 Metaspace       used 5513K, capacity 6576K, committed 6784K, reserved 1056768K
  class space    used 586K, capacity 616K, committed 640K, reserved 1048576K
Event: 0.688 GC heap after
Heap after GC invocations=8 (full 0):
 PSYoungGen      total 6144K, used 1808K [0x00000000eab00000, 0x00000000eb700000, 0x0000000100000000)
  eden space 4096K, 0% used [0x00000000eab00000,0x00000000eab00000,0x00000000eaf00000)
  from space 2048K, 88% used [0x00000000eb500000,0x00000000eb6c4028,0x00000000eb700000)
  to   space 1536K, 0% used [0x00000000eaf00000,0x00000000eaf00000,0x00000000eb080000)
 ParOldGen       total 129536K, used 2192K [0x00000000c0000000, 0x00000000c7e80000, 0x00000000eab00000)
  object space 129536K, 1% used [0x00000000c0000000,0x00000000c0224348,0x00000000c7e80000)
 Metaspace       used 5513K, capacity 6576K, committed 6784K, reserved 1056768K
  class space    used 586K, capacity 616K, committed 640K, reserved 1048576K
}

Deoptimization events (4 events):
Event: 0.544 Thread 0x0000000016a34800 Uncommon trap: reason=class_check action=maybe_recompile pc=0x00000000030b8e18 method=com.android.dx.rop.type.Type.equals(Ljava/lang/Object;)Z @ 8
Event: 0.544 Thread 0x0000000016a34800 Uncommon trap: reason=class_check action=maybe_recompile pc=0x00000000030b8e18 method=com.android.dx.rop.type.Type.equals(Ljava/lang/Object;)Z @ 8
Event: 0.544 Thread 0x0000000016a34800 Uncommon trap: reason=class_check action=maybe_recompile pc=0x00000000030b8e18 method=com.android.dx.rop.type.Type.equals(Ljava/lang/Object;)Z @ 8
Event: 0.544 Thread 0x0000000016a34800 Uncommon trap: reason=class_check action=maybe_recompile pc=0x00000000030b8e18 method=com.android.dx.rop.type.Type.equals(Ljava/lang/Object;)Z @ 8

Internal exceptions (10 events):
Event: 0.361 Thread 0x0000000016a34800 Exception <a 'java/security/PrivilegedActionException'> (0x00000000eac9e810) thrown at [D:\re\workspace\8-2-build-windows-amd64-cygwin\jdk8u5\2488\hotspot\src\share\vm\prims\jvm.cpp, line 1248]
Event: 0.361 Thread 0x0000000016a34800 Exception <a 'java/security/PrivilegedActionException'> (0x00000000eaca7458) thrown at [D:\re\workspace\8-2-build-windows-amd64-cygwin\jdk8u5\2488\hotspot\src\share\vm\prims\jvm.cpp, line 1248]
Event: 0.362 Thread 0x0000000016a34800 Exception <a 'java/security/PrivilegedActionException'> (0x00000000eacac888) thrown at [D:\re\workspace\8-2-build-windows-amd64-cygwin\jdk8u5\2488\hotspot\src\share\vm\prims\jvm.cpp, line 1248]
Event: 0.362 Thread 0x0000000016a34800 Exception <a 'java/security/PrivilegedActionException'> (0x00000000eacaf828) thrown at [D:\re\workspace\8-2-build-windows-amd64-cygwin\jdk8u5\2488\hotspot\src\share\vm\prims\jvm.cpp, line 1248]
Event: 0.365 Thread 0x0000000002d00800 Exception <a 'java/security/PrivilegedActionException'> (0x00000000eacce7a8) thrown at [D:\re\workspace\8-2-build-windows-amd64-cygwin\jdk8u5\2488\hotspot\src\share\vm\prims\jvm.cpp, line 1248]
Event: 0.373 Thread 0x0000000016ae8000 Exception <a 'java/security/PrivilegedActionException'> (0x00000000ead95ef0) thrown at [D:\re\workspace\8-2-build-windows-amd64-cygwin\jdk8u5\2488\hotspot\src\share\vm\prims\jvm.cpp, line 1248]
Event: 0.378 Thread 0x0000000016ae8000 Exception <a 'java/security/PrivilegedActionException'> (0x00000000eadcc4e8) thrown at [D:\re\workspace\8-2-build-windows-amd64-cygwin\jdk8u5\2488\hotspot\src\share\vm\prims\jvm.cpp, line 1248]
Event: 0.389 Thread 0x0000000016a31000 Exception <a 'java/security/PrivilegedActionException'> (0x00000000eae36028) thrown at [D:\re\workspace\8-2-build-windows-amd64-cygwin\jdk8u5\2488\hotspot\src\share\vm\prims\jvm.cpp, line 1248]
Event: 0.392 Thread 0x0000000016a34800 Exception <a 'java/security/PrivilegedActionException'> (0x00000000eae7e460) thrown at [D:\re\workspace\8-2-build-windows-amd64-cygwin\jdk8u5\2488\hotspot\src\share\vm\prims\jvm.cpp, line 1248]
Event: 0.568 Thread 0x0000000016ae8000 Exception <a 'java/security/PrivilegedActionException'> (0x00000000eada9600) thrown at [D:\re\workspace\8-2-build-windows-amd64-cygwin\jdk8u5\2488\hotspot\src\share\vm\prims\jvm.cpp, line 1248]

Events (10 events):
Event: 0.544 Thread 0x0000000016a34800 DEOPT PACKING pc=0x00000000030b8e18 sp=0x00000000176aeb60
Event: 0.544 Thread 0x0000000016a34800 DEOPT UNPACKING pc=0x0000000002ed55af sp=0x00000000176ae940 mode 2
Event: 0.568 loading class com/android/dx/cf/code/SwitchList
Event: 0.568 loading class com/android/dx/cf/code/SwitchList done
Event: 0.578 loading class java/util/TreeMap$EntrySet
Event: 0.578 loading class java/util/TreeMap$EntrySet done
Event: 0.578 loading class java/util/TreeMap$EntryIterator
Event: 0.578 loading class java/util/TreeMap$EntryIterator done
Event: 0.581 Executing VM operation: ParallelGCFailedAllocation
Event: 0.688 Executing VM operation: ParallelGCFailedAllocation done


Dynamic libraries:
0x00007ff7b1cb0000 - 0x00007ff7b1ce4000 	D:\jdk\bin\java.exe
0x00007ffd1f340000 - 0x00007ffd1f4e9000 	C:\Windows\SYSTEM32\ntdll.dll
0x00007ffd1cbd0000 - 0x00007ffd1cd09000 	C:\Windows\system32\KERNEL32.DLL
0x00007ffd1c840000 - 0x00007ffd1c94e000 	C:\Windows\system32\KERNELBASE.dll
0x00007ffd1e970000 - 0x00007ffd1ea15000 	C:\Windows\system32\ADVAPI32.dll
0x00007ffd1e6f0000 - 0x00007ffd1e861000 	C:\Windows\system32\USER32.dll
0x00007ffd1a700000 - 0x00007ffd1a95a000 	C:\Windows\WinSxS\amd64_microsoft.windows.common-controls_6595b64144ccf1df_6.0.9600.16384_none_62475f7becb72503\COMCTL32.dll
0x00007ffd1e450000 - 0x00007ffd1e4f7000 	C:\Windows\system32\msvcrt.dll
0x00007ffd1ea20000 - 0x00007ffd1ea77000 	C:\Windows\SYSTEM32\sechost.dll
0x00007ffd1f200000 - 0x00007ffd1f336000 	C:\Windows\system32\RPCRT4.dll
0x00007ffd1ec90000 - 0x00007ffd1edd5000 	C:\Windows\system32\GDI32.dll
0x00007ffd1cf20000 - 0x00007ffd1cf54000 	C:\Windows\system32\IMM32.DLL
0x00007ffd1cdd0000 - 0x00007ffd1cf09000 	C:\Windows\system32\MSCTF.dll
0x000000006afa0000 - 0x000000006b072000 	D:\jdk\jre\bin\msvcr100.dll
0x000000006b470000 - 0x000000006bc9a000 	D:\jdk\jre\bin\server\jvm.dll
0x00007ffd19ee0000 - 0x00007ffd19ee9000 	C:\Windows\SYSTEM32\WSOCK32.dll
0x00007ffd18480000 - 0x00007ffd1849f000 	C:\Windows\SYSTEM32\WINMM.dll
0x00007ffd1cd10000 - 0x00007ffd1cd17000 	C:\Windows\system32\PSAPI.DLL
0x00007ffd1ea90000 - 0x00007ffd1eae8000 	C:\Windows\system32\WS2_32.dll
0x00007ffd18320000 - 0x00007ffd1834a000 	C:\Windows\SYSTEM32\WINMMBASE.dll
0x00007ffd1cf10000 - 0x00007ffd1cf19000 	C:\Windows\system32\NSI.dll
0x00007ffd1c950000 - 0x00007ffd1c99a000 	C:\Windows\SYSTEM32\cfgmgr32.dll
0x00007ffd1b570000 - 0x00007ffd1b596000 	C:\Windows\SYSTEM32\DEVOBJ.dll
0x000000006bec0000 - 0x000000006becf000 	D:\jdk\jre\bin\verify.dll
0x000000006be90000 - 0x000000006beb8000 	D:\jdk\jre\bin\java.dll
0x000000006be70000 - 0x000000006be86000 	D:\jdk\jre\bin\zip.dll
0x00007ffd1d040000 - 0x00007ffd1e44d000 	C:\Windows\system32\SHELL32.dll
0x00007ffd1f020000 - 0x00007ffd1f1f7000 	C:\Windows\SYSTEM32\combase.dll
0x00007ffd1cf80000 - 0x00007ffd1cfd1000 	C:\Windows\system32\SHLWAPI.dll
0x00007ffd1ad50000 - 0x00007ffd1adf1000 	C:\Windows\SYSTEM32\SHCORE.dll
0x00007ffd1c6c0000 - 0x00007ffd1c6d4000 	C:\Windows\SYSTEM32\profapi.dll

VM Arguments:
jvm_args: -Djava.awt.headless=true -Xmx1024M -Dfile.encoding=GBK -Duser.country=CN -Duser.language=zh -Duser.variant 
java_command: com.android.dx.command.Main --dex --force-jumbo --num-threads=4 --output E:\Sports\app\build\intermediates\pre-dexed\debug\jp.wasabeef-glide-transformations-2.0.1_46dee2f4d8620b7380f1bd8dc416b8449c244faa.jar E:\Sports\app\build\intermediates\exploded-aar\jp.wasabeef\glide-transformations\2.0.1\jars\classes.jar
java_class_path (initial): D:\android\AppData\Local\Android\sdk\build-tools\24.0.0\lib\dx.jar
Launcher Type: SUN_STANDARD

Environment Variables:
JAVA_HOME=D:\jdk
PATH=C:\Windows\system32;C:\Windows;C:\Windows\System32\Wbem;C:\Windows\System32\WindowsPowerShell\v1.0\;D:\jdk\bin;D:\jdk\jre\bin;D:\android\AppData\Local\Android\sdk\tools;D:\android\AppData\Local\Android\sdk\platform-tools;C:\Program Files (x86)\NVIDIA Corporation\PhysX\Common
USERNAME=Administrator
OS=Windows_NT
PROCESSOR_IDENTIFIER=Intel64 Family 6 Model 60 Stepping 3, GenuineIntel



---------------  S Y S T E M  ---------------

OS: Windows 8.1 , 64 bit Build 9600 

CPU:total 4 (4 cores per cpu, 1 threads per core) family 6 model 60 stepping 3, cmov, cx8, fxsr, mmx, sse, sse2, sse3, ssse3, sse4.1, sse4.2, popcnt, avx, avx2, aes, clmul, erms, tsc, tscinvbit

Memory: 4k page, physical 8273724k(2014104k free), swap 8273724k(4792k free)

vm_info: Java HotSpot(TM) 64-Bit Server VM (25.5-b02) for windows-amd64 JRE (1.8.0_05-b13), built on Mar 18 2014 01:08:39 by "java_re" with MS VC++ 10.0 (VS2010)

time: Wed Aug 03 16:26:11 2016
elapsed time: 0 seconds

