#
# There is insufficient memory for the Java Runtime Environment to continue.
# Native memory allocation (malloc) failed to allocate 1370896 bytes for Chunk::new
# Possible reasons:
#   The system is out of physical RAM or swap space
#   In 32 bit mode, the process size limit was hit
# Possible solutions:
#   Reduce memory load on the system
#   Increase physical memory or swap space
#   Check if swap backing store is full
#   Use 64 bit Java on a 64 bit OS
#   Decrease Java heap size (-Xmx/-Xms)
#   Decrease number of Java threads
#   Decrease Java thread stack sizes (-Xss)
#   Set larger code cache with -XX:ReservedCodeCacheSize=
# This output file may be truncated or incomplete.
#
#  Out of Memory Error (allocation.cpp:388), pid=8652, tid=7020
#
# JRE version: Java(TM) SE Runtime Environment (8.0_05-b13) (build 1.8.0_05-b13)
# Java VM: Java HotSpot(TM) 64-Bit Server VM (25.5-b02 mixed mode windows-amd64 compressed oops)
# Failed to write core dump. Minidumps are not enabled by default on client versions of Windows
#

---------------  T H R E A D  ---------------

Current thread (0x00000000154e2000):  JavaThread "C2 CompilerThread0" daemon [_thread_in_native, id=7020, stack(0x0000000016e30000,0x0000000016f30000)]

Stack: [0x0000000016e30000,0x0000000016f30000]
[error occurred during error reporting (printing stack bounds), id 0xc0000005]

Native frames: (J=compiled Java code, j=interpreted, Vv=VM code, C=native code)
V  [jvm.dll+0x308dea]
V  [jvm.dll+0x25def1]
V  [jvm.dll+0x25eb0f]
V  [jvm.dll+0x277136]
V  [jvm.dll+0x27aca3]
V  [jvm.dll+0x59668f]
C  [msvcr100.dll+0x712e3]
V  [jvm.dll+0x595dad]
C  [ntdll.dll+0x9a77d]
C  [ntdll.dll+0x429fb]
C  [ntdll.dll+0x9993e]
V  [jvm.dll+0x1fdd91]


Current CompileTask:
C2:   7477 1934   !   4       com.android.dx.cf.code.RopperMachine::run (1550 bytes)


---------------  P R O C E S S  ---------------

Java Threads: ( => current thread )
  0x0000000016b95800 JavaThread "pool-1-thread-4" [_thread_in_Java, id=12160, stack(0x0000000017f30000,0x0000000018030000)]
  0x0000000016ab5000 JavaThread "pool-1-thread-3" [_thread_in_Java, id=12748, stack(0x0000000017e30000,0x0000000017f30000)]
  0x0000000016ab2800 JavaThread "pool-1-thread-2" [_thread_blocked, id=12880, stack(0x0000000017d30000,0x0000000017e30000)]
  0x0000000016b03800 JavaThread "pool-2-thread-1" [_thread_blocked, id=12796, stack(0x0000000017c30000,0x0000000017d30000)]
  0x0000000016b02800 JavaThread "pool-1-thread-1" [_thread_in_vm, id=3256, stack(0x0000000017b30000,0x0000000017c30000)]
  0x0000000016892000 JavaThread "Service Thread" daemon [_thread_blocked, id=11436, stack(0x0000000017130000,0x0000000017230000)]
  0x000000001552d800 JavaThread "C1 CompilerThread2" daemon [_thread_blocked, id=9048, stack(0x0000000017030000,0x0000000017130000)]
  0x000000001552b000 JavaThread "C2 CompilerThread1" daemon [_thread_in_native, id=11252, stack(0x0000000016f30000,0x0000000017030000)]
=>0x00000000154e2000 JavaThread "C2 CompilerThread0" daemon [_thread_in_native, id=7020, stack(0x0000000016e30000,0x0000000016f30000)]
  0x00000000154e0800 JavaThread "Attach Listener" daemon [_thread_blocked, id=10268, stack(0x0000000016d30000,0x0000000016e30000)]
  0x0000000016873800 JavaThread "Signal Dispatcher" daemon [_thread_blocked, id=11544, stack(0x0000000016c30000,0x0000000016d30000)]
  0x0000000002df3800 JavaThread "Finalizer" daemon [_thread_blocked, id=12552, stack(0x0000000016730000,0x0000000016830000)]
  0x0000000002de9000 JavaThread "Reference Handler" daemon [_thread_blocked, id=13044, stack(0x0000000016630000,0x0000000016730000)]
  0x0000000002d00800 JavaThread "main" [_thread_in_Java, id=13244, stack(0x0000000002bb0000,0x0000000002cb0000)]

Other Threads:
  0x0000000015497000 VMThread [stack: 0x0000000016530000,0x0000000016630000] [id=12728]
  0x00000000168a6800 WatcherThread [stack: 0x0000000017230000,0x0000000017330000] [id=12056]

VM state:not at safepoint (normal execution)

VM Mutex/Monitor currently owned by a thread: None

Heap:
 PSYoungGen      total 43008K, used 23530K [0x00000000eab00000, 0x00000000ee280000, 0x0000000100000000)
  eden space 33280K, 41% used [0x00000000eab00000,0x00000000eb87e4f8,0x00000000ecb80000)
  from space 9728K, 99% used [0x00000000ed900000,0x00000000ee27c438,0x00000000ee280000)
  to   space 9216K, 0% used [0x00000000ecb80000,0x00000000ecb80000,0x00000000ed480000)
 ParOldGen       total 36352K, used 31537K [0x00000000c0000000, 0x00000000c2380000, 0x00000000eab00000)
  object space 36352K, 86% used [0x00000000c0000000,0x00000000c1ecc438,0x00000000c2380000)
 Metaspace       used 6022K, capacity 6960K, committed 7040K, reserved 1058816K
  class space    used 592K, capacity 616K, committed 640K, reserved 1048576K

Card table byte_map: [0x00000000121c0000,0x00000000123d0000] byte_map_base: 0x0000000011bc0000

Marking Bits: (ParMarkBitMap*) 0x000000006bc213b0
 Begin Bits: [0x0000000012930000, 0x0000000013930000)
 End Bits:   [0x0000000013930000, 0x0000000014930000)

Polling page: 0x0000000001130000

CodeCache: size=245760Kb used=7558Kb max_used=7558Kb free=238201Kb
 bounds [0x0000000002e00000, 0x0000000003570000, 0x0000000011e00000]
 total_blobs=2232 nmethods=1965 adapters=180
 compilation: enabled

Compilation events (10 events):
Event: 6.770 Thread 0x000000001552d800 1998       2       java.util.HashMap::getNode (148 bytes)
Event: 6.771 Thread 0x000000001552d800 nmethod 1998 0x0000000003520050 code [0x00000000035201e0, 0x00000000035205a8]
Event: 6.771 Thread 0x000000001552d800 1999       2       java.util.concurrent.locks.AbstractQueuedSynchronizer::parkAndCheckInterrupt (8 bytes)
Event: 6.771 Thread 0x000000001552d800 nmethod 1999 0x000000000351fb90 code [0x000000000351fd00, 0x000000000351ff38]
Event: 6.773 Thread 0x000000001552d800 2001       2       com.android.dx.rop.code.LocalItem::compareTo (32 bytes)
Event: 6.773 Thread 0x000000001552b000 nmethod 1989 0x0000000003558810 code [0x0000000003558980, 0x00000000035590d8]
Event: 6.773 Thread 0x000000001552b000 1907       4       com.android.dx.rop.code.LocalVariableExtractor::processBlock (327 bytes)
Event: 6.773 Thread 0x000000001552d800 nmethod 2001 0x00000000035582d0 code [0x0000000003558440, 0x00000000035586b8]
Event: 6.773 Thread 0x000000001552d800 2002       2       java.util.HashMap::putVal (300 bytes)
Event: 6.774 Thread 0x000000001552d800 nmethod 2002 0x0000000003559bd0 code [0x0000000003559de0, 0x000000000355a4f8]

GC Heap History (10 events):
Event: 3.160 GC heap before
{Heap before GC invocations=22 (full 5):
 PSYoungGen      total 35840K, used 33254K [0x00000000eab00000, 0x00000000edb00000, 0x0000000100000000)
  eden space 30720K, 100% used [0x00000000eab00000,0x00000000ec900000,0x00000000ec900000)
  from space 5120K, 49% used [0x00000000ed000000,0x00000000ed279aa8,0x00000000ed500000)
  to   space 7168K, 0% used [0x00000000ec900000,0x00000000ec900000,0x00000000ed000000)
 ParOldGen       total 27136K, used 19361K [0x00000000c0000000, 0x00000000c1a80000, 0x00000000eab00000)
  object space 27136K, 71% used [0x00000000c0000000,0x00000000c12e85b8,0x00000000c1a80000)
 Metaspace       used 5975K, capacity 6960K, committed 7040K, reserved 1058816K
  class space    used 592K, capacity 616K, committed 640K, reserved 1048576K
Event: 3.168 GC heap after
Heap after GC invocations=22 (full 5):
 PSYoungGen      total 37888K, used 4468K [0x00000000eab00000, 0x00000000edb80000, 0x0000000100000000)
  eden space 30720K, 0% used [0x00000000eab00000,0x00000000eab00000,0x00000000ec900000)
  from space 7168K, 62% used [0x00000000ec900000,0x00000000ecd5d2a8,0x00000000ed000000)
  to   space 7168K, 0% used [0x00000000ed480000,0x00000000ed480000,0x00000000edb80000)
 ParOldGen       total 27136K, used 21934K [0x00000000c0000000, 0x00000000c1a80000, 0x00000000eab00000)
  object space 27136K, 80% used [0x00000000c0000000,0x00000000c156bb00,0x00000000c1a80000)
 Metaspace       used 5975K, capacity 6960K, committed 7040K, reserved 1058816K
  class space    used 592K, capacity 616K, committed 640K, reserved 1048576K
}
Event: 3.256 GC heap before
{Heap before GC invocations=23 (full 5):
 PSYoungGen      total 37888K, used 35188K [0x00000000eab00000, 0x00000000edb80000, 0x0000000100000000)
  eden space 30720K, 100% used [0x00000000eab00000,0x00000000ec900000,0x00000000ec900000)
  from space 7168K, 62% used [0x00000000ec900000,0x00000000ecd5d2a8,0x00000000ed000000)
  to   space 7168K, 0% used [0x00000000ed480000,0x00000000ed480000,0x00000000edb80000)
 ParOldGen       total 27136K, used 21934K [0x00000000c0000000, 0x00000000c1a80000, 0x00000000eab00000)
  object space 27136K, 80% used [0x00000000c0000000,0x00000000c156bb00,0x00000000c1a80000)
 Metaspace       used 5994K, capacity 6960K, committed 7040K, reserved 1058816K
  class space    used 592K, capacity 616K, committed 640K, reserved 1048576K
Event: 3.294 GC heap after
Heap after GC invocations=23 (full 5):
 PSYoungGen      total 40448K, used 7156K [0x00000000eab00000, 0x00000000ee000000, 0x0000000100000000)
  eden space 33280K, 0% used [0x00000000eab00000,0x00000000eab00000,0x00000000ecb80000)
  from space 7168K, 99% used [0x00000000ed480000,0x00000000edb7d2a0,0x00000000edb80000)
  to   space 9216K, 0% used [0x00000000ecb80000,0x00000000ecb80000,0x00000000ed480000)
 ParOldGen       total 27136K, used 23690K [0x00000000c0000000, 0x00000000c1a80000, 0x00000000eab00000)
  object space 27136K, 87% used [0x00000000c0000000,0x00000000c17228d0,0x00000000c1a80000)
 Metaspace       used 5994K, capacity 6960K, committed 7040K, reserved 1058816K
  class space    used 592K, capacity 616K, committed 640K, reserved 1048576K
}
Event: 3.295 GC heap before
{Heap before GC invocations=24 (full 6):
 PSYoungGen      total 40448K, used 7156K [0x00000000eab00000, 0x00000000ee000000, 0x0000000100000000)
  eden space 33280K, 0% used [0x00000000eab00000,0x00000000eab00000,0x00000000ecb80000)
  from space 7168K, 99% used [0x00000000ed480000,0x00000000edb7d2a0,0x00000000edb80000)
  to   space 9216K, 0% used [0x00000000ecb80000,0x00000000ecb80000,0x00000000ed480000)
 ParOldGen       total 27136K, used 23690K [0x00000000c0000000, 0x00000000c1a80000, 0x00000000eab00000)
  object space 27136K, 87% used [0x00000000c0000000,0x00000000c17228d0,0x00000000c1a80000)
 Metaspace       used 5994K, capacity 6960K, committed 7040K, reserved 1058816K
  class space    used 592K, capacity 616K, committed 640K, reserved 1048576K
Event: 6.083 GC heap after
Heap after GC invocations=24 (full 6):
 PSYoungGen      total 40448K, used 3050K [0x00000000eab00000, 0x00000000ee000000, 0x0000000100000000)
  eden space 33280K, 0% used [0x00000000eab00000,0x00000000eab00000,0x00000000ecb80000)
  from space 7168K, 42% used [0x00000000ed480000,0x00000000ed77a850,0x00000000edb80000)
  to   space 9216K, 0% used [0x00000000ecb80000,0x00000000ecb80000,0x00000000ed480000)
 ParOldGen       total 36352K, used 27101K [0x00000000c0000000, 0x00000000c2380000, 0x00000000eab00000)
  object space 36352K, 74% used [0x00000000c0000000,0x00000000c1a77668,0x00000000c2380000)
 Metaspace       used 5994K, capacity 6960K, committed 7040K, reserved 1058816K
  class space    used 592K, capacity 616K, committed 640K, reserved 1048576K
}
Event: 6.361 GC heap before
{Heap before GC invocations=25 (full 6):
 PSYoungGen      total 40448K, used 36330K [0x00000000eab00000, 0x00000000ee000000, 0x0000000100000000)
  eden space 33280K, 100% used [0x00000000eab00000,0x00000000ecb80000,0x00000000ecb80000)
  from space 7168K, 42% used [0x00000000ed480000,0x00000000ed77a850,0x00000000edb80000)
  to   space 9216K, 0% used [0x00000000ecb80000,0x00000000ecb80000,0x00000000ed480000)
 ParOldGen       total 36352K, used 27101K [0x00000000c0000000, 0x00000000c2380000, 0x00000000eab00000)
  object space 36352K, 74% used [0x00000000c0000000,0x00000000c1a77668,0x00000000c2380000)
 Metaspace       used 6011K, capacity 6960K, committed 7040K, reserved 1058816K
  class space    used 592K, capacity 616K, committed 640K, reserved 1048576K
Event: 6.702 GC heap after
Heap after GC invocations=25 (full 6):
 PSYoungGen      total 42496K, used 5749K [0x00000000eab00000, 0x00000000ee280000, 0x0000000100000000)
  eden space 33280K, 0% used [0x00000000eab00000,0x00000000eab00000,0x00000000ecb80000)
  from space 9216K, 62% used [0x00000000ecb80000,0x00000000ed11d690,0x00000000ed480000)
  to   space 9728K, 0% used [0x00000000ed900000,0x00000000ed900000,0x00000000ee280000)
 ParOldGen       total 36352K, used 30195K [0x00000000c0000000, 0x00000000c2380000, 0x00000000eab00000)
  object space 36352K, 83% used [0x00000000c0000000,0x00000000c1d7ccf0,0x00000000c2380000)
 Metaspace       used 6011K, capacity 6960K, committed 7040K, reserved 1058816K
  class space    used 592K, capacity 616K, committed 640K, reserved 1048576K
}
Event: 6.786 GC heap before
{Heap before GC invocations=26 (full 6):
 PSYoungGen      total 42496K, used 39029K [0x00000000eab00000, 0x00000000ee280000, 0x0000000100000000)
  eden space 33280K, 100% used [0x00000000eab00000,0x00000000ecb80000,0x00000000ecb80000)
  from space 9216K, 62% used [0x00000000ecb80000,0x00000000ed11d690,0x00000000ed480000)
  to   space 9728K, 0% used [0x00000000ed900000,0x00000000ed900000,0x00000000ee280000)
 ParOldGen       total 36352K, used 30195K [0x00000000c0000000, 0x00000000c2380000, 0x00000000eab00000)
  object space 36352K, 83% used [0x00000000c0000000,0x00000000c1d7ccf0,0x00000000c2380000)
 Metaspace       used 6019K, capacity 6960K, committed 7040K, reserved 1058816K
  class space    used 592K, capacity 616K, committed 640K, reserved 1048576K
Event: 7.426 GC heap after
Heap after GC invocations=26 (full 6):
 PSYoungGen      total 43008K, used 9713K [0x00000000eab00000, 0x00000000ee280000, 0x0000000100000000)
  eden space 33280K, 0% used [0x00000000eab00000,0x00000000eab00000,0x00000000ecb80000)
  from space 9728K, 99% used [0x00000000ed900000,0x00000000ee27c438,0x00000000ee280000)
  to   space 9216K, 0% used [0x00000000ecb80000,0x00000000ecb80000,0x00000000ed480000)
 ParOldGen       total 36352K, used 31537K [0x00000000c0000000, 0x00000000c2380000, 0x00000000eab00000)
  object space 36352K, 86% used [0x00000000c0000000,0x00000000c1ecc438,0x00000000c2380000)
 Metaspace       used 6019K, capacity 6960K, committed 7040K, reserved 1058816K
  class space    used 592K, capacity 616K, committed 640K, reserved 1048576K
}

Deoptimization events (10 events):
Event: 6.768 Thread 0x0000000016b02800 Uncommon trap: reason=bimorphic action=maybe_recompile pc=0x00000000035273ec method=com.android.dx.ssa.SCCP.simulatePhi(Lcom/android/dx/ssa/PhiInsn;)V @ 124
Event: 6.768 Thread 0x0000000016b02800 Uncommon trap: reason=bimorphic action=maybe_recompile pc=0x0000000003044610 method=java.util.HashMap.getNode(ILjava/lang/Object;)Ljava/util/HashMap$Node; @ 126
Event: 6.768 Thread 0x0000000016b02800 Uncommon trap: reason=class_check action=maybe_recompile pc=0x0000000003320f74 method=java.util.HashMap.putVal(ILjava/lang/Object;Ljava/lang/Object;ZZ)Ljava/lang/Object; @ 203
Event: 6.768 Thread 0x0000000016b02800 Uncommon trap: reason=bimorphic action=maybe_recompile pc=0x0000000003044610 method=java.util.HashMap.getNode(ILjava/lang/Object;)Ljava/util/HashMap$Node; @ 126
Event: 6.768 Thread 0x0000000016b02800 Uncommon trap: reason=class_check action=maybe_recompile pc=0x0000000003320f74 method=java.util.HashMap.putVal(ILjava/lang/Object;Ljava/lang/Object;ZZ)Ljava/lang/Object; @ 203
Event: 6.768 Thread 0x0000000016ab2800 Uncommon trap: reason=unreached action=reinterpret pc=0x000000000344d8b8 method=com.android.dx.rop.code.LocalItem.compareHandlesNulls(Lcom/android/dx/rop/cst/CstString;Lcom/android/dx/rop/cst/CstString;)I @ 14
Event: 6.768 Thread 0x0000000016ab2800 Uncommon trap: reason=unreached action=reinterpret pc=0x00000000034ccc68 method=com.android.dx.rop.code.LocalItem.compareHandlesNulls(Lcom/android/dx/rop/cst/CstString;Lcom/android/dx/rop/cst/CstString;)I @ 14
Event: 6.770 Thread 0x0000000016b02800 Uncommon trap: reason=bimorphic action=maybe_recompile pc=0x00000000035273ec method=com.android.dx.ssa.SCCP.simulatePhi(Lcom/android/dx/ssa/PhiInsn;)V @ 124
Event: 6.770 Thread 0x0000000016b02800 Uncommon trap: reason=bimorphic action=maybe_recompile pc=0x0000000003044610 method=java.util.HashMap.getNode(ILjava/lang/Object;)Ljava/util/HashMap$Node; @ 126
Event: 6.770 Thread 0x0000000016b02800 Uncommon trap: reason=class_check action=maybe_recompile pc=0x0000000003320f74 method=java.util.HashMap.putVal(ILjava/lang/Object;Ljava/lang/Object;ZZ)Ljava/lang/Object; @ 203

Internal exceptions (10 events):
Event: 1.210 Thread 0x0000000002d00800 Exception <a 'java/security/PrivilegedActionException'> (0x00000000eb275b30) thrown at [D:\re\workspace\8-2-build-windows-amd64-cygwin\jdk8u5\2488\hotspot\src\share\vm\prims\jvm.cpp, line 1248]
Event: 1.309 Thread 0x0000000016ab2800 Exception <a 'java/security/PrivilegedActionException'> (0x00000000eab3cb48) thrown at [D:\re\workspace\8-2-build-windows-amd64-cygwin\jdk8u5\2488\hotspot\src\share\vm\prims\jvm.cpp, line 1248]
Event: 1.335 Thread 0x0000000016b02800 Implicit null exception at 0x000000000312aa8b to 0x000000000312c81d
Event: 1.335 Thread 0x0000000016b02800 Implicit null exception at 0x0000000003166c3c to 0x00000000031696f1
Event: 1.699 Thread 0x0000000002d00800 Exception <a 'java/security/PrivilegedActionException'> (0x00000000eac5b500) thrown at [D:\re\workspace\8-2-build-windows-amd64-cygwin\jdk8u5\2488\hotspot\src\share\vm\prims\jvm.cpp, line 1248]
Event: 1.704 Thread 0x0000000016b95800 Exception <a 'java/security/PrivilegedActionException'> (0x00000000eac9bc70) thrown at [D:\re\workspace\8-2-build-windows-amd64-cygwin\jdk8u5\2488\hotspot\src\share\vm\prims\jvm.cpp, line 1248]
Event: 2.264 Thread 0x0000000016b95800 Exception <a 'java/security/PrivilegedActionException'> (0x00000000eaf82240) thrown at [D:\re\workspace\8-2-build-windows-amd64-cygwin\jdk8u5\2488\hotspot\src\share\vm\prims\jvm.cpp, line 1248]
Event: 2.284 Thread 0x0000000002d00800 Exception <a 'java/security/PrivilegedActionException'> (0x00000000eb44cad8) thrown at [D:\re\workspace\8-2-build-windows-amd64-cygwin\jdk8u5\2488\hotspot\src\share\vm\prims\jvm.cpp, line 1248]
Event: 6.768 Thread 0x0000000016ab2800 Implicit null exception at 0x000000000344d6e8 to 0x000000000344d8a5
Event: 6.768 Thread 0x0000000016ab2800 Implicit null exception at 0x00000000034cb6c4 to 0x00000000034ccc4d

Events (10 events):
Event: 6.770 Thread 0x0000000016b02800 DEOPT PACKING pc=0x00000000035273ec sp=0x0000000017c2e560
Event: 6.770 Thread 0x0000000016b02800 DEOPT UNPACKING pc=0x0000000002e455af sp=0x0000000017c2e538 mode 2
Event: 6.770 Thread 0x0000000016b02800 Uncommon trap: trap_request=0xffffffc6 fr.pc=0x0000000003044610
Event: 6.770 Thread 0x0000000016b02800 DEOPT PACKING pc=0x0000000003044610 sp=0x0000000017c2e3c0
Event: 6.770 Thread 0x0000000016b02800 DEOPT UNPACKING pc=0x0000000002e455af sp=0x0000000017c2e330 mode 2
Event: 6.770 Thread 0x0000000016b02800 Uncommon trap: trap_request=0xffffffde fr.pc=0x0000000003320f74
Event: 6.770 Thread 0x0000000016b02800 DEOPT PACKING pc=0x0000000003320f74 sp=0x0000000017c2e390
Event: 6.770 Thread 0x0000000016b02800 DEOPT UNPACKING pc=0x0000000002e455af sp=0x0000000017c2e308 mode 2
Event: 6.775 Executing VM operation: ParallelGCFailedAllocation
Event: 7.426 Executing VM operation: ParallelGCFailedAllocation done


Dynamic libraries:
0x00007ff7b1cb0000 - 0x00007ff7b1ce4000 	D:\jdk\bin\java.exe
0x00007ffd1f340000 - 0x00007ffd1f4e9000 	C:\Windows\SYSTEM32\ntdll.dll
0x00007ffd1cbd0000 - 0x00007ffd1cd09000 	C:\Windows\system32\KERNEL32.DLL
0x00007ffd1c840000 - 0x00007ffd1c94e000 	C:\Windows\system32\KERNELBASE.dll
0x00007ffd1e970000 - 0x00007ffd1ea15000 	C:\Windows\system32\ADVAPI32.dll
0x00007ffd1e6f0000 - 0x00007ffd1e861000 	C:\Windows\system32\USER32.dll
0x00007ffd1a700000 - 0x00007ffd1a95a000 	C:\Windows\WinSxS\amd64_microsoft.windows.common-controls_6595b64144ccf1df_6.0.9600.16384_none_62475f7becb72503\COMCTL32.dll
0x00007ffd1e450000 - 0x00007ffd1e4f7000 	C:\Windows\system32\msvcrt.dll
0x00007ffd1ea20000 - 0x00007ffd1ea77000 	C:\Windows\SYSTEM32\sechost.dll
0x00007ffd1f200000 - 0x00007ffd1f336000 	C:\Windows\system32\RPCRT4.dll
0x00007ffd1ec90000 - 0x00007ffd1edd5000 	C:\Windows\system32\GDI32.dll
0x00007ffd1cf20000 - 0x00007ffd1cf54000 	C:\Windows\system32\IMM32.DLL
0x00007ffd1cdd0000 - 0x00007ffd1cf09000 	C:\Windows\system32\MSCTF.dll
0x000000006afa0000 - 0x000000006b072000 	D:\jdk\jre\bin\msvcr100.dll
0x000000006b470000 - 0x000000006bc9a000 	D:\jdk\jre\bin\server\jvm.dll
0x00007ffd19ee0000 - 0x00007ffd19ee9000 	C:\Windows\SYSTEM32\WSOCK32.dll
0x00007ffd18480000 - 0x00007ffd1849f000 	C:\Windows\SYSTEM32\WINMM.dll
0x00007ffd1cd10000 - 0x00007ffd1cd17000 	C:\Windows\system32\PSAPI.DLL
0x00007ffd1ea90000 - 0x00007ffd1eae8000 	C:\Windows\system32\WS2_32.dll
0x00007ffd18320000 - 0x00007ffd1834a000 	C:\Windows\SYSTEM32\WINMMBASE.dll
0x00007ffd1cf10000 - 0x00007ffd1cf19000 	C:\Windows\system32\NSI.dll
0x00007ffd1c950000 - 0x00007ffd1c99a000 	C:\Windows\SYSTEM32\cfgmgr32.dll
0x00007ffd1b570000 - 0x00007ffd1b596000 	C:\Windows\SYSTEM32\DEVOBJ.dll
0x000000006bec0000 - 0x000000006becf000 	D:\jdk\jre\bin\verify.dll
0x000000006be90000 - 0x000000006beb8000 	D:\jdk\jre\bin\java.dll
0x000000006be70000 - 0x000000006be86000 	D:\jdk\jre\bin\zip.dll
0x00007ffd1d040000 - 0x00007ffd1e44d000 	C:\Windows\system32\SHELL32.dll
0x00007ffd1f020000 - 0x00007ffd1f1f7000 	C:\Windows\SYSTEM32\combase.dll
0x00007ffd1cf80000 - 0x00007ffd1cfd1000 	C:\Windows\system32\SHLWAPI.dll
0x00007ffd1ad50000 - 0x00007ffd1adf1000 	C:\Windows\SYSTEM32\SHCORE.dll
0x00007ffd1c6c0000 - 0x00007ffd1c6d4000 	C:\Windows\SYSTEM32\profapi.dll
0x00007ffd132f0000 - 0x00007ffd13478000 	C:\Windows\SYSTEM32\dbghelp.dll

VM Arguments:
jvm_args: -Djava.awt.headless=true -Xmx1024M -Dfile.encoding=GBK -Duser.country=CN -Duser.language=zh -Duser.variant 
java_command: com.android.dx.command.Main --dex --force-jumbo --num-threads=4 --output E:\Sports\app\build\intermediates\pre-dexed\debug\jackson-databind-2.7.0_f2e793bee2bbe42249aa70405c900d1025754e24.jar E:\Sports\app\libs\jackson-databind-2.7.0.jar
java_class_path (initial): D:\android\AppData\Local\Android\sdk\build-tools\24.0.0\lib\dx.jar
Launcher Type: SUN_STANDARD

Environment Variables:
JAVA_HOME=D:\jdk
PATH=C:\Windows\system32;C:\Windows;C:\Windows\System32\Wbem;C:\Windows\System32\WindowsPowerShell\v1.0\;D:\jdk\bin;D:\jdk\jre\bin;D:\android\AppData\Local\Android\sdk\tools;D:\android\AppData\Local\Android\sdk\platform-tools;C:\Program Files (x86)\NVIDIA Corporation\PhysX\Common
USERNAME=Administrator
OS=Windows_NT
PROCESSOR_IDENTIFIER=Intel64 Family 6 Model 60 Stepping 3, GenuineIntel



---------------  S Y S T E M  ---------------

OS: Windows 8.1 , 64 bit Build 9600 

CPU:total 4 (4 cores per cpu, 1 threads per core) family 6 model 60 stepping 3, cmov, cx8, fxsr, mmx, sse, sse2, sse3, ssse3, sse4.1, sse4.2, popcnt, avx, avx2, aes, clmul, erms, tsc, tscinvbit

Memory: 4k page, physical 8273724k(1752228k free), swap 8273724k(5940k free)

vm_info: Java HotSpot(TM) 64-Bit Server VM (25.5-b02) for windows-amd64 JRE (1.8.0_05-b13), built on Mar 18 2014 01:08:39 by "java_re" with MS VC++ 10.0 (VS2010)

time: Wed Aug 03 16:16:21 2016
elapsed time: 7 seconds

