#
# There is insufficient memory for the Java Runtime Environment to continue.
# Native memory allocation (malloc) failed to allocate 512256 bytes for Chunk::new
# Possible reasons:
#   The system is out of physical RAM or swap space
#   In 32 bit mode, the process size limit was hit
# Possible solutions:
#   Reduce memory load on the system
#   Increase physical memory or swap space
#   Check if swap backing store is full
#   Use 64 bit Java on a 64 bit OS
#   Decrease Java heap size (-Xmx/-Xms)
#   Decrease number of Java threads
#   Decrease Java thread stack sizes (-Xss)
#   Set larger code cache with -XX:ReservedCodeCacheSize=
# This output file may be truncated or incomplete.
#
#  Out of Memory Error (allocation.cpp:388), pid=13100, tid=11972
#
# JRE version: Java(TM) SE Runtime Environment (8.0_05-b13) (build 1.8.0_05-b13)
# Java VM: Java HotSpot(TM) 64-Bit Server VM (25.5-b02 mixed mode windows-amd64 compressed oops)
# Failed to write core dump. Minidumps are not enabled by default on client versions of Windows
#

---------------  T H R E A D  ---------------

Current thread (0x0000000014870800):  JavaThread "C2 CompilerThread0" daemon [_thread_in_native, id=11972, stack(0x00000000161c0000,0x00000000162c0000)]

Stack: [0x00000000161c0000,0x00000000162c0000]
Native frames: (J=compiled Java code, j=interpreted, Vv=VM code, C=native code)
V  [jvm.dll+0x308dea]
V  [jvm.dll+0x25def1]
V  [jvm.dll+0x25eb0f]
V  [jvm.dll+0x2564e5]
V  [jvm.dll+0xbcfc5]
V  [jvm.dll+0xbd45c]
V  [jvm.dll+0x44d422]
V  [jvm.dll+0x48e13f]
V  [jvm.dll+0x44293e]
V  [jvm.dll+0x44366b]
V  [jvm.dll+0x427532]
V  [jvm.dll+0x96702]
V  [jvm.dll+0x96ef3]
V  [jvm.dll+0x2232c4]
V  [jvm.dll+0x27baca]
C  [msvcr100.dll+0x21d9f]


Current CompileTask:
C2:   1040 1051       4       com.android.dx.ssa.SsaMethod::forEachInsn (36 bytes)


---------------  P R O C E S S  ---------------

Java Threads: ( => current thread )
  0x0000000015ece000 JavaThread "pool-1-thread-4" [_thread_blocked, id=12216, stack(0x00000000172c0000,0x00000000173c0000)]
  0x0000000015ecd800 JavaThread "pool-1-thread-3" [_thread_blocked, id=9640, stack(0x00000000171c0000,0x00000000172c0000)]
  0x0000000015ecc800 JavaThread "pool-1-thread-2" [_thread_blocked, id=6860, stack(0x00000000170c0000,0x00000000171c0000)]
  0x0000000015e44800 JavaThread "pool-2-thread-1" [_thread_blocked, id=9048, stack(0x0000000016fc0000,0x00000000170c0000)]
  0x0000000015e43800 JavaThread "pool-1-thread-1" [_thread_in_Java, id=12120, stack(0x0000000016ec0000,0x0000000016fc0000)]
  0x0000000015c1b800 JavaThread "Service Thread" daemon [_thread_blocked, id=9688, stack(0x00000000164c0000,0x00000000165c0000)]
  0x00000000148bc800 JavaThread "C1 CompilerThread2" daemon [_thread_in_native, id=12528, stack(0x00000000163c0000,0x00000000164c0000)]
  0x00000000148af000 JavaThread "C2 CompilerThread1" daemon [_thread_in_native, id=12712, stack(0x00000000162c0000,0x00000000163c0000)]
=>0x0000000014870800 JavaThread "C2 CompilerThread0" daemon [_thread_in_native, id=11972, stack(0x00000000161c0000,0x00000000162c0000)]
  0x000000001486f000 JavaThread "Attach Listener" daemon [_thread_blocked, id=11424, stack(0x00000000160c0000,0x00000000161c0000)]
  0x0000000015c03800 JavaThread "Signal Dispatcher" daemon [_thread_blocked, id=12480, stack(0x0000000015fc0000,0x00000000160c0000)]
  0x0000000001e44000 JavaThread "Finalizer" daemon [_thread_blocked, id=12640, stack(0x0000000015ac0000,0x0000000015bc0000)]
  0x0000000001e39000 JavaThread "Reference Handler" daemon [_thread_blocked, id=12380, stack(0x00000000159c0000,0x0000000015ac0000)]
  0x0000000001d50800 JavaThread "main" [_thread_in_Java, id=3896, stack(0x00000000004e0000,0x00000000005e0000)]

Other Threads:
  0x0000000014827000 VMThread [stack: 0x00000000158c0000,0x00000000159c0000] [id=10428]
  0x0000000015c48000 WatcherThread [stack: 0x00000000165c0000,0x00000000166c0000] [id=13176]

VM state:not at safepoint (normal execution)

VM Mutex/Monitor currently owned by a thread:  ([mutex/lock_event])
[0x0000000001e9e530] Compile_lock - owner thread: 0x0000000000000000

Heap:
 PSYoungGen      total 9728K, used 7341K [0x00000000eab00000, 0x00000000ebc00000, 0x0000000100000000)
  eden space 7680K, 69% used [0x00000000eab00000,0x00000000eb039a50,0x00000000eb280000)
  from space 2048K, 99% used [0x00000000eb280000,0x00000000eb47ea98,0x00000000eb480000)
  to   space 2560K, 0% used [0x00000000eb980000,0x00000000eb980000,0x00000000ebc00000)
 ParOldGen       total 129536K, used 1467K [0x00000000c0000000, 0x00000000c7e80000, 0x00000000eab00000)
  object space 129536K, 1% used [0x00000000c0000000,0x00000000c016ed90,0x00000000c7e80000)
 Metaspace       used 5721K, capacity 6704K, committed 6784K, reserved 1056768K
  class space    used 591K, capacity 616K, committed 640K, reserved 1048576K

Card table byte_map: [0x0000000011550000,0x0000000011760000] byte_map_base: 0x0000000010f50000

Marking Bits: (ParMarkBitMap*) 0x000000006bc213b0
 Begin Bits: [0x0000000011cc0000, 0x0000000012cc0000)
 End Bits:   [0x0000000012cc0000, 0x0000000013cc0000)

Polling page: 0x0000000000370000

CodeCache: size=245760Kb used=4165Kb max_used=4165Kb free=241594Kb
 bounds [0x0000000002190000, 0x00000000025b0000, 0x0000000011190000]
 total_blobs=1366 nmethods=1100 adapters=180
 compilation: enabled

Compilation events (10 events):
Event: 1.032 Thread 0x00000000148bc800  980       1       com.android.dx.cf.code.RopperMachine::getReturnPosition (5 bytes)
Event: 1.032 Thread 0x00000000148bc800 nmethod 980 0x000000000258d290 code [0x000000000258d3e0, 0x000000000258d4f0]
Event: 1.032 Thread 0x00000000148bc800  981       1       com.android.dx.rop.code.Rop::getSources (5 bytes)
Event: 1.032 Thread 0x00000000148bc800 nmethod 981 0x000000000258d550 code [0x000000000258d6a0, 0x000000000258d7b0]
Event: 1.032 Thread 0x00000000148bc800  988       1       com.android.dx.dex.code.LocalStart::getLocal (5 bytes)
Event: 1.032 Thread 0x00000000148bc800 nmethod 988 0x000000000258d810 code [0x000000000258d960, 0x000000000258da70]
Event: 1.032 Thread 0x00000000148bc800  989       1       com.android.dx.rop.code.LocalItem::getName (5 bytes)
Event: 1.032 Thread 0x00000000148bc800 nmethod 989 0x000000000258dad0 code [0x000000000258dc20, 0x000000000258dd30]
Event: 1.032 Thread 0x00000000148bc800 1092       3       java.util.concurrent.locks.AbstractQueuedSynchronizer::setState (6 bytes)
Event: 1.032 Thread 0x00000000148bc800 nmethod 1092 0x000000000258dd90 code [0x000000000258dee0, 0x000000000258e030]

GC Heap History (10 events):
Event: 0.166 GC heap before
{Heap before GC invocations=5 (full 0):
 PSYoungGen      total 2560K, used 2536K [0x00000000eab00000, 0x00000000eae00000, 0x0000000100000000)
  eden space 2048K, 100% used [0x00000000eab00000,0x00000000ead00000,0x00000000ead00000)
  from space 512K, 95% used [0x00000000ead80000,0x00000000eadfa020,0x00000000eae00000)
  to   space 512K, 0% used [0x00000000ead00000,0x00000000ead00000,0x00000000ead80000)
 ParOldGen       total 129536K, used 673K [0x00000000c0000000, 0x00000000c7e80000, 0x00000000eab00000)
  object space 129536K, 0% used [0x00000000c0000000,0x00000000c00a8580,0x00000000c7e80000)
 Metaspace       used 3480K, capacity 4720K, committed 4864K, reserved 1056768K
  class space    used 376K, capacity 424K, committed 512K, reserved 1048576K
Event: 0.167 GC heap after
Heap after GC invocations=5 (full 0):
 PSYoungGen      total 2560K, used 488K [0x00000000eab00000, 0x00000000eb100000, 0x0000000100000000)
  eden space 2048K, 0% used [0x00000000eab00000,0x00000000eab00000,0x00000000ead00000)
  from space 512K, 95% used [0x00000000ead00000,0x00000000ead7a020,0x00000000ead80000)
  to   space 1024K, 0% used [0x00000000eb000000,0x00000000eb000000,0x00000000eb100000)
 ParOldGen       total 129536K, used 705K [0x00000000c0000000, 0x00000000c7e80000, 0x00000000eab00000)
  object space 129536K, 0% used [0x00000000c0000000,0x00000000c00b0590,0x00000000c7e80000)
 Metaspace       used 3480K, capacity 4720K, committed 4864K, reserved 1056768K
  class space    used 376K, capacity 424K, committed 512K, reserved 1048576K
}
Event: 0.169 GC heap before
{Heap before GC invocations=6 (full 0):
 PSYoungGen      total 2560K, used 2536K [0x00000000eab00000, 0x00000000eb100000, 0x0000000100000000)
  eden space 2048K, 100% used [0x00000000eab00000,0x00000000ead00000,0x00000000ead00000)
  from space 512K, 95% used [0x00000000ead00000,0x00000000ead7a020,0x00000000ead80000)
  to   space 1024K, 0% used [0x00000000eb000000,0x00000000eb000000,0x00000000eb100000)
 ParOldGen       total 129536K, used 705K [0x00000000c0000000, 0x00000000c7e80000, 0x00000000eab00000)
  object space 129536K, 0% used [0x00000000c0000000,0x00000000c00b0590,0x00000000c7e80000)
 Metaspace       used 3480K, capacity 4720K, committed 4864K, reserved 1056768K
  class space    used 376K, capacity 424K, committed 512K, reserved 1048576K
Event: 0.171 GC heap after
Heap after GC invocations=6 (full 0):
 PSYoungGen      total 5120K, used 456K [0x00000000eab00000, 0x00000000eb100000, 0x0000000100000000)
  eden space 4096K, 0% used [0x00000000eab00000,0x00000000eab00000,0x00000000eaf00000)
  from space 1024K, 44% used [0x00000000eb000000,0x00000000eb072020,0x00000000eb100000)
  to   space 1024K, 0% used [0x00000000eaf00000,0x00000000eaf00000,0x00000000eb000000)
 ParOldGen       total 129536K, used 705K [0x00000000c0000000, 0x00000000c7e80000, 0x00000000eab00000)
  object space 129536K, 0% used [0x00000000c0000000,0x00000000c00b0590,0x00000000c7e80000)
 Metaspace       used 3480K, capacity 4720K, committed 4864K, reserved 1056768K
  class space    used 376K, capacity 424K, committed 512K, reserved 1048576K
}
Event: 0.388 GC heap before
{Heap before GC invocations=7 (full 0):
 PSYoungGen      total 5120K, used 4552K [0x00000000eab00000, 0x00000000eb100000, 0x0000000100000000)
  eden space 4096K, 100% used [0x00000000eab00000,0x00000000eaf00000,0x00000000eaf00000)
  from space 1024K, 44% used [0x00000000eb000000,0x00000000eb072020,0x00000000eb100000)
  to   space 1024K, 0% used [0x00000000eaf00000,0x00000000eaf00000,0x00000000eb000000)
 ParOldGen       total 129536K, used 705K [0x00000000c0000000, 0x00000000c7e80000, 0x00000000eab00000)
  object space 129536K, 0% used [0x00000000c0000000,0x00000000c00b0590,0x00000000c7e80000)
 Metaspace       used 4177K, capacity 5328K, committed 5504K, reserved 1056768K
  class space    used 464K, capacity 520K, committed 640K, reserved 1048576K
Event: 0.439 GC heap after
Heap after GC invocations=7 (full 0):
 PSYoungGen      total 5120K, used 994K [0x00000000eab00000, 0x00000000eb600000, 0x0000000100000000)
  eden space 4096K, 0% used [0x00000000eab00000,0x00000000eab00000,0x00000000eaf00000)
  from space 1024K, 97% used [0x00000000eaf00000,0x00000000eaff8a70,0x00000000eb000000)
  to   space 1536K, 0% used [0x00000000eb480000,0x00000000eb480000,0x00000000eb600000)
 ParOldGen       total 129536K, used 1104K [0x00000000c0000000, 0x00000000c7e80000, 0x00000000eab00000)
  object space 129536K, 0% used [0x00000000c0000000,0x00000000c01142d0,0x00000000c7e80000)
 Metaspace       used 4177K, capacity 5328K, committed 5504K, reserved 1056768K
  class space    used 464K, capacity 520K, committed 640K, reserved 1048576K
}
Event: 0.687 GC heap before
{Heap before GC invocations=8 (full 0):
 PSYoungGen      total 5120K, used 5090K [0x00000000eab00000, 0x00000000eb600000, 0x0000000100000000)
  eden space 4096K, 100% used [0x00000000eab00000,0x00000000eaf00000,0x00000000eaf00000)
  from space 1024K, 97% used [0x00000000eaf00000,0x00000000eaff8a70,0x00000000eb000000)
  to   space 1536K, 0% used [0x00000000eb480000,0x00000000eb480000,0x00000000eb600000)
 ParOldGen       total 129536K, used 1104K [0x00000000c0000000, 0x00000000c7e80000, 0x00000000eab00000)
  object space 129536K, 0% used [0x00000000c0000000,0x00000000c01142d0,0x00000000c7e80000)
 Metaspace       used 5290K, capacity 6384K, committed 6528K, reserved 1056768K
  class space    used 581K, capacity 616K, committed 640K, reserved 1048576K
Event: 0.698 GC heap after
Heap after GC invocations=8 (full 0):
 PSYoungGen      total 9216K, used 1529K [0x00000000eab00000, 0x00000000eb700000, 0x0000000100000000)
  eden space 7680K, 0% used [0x00000000eab00000,0x00000000eab00000,0x00000000eb280000)
  from space 1536K, 99% used [0x00000000eb480000,0x00000000eb5fe6f0,0x00000000eb600000)
  to   space 2048K, 0% used [0x00000000eb280000,0x00000000eb280000,0x00000000eb480000)
 ParOldGen       total 129536K, used 1368K [0x00000000c0000000, 0x00000000c7e80000, 0x00000000eab00000)
  object space 129536K, 1% used [0x00000000c0000000,0x00000000c0156060,0x00000000c7e80000)
 Metaspace       used 5290K, capacity 6384K, committed 6528K, reserved 1056768K
  class space    used 581K, capacity 616K, committed 640K, reserved 1048576K
}
Event: 0.991 GC heap before
{Heap before GC invocations=9 (full 0):
 PSYoungGen      total 9216K, used 9209K [0x00000000eab00000, 0x00000000eb700000, 0x0000000100000000)
  eden space 7680K, 100% used [0x00000000eab00000,0x00000000eb280000,0x00000000eb280000)
  from space 1536K, 99% used [0x00000000eb480000,0x00000000eb5fe6f0,0x00000000eb600000)
  to   space 2048K, 0% used [0x00000000eb280000,0x00000000eb280000,0x00000000eb480000)
 ParOldGen       total 129536K, used 1368K [0x00000000c0000000, 0x00000000c7e80000, 0x00000000eab00000)
  object space 129536K, 1% used [0x00000000c0000000,0x00000000c0156060,0x00000000c7e80000)
 Metaspace       used 5657K, capacity 6704K, committed 6784K, reserved 1056768K
  class space    used 590K, capacity 616K, committed 640K, reserved 1048576K
Event: 0.994 GC heap after
Heap after GC invocations=9 (full 0):
 PSYoungGen      total 9728K, used 2042K [0x00000000eab00000, 0x00000000ebc00000, 0x0000000100000000)
  eden space 7680K, 0% used [0x00000000eab00000,0x00000000eab00000,0x00000000eb280000)
  from space 2048K, 99% used [0x00000000eb280000,0x00000000eb47ea98,0x00000000eb480000)
  to   space 2560K, 0% used [0x00000000eb980000,0x00000000eb980000,0x00000000ebc00000)
 ParOldGen       total 129536K, used 1467K [0x00000000c0000000, 0x00000000c7e80000, 0x00000000eab00000)
  object space 129536K, 1% used [0x00000000c0000000,0x00000000c016ed90,0x00000000c7e80000)
 Metaspace       used 5657K, capacity 6704K, committed 6784K, reserved 1056768K
  class space    used 590K, capacity 616K, committed 640K, reserved 1048576K
}

Deoptimization events (0 events):
No events

Internal exceptions (10 events):
Event: 0.702 Thread 0x0000000015ecd800 Exception <a 'java/security/PrivilegedActionException'> (0x00000000eab4a158) thrown at [D:\re\workspace\8-2-build-windows-amd64-cygwin\jdk8u5\2488\hotspot\src\share\vm\prims\jvm.cpp, line 1248]
Event: 0.844 Thread 0x0000000001d50800 Exception <a 'java/security/PrivilegedActionException'> (0x00000000eadb0860) thrown at [D:\re\workspace\8-2-build-windows-amd64-cygwin\jdk8u5\2488\hotspot\src\share\vm\prims\jvm.cpp, line 1248]
Event: 0.845 Thread 0x0000000001d50800 Exception <a 'java/security/PrivilegedActionException'> (0x00000000eae39da8) thrown at [D:\re\workspace\8-2-build-windows-amd64-cygwin\jdk8u5\2488\hotspot\src\share\vm\prims\jvm.cpp, line 1248]
Event: 0.857 Thread 0x0000000015ecd800 Exception <a 'java/security/PrivilegedActionException'> (0x00000000eae860d0) thrown at [D:\re\workspace\8-2-build-windows-amd64-cygwin\jdk8u5\2488\hotspot\src\share\vm\prims\jvm.cpp, line 1248]
Event: 0.865 Thread 0x0000000001d50800 Exception <a 'java/security/PrivilegedActionException'> (0x00000000eaf627e0) thrown at [D:\re\workspace\8-2-build-windows-amd64-cygwin\jdk8u5\2488\hotspot\src\share\vm\prims\jvm.cpp, line 1248]
Event: 0.865 Thread 0x0000000001d50800 Exception <a 'java/security/PrivilegedActionException'> (0x00000000eaf6cc78) thrown at [D:\re\workspace\8-2-build-windows-amd64-cygwin\jdk8u5\2488\hotspot\src\share\vm\prims\jvm.cpp, line 1248]
Event: 0.865 Thread 0x0000000001d50800 Exception <a 'java/security/PrivilegedActionException'> (0x00000000eaf6f568) thrown at [D:\re\workspace\8-2-build-windows-amd64-cygwin\jdk8u5\2488\hotspot\src\share\vm\prims\jvm.cpp, line 1248]
Event: 0.886 Thread 0x0000000015e43800 Exception <a 'java/security/PrivilegedActionException'> (0x00000000eb09f2a8) thrown at [D:\re\workspace\8-2-build-windows-amd64-cygwin\jdk8u5\2488\hotspot\src\share\vm\prims\jvm.cpp, line 1248]
Event: 0.887 Thread 0x0000000015e43800 Exception <a 'java/security/PrivilegedActionException'> (0x00000000eb0a4c40) thrown at [D:\re\workspace\8-2-build-windows-amd64-cygwin\jdk8u5\2488\hotspot\src\share\vm\prims\jvm.cpp, line 1248]
Event: 0.890 Thread 0x0000000015e43800 Exception <a 'java/security/PrivilegedActionException'> (0x00000000eb0aa2a0) thrown at [D:\re\workspace\8-2-build-windows-amd64-cygwin\jdk8u5\2488\hotspot\src\share\vm\prims\jvm.cpp, line 1248]

Events (10 events):
Event: 0.905 loading class java/util/DualPivotQuicksort
Event: 0.905 loading class java/util/DualPivotQuicksort done
Event: 0.928 Executing VM operation: ParallelGCFailedAllocation
Event: 0.994 Executing VM operation: ParallelGCFailedAllocation done
Event: 1.011 loading class java/util/TreeMap$EntrySet
Event: 1.011 loading class java/util/TreeMap$EntrySet done
Event: 1.011 loading class java/util/TreeMap$EntryIterator
Event: 1.011 loading class java/util/TreeMap$EntryIterator done
Event: 1.011 Executing VM operation: Deoptimize
Event: 1.012 Executing VM operation: Deoptimize done


Dynamic libraries:
0x00007ff7b1cb0000 - 0x00007ff7b1ce4000 	D:\jdk\bin\java.exe
0x00007ffd1f340000 - 0x00007ffd1f4e9000 	C:\Windows\SYSTEM32\ntdll.dll
0x00007ffd1cbd0000 - 0x00007ffd1cd09000 	C:\Windows\system32\KERNEL32.DLL
0x00007ffd1c840000 - 0x00007ffd1c94e000 	C:\Windows\system32\KERNELBASE.dll
0x00007ffd1e970000 - 0x00007ffd1ea15000 	C:\Windows\system32\ADVAPI32.dll
0x00007ffd1e6f0000 - 0x00007ffd1e861000 	C:\Windows\system32\USER32.dll
0x00007ffd1a700000 - 0x00007ffd1a95a000 	C:\Windows\WinSxS\amd64_microsoft.windows.common-controls_6595b64144ccf1df_6.0.9600.16384_none_62475f7becb72503\COMCTL32.dll
0x00007ffd1e450000 - 0x00007ffd1e4f7000 	C:\Windows\system32\msvcrt.dll
0x00007ffd1ea20000 - 0x00007ffd1ea77000 	C:\Windows\SYSTEM32\sechost.dll
0x00007ffd1f200000 - 0x00007ffd1f336000 	C:\Windows\system32\RPCRT4.dll
0x00007ffd1ec90000 - 0x00007ffd1edd5000 	C:\Windows\system32\GDI32.dll
0x00007ffd1cf20000 - 0x00007ffd1cf54000 	C:\Windows\system32\IMM32.DLL
0x00007ffd1cdd0000 - 0x00007ffd1cf09000 	C:\Windows\system32\MSCTF.dll
0x000000006afa0000 - 0x000000006b072000 	D:\jdk\jre\bin\msvcr100.dll
0x000000006b470000 - 0x000000006bc9a000 	D:\jdk\jre\bin\server\jvm.dll
0x00007ffd19ee0000 - 0x00007ffd19ee9000 	C:\Windows\SYSTEM32\WSOCK32.dll
0x00007ffd18480000 - 0x00007ffd1849f000 	C:\Windows\SYSTEM32\WINMM.dll
0x00007ffd1cd10000 - 0x00007ffd1cd17000 	C:\Windows\system32\PSAPI.DLL
0x00007ffd1ea90000 - 0x00007ffd1eae8000 	C:\Windows\system32\WS2_32.dll
0x00007ffd18320000 - 0x00007ffd1834a000 	C:\Windows\SYSTEM32\WINMMBASE.dll
0x00007ffd1cf10000 - 0x00007ffd1cf19000 	C:\Windows\system32\NSI.dll
0x00007ffd1c950000 - 0x00007ffd1c99a000 	C:\Windows\SYSTEM32\cfgmgr32.dll
0x00007ffd1b570000 - 0x00007ffd1b596000 	C:\Windows\SYSTEM32\DEVOBJ.dll
0x000000006bec0000 - 0x000000006becf000 	D:\jdk\jre\bin\verify.dll
0x000000006be90000 - 0x000000006beb8000 	D:\jdk\jre\bin\java.dll
0x000000006be70000 - 0x000000006be86000 	D:\jdk\jre\bin\zip.dll
0x00007ffd1d040000 - 0x00007ffd1e44d000 	C:\Windows\system32\SHELL32.dll
0x00007ffd1f020000 - 0x00007ffd1f1f7000 	C:\Windows\SYSTEM32\combase.dll
0x00007ffd1cf80000 - 0x00007ffd1cfd1000 	C:\Windows\system32\SHLWAPI.dll
0x00007ffd1ad50000 - 0x00007ffd1adf1000 	C:\Windows\SYSTEM32\SHCORE.dll
0x00007ffd1c6c0000 - 0x00007ffd1c6d4000 	C:\Windows\SYSTEM32\profapi.dll
0x00007ffd132f0000 - 0x00007ffd13478000 	C:\Windows\SYSTEM32\dbghelp.dll

VM Arguments:
jvm_args: -Djava.awt.headless=true -Xmx1024M -Dfile.encoding=GBK -Duser.country=CN -Duser.language=zh -Duser.variant 
java_command: com.android.dx.command.Main --dex --force-jumbo --num-threads=4 --output E:\Sports\app\build\intermediates\pre-dexed\debug\internal_impl-24.0.0_aec005ed303a69a610a0a8a3600e80f37caea37a.jar E:\Sports\app\build\intermediates\exploded-aar\com.android.support\support-v4\24.0.0\jars\libs\internal_impl-24.0.0.jar
java_class_path (initial): D:\android\AppData\Local\Android\sdk\build-tools\24.0.0\lib\dx.jar
Launcher Type: SUN_STANDARD

Environment Variables:
JAVA_HOME=D:\jdk
PATH=C:\Windows\system32;C:\Windows;C:\Windows\System32\Wbem;C:\Windows\System32\WindowsPowerShell\v1.0\;D:\jdk\bin;D:\jdk\jre\bin;D:\android\AppData\Local\Android\sdk\tools;D:\android\AppData\Local\Android\sdk\platform-tools;C:\Program Files (x86)\NVIDIA Corporation\PhysX\Common
USERNAME=Administrator
OS=Windows_NT
PROCESSOR_IDENTIFIER=Intel64 Family 6 Model 60 Stepping 3, GenuineIntel



---------------  S Y S T E M  ---------------

OS: Windows 8.1 , 64 bit Build 9600 

CPU:total 4 (4 cores per cpu, 1 threads per core) family 6 model 60 stepping 3, cmov, cx8, fxsr, mmx, sse, sse2, sse3, ssse3, sse4.1, sse4.2, popcnt, avx, avx2, aes, clmul, erms, tsc, tscinvbit

Memory: 4k page, physical 8273724k(1923616k free), swap 8273724k(5120k free)

vm_info: Java HotSpot(TM) 64-Bit Server VM (25.5-b02) for windows-amd64 JRE (1.8.0_05-b13), built on Mar 18 2014 01:08:39 by "java_re" with MS VC++ 10.0 (VS2010)

time: Wed Aug 03 16:14:39 2016
elapsed time: 1 seconds

