#
# There is insufficient memory for the Java Runtime Environment to continue.
# Native memory allocation (malloc) failed to allocate 1237392 bytes for Chunk::new
# Possible reasons:
#   The system is out of physical RAM or swap space
#   In 32 bit mode, the process size limit was hit
# Possible solutions:
#   Reduce memory load on the system
#   Increase physical memory or swap space
#   Check if swap backing store is full
#   Use 64 bit Java on a 64 bit OS
#   Decrease Java heap size (-Xmx/-Xms)
#   Decrease number of Java threads
#   Decrease Java thread stack sizes (-Xss)
#   Set larger code cache with -XX:ReservedCodeCacheSize=
# This output file may be truncated or incomplete.
#
#  Out of Memory Error (allocation.cpp:388), pid=14104, tid=14240
#
# JRE version: Java(TM) SE Runtime Environment (8.0_05-b13) (build 1.8.0_05-b13)
# Java VM: Java HotSpot(TM) 64-Bit Server VM (25.5-b02 mixed mode windows-amd64 compressed oops)
# Failed to write core dump. Minidumps are not enabled by default on client versions of Windows
#

---------------  T H R E A D  ---------------

Current thread (0x00000000148b1000):  JavaThread "C2 CompilerThread0" daemon [_thread_in_native, id=14240, stack(0x0000000016210000,0x0000000016310000)]

Stack: [0x0000000016210000,0x0000000016310000]
Native frames: (J=compiled Java code, j=interpreted, Vv=VM code, C=native code)
V  [jvm.dll+0x308dea]
V  [jvm.dll+0x25def1]
V  [jvm.dll+0x25eb0f]
V  [jvm.dll+0x2564e5]
V  [jvm.dll+0xbcfc5]
V  [jvm.dll+0xbd45c]
V  [jvm.dll+0x43adc2]
V  [jvm.dll+0x4af6a5]
V  [jvm.dll+0x4b02df]
V  [jvm.dll+0x440f31]
V  [jvm.dll+0x4436a9]
V  [jvm.dll+0x427532]
V  [jvm.dll+0x96702]
V  [jvm.dll+0x96ef3]
V  [jvm.dll+0x2232c4]
V  [jvm.dll+0x27baca]
C  [msvcr100.dll+0x21d9f]
C  [msvcr100.dll+0x21e3b]
C  [KERNEL32.DLL+0x15dd]
C  [ntdll.dll+0x764ad]


Current CompileTask:
C2:    987 1216   !   4       com.android.dx.cf.code.BytecodeArray::parseInstruction (2764 bytes)


---------------  P R O C E S S  ---------------

Java Threads: ( => current thread )
  0x0000000015f5f800 JavaThread "pool-1-thread-4" [_thread_blocked, id=14312, stack(0x0000000017310000,0x0000000017410000)]
  0x0000000015e8f000 JavaThread "pool-1-thread-3" [_thread_blocked, id=14308, stack(0x0000000017210000,0x0000000017310000)]
  0x0000000015e8e000 JavaThread "pool-1-thread-2" [_thread_in_vm, id=14304, stack(0x0000000017110000,0x0000000017210000)]
  0x0000000015e8c800 JavaThread "pool-2-thread-1" [_thread_blocked, id=14300, stack(0x0000000017010000,0x0000000017110000)]
  0x0000000015f38000 JavaThread "pool-1-thread-1" [_thread_in_Java, id=14296, stack(0x0000000016f10000,0x0000000017010000)]
  0x0000000015c95000 JavaThread "Service Thread" daemon [_thread_blocked, id=14268, stack(0x0000000016510000,0x0000000016610000)]
  0x00000000148c9000 JavaThread "C1 CompilerThread2" daemon [_thread_in_native, id=14252, stack(0x0000000016410000,0x0000000016510000)]
  0x00000000148bc000 JavaThread "C2 CompilerThread1" daemon [_thread_in_native, id=14244, stack(0x0000000016310000,0x0000000016410000)]
=>0x00000000148b1000 JavaThread "C2 CompilerThread0" daemon [_thread_in_native, id=14240, stack(0x0000000016210000,0x0000000016310000)]
  0x00000000148af800 JavaThread "Attach Listener" daemon [_thread_blocked, id=14232, stack(0x0000000016110000,0x0000000016210000)]
  0x0000000015c53800 JavaThread "Signal Dispatcher" daemon [_thread_blocked, id=14224, stack(0x0000000016010000,0x0000000016110000)]
  0x00000000021c4000 JavaThread "Finalizer" daemon [_thread_blocked, id=14212, stack(0x0000000015b10000,0x0000000015c10000)]
  0x00000000021b9000 JavaThread "Reference Handler" daemon [_thread_blocked, id=14204, stack(0x0000000015a10000,0x0000000015b10000)]
  0x00000000020d0800 JavaThread "main" [_thread_blocked, id=14160, stack(0x0000000001fc0000,0x00000000020c0000)]

Other Threads:
  0x0000000014867000 VMThread [stack: 0x0000000015910000,0x0000000015a10000] [id=14196]
  0x0000000015c99800 WatcherThread [stack: 0x0000000016610000,0x0000000016710000] [id=14272]

VM state:not at safepoint (normal execution)

VM Mutex/Monitor currently owned by a thread: None

Heap:
 PSYoungGen      total 14336K, used 10281K [0x00000000eab00000, 0x00000000ebc80000, 0x0000000100000000)
  eden space 11264K, 74% used [0x00000000eab00000,0x00000000eb33a4c0,0x00000000eb600000)
  from space 3072K, 60% used [0x00000000eb600000,0x00000000eb7d0000,0x00000000eb900000)
  to   space 2560K, 0% used [0x00000000eb900000,0x00000000eb900000,0x00000000ebb80000)
 ParOldGen       total 129536K, used 5014K [0x00000000c0000000, 0x00000000c7e80000, 0x00000000eab00000)
  object space 129536K, 3% used [0x00000000c0000000,0x00000000c04e5bb0,0x00000000c7e80000)
 Metaspace       used 5838K, capacity 6808K, committed 7168K, reserved 1056768K
  class space    used 607K, capacity 656K, committed 768K, reserved 1048576K

Card table byte_map: [0x0000000011590000,0x00000000117a0000] byte_map_base: 0x0000000010f90000

Marking Bits: (ParMarkBitMap*) 0x000000006bc213b0
 Begin Bits: [0x0000000011d00000, 0x0000000012d00000)
 End Bits:   [0x0000000012d00000, 0x0000000013d00000)

Polling page: 0x00000000003f0000

CodeCache: size=245760Kb used=4846Kb max_used=4846Kb free=240913Kb
 bounds [0x00000000021d0000, 0x0000000002690000, 0x00000000111d0000]
 total_blobs=1535 nmethods=1269 adapters=180
 compilation: enabled

Compilation events (10 events):
Event: 0.974 Thread 0x00000000148c9000 nmethod 1274 0x000000000266d150 code [0x000000000266d340, 0x000000000266dcc8]
Event: 0.974 Thread 0x00000000148c9000 1275       3       com.android.dx.ssa.SsaConverter::edgeSplitMoveExceptionsAndResults (157 bytes)
Event: 0.975 Thread 0x00000000148c9000 nmethod 1275 0x000000000266e1d0 code [0x000000000266e560, 0x0000000002670288]
Event: 0.975 Thread 0x00000000148c9000 1276       3       com.android.dx.ssa.SsaConverter::edgeSplitSuccessors (98 bytes)
Event: 0.976 Thread 0x00000000148c9000 nmethod 1276 0x0000000002671550 code [0x00000000026717c0, 0x0000000002672568]
Event: 0.977 Thread 0x00000000148c9000 1277       3       com.android.dx.ssa.DomFront::<init> (60 bytes)
Event: 0.977 Thread 0x00000000148c9000 nmethod 1277 0x0000000002672dd0 code [0x0000000002672f60, 0x0000000002673590]
Event: 0.977 Thread 0x00000000148c9000 1278 %     3       com.android.dx.ssa.SsaMethod::forEachBlockDepthFirst @ 129 (194 bytes)
Event: 0.978 Thread 0x00000000148c9000 nmethod 1278% 0x0000000002673890 code [0x0000000002673d20, 0x0000000002676de8]
Event: 0.979 Thread 0x00000000148c9000 1279       3       com.android.dx.ssa.SsaMethod::forEachBlockDepthFirst (194 bytes)

GC Heap History (10 events):
Event: 0.408 GC heap before
{Heap before GC invocations=7 (full 0):
 PSYoungGen      total 4608K, used 4600K [0x00000000eab00000, 0x00000000eb200000, 0x0000000100000000)
  eden space 3584K, 100% used [0x00000000eab00000,0x00000000eae80000,0x00000000eae80000)
  from space 1024K, 99% used [0x00000000eb000000,0x00000000eb0fe010,0x00000000eb100000)
  to   space 1536K, 0% used [0x00000000eae80000,0x00000000eae80000,0x00000000eb000000)
 ParOldGen       total 129536K, used 1204K [0x00000000c0000000, 0x00000000c7e80000, 0x00000000eab00000)
  object space 129536K, 0% used [0x00000000c0000000,0x00000000c012d3b0,0x00000000c7e80000)
 Metaspace       used 5211K, capacity 6320K, committed 6528K, reserved 1056768K
  class space    used 573K, capacity 616K, committed 640K, reserved 1048576K
Event: 0.465 GC heap after
Heap after GC invocations=7 (full 0):
 PSYoungGen      total 5120K, used 1516K [0x00000000eab00000, 0x00000000eb600000, 0x0000000100000000)
  eden space 3584K, 0% used [0x00000000eab00000,0x00000000eab00000,0x00000000eae80000)
  from space 1536K, 98% used [0x00000000eae80000,0x00000000eaffb120,0x00000000eb000000)
  to   space 2048K, 0% used [0x00000000eb400000,0x00000000eb400000,0x00000000eb600000)
 ParOldGen       total 129536K, used 1505K [0x00000000c0000000, 0x00000000c7e80000, 0x00000000eab00000)
  object space 129536K, 1% used [0x00000000c0000000,0x00000000c0178448,0x00000000c7e80000)
 Metaspace       used 5211K, capacity 6320K, committed 6528K, reserved 1056768K
  class space    used 573K, capacity 616K, committed 640K, reserved 1048576K
}
Event: 0.515 GC heap before
{Heap before GC invocations=8 (full 0):
 PSYoungGen      total 5120K, used 5100K [0x00000000eab00000, 0x00000000eb600000, 0x0000000100000000)
  eden space 3584K, 100% used [0x00000000eab00000,0x00000000eae80000,0x00000000eae80000)
  from space 1536K, 98% used [0x00000000eae80000,0x00000000eaffb120,0x00000000eb000000)
  to   space 2048K, 0% used [0x00000000eb400000,0x00000000eb400000,0x00000000eb600000)
 ParOldGen       total 129536K, used 1505K [0x00000000c0000000, 0x00000000c7e80000, 0x00000000eab00000)
  object space 129536K, 1% used [0x00000000c0000000,0x00000000c0178448,0x00000000c7e80000)
 Metaspace       used 5481K, capacity 6512K, committed 6784K, reserved 1056768K
  class space    used 587K, capacity 616K, committed 640K, reserved 1048576K
Event: 0.527 GC heap after
Heap after GC invocations=8 (full 0):
 PSYoungGen      total 9216K, used 1728K [0x00000000eab00000, 0x00000000eb600000, 0x0000000100000000)
  eden space 7168K, 0% used [0x00000000eab00000,0x00000000eab00000,0x00000000eb200000)
  from space 2048K, 84% used [0x00000000eb400000,0x00000000eb5b0018,0x00000000eb600000)
  to   space 2048K, 0% used [0x00000000eb200000,0x00000000eb200000,0x00000000eb400000)
 ParOldGen       total 129536K, used 1593K [0x00000000c0000000, 0x00000000c7e80000, 0x00000000eab00000)
  object space 129536K, 1% used [0x00000000c0000000,0x00000000c018e468,0x00000000c7e80000)
 Metaspace       used 5481K, capacity 6512K, committed 6784K, reserved 1056768K
  class space    used 587K, capacity 616K, committed 640K, reserved 1048576K
}
Event: 0.657 GC heap before
{Heap before GC invocations=9 (full 0):
 PSYoungGen      total 9216K, used 8896K [0x00000000eab00000, 0x00000000eb600000, 0x0000000100000000)
  eden space 7168K, 100% used [0x00000000eab00000,0x00000000eb200000,0x00000000eb200000)
  from space 2048K, 84% used [0x00000000eb400000,0x00000000eb5b0018,0x00000000eb600000)
  to   space 2048K, 0% used [0x00000000eb200000,0x00000000eb200000,0x00000000eb400000)
 ParOldGen       total 129536K, used 1593K [0x00000000c0000000, 0x00000000c7e80000, 0x00000000eab00000)
  object space 129536K, 1% used [0x00000000c0000000,0x00000000c018e468,0x00000000c7e80000)
 Metaspace       used 5644K, capacity 6640K, committed 6784K, reserved 1056768K
  class space    used 588K, capacity 616K, committed 640K, reserved 1048576K
Event: 0.665 GC heap after
Heap after GC invocations=9 (full 0):
 PSYoungGen      total 9216K, used 2016K [0x00000000eab00000, 0x00000000ebb80000, 0x0000000100000000)
  eden space 7168K, 0% used [0x00000000eab00000,0x00000000eab00000,0x00000000eb200000)
  from space 2048K, 98% used [0x00000000eb200000,0x00000000eb3f8018,0x00000000eb400000)
  to   space 2560K, 0% used [0x00000000eb900000,0x00000000eb900000,0x00000000ebb80000)
 ParOldGen       total 129536K, used 2239K [0x00000000c0000000, 0x00000000c7e80000, 0x00000000eab00000)
  object space 129536K, 1% used [0x00000000c0000000,0x00000000c022fd08,0x00000000c7e80000)
 Metaspace       used 5644K, capacity 6640K, committed 6784K, reserved 1056768K
  class space    used 588K, capacity 616K, committed 640K, reserved 1048576K
}
Event: 0.748 GC heap before
{Heap before GC invocations=10 (full 0):
 PSYoungGen      total 9216K, used 9184K [0x00000000eab00000, 0x00000000ebb80000, 0x0000000100000000)
  eden space 7168K, 100% used [0x00000000eab00000,0x00000000eb200000,0x00000000eb200000)
  from space 2048K, 98% used [0x00000000eb200000,0x00000000eb3f8018,0x00000000eb400000)
  to   space 2560K, 0% used [0x00000000eb900000,0x00000000eb900000,0x00000000ebb80000)
 ParOldGen       total 129536K, used 2239K [0x00000000c0000000, 0x00000000c7e80000, 0x00000000eab00000)
  object space 129536K, 1% used [0x00000000c0000000,0x00000000c022fd08,0x00000000c7e80000)
 Metaspace       used 5686K, capacity 6704K, committed 6784K, reserved 1056768K
  class space    used 588K, capacity 616K, committed 640K, reserved 1048576K
Event: 0.754 GC heap after
Heap after GC invocations=10 (full 0):
 PSYoungGen      total 13824K, used 2176K [0x00000000eab00000, 0x00000000ebc80000, 0x0000000100000000)
  eden space 11264K, 0% used [0x00000000eab00000,0x00000000eab00000,0x00000000eb600000)
  from space 2560K, 85% used [0x00000000eb900000,0x00000000ebb20010,0x00000000ebb80000)
  to   space 3072K, 0% used [0x00000000eb600000,0x00000000eb600000,0x00000000eb900000)
 ParOldGen       total 129536K, used 3054K [0x00000000c0000000, 0x00000000c7e80000, 0x00000000eab00000)
  object space 129536K, 2% used [0x00000000c0000000,0x00000000c02fb830,0x00000000c7e80000)
 Metaspace       used 5686K, capacity 6704K, committed 6784K, reserved 1056768K
  class space    used 588K, capacity 616K, committed 640K, reserved 1048576K
}
Event: 0.870 GC heap before
{Heap before GC invocations=11 (full 0):
 PSYoungGen      total 13824K, used 13440K [0x00000000eab00000, 0x00000000ebc80000, 0x0000000100000000)
  eden space 11264K, 100% used [0x00000000eab00000,0x00000000eb600000,0x00000000eb600000)
  from space 2560K, 85% used [0x00000000eb900000,0x00000000ebb20010,0x00000000ebb80000)
  to   space 3072K, 0% used [0x00000000eb600000,0x00000000eb600000,0x00000000eb900000)
 ParOldGen       total 129536K, used 3054K [0x00000000c0000000, 0x00000000c7e80000, 0x00000000eab00000)
  object space 129536K, 2% used [0x00000000c0000000,0x00000000c02fb830,0x00000000c7e80000)
 Metaspace       used 5710K, capacity 6704K, committed 6784K, reserved 1056768K
  class space    used 588K, capacity 616K, committed 640K, reserved 1048576K
Event: 0.888 GC heap after
Heap after GC invocations=11 (full 0):
 PSYoungGen      total 14336K, used 1856K [0x00000000eab00000, 0x00000000ebc80000, 0x0000000100000000)
  eden space 11264K, 0% used [0x00000000eab00000,0x00000000eab00000,0x00000000eb600000)
  from space 3072K, 60% used [0x00000000eb600000,0x00000000eb7d0000,0x00000000eb900000)
  to   space 2560K, 0% used [0x00000000eb900000,0x00000000eb900000,0x00000000ebb80000)
 ParOldGen       total 129536K, used 5014K [0x00000000c0000000, 0x00000000c7e80000, 0x00000000eab00000)
  object space 129536K, 3% used [0x00000000c0000000,0x00000000c04e5bb0,0x00000000c7e80000)
 Metaspace       used 5710K, capacity 6704K, committed 6784K, reserved 1056768K
  class space    used 588K, capacity 616K, committed 640K, reserved 1048576K
}

Deoptimization events (8 events):
Event: 0.583 Thread 0x00000000020d0800 Uncommon trap: reason=null_check action=make_not_entrant pc=0x00000000024ca054 method=com.android.dx.ssa.SsaRenamer.getLocalForNewReg(I)Lcom/android/dx/rop/code/LocalItem; @ 19
Event: 0.583 Thread 0x00000000020d0800 Uncommon trap: reason=null_check action=make_not_entrant pc=0x00000000024b7a8c method=com.android.dx.ssa.SsaRenamer.getLocalForNewReg(I)Lcom/android/dx/rop/code/LocalItem; @ 19
Event: 0.814 Thread 0x0000000015f38000 Uncommon trap: reason=bimorphic action=maybe_recompile pc=0x00000000024301ec method=java.util.HashMap.getNode(ILjava/lang/Object;)Ljava/util/HashMap$Node; @ 126
Event: 0.897 Thread 0x0000000015f38000 Uncommon trap: reason=bimorphic action=maybe_recompile pc=0x00000000024301ec method=java.util.HashMap.getNode(ILjava/lang/Object;)Ljava/util/HashMap$Node; @ 126
Event: 0.898 Thread 0x0000000015f38000 Uncommon trap: reason=unreached action=reinterpret pc=0x00000000025f093c method=java.util.HashMap.getNode(ILjava/lang/Object;)Ljava/util/HashMap$Node; @ 84
Event: 0.898 Thread 0x0000000015f38000 Uncommon trap: reason=unreached action=reinterpret pc=0x00000000025ebc7c method=java.util.HashMap.getNode(ILjava/lang/Object;)Ljava/util/HashMap$Node; @ 84
Event: 0.906 Thread 0x0000000015f38000 Uncommon trap: reason=unreached action=reinterpret pc=0x00000000024301d4 method=java.util.HashMap.getNode(ILjava/lang/Object;)Ljava/util/HashMap$Node; @ 84
Event: 0.909 Thread 0x0000000015f38000 Uncommon trap: reason=unreached action=reinterpret pc=0x0000000002410174 method=java.util.HashMap.getNode(ILjava/lang/Object;)Ljava/util/HashMap$Node; @ 84

Internal exceptions (10 events):
Event: 0.473 Thread 0x0000000015f5f800 Exception <a 'java/security/PrivilegedActionException'> (0x00000000eab8bfa8) thrown at [D:\re\workspace\8-2-build-windows-amd64-cygwin\jdk8u5\2488\hotspot\src\share\vm\prims\jvm.cpp, line 1248]
Event: 0.473 Thread 0x0000000015f5f800 Exception <a 'java/security/PrivilegedActionException'> (0x00000000eab90700) thrown at [D:\re\workspace\8-2-build-windows-amd64-cygwin\jdk8u5\2488\hotspot\src\share\vm\prims\jvm.cpp, line 1248]
Event: 0.474 Thread 0x0000000015f5f800 Exception <a 'java/security/PrivilegedActionException'> (0x00000000eaba0f38) thrown at [D:\re\workspace\8-2-build-windows-amd64-cygwin\jdk8u5\2488\hotspot\src\share\vm\prims\jvm.cpp, line 1248]
Event: 0.478 Thread 0x0000000015f5f800 Exception <a 'java/security/PrivilegedActionException'> (0x00000000eabd3a38) thrown at [D:\re\workspace\8-2-build-windows-amd64-cygwin\jdk8u5\2488\hotspot\src\share\vm\prims\jvm.cpp, line 1248]
Event: 0.500 Thread 0x00000000020d0800 Exception <a 'java/security/PrivilegedActionException'> (0x00000000eadaaec8) thrown at [D:\re\workspace\8-2-build-windows-amd64-cygwin\jdk8u5\2488\hotspot\src\share\vm\prims\jvm.cpp, line 1248]
Event: 0.583 Thread 0x00000000020d0800 Implicit null exception at 0x00000000024c78f5 to 0x00000000024ca02d
Event: 0.583 Thread 0x00000000020d0800 Implicit null exception at 0x00000000024b533c to 0x00000000024b7a69
Event: 0.894 Thread 0x0000000015f38000 Exception <a 'java/lang/ArrayIndexOutOfBoundsException': 18> (0x00000000eabdc8d0) thrown at [D:\re\workspace\8-2-build-windows-amd64-cygwin\jdk8u5\2488\hotspot\src\share\vm\interpreter\interpreterRuntime.cpp, line 337]
Event: 0.894 Thread 0x0000000015f38000 Exception <a 'java/lang/ArrayIndexOutOfBoundsException': 145> (0x00000000eabde368) thrown at [D:\re\workspace\8-2-build-windows-amd64-cygwin\jdk8u5\2488\hotspot\src\share\vm\interpreter\interpreterRuntime.cpp, line 337]
Event: 0.894 Thread 0x0000000015f38000 Exception <a 'java/lang/ArrayIndexOutOfBoundsException': 40> (0x00000000eabdf580) thrown at [D:\re\workspace\8-2-build-windows-amd64-cygwin\jdk8u5\2488\hotspot\src\share\vm\interpreter\interpreterRuntime.cpp, line 337]

Events (10 events):
Event: 0.903 Thread 0x0000000015f38000 DEOPT PACKING pc=0x0000000002564c92 sp=0x000000001700e870
Event: 0.903 Thread 0x0000000015f38000 DEOPT UNPACKING pc=0x0000000002217604 sp=0x000000001700e5d8 mode 0
Event: 0.904 Thread 0x0000000015f38000 DEOPT PACKING pc=0x000000000255bf91 sp=0x000000001700e7e0
Event: 0.904 Thread 0x0000000015f38000 DEOPT UNPACKING pc=0x0000000002217604 sp=0x000000001700e578 mode 0
Event: 0.906 Thread 0x0000000015f38000 Uncommon trap: trap_request=0xffffffad fr.pc=0x00000000024301d4
Event: 0.906 Thread 0x0000000015f38000 DEOPT PACKING pc=0x00000000024301d4 sp=0x000000001700e820
Event: 0.906 Thread 0x0000000015f38000 DEOPT UNPACKING pc=0x00000000022155af sp=0x000000001700e740 mode 2
Event: 0.909 Thread 0x0000000015f38000 Uncommon trap: trap_request=0xffffffad fr.pc=0x0000000002410174
Event: 0.909 Thread 0x0000000015f38000 DEOPT PACKING pc=0x0000000002410174 sp=0x000000001700e730
Event: 0.909 Thread 0x0000000015f38000 DEOPT UNPACKING pc=0x00000000022155af sp=0x000000001700e6c0 mode 2


Dynamic libraries:
0x00007ff7b1cb0000 - 0x00007ff7b1ce4000 	D:\jdk\bin\java.exe
0x00007ffd1f340000 - 0x00007ffd1f4e9000 	C:\Windows\SYSTEM32\ntdll.dll
0x00007ffd1cbd0000 - 0x00007ffd1cd09000 	C:\Windows\system32\KERNEL32.DLL
0x00007ffd1c840000 - 0x00007ffd1c94e000 	C:\Windows\system32\KERNELBASE.dll
0x00007ffd1e970000 - 0x00007ffd1ea15000 	C:\Windows\system32\ADVAPI32.dll
0x00007ffd1e6f0000 - 0x00007ffd1e861000 	C:\Windows\system32\USER32.dll
0x00007ffd1a700000 - 0x00007ffd1a95a000 	C:\Windows\WinSxS\amd64_microsoft.windows.common-controls_6595b64144ccf1df_6.0.9600.16384_none_62475f7becb72503\COMCTL32.dll
0x00007ffd1e450000 - 0x00007ffd1e4f7000 	C:\Windows\system32\msvcrt.dll
0x00007ffd1ea20000 - 0x00007ffd1ea77000 	C:\Windows\SYSTEM32\sechost.dll
0x00007ffd1f200000 - 0x00007ffd1f336000 	C:\Windows\system32\RPCRT4.dll
0x00007ffd1ec90000 - 0x00007ffd1edd5000 	C:\Windows\system32\GDI32.dll
0x00007ffd1cf20000 - 0x00007ffd1cf54000 	C:\Windows\system32\IMM32.DLL
0x00007ffd1cdd0000 - 0x00007ffd1cf09000 	C:\Windows\system32\MSCTF.dll
0x000000006afa0000 - 0x000000006b072000 	D:\jdk\jre\bin\msvcr100.dll
0x000000006b470000 - 0x000000006bc9a000 	D:\jdk\jre\bin\server\jvm.dll
0x00007ffd19ee0000 - 0x00007ffd19ee9000 	C:\Windows\SYSTEM32\WSOCK32.dll
0x00007ffd18480000 - 0x00007ffd1849f000 	C:\Windows\SYSTEM32\WINMM.dll
0x00007ffd1cd10000 - 0x00007ffd1cd17000 	C:\Windows\system32\PSAPI.DLL
0x00007ffd1ea90000 - 0x00007ffd1eae8000 	C:\Windows\system32\WS2_32.dll
0x00007ffd18320000 - 0x00007ffd1834a000 	C:\Windows\SYSTEM32\WINMMBASE.dll
0x00007ffd1cf10000 - 0x00007ffd1cf19000 	C:\Windows\system32\NSI.dll
0x00007ffd1c950000 - 0x00007ffd1c99a000 	C:\Windows\SYSTEM32\cfgmgr32.dll
0x00007ffd1b570000 - 0x00007ffd1b596000 	C:\Windows\SYSTEM32\DEVOBJ.dll
0x000000006bec0000 - 0x000000006becf000 	D:\jdk\jre\bin\verify.dll
0x000000006be90000 - 0x000000006beb8000 	D:\jdk\jre\bin\java.dll
0x000000006be70000 - 0x000000006be86000 	D:\jdk\jre\bin\zip.dll
0x00007ffd1d040000 - 0x00007ffd1e44d000 	C:\Windows\system32\SHELL32.dll
0x00007ffd1f020000 - 0x00007ffd1f1f7000 	C:\Windows\SYSTEM32\combase.dll
0x00007ffd1cf80000 - 0x00007ffd1cfd1000 	C:\Windows\system32\SHLWAPI.dll
0x00007ffd1ad50000 - 0x00007ffd1adf1000 	C:\Windows\SYSTEM32\SHCORE.dll
0x00007ffd1c6c0000 - 0x00007ffd1c6d4000 	C:\Windows\SYSTEM32\profapi.dll
0x00007ffd132f0000 - 0x00007ffd13478000 	C:\Windows\SYSTEM32\dbghelp.dll

VM Arguments:
jvm_args: -Djava.awt.headless=true -Xmx1024M -Dfile.encoding=GBK -Duser.country=CN -Duser.language=zh -Duser.variant 
java_command: com.android.dx.command.Main --dex --force-jumbo --num-threads=4 --output E:\Sports\app\build\intermediates\pre-dexed\debug\okhttp-3.2.0_e97c4d684058659f4c78fd063d89ce0d8b400297.jar C:\Users\Administrator\.gradle\caches\modules-2\files-2.1\com.squareup.okhttp3\okhttp\3.2.0\f7873a2ebde246a45c2a8d6f3247108b4c88a879\okhttp-3.2.0.jar
java_class_path (initial): D:\android\AppData\Local\Android\sdk\build-tools\24.0.0\lib\dx.jar
Launcher Type: SUN_STANDARD

Environment Variables:
JAVA_HOME=D:\jdk
PATH=C:\Windows\system32;C:\Windows;C:\Windows\System32\Wbem;C:\Windows\System32\WindowsPowerShell\v1.0\;D:\jdk\bin;D:\jdk\jre\bin;D:\android\AppData\Local\Android\sdk\tools;D:\android\AppData\Local\Android\sdk\platform-tools;C:\Program Files (x86)\NVIDIA Corporation\PhysX\Common
USERNAME=Administrator
OS=Windows_NT
PROCESSOR_IDENTIFIER=Intel64 Family 6 Model 60 Stepping 3, GenuineIntel



---------------  S Y S T E M  ---------------

OS: Windows 8.1 , 64 bit Build 9600 

CPU:total 4 (4 cores per cpu, 1 threads per core) family 6 model 60 stepping 3, cmov, cx8, fxsr, mmx, sse, sse2, sse3, ssse3, sse4.1, sse4.2, popcnt, avx, avx2, aes, clmul, erms, tsc, tscinvbit

Memory: 4k page, physical 8273724k(1975296k free), swap 8273724k(5676k free)

vm_info: Java HotSpot(TM) 64-Bit Server VM (25.5-b02) for windows-amd64 JRE (1.8.0_05-b13), built on Mar 18 2014 01:08:39 by "java_re" with MS VC++ 10.0 (VS2010)

time: Wed Aug 03 16:19:08 2016
elapsed time: 0 seconds

