#
# There is insufficient memory for the Java Runtime Environment to continue.
# Native memory allocation (malloc) failed to allocate 207536 bytes for Chunk::new
# Possible reasons:
#   The system is out of physical RAM or swap space
#   In 32 bit mode, the process size limit was hit
# Possible solutions:
#   Reduce memory load on the system
#   Increase physical memory or swap space
#   Check if swap backing store is full
#   Use 64 bit Java on a 64 bit OS
#   Decrease Java heap size (-Xmx/-Xms)
#   Decrease number of Java threads
#   Decrease Java thread stack sizes (-Xss)
#   Set larger code cache with -XX:ReservedCodeCacheSize=
# This output file may be truncated or incomplete.
#
#  Out of Memory Error (allocation.cpp:388), pid=14292, tid=13196
#
# JRE version: Java(TM) SE Runtime Environment (8.0_05-b13) (build 1.8.0_05-b13)
# Java VM: Java HotSpot(TM) 64-Bit Server VM (25.5-b02 mixed mode windows-amd64 compressed oops)
# Failed to write core dump. Minidumps are not enabled by default on client versions of Windows
#

---------------  T H R E A D  ---------------

Current thread (0x0000000015fc4000):  JavaThread "C2 CompilerThread1" daemon [_thread_in_native, id=13196, stack(0x0000000016670000,0x0000000016770000)]

Stack: [0x0000000016670000,0x0000000016770000]
Native frames: (J=compiled Java code, j=interpreted, Vv=VM code, C=native code)
V  [jvm.dll+0x308dea]


Current CompileTask:
C2:   1097 1236       4       com.android.dx.rop.code.RopMethod::labelToPredecessors (54 bytes)


---------------  P R O C E S S  ---------------

Java Threads: ( => current thread )
  0x00000000161e2000 JavaThread "pool-1-thread-4" [_thread_blocked, id=13320, stack(0x0000000017670000,0x0000000017770000)]
  0x00000000161d9800 JavaThread "pool-1-thread-3" [_thread_in_Java, id=13316, stack(0x0000000017570000,0x0000000017670000)]
  0x00000000161d5800 JavaThread "pool-1-thread-2" [_thread_in_Java, id=10508, stack(0x0000000017470000,0x0000000017570000)]
  0x00000000161d5000 JavaThread "pool-2-thread-1" [_thread_blocked, id=9236, stack(0x0000000017370000,0x0000000017470000)]
  0x0000000016b22800 JavaThread "pool-1-thread-1" [_thread_blocked, id=12556, stack(0x0000000017270000,0x0000000017370000)]
  0x0000000015fcc000 JavaThread "Service Thread" daemon [_thread_blocked, id=12724, stack(0x0000000016870000,0x0000000016970000)]
  0x0000000015fc7000 JavaThread "C1 CompilerThread2" daemon [_thread_blocked, id=12408, stack(0x0000000016770000,0x0000000016870000)]
=>0x0000000015fc4000 JavaThread "C2 CompilerThread1" daemon [_thread_in_native, id=13196, stack(0x0000000016670000,0x0000000016770000)]
  0x0000000014c2f000 JavaThread "C2 CompilerThread0" daemon [_thread_in_native, id=13368, stack(0x0000000016570000,0x0000000016670000)]
  0x0000000014c2e000 JavaThread "Attach Listener" daemon [_thread_blocked, id=13128, stack(0x0000000016470000,0x0000000016570000)]
  0x0000000015fb3800 JavaThread "Signal Dispatcher" daemon [_thread_blocked, id=8768, stack(0x0000000016370000,0x0000000016470000)]
  0x0000000002535800 JavaThread "Finalizer" daemon [_thread_blocked, id=12380, stack(0x0000000015e70000,0x0000000015f70000)]
  0x000000000252b800 JavaThread "Reference Handler" daemon [_thread_blocked, id=3284, stack(0x0000000015d70000,0x0000000015e70000)]
  0x0000000002440800 JavaThread "main" [_thread_in_vm, id=14268, stack(0x0000000002340000,0x0000000002440000)]

Other Threads:
  0x0000000014bd6800 VMThread [stack: 0x0000000015c70000,0x0000000015d70000] [id=13240]
  0x0000000015fea000 WatcherThread [stack: 0x0000000016970000,0x0000000016a70000] [id=12640]

VM state:not at safepoint (normal execution)

VM Mutex/Monitor currently owned by a thread: None

Heap:
 PSYoungGen      total 22016K, used 11031K [0x00000000eab00000, 0x00000000ec400000, 0x0000000100000000)
  eden space 18432K, 48% used [0x00000000eab00000,0x00000000eb3a9330,0x00000000ebd00000)
  from space 3584K, 60% used [0x00000000ec080000,0x00000000ec29c948,0x00000000ec400000)
  to   space 3584K, 0% used [0x00000000ebd00000,0x00000000ebd00000,0x00000000ec080000)
 ParOldGen       total 129536K, used 7203K [0x00000000c0000000, 0x00000000c7e80000, 0x00000000eab00000)
  object space 129536K, 5% used [0x00000000c0000000,0x00000000c0708da0,0x00000000c7e80000)
 Metaspace       used 5892K, capacity 6896K, committed 7040K, reserved 1056768K
  class space    used 594K, capacity 616K, committed 640K, reserved 1048576K

Card table byte_map: [0x0000000011900000,0x0000000011b10000] byte_map_base: 0x0000000011300000

Marking Bits: (ParMarkBitMap*) 0x000000006bc213b0
 Begin Bits: [0x0000000012070000, 0x0000000013070000)
 End Bits:   [0x0000000013070000, 0x0000000014070000)

Polling page: 0x0000000000740000

CodeCache: size=245760Kb used=4965Kb max_used=4965Kb free=240795Kb
 bounds [0x0000000002540000, 0x0000000002a20000, 0x0000000011540000]
 total_blobs=1640 nmethods=1374 adapters=180
 compilation: enabled

Compilation events (10 events):
Event: 1.094 Thread 0x0000000015fc7000 nmethod 1379 0x0000000002a193d0 code [0x0000000002a19540, 0x0000000002a19768]
Event: 1.094 Thread 0x0000000015fc7000 1380       2       java.util.ArrayList::listIterator (10 bytes)
Event: 1.094 Thread 0x0000000015fc7000 nmethod 1380 0x0000000002a19890 code [0x0000000002a199e0, 0x0000000002a19bd0]
Event: 1.095 Thread 0x0000000015fc7000 1381       2       com.android.dx.rop.cst.CstBaseMethodRef::getParameterWordCount (12 bytes)
Event: 1.095 Thread 0x0000000015fc7000 nmethod 1381 0x0000000002a19c50 code [0x0000000002a19de0, 0x0000000002a1a068]
Event: 1.095 Thread 0x0000000015fc7000 1382       2       com.android.dx.cf.iface.StdMember::getName (8 bytes)
Event: 1.095 Thread 0x0000000015fc7000 nmethod 1382 0x0000000002a1a2d0 code [0x0000000002a1a420, 0x0000000002a1a570]
Event: 1.095 Thread 0x0000000015fc7000 1383       2       com.android.dx.dex.cf.OptimizerOptions::shouldOptimize (38 bytes)
Event: 1.095 Thread 0x0000000015fc7000 nmethod 1383 0x0000000002a1a610 code [0x0000000002a1a7a0, 0x0000000002a1aa78]
Event: 1.095 Thread 0x0000000015fc7000 1384       2       com.android.dx.ssa.Optimizer::optimize (15 bytes)

GC Heap History (10 events):
Event: 0.336 GC heap before
{Heap before GC invocations=8 (full 0):
 PSYoungGen      total 5120K, used 5090K [0x00000000eab00000, 0x00000000eb600000, 0x0000000100000000)
  eden space 4096K, 100% used [0x00000000eab00000,0x00000000eaf00000,0x00000000eaf00000)
  from space 1024K, 97% used [0x00000000eaf00000,0x00000000eaff8a70,0x00000000eb000000)
  to   space 1536K, 0% used [0x00000000eb480000,0x00000000eb480000,0x00000000eb600000)
 ParOldGen       total 129536K, used 1301K [0x00000000c0000000, 0x00000000c7e80000, 0x00000000eab00000)
  object space 129536K, 1% used [0x00000000c0000000,0x00000000c0145438,0x00000000c7e80000)
 Metaspace       used 5365K, capacity 6448K, committed 6528K, reserved 1056768K
  class space    used 589K, capacity 616K, committed 640K, reserved 1048576K
Event: 0.339 GC heap after
Heap after GC invocations=8 (full 0):
 PSYoungGen      total 9216K, used 1528K [0x00000000eab00000, 0x00000000eb700000, 0x0000000100000000)
  eden space 7680K, 0% used [0x00000000eab00000,0x00000000eab00000,0x00000000eb280000)
  from space 1536K, 99% used [0x00000000eb480000,0x00000000eb5fe0d0,0x00000000eb600000)
  to   space 2048K, 0% used [0x00000000eb280000,0x00000000eb280000,0x00000000eb480000)
 ParOldGen       total 129536K, used 1708K [0x00000000c0000000, 0x00000000c7e80000, 0x00000000eab00000)
  object space 129536K, 1% used [0x00000000c0000000,0x00000000c01ab178,0x00000000c7e80000)
 Metaspace       used 5365K, capacity 6448K, committed 6528K, reserved 1056768K
  class space    used 589K, capacity 616K, committed 640K, reserved 1048576K
}
Event: 0.602 GC heap before
{Heap before GC invocations=9 (full 0):
 PSYoungGen      total 9216K, used 9208K [0x00000000eab00000, 0x00000000eb700000, 0x0000000100000000)
  eden space 7680K, 100% used [0x00000000eab00000,0x00000000eb280000,0x00000000eb280000)
  from space 1536K, 99% used [0x00000000eb480000,0x00000000eb5fe0d0,0x00000000eb600000)
  to   space 2048K, 0% used [0x00000000eb280000,0x00000000eb280000,0x00000000eb480000)
 ParOldGen       total 129536K, used 1708K [0x00000000c0000000, 0x00000000c7e80000, 0x00000000eab00000)
  object space 129536K, 1% used [0x00000000c0000000,0x00000000c01ab178,0x00000000c7e80000)
 Metaspace       used 5653K, capacity 6704K, committed 6784K, reserved 1056768K
  class space    used 593K, capacity 616K, committed 640K, reserved 1048576K
Event: 0.604 GC heap after
Heap after GC invocations=9 (full 0):
 PSYoungGen      total 9728K, used 2023K [0x00000000eab00000, 0x00000000ebc00000, 0x0000000100000000)
  eden space 7680K, 0% used [0x00000000eab00000,0x00000000eab00000,0x00000000eb280000)
  from space 2048K, 98% used [0x00000000eb280000,0x00000000eb479c68,0x00000000eb480000)
  to   space 2560K, 0% used [0x00000000eb980000,0x00000000eb980000,0x00000000ebc00000)
 ParOldGen       total 129536K, used 2002K [0x00000000c0000000, 0x00000000c7e80000, 0x00000000eab00000)
  object space 129536K, 1% used [0x00000000c0000000,0x00000000c01f4b60,0x00000000c7e80000)
 Metaspace       used 5653K, capacity 6704K, committed 6784K, reserved 1056768K
  class space    used 593K, capacity 616K, committed 640K, reserved 1048576K
}
Event: 0.719 GC heap before
{Heap before GC invocations=10 (full 0):
 PSYoungGen      total 9728K, used 9703K [0x00000000eab00000, 0x00000000ebc00000, 0x0000000100000000)
  eden space 7680K, 100% used [0x00000000eab00000,0x00000000eb280000,0x00000000eb280000)
  from space 2048K, 98% used [0x00000000eb280000,0x00000000eb479c68,0x00000000eb480000)
  to   space 2560K, 0% used [0x00000000eb980000,0x00000000eb980000,0x00000000ebc00000)
 ParOldGen       total 129536K, used 2002K [0x00000000c0000000, 0x00000000c7e80000, 0x00000000eab00000)
  object space 129536K, 1% used [0x00000000c0000000,0x00000000c01f4b60,0x00000000c7e80000)
 Metaspace       used 5712K, capacity 6704K, committed 6784K, reserved 1056768K
  class space    used 594K, capacity 616K, committed 640K, reserved 1048576K
Event: 0.769 GC heap after
Heap after GC invocations=10 (full 0):
 PSYoungGen      total 13824K, used 2533K [0x00000000eab00000, 0x00000000ebe00000, 0x0000000100000000)
  eden space 11264K, 0% used [0x00000000eab00000,0x00000000eab00000,0x00000000eb600000)
  from space 2560K, 98% used [0x00000000eb980000,0x00000000ebbf96b8,0x00000000ebc00000)
  to   space 3584K, 0% used [0x00000000eb600000,0x00000000eb600000,0x00000000eb980000)
 ParOldGen       total 129536K, used 3045K [0x00000000c0000000, 0x00000000c7e80000, 0x00000000eab00000)
  object space 129536K, 2% used [0x00000000c0000000,0x00000000c02f97d8,0x00000000c7e80000)
 Metaspace       used 5712K, capacity 6704K, committed 6784K, reserved 1056768K
  class space    used 594K, capacity 616K, committed 640K, reserved 1048576K
}
Event: 0.930 GC heap before
{Heap before GC invocations=11 (full 0):
 PSYoungGen      total 13824K, used 13797K [0x00000000eab00000, 0x00000000ebe00000, 0x0000000100000000)
  eden space 11264K, 100% used [0x00000000eab00000,0x00000000eb600000,0x00000000eb600000)
  from space 2560K, 98% used [0x00000000eb980000,0x00000000ebbf96b8,0x00000000ebc00000)
  to   space 3584K, 0% used [0x00000000eb600000,0x00000000eb600000,0x00000000eb980000)
 ParOldGen       total 129536K, used 3045K [0x00000000c0000000, 0x00000000c7e80000, 0x00000000eab00000)
  object space 129536K, 2% used [0x00000000c0000000,0x00000000c02f97d8,0x00000000c7e80000)
 Metaspace       used 5790K, capacity 6832K, committed 7040K, reserved 1056768K
  class space    used 594K, capacity 616K, committed 640K, reserved 1048576K
Event: 0.935 GC heap after
Heap after GC invocations=11 (full 0):
 PSYoungGen      total 14848K, used 1920K [0x00000000eab00000, 0x00000000ec400000, 0x0000000100000000)
  eden space 11264K, 0% used [0x00000000eab00000,0x00000000eab00000,0x00000000eb600000)
  from space 3584K, 53% used [0x00000000eb600000,0x00000000eb7e0010,0x00000000eb980000)
  to   space 3584K, 0% used [0x00000000ec080000,0x00000000ec080000,0x00000000ec400000)
 ParOldGen       total 129536K, used 5491K [0x00000000c0000000, 0x00000000c7e80000, 0x00000000eab00000)
  object space 129536K, 4% used [0x00000000c0000000,0x00000000c055cd80,0x00000000c7e80000)
 Metaspace       used 5790K, capacity 6832K, committed 7040K, reserved 1056768K
  class space    used 594K, capacity 616K, committed 640K, reserved 1048576K
}
Event: 0.964 GC heap before
{Heap before GC invocations=12 (full 0):
 PSYoungGen      total 14848K, used 13184K [0x00000000eab00000, 0x00000000ec400000, 0x0000000100000000)
  eden space 11264K, 100% used [0x00000000eab00000,0x00000000eb600000,0x00000000eb600000)
  from space 3584K, 53% used [0x00000000eb600000,0x00000000eb7e0010,0x00000000eb980000)
  to   space 3584K, 0% used [0x00000000ec080000,0x00000000ec080000,0x00000000ec400000)
 ParOldGen       total 129536K, used 5491K [0x00000000c0000000, 0x00000000c7e80000, 0x00000000eab00000)
  object space 129536K, 4% used [0x00000000c0000000,0x00000000c055cd80,0x00000000c7e80000)
 Metaspace       used 5797K, capacity 6832K, committed 7040K, reserved 1056768K
  class space    used 594K, capacity 616K, committed 640K, reserved 1048576K
Event: 0.974 GC heap after
Heap after GC invocations=12 (full 0):
 PSYoungGen      total 22016K, used 2162K [0x00000000eab00000, 0x00000000ec400000, 0x0000000100000000)
  eden space 18432K, 0% used [0x00000000eab00000,0x00000000eab00000,0x00000000ebd00000)
  from space 3584K, 60% used [0x00000000ec080000,0x00000000ec29c948,0x00000000ec400000)
  to   space 3584K, 0% used [0x00000000ebd00000,0x00000000ebd00000,0x00000000ec080000)
 ParOldGen       total 129536K, used 7203K [0x00000000c0000000, 0x00000000c7e80000, 0x00000000eab00000)
  object space 129536K, 5% used [0x00000000c0000000,0x00000000c0708da0,0x00000000c7e80000)
 Metaspace       used 5797K, capacity 6832K, committed 7040K, reserved 1056768K
  class space    used 594K, capacity 616K, committed 640K, reserved 1048576K
}

Deoptimization events (6 events):
Event: 0.509 Thread 0x00000000161d9800 Uncommon trap: reason=bimorphic action=maybe_recompile pc=0x00000000027dea34 method=java.util.HashMap.getNode(ILjava/lang/Object;)Ljava/util/HashMap$Node; @ 126
Event: 0.807 Thread 0x0000000002440800 Uncommon trap: reason=null_check action=make_not_entrant pc=0x00000000028c359c method=com.android.dx.ssa.SsaRenamer.getLocalForNewReg(I)Lcom/android/dx/rop/code/LocalItem; @ 19
Event: 0.857 Thread 0x00000000161d9800 Uncommon trap: reason=bimorphic action=maybe_recompile pc=0x00000000027dea34 method=java.util.HashMap.getNode(ILjava/lang/Object;)Ljava/util/HashMap$Node; @ 126
Event: 0.951 Thread 0x0000000002440800 Uncommon trap: reason=null_check action=make_not_entrant pc=0x00000000028799f0 method=com.android.dx.ssa.SsaRenamer.getLocalForNewReg(I)Lcom/android/dx/rop/code/LocalItem; @ 19
Event: 0.982 Thread 0x00000000161d5800 Uncommon trap: reason=unreached action=reinterpret pc=0x000000000282e65c method=com.android.dx.rop.cst.Constant.compareTo(Lcom/android/dx/rop/cst/Constant;)I @ 12
Event: 1.077 Thread 0x0000000016b22800 Uncommon trap: reason=bimorphic action=maybe_recompile pc=0x00000000027dea34 method=java.util.HashMap.getNode(ILjava/lang/Object;)Ljava/util/HashMap$Node; @ 126

Internal exceptions (10 events):
Event: 0.304 Thread 0x0000000002440800 Exception <a 'java/security/PrivilegedActionException'> (0x00000000eae8b5c0) thrown at [D:\re\workspace\8-2-build-windows-amd64-cygwin\jdk8u5\2488\hotspot\src\share\vm\prims\jvm.cpp, line 1248]
Event: 0.308 Thread 0x0000000016b22800 Exception <a 'java/security/PrivilegedActionException'> (0x00000000eaca6ef0) thrown at [D:\re\workspace\8-2-build-windows-amd64-cygwin\jdk8u5\2488\hotspot\src\share\vm\prims\jvm.cpp, line 1248]
Event: 0.356 Thread 0x00000000161e2000 Exception <a 'java/security/PrivilegedActionException'> (0x00000000eab7ef80) thrown at [D:\re\workspace\8-2-build-windows-amd64-cygwin\jdk8u5\2488\hotspot\src\share\vm\prims\jvm.cpp, line 1248]
Event: 0.413 Thread 0x00000000161e2000 Exception <a 'java/security/PrivilegedActionException'> (0x00000000eaca60c8) thrown at [D:\re\workspace\8-2-build-windows-amd64-cygwin\jdk8u5\2488\hotspot\src\share\vm\prims\jvm.cpp, line 1248]
Event: 0.438 Thread 0x0000000002440800 Exception <a 'java/security/PrivilegedActionException'> (0x00000000eac04cc0) thrown at [D:\re\workspace\8-2-build-windows-amd64-cygwin\jdk8u5\2488\hotspot\src\share\vm\prims\jvm.cpp, line 1248]
Event: 0.455 Thread 0x0000000016b22800 Exception <a 'java/security/PrivilegedActionException'> (0x00000000eadf9bb0) thrown at [D:\re\workspace\8-2-build-windows-amd64-cygwin\jdk8u5\2488\hotspot\src\share\vm\prims\jvm.cpp, line 1248]
Event: 0.505 Thread 0x0000000002440800 Exception <a 'java/security/PrivilegedActionException'> (0x00000000eb018ee8) thrown at [D:\re\workspace\8-2-build-windows-amd64-cygwin\jdk8u5\2488\hotspot\src\share\vm\prims\jvm.cpp, line 1248]
Event: 0.807 Thread 0x0000000002440800 Implicit null exception at 0x00000000028c1535 to 0x00000000028c3575
Event: 0.938 Thread 0x0000000002440800 Exception <a 'java/security/PrivilegedActionException'> (0x00000000eabf1610) thrown at [D:\re\workspace\8-2-build-windows-amd64-cygwin\jdk8u5\2488\hotspot\src\share\vm\prims\jvm.cpp, line 1248]
Event: 0.951 Thread 0x0000000002440800 Implicit null exception at 0x0000000002877702 to 0x00000000028799dd

Events (10 events):
Event: 0.963 Executing VM operation: ParallelGCFailedAllocation
Event: 0.974 Executing VM operation: ParallelGCFailedAllocation done
Event: 0.982 Thread 0x00000000161d5800 Uncommon trap: trap_request=0xffffffad fr.pc=0x000000000282e65c
Event: 0.982 Thread 0x00000000161d5800 DEOPT PACKING pc=0x000000000282e65c sp=0x000000001756e7a0
Event: 0.982 Thread 0x00000000161d5800 DEOPT UNPACKING pc=0x00000000025855af sp=0x000000001756e740 mode 2
Event: 1.034 Thread 0x00000000161d9800 DEOPT PACKING pc=0x000000000292c87b sp=0x000000001766eb50
Event: 1.035 Thread 0x00000000161d9800 DEOPT UNPACKING pc=0x0000000002587604 sp=0x000000001766e8e8 mode 0
Event: 1.077 Thread 0x0000000016b22800 Uncommon trap: trap_request=0xffffffc6 fr.pc=0x00000000027dea34
Event: 1.077 Thread 0x0000000016b22800 DEOPT PACKING pc=0x00000000027dea34 sp=0x000000001736eae0
Event: 1.077 Thread 0x0000000016b22800 DEOPT UNPACKING pc=0x00000000025855af sp=0x000000001736ea08 mode 2


Dynamic libraries:
0x00007ff7b1cb0000 - 0x00007ff7b1ce4000 	D:\jdk\bin\java.exe
0x00007ffd1f340000 - 0x00007ffd1f4e9000 	C:\Windows\SYSTEM32\ntdll.dll
0x00007ffd1cbd0000 - 0x00007ffd1cd09000 	C:\Windows\system32\KERNEL32.DLL
0x00007ffd1c840000 - 0x00007ffd1c94e000 	C:\Windows\system32\KERNELBASE.dll
0x00007ffd1e970000 - 0x00007ffd1ea15000 	C:\Windows\system32\ADVAPI32.dll
0x00007ffd1e6f0000 - 0x00007ffd1e861000 	C:\Windows\system32\USER32.dll
0x00007ffd1a700000 - 0x00007ffd1a95a000 	C:\Windows\WinSxS\amd64_microsoft.windows.common-controls_6595b64144ccf1df_6.0.9600.16384_none_62475f7becb72503\COMCTL32.dll
0x00007ffd1e450000 - 0x00007ffd1e4f7000 	C:\Windows\system32\msvcrt.dll
0x00007ffd1ea20000 - 0x00007ffd1ea77000 	C:\Windows\SYSTEM32\sechost.dll
0x00007ffd1f200000 - 0x00007ffd1f336000 	C:\Windows\system32\RPCRT4.dll
0x00007ffd1ec90000 - 0x00007ffd1edd5000 	C:\Windows\system32\GDI32.dll
0x00007ffd1cf20000 - 0x00007ffd1cf54000 	C:\Windows\system32\IMM32.DLL
0x00007ffd1cdd0000 - 0x00007ffd1cf09000 	C:\Windows\system32\MSCTF.dll
0x000000006afa0000 - 0x000000006b072000 	D:\jdk\jre\bin\msvcr100.dll
0x000000006b470000 - 0x000000006bc9a000 	D:\jdk\jre\bin\server\jvm.dll
0x00007ffd19ee0000 - 0x00007ffd19ee9000 	C:\Windows\SYSTEM32\WSOCK32.dll
0x00007ffd18480000 - 0x00007ffd1849f000 	C:\Windows\SYSTEM32\WINMM.dll
0x00007ffd1cd10000 - 0x00007ffd1cd17000 	C:\Windows\system32\PSAPI.DLL
0x00007ffd1ea90000 - 0x00007ffd1eae8000 	C:\Windows\system32\WS2_32.dll
0x00007ffd18320000 - 0x00007ffd1834a000 	C:\Windows\SYSTEM32\WINMMBASE.dll
0x00007ffd1cf10000 - 0x00007ffd1cf19000 	C:\Windows\system32\NSI.dll
0x00007ffd1c950000 - 0x00007ffd1c99a000 	C:\Windows\SYSTEM32\cfgmgr32.dll
0x00007ffd1b570000 - 0x00007ffd1b596000 	C:\Windows\SYSTEM32\DEVOBJ.dll
0x000000006bec0000 - 0x000000006becf000 	D:\jdk\jre\bin\verify.dll
0x000000006be90000 - 0x000000006beb8000 	D:\jdk\jre\bin\java.dll
0x000000006be70000 - 0x000000006be86000 	D:\jdk\jre\bin\zip.dll
0x00007ffd1d040000 - 0x00007ffd1e44d000 	C:\Windows\system32\SHELL32.dll
0x00007ffd1f020000 - 0x00007ffd1f1f7000 	C:\Windows\SYSTEM32\combase.dll
0x00007ffd1cf80000 - 0x00007ffd1cfd1000 	C:\Windows\system32\SHLWAPI.dll
0x00007ffd1ad50000 - 0x00007ffd1adf1000 	C:\Windows\SYSTEM32\SHCORE.dll
0x00007ffd1c6c0000 - 0x00007ffd1c6d4000 	C:\Windows\SYSTEM32\profapi.dll
0x00007ffd132f0000 - 0x00007ffd13478000 	C:\Windows\SYSTEM32\dbghelp.dll

VM Arguments:
jvm_args: -Djava.awt.headless=true -Xmx1024M -Dfile.encoding=GBK -Duser.country=CN -Duser.language=zh -Duser.variant 
java_command: com.android.dx.command.Main --dex --force-jumbo --num-threads=4 --output E:\Sports\app\build\intermediates\pre-dexed\debug\com.android.support-appcompat-v7-24.0.0_672518572d15bd26cf15f5d8ba443bc032734724.jar E:\Sports\app\build\intermediates\exploded-aar\com.android.support\appcompat-v7\24.0.0\jars\classes.jar
java_class_path (initial): D:\android\AppData\Local\Android\sdk\build-tools\24.0.0\lib\dx.jar
Launcher Type: SUN_STANDARD

Environment Variables:
JAVA_HOME=D:\jdk
PATH=C:\Windows\system32;C:\Windows;C:\Windows\System32\Wbem;C:\Windows\System32\WindowsPowerShell\v1.0\;D:\jdk\bin;D:\jdk\jre\bin;D:\android\AppData\Local\Android\sdk\tools;D:\android\AppData\Local\Android\sdk\platform-tools;C:\Program Files (x86)\NVIDIA Corporation\PhysX\Common
USERNAME=Administrator
OS=Windows_NT
PROCESSOR_IDENTIFIER=Intel64 Family 6 Model 60 Stepping 3, GenuineIntel



---------------  S Y S T E M  ---------------

OS: Windows 8.1 , 64 bit Build 9600 

CPU:total 4 (4 cores per cpu, 1 threads per core) family 6 model 60 stepping 3, cmov, cx8, fxsr, mmx, sse, sse2, sse3, ssse3, sse4.1, sse4.2, popcnt, avx, avx2, aes, clmul, erms, tsc, tscinvbit

Memory: 4k page, physical 8273724k(2004884k free), swap 8273724k(5088k free)

vm_info: Java HotSpot(TM) 64-Bit Server VM (25.5-b02) for windows-amd64 JRE (1.8.0_05-b13), built on Mar 18 2014 01:08:39 by "java_re" with MS VC++ 10.0 (VS2010)

time: Wed Aug 03 16:20:57 2016
elapsed time: 1 seconds

