#
# There is insufficient memory for the Java Runtime Environment to continue.
# Native memory allocation (malloc) failed to allocate 8388624 bytes for Chunk::new
# Possible reasons:
#   The system is out of physical RAM or swap space
#   In 32 bit mode, the process size limit was hit
# Possible solutions:
#   Reduce memory load on the system
#   Increase physical memory or swap space
#   Check if swap backing store is full
#   Use 64 bit Java on a 64 bit OS
#   Decrease Java heap size (-Xmx/-Xms)
#   Decrease number of Java threads
#   Decrease Java thread stack sizes (-Xss)
#   Set larger code cache with -XX:ReservedCodeCacheSize=
# This output file may be truncated or incomplete.
#
#  Out of Memory Error (allocation.cpp:388), pid=13728, tid=12948
#
# JRE version: Java(TM) SE Runtime Environment (8.0_05-b13) (build 1.8.0_05-b13)
# Java VM: Java HotSpot(TM) 64-Bit Server VM (25.5-b02 mixed mode windows-amd64 compressed oops)
# Failed to write core dump. Minidumps are not enabled by default on client versions of Windows
#

---------------  T H R E A D  ---------------

Current thread (0x0000000014a40800):  JavaThread "C2 CompilerThread0" daemon [_thread_in_native, id=12948, stack(0x00000000163a0000,0x00000000164a0000)]

Stack: [0x00000000163a0000,0x00000000164a0000]
Native frames: (J=compiled Java code, j=interpreted, Vv=VM code, C=native code)
V  [jvm.dll+0x308dea]
V  [jvm.dll+0x25def1]
V  [jvm.dll+0x25eb0f]
V  [jvm.dll+0x2564e5]
V  [jvm.dll+0xbcfc5]
V  [jvm.dll+0xbd45c]
V  [jvm.dll+0x44e048]
V  [jvm.dll+0x44ef20]
V  [jvm.dll+0x44f1da]
V  [jvm.dll+0x4500bf]
V  [jvm.dll+0x452171]
V  [jvm.dll+0x4545a5]
V  [jvm.dll+0x454f2c]
V  [jvm.dll+0x455273]
V  [jvm.dll+0x4420c3]
V  [jvm.dll+0x44366b]
V  [jvm.dll+0x427532]
V  [jvm.dll+0x96702]
V  [jvm.dll+0x96ef3]
V  [jvm.dll+0x2232c4]
V  [jvm.dll+0x27baca]
C  [msvcr100.dll+0x21d9f]
C  [msvcr100.dll+0x21e3b]
C  [KERNEL32.DLL+0x15dd]
C  [ntdll.dll+0x764ad]


Current CompileTask:
C2:   3199 1900   !   4       com.android.dx.cf.code.Ropper::processBlock (1101 bytes)


---------------  P R O C E S S  ---------------

Java Threads: ( => current thread )
  0x000000001606e800 JavaThread "pool-1-thread-4" [_thread_blocked, id=14020, stack(0x00000000174a0000,0x00000000175a0000)]
  0x0000000016076000 JavaThread "pool-1-thread-3" [_thread_in_vm, id=12788, stack(0x00000000173a0000,0x00000000174a0000)]
  0x0000000016075800 JavaThread "pool-1-thread-2" [_thread_in_vm, id=11516, stack(0x00000000172a0000,0x00000000173a0000)]
  0x0000000016027000 JavaThread "pool-2-thread-1" [_thread_blocked, id=13064, stack(0x00000000171a0000,0x00000000172a0000)]
  0x0000000016024800 JavaThread "pool-1-thread-1" [_thread_blocked, id=13520, stack(0x00000000170a0000,0x00000000171a0000)]
  0x0000000015e0b000 JavaThread "Service Thread" daemon [_thread_blocked, id=13492, stack(0x00000000166a0000,0x00000000167a0000)]
  0x0000000015ded000 JavaThread "C1 CompilerThread2" daemon [_thread_blocked, id=10756, stack(0x00000000165a0000,0x00000000166a0000)]
  0x0000000014a8a000 JavaThread "C2 CompilerThread1" daemon [_thread_in_native, id=14276, stack(0x00000000164a0000,0x00000000165a0000)]
=>0x0000000014a40800 JavaThread "C2 CompilerThread0" daemon [_thread_in_native, id=12948, stack(0x00000000163a0000,0x00000000164a0000)]
  0x0000000014a3f800 JavaThread "Attach Listener" daemon [_thread_blocked, id=13972, stack(0x00000000162a0000,0x00000000163a0000)]
  0x0000000015de3800 JavaThread "Signal Dispatcher" daemon [_thread_blocked, id=8812, stack(0x00000000161a0000,0x00000000162a0000)]
  0x0000000002354000 JavaThread "Finalizer" daemon [_thread_blocked, id=13944, stack(0x0000000015ca0000,0x0000000015da0000)]
  0x0000000002349000 JavaThread "Reference Handler" daemon [_thread_blocked, id=13964, stack(0x0000000015ba0000,0x0000000015ca0000)]
  0x0000000002260800 JavaThread "main" [_thread_in_Java, id=13664, stack(0x0000000002160000,0x0000000002260000)]

Other Threads:
  0x00000000149f7000 VMThread [stack: 0x0000000015aa0000,0x0000000015ba0000] [id=13300]
  0x0000000015e18000 WatcherThread [stack: 0x00000000167a0000,0x00000000168a0000] [id=13524]

VM state:synchronizing (normal execution)

VM Mutex/Monitor currently owned by a thread:  ([mutex/lock_event])
[0x000000000061c420] Safepoint_lock - owner thread: 0x00000000149f7000
[0x000000000061c520] Threads_lock - owner thread: 0x00000000149f7000
[0x000000000061be20] Heap_lock - owner thread: 0x0000000016075800

Heap:
 PSYoungGen      total 55296K, used 55296K [0x00000000eab00000, 0x00000000efd00000, 0x0000000100000000)
  eden space 48128K, 100% used [0x00000000eab00000,0x00000000eda00000,0x00000000eda00000)
  from space 7168K, 100% used [0x00000000eda00000,0x00000000ee100000,0x00000000ee100000)
  to   space 8192K, 0% used [0x00000000ef500000,0x00000000ef500000,0x00000000efd00000)
 ParOldGen       total 129536K, used 25382K [0x00000000c0000000, 0x00000000c7e80000, 0x00000000eab00000)
  object space 129536K, 19% used [0x00000000c0000000,0x00000000c18c9b08,0x00000000c7e80000)
 Metaspace       used 5996K, capacity 6960K, committed 7040K, reserved 1056768K
  class space    used 592K, capacity 616K, committed 640K, reserved 1048576K

Card table byte_map: [0x0000000011720000,0x0000000011930000] byte_map_base: 0x0000000011120000

Marking Bits: (ParMarkBitMap*) 0x000000006bc213b0
 Begin Bits: [0x0000000011e90000, 0x0000000012e90000)
 End Bits:   [0x0000000012e90000, 0x0000000013e90000)

Polling page: 0x0000000000600000

CodeCache: size=245760Kb used=7612Kb max_used=7623Kb free=238147Kb
 bounds [0x0000000002360000, 0x0000000002ae0000, 0x0000000011360000]
 total_blobs=2138 nmethods=1871 adapters=180
 compilation: enabled

Compilation events (10 events):
Event: 3.097 Thread 0x0000000014a8a000 nmethod 1903 0x0000000002a8d3d0 code [0x0000000002a8d520, 0x0000000002a8d738]
Event: 3.097 Thread 0x0000000014a8a000 1910       4       com.android.dx.cf.code.BasicBlocker::getBlockList (208 bytes)
Event: 3.120 Thread 0x0000000014a8a000 nmethod 1910 0x0000000002ad25d0 code [0x0000000002ad27e0, 0x0000000002ad3c28]
Event: 3.120 Thread 0x0000000014a8a000 1920       4       com.android.dx.ssa.SsaConverter::needsNewSuccessor (53 bytes)
Event: 3.122 Thread 0x0000000014a8a000 nmethod 1920 0x0000000002aa0390 code [0x0000000002aa04e0, 0x0000000002aa06b8]
Event: 3.122 Thread 0x0000000014a8a000 1915       4       com.android.dx.rop.code.RegisterSpec::intersect (169 bytes)
Event: 3.125 Thread 0x0000000014a8a000 nmethod 1915 0x0000000002a9f6d0 code [0x0000000002a9f840, 0x0000000002a9fd98]
Event: 3.125 Thread 0x0000000014a8a000 1938       4       java.util.TreeMap$PrivateEntryIterator::hasNext (13 bytes)
Event: 3.126 Thread 0x0000000014a8a000 nmethod 1938 0x0000000002a54650 code [0x0000000002a54780, 0x0000000002a547f8]
Event: 3.126 Thread 0x0000000014a8a000 1922       4       com.android.dx.ssa.LocalVariableInfo::mergeStarts (59 bytes)

GC Heap History (10 events):
Event: 1.424 GC heap before
{Heap before GC invocations=13 (full 0):
 PSYoungGen      total 22528K, used 21403K [0x00000000eab00000, 0x00000000ec480000, 0x0000000100000000)
  eden space 18944K, 100% used [0x00000000eab00000,0x00000000ebd80000,0x00000000ebd80000)
  from space 3584K, 68% used [0x00000000ec100000,0x00000000ec366c28,0x00000000ec480000)
  to   space 3584K, 0% used [0x00000000ebd80000,0x00000000ebd80000,0x00000000ec100000)
 ParOldGen       total 129536K, used 7581K [0x00000000c0000000, 0x00000000c7e80000, 0x00000000eab00000)
  object space 129536K, 5% used [0x00000000c0000000,0x00000000c0767688,0x00000000c7e80000)
 Metaspace       used 5912K, capacity 6896K, committed 7040K, reserved 1056768K
  class space    used 591K, capacity 616K, committed 640K, reserved 1048576K
Event: 1.659 GC heap after
Heap after GC invocations=13 (full 0):
 PSYoungGen      total 22528K, used 3311K [0x00000000eab00000, 0x00000000ed100000, 0x0000000100000000)
  eden space 18944K, 0% used [0x00000000eab00000,0x00000000eab00000,0x00000000ebd80000)
  from space 3584K, 92% used [0x00000000ebd80000,0x00000000ec0bbdd0,0x00000000ec100000)
  to   space 4096K, 0% used [0x00000000ecd00000,0x00000000ecd00000,0x00000000ed100000)
 ParOldGen       total 129536K, used 9894K [0x00000000c0000000, 0x00000000c7e80000, 0x00000000eab00000)
  object space 129536K, 7% used [0x00000000c0000000,0x00000000c09a9a98,0x00000000c7e80000)
 Metaspace       used 5912K, capacity 6896K, committed 7040K, reserved 1056768K
  class space    used 591K, capacity 616K, committed 640K, reserved 1048576K
}
Event: 1.753 GC heap before
{Heap before GC invocations=14 (full 0):
 PSYoungGen      total 22528K, used 22255K [0x00000000eab00000, 0x00000000ed100000, 0x0000000100000000)
  eden space 18944K, 100% used [0x00000000eab00000,0x00000000ebd80000,0x00000000ebd80000)
  from space 3584K, 92% used [0x00000000ebd80000,0x00000000ec0bbdd0,0x00000000ec100000)
  to   space 4096K, 0% used [0x00000000ecd00000,0x00000000ecd00000,0x00000000ed100000)
 ParOldGen       total 129536K, used 9894K [0x00000000c0000000, 0x00000000c7e80000, 0x00000000eab00000)
  object space 129536K, 7% used [0x00000000c0000000,0x00000000c09a9a98,0x00000000c7e80000)
 Metaspace       used 5929K, capacity 6896K, committed 7040K, reserved 1056768K
  class space    used 592K, capacity 616K, committed 640K, reserved 1048576K
Event: 1.856 GC heap after
Heap after GC invocations=14 (full 0):
 PSYoungGen      total 34304K, used 3166K [0x00000000eab00000, 0x00000000ed200000, 0x0000000100000000)
  eden space 30208K, 0% used [0x00000000eab00000,0x00000000eab00000,0x00000000ec880000)
  from space 4096K, 77% used [0x00000000ecd00000,0x00000000ed017aa8,0x00000000ed100000)
  to   space 4608K, 0% used [0x00000000ec880000,0x00000000ec880000,0x00000000ecd00000)
 ParOldGen       total 129536K, used 12976K [0x00000000c0000000, 0x00000000c7e80000, 0x00000000eab00000)
  object space 129536K, 10% used [0x00000000c0000000,0x00000000c0cac050,0x00000000c7e80000)
 Metaspace       used 5929K, capacity 6896K, committed 7040K, reserved 1056768K
  class space    used 592K, capacity 616K, committed 640K, reserved 1048576K
}
Event: 2.063 GC heap before
{Heap before GC invocations=15 (full 0):
 PSYoungGen      total 34304K, used 33374K [0x00000000eab00000, 0x00000000ed200000, 0x0000000100000000)
  eden space 30208K, 100% used [0x00000000eab00000,0x00000000ec880000,0x00000000ec880000)
  from space 4096K, 77% used [0x00000000ecd00000,0x00000000ed017aa8,0x00000000ed100000)
  to   space 4608K, 0% used [0x00000000ec880000,0x00000000ec880000,0x00000000ecd00000)
 ParOldGen       total 129536K, used 12976K [0x00000000c0000000, 0x00000000c7e80000, 0x00000000eab00000)
  object space 129536K, 10% used [0x00000000c0000000,0x00000000c0cac050,0x00000000c7e80000)
 Metaspace       used 5950K, capacity 6960K, committed 7040K, reserved 1056768K
  class space    used 592K, capacity 616K, committed 640K, reserved 1048576K
Event: 2.108 GC heap after
Heap after GC invocations=15 (full 0):
 PSYoungGen      total 34816K, used 4588K [0x00000000eab00000, 0x00000000ee780000, 0x0000000100000000)
  eden space 30208K, 0% used [0x00000000eab00000,0x00000000eab00000,0x00000000ec880000)
  from space 4608K, 99% used [0x00000000ec880000,0x00000000eccfb240,0x00000000ecd00000)
  to   space 6656K, 0% used [0x00000000ee100000,0x00000000ee100000,0x00000000ee780000)
 ParOldGen       total 129536K, used 16686K [0x00000000c0000000, 0x00000000c7e80000, 0x00000000eab00000)
  object space 129536K, 12% used [0x00000000c0000000,0x00000000c104bb90,0x00000000c7e80000)
 Metaspace       used 5950K, capacity 6960K, committed 7040K, reserved 1056768K
  class space    used 592K, capacity 616K, committed 640K, reserved 1048576K
}
Event: 2.173 GC heap before
{Heap before GC invocations=16 (full 0):
 PSYoungGen      total 34816K, used 34796K [0x00000000eab00000, 0x00000000ee780000, 0x0000000100000000)
  eden space 30208K, 100% used [0x00000000eab00000,0x00000000ec880000,0x00000000ec880000)
  from space 4608K, 99% used [0x00000000ec880000,0x00000000eccfb240,0x00000000ecd00000)
  to   space 6656K, 0% used [0x00000000ee100000,0x00000000ee100000,0x00000000ee780000)
 ParOldGen       total 129536K, used 16686K [0x00000000c0000000, 0x00000000c7e80000, 0x00000000eab00000)
  object space 129536K, 12% used [0x00000000c0000000,0x00000000c104bb90,0x00000000c7e80000)
 Metaspace       used 5961K, capacity 6960K, committed 7040K, reserved 1056768K
  class space    used 592K, capacity 616K, committed 640K, reserved 1048576K
Event: 2.187 GC heap after
Heap after GC invocations=16 (full 0):
 PSYoungGen      total 54784K, used 4608K [0x00000000eab00000, 0x00000000ee880000, 0x0000000100000000)
  eden space 48128K, 0% used [0x00000000eab00000,0x00000000eab00000,0x00000000eda00000)
  from space 6656K, 69% used [0x00000000ee100000,0x00000000ee580020,0x00000000ee780000)
  to   space 7168K, 0% used [0x00000000eda00000,0x00000000eda00000,0x00000000ee100000)
 ParOldGen       total 129536K, used 21146K [0x00000000c0000000, 0x00000000c7e80000, 0x00000000eab00000)
  object space 129536K, 16% used [0x00000000c0000000,0x00000000c14a6858,0x00000000c7e80000)
 Metaspace       used 5961K, capacity 6960K, committed 7040K, reserved 1056768K
  class space    used 592K, capacity 616K, committed 640K, reserved 1048576K
}
Event: 2.693 GC heap before
{Heap before GC invocations=17 (full 0):
 PSYoungGen      total 54784K, used 52736K [0x00000000eab00000, 0x00000000ee880000, 0x0000000100000000)
  eden space 48128K, 100% used [0x00000000eab00000,0x00000000eda00000,0x00000000eda00000)
  from space 6656K, 69% used [0x00000000ee100000,0x00000000ee580020,0x00000000ee780000)
  to   space 7168K, 0% used [0x00000000eda00000,0x00000000eda00000,0x00000000ee100000)
 ParOldGen       total 129536K, used 21146K [0x00000000c0000000, 0x00000000c7e80000, 0x00000000eab00000)
  object space 129536K, 16% used [0x00000000c0000000,0x00000000c14a6858,0x00000000c7e80000)
 Metaspace       used 5983K, capacity 6960K, committed 7040K, reserved 1056768K
  class space    used 592K, capacity 616K, committed 640K, reserved 1048576K
Event: 2.705 GC heap after
Heap after GC invocations=17 (full 0):
 PSYoungGen      total 55296K, used 7168K [0x00000000eab00000, 0x00000000efd00000, 0x0000000100000000)
  eden space 48128K, 0% used [0x00000000eab00000,0x00000000eab00000,0x00000000eda00000)
  from space 7168K, 100% used [0x00000000eda00000,0x00000000ee100000,0x00000000ee100000)
  to   space 8192K, 0% used [0x00000000ef500000,0x00000000ef500000,0x00000000efd00000)
 ParOldGen       total 129536K, used 25382K [0x00000000c0000000, 0x00000000c7e80000, 0x00000000eab00000)
  object space 129536K, 19% used [0x00000000c0000000,0x00000000c18c9b08,0x00000000c7e80000)
 Metaspace       used 5983K, capacity 6960K, committed 7040K, reserved 1056768K
  class space    used 592K, capacity 616K, committed 640K, reserved 1048576K
}

Deoptimization events (10 events):
Event: 1.709 Thread 0x0000000016076000 Uncommon trap: reason=unreached action=reinterpret pc=0x000000000271ad1c method=com.android.dx.ssa.SsaMethod.updateOneDefinition(Lcom/android/dx/ssa/SsaInsn;Lcom/android/dx/rop/code/RegisterSpec;)V @ 4
Event: 1.751 Thread 0x000000001606e800 Uncommon trap: reason=class_check action=maybe_recompile pc=0x00000000028b01a4 method=com.android.dx.rop.code.RegisterSpec.withSimpleType()Lcom/android/dx/rop/code/RegisterSpec; @ 21
Event: 1.868 Thread 0x000000001606e800 Uncommon trap: reason=class_check action=maybe_recompile pc=0x00000000028b01a4 method=com.android.dx.rop.code.RegisterSpec.withSimpleType()Lcom/android/dx/rop/code/RegisterSpec; @ 21
Event: 1.945 Thread 0x0000000002260800 Uncommon trap: reason=unreached action=reinterpret pc=0x0000000002989d6c method=com.android.dx.ssa.SCCP.simulateBranch(Lcom/android/dx/ssa/SsaInsn;)V @ 132
Event: 2.143 Thread 0x0000000002260800 Uncommon trap: reason=bimorphic action=maybe_recompile pc=0x0000000002926e90 method=com.android.dx.cf.code.BytecodeArray.parseInstruction(ILcom/android/dx/cf/code/BytecodeArray$Visitor;)I @ 2484
Event: 2.143 Thread 0x0000000002260800 Uncommon trap: reason=bimorphic action=maybe_recompile pc=0x0000000002926e90 method=com.android.dx.cf.code.BytecodeArray.parseInstruction(ILcom/android/dx/cf/code/BytecodeArray$Visitor;)I @ 2484
Event: 2.157 Thread 0x0000000016075800 Uncommon trap: reason=unreached action=reinterpret pc=0x00000000029f43cc method=com.android.dx.ssa.LocalVariableExtractor.processBlock(I)V @ 251
Event: 2.374 Thread 0x000000001606e800 Uncommon trap: reason=class_check action=maybe_recompile pc=0x000000000287a2a8 method=com.android.dx.ssa.SCCP.setLatticeValueTo(IILcom/android/dx/rop/cst/Constant;)Z @ 43
Event: 2.375 Thread 0x000000001606e800 Uncommon trap: reason=class_check action=maybe_recompile pc=0x000000000287a2a8 method=com.android.dx.ssa.SCCP.setLatticeValueTo(IILcom/android/dx/rop/cst/Constant;)Z @ 43
Event: 3.035 Thread 0x0000000002260800 Uncommon trap: reason=unreached action=reinterpret pc=0x00000000029240f8 method=com.android.dx.cf.code.BytecodeArray.parseInstruction(ILcom/android/dx/cf/code/BytecodeArray$Visitor;)I @ 1198

Internal exceptions (10 events):
Event: 0.487 Thread 0x0000000016076000 Exception <a 'java/security/PrivilegedActionException'> (0x00000000eab28290) thrown at [D:\re\workspace\8-2-build-windows-amd64-cygwin\jdk8u5\2488\hotspot\src\share\vm\prims\jvm.cpp, line 1248]
Event: 0.541 Thread 0x0000000002260800 Exception <a 'java/security/PrivilegedActionException'> (0x00000000eafa6138) thrown at [D:\re\workspace\8-2-build-windows-amd64-cygwin\jdk8u5\2488\hotspot\src\share\vm\prims\jvm.cpp, line 1248]
Event: 0.693 Thread 0x0000000016024800 Exception <a 'java/security/PrivilegedActionException'> (0x00000000eac3e350) thrown at [D:\re\workspace\8-2-build-windows-amd64-cygwin\jdk8u5\2488\hotspot\src\share\vm\prims\jvm.cpp, line 1248]
Event: 0.830 Thread 0x0000000016075800 Implicit null exception at 0x000000000269d8c4 to 0x000000000269f8ed
Event: 0.871 Thread 0x0000000002260800 Exception <a 'java/security/PrivilegedActionException'> (0x00000000eb4b9708) thrown at [D:\re\workspace\8-2-build-windows-amd64-cygwin\jdk8u5\2488\hotspot\src\share\vm\prims\jvm.cpp, line 1248]
Event: 0.885 Thread 0x0000000016024800 Exception <a 'java/security/PrivilegedActionException'> (0x00000000eb489738) thrown at [D:\re\workspace\8-2-build-windows-amd64-cygwin\jdk8u5\2488\hotspot\src\share\vm\prims\jvm.cpp, line 1248]
Event: 1.684 Thread 0x0000000016075800 Implicit null exception at 0x00000000027e61e2 to 0x00000000027e62d5
Event: 1.708 Thread 0x0000000016076000 Exception <a 'java/security/PrivilegedActionException'> (0x00000000eb06f9c8) thrown at [D:\re\workspace\8-2-build-windows-amd64-cygwin\jdk8u5\2488\hotspot\src\share\vm\prims\jvm.cpp, line 1248]
Event: 1.744 Thread 0x0000000002260800 Exception <a 'java/security/PrivilegedActionException'> (0x00000000eba619d8) thrown at [D:\re\workspace\8-2-build-windows-amd64-cygwin\jdk8u5\2488\hotspot\src\share\vm\prims\jvm.cpp, line 1248]
Event: 2.998 Thread 0x0000000002260800 Exception <a 'java/security/PrivilegedActionException'> (0x00000000eccb4348) thrown at [D:\re\workspace\8-2-build-windows-amd64-cygwin\jdk8u5\2488\hotspot\src\share\vm\prims\jvm.cpp, line 1248]

Events (10 events):
Event: 2.712 Thread 0x0000000016024800 DEOPT UNPACKING pc=0x00000000023a7604 sp=0x000000001719e880 mode 0
Event: 2.998 loading class com/android/dx/rop/code/RegisterSpec$1
Event: 2.998 loading class com/android/dx/rop/code/RegisterSpec$1 done
Event: 3.000 Thread 0x0000000002260800 DEOPT PACKING pc=0x00000000026b30a5 sp=0x000000000225e390
Event: 3.000 Thread 0x0000000002260800 DEOPT UNPACKING pc=0x00000000023a7604 sp=0x000000000225e130 mode 0
Event: 3.018 Thread 0x0000000002260800 DEOPT PACKING pc=0x00000000027dc689 sp=0x000000000225df90
Event: 3.018 Thread 0x0000000002260800 DEOPT UNPACKING pc=0x00000000023a7604 sp=0x000000000225ddd0 mode 0
Event: 3.035 Thread 0x0000000002260800 Uncommon trap: trap_request=0xffffffad fr.pc=0x00000000029240f8
Event: 3.035 Thread 0x0000000002260800 DEOPT PACKING pc=0x00000000029240f8 sp=0x000000000225e2a0
Event: 3.035 Thread 0x0000000002260800 DEOPT UNPACKING pc=0x00000000023a55af sp=0x000000000225e248 mode 2


Dynamic libraries:
0x00007ff7b1cb0000 - 0x00007ff7b1ce4000 	D:\jdk\bin\java.exe
0x00007ffd1f340000 - 0x00007ffd1f4e9000 	C:\Windows\SYSTEM32\ntdll.dll
0x00007ffd1cbd0000 - 0x00007ffd1cd09000 	C:\Windows\system32\KERNEL32.DLL
0x00007ffd1c840000 - 0x00007ffd1c94e000 	C:\Windows\system32\KERNELBASE.dll
0x00007ffd1e970000 - 0x00007ffd1ea15000 	C:\Windows\system32\ADVAPI32.dll
0x00007ffd1e6f0000 - 0x00007ffd1e861000 	C:\Windows\system32\USER32.dll
0x00007ffd1a700000 - 0x00007ffd1a95a000 	C:\Windows\WinSxS\amd64_microsoft.windows.common-controls_6595b64144ccf1df_6.0.9600.16384_none_62475f7becb72503\COMCTL32.dll
0x00007ffd1e450000 - 0x00007ffd1e4f7000 	C:\Windows\system32\msvcrt.dll
0x00007ffd1ea20000 - 0x00007ffd1ea77000 	C:\Windows\SYSTEM32\sechost.dll
0x00007ffd1f200000 - 0x00007ffd1f336000 	C:\Windows\system32\RPCRT4.dll
0x00007ffd1ec90000 - 0x00007ffd1edd5000 	C:\Windows\system32\GDI32.dll
0x00007ffd1cf20000 - 0x00007ffd1cf54000 	C:\Windows\system32\IMM32.DLL
0x00007ffd1cdd0000 - 0x00007ffd1cf09000 	C:\Windows\system32\MSCTF.dll
0x000000006afa0000 - 0x000000006b072000 	D:\jdk\jre\bin\msvcr100.dll
0x000000006b470000 - 0x000000006bc9a000 	D:\jdk\jre\bin\server\jvm.dll
0x00007ffd19ee0000 - 0x00007ffd19ee9000 	C:\Windows\SYSTEM32\WSOCK32.dll
0x00007ffd18480000 - 0x00007ffd1849f000 	C:\Windows\SYSTEM32\WINMM.dll
0x00007ffd1cd10000 - 0x00007ffd1cd17000 	C:\Windows\system32\PSAPI.DLL
0x00007ffd1ea90000 - 0x00007ffd1eae8000 	C:\Windows\system32\WS2_32.dll
0x00007ffd18320000 - 0x00007ffd1834a000 	C:\Windows\SYSTEM32\WINMMBASE.dll
0x00007ffd1cf10000 - 0x00007ffd1cf19000 	C:\Windows\system32\NSI.dll
0x00007ffd1c950000 - 0x00007ffd1c99a000 	C:\Windows\SYSTEM32\cfgmgr32.dll
0x00007ffd1b570000 - 0x00007ffd1b596000 	C:\Windows\SYSTEM32\DEVOBJ.dll
0x000000006bec0000 - 0x000000006becf000 	D:\jdk\jre\bin\verify.dll
0x000000006be90000 - 0x000000006beb8000 	D:\jdk\jre\bin\java.dll
0x000000006be70000 - 0x000000006be86000 	D:\jdk\jre\bin\zip.dll
0x00007ffd1d040000 - 0x00007ffd1e44d000 	C:\Windows\system32\SHELL32.dll
0x00007ffd1f020000 - 0x00007ffd1f1f7000 	C:\Windows\SYSTEM32\combase.dll
0x00007ffd1cf80000 - 0x00007ffd1cfd1000 	C:\Windows\system32\SHLWAPI.dll
0x00007ffd1ad50000 - 0x00007ffd1adf1000 	C:\Windows\SYSTEM32\SHCORE.dll
0x00007ffd1c6c0000 - 0x00007ffd1c6d4000 	C:\Windows\SYSTEM32\profapi.dll
0x00007ffd132f0000 - 0x00007ffd13478000 	C:\Windows\SYSTEM32\dbghelp.dll

VM Arguments:
jvm_args: -Djava.awt.headless=true -Xmx1024M -Dfile.encoding=GBK -Duser.country=CN -Duser.language=zh -Duser.variant 
java_command: com.android.dx.command.Main --dex --num-threads=4 --output E:\Sports\app\build\intermediates\pre-dexed\debug\jackson-databind-2.7.0_f2e793bee2bbe42249aa70405c900d1025754e24.jar E:\Sports\app\libs\jackson-databind-2.7.0.jar
java_class_path (initial): D:\android\AppData\Local\Android\sdk\build-tools\24.0.0\lib\dx.jar
Launcher Type: SUN_STANDARD

Environment Variables:
JAVA_HOME=D:\jdk
PATH=C:\Windows\system32;C:\Windows;C:\Windows\System32\Wbem;C:\Windows\System32\WindowsPowerShell\v1.0\;D:\jdk\bin;D:\jdk\jre\bin;D:\android\AppData\Local\Android\sdk\tools;D:\android\AppData\Local\Android\sdk\platform-tools;C:\Program Files (x86)\NVIDIA Corporation\PhysX\Common
USERNAME=Administrator
OS=Windows_NT
PROCESSOR_IDENTIFIER=Intel64 Family 6 Model 60 Stepping 3, GenuineIntel



---------------  S Y S T E M  ---------------

OS: Windows 8.1 , 64 bit Build 9600 

CPU:total 4 (4 cores per cpu, 1 threads per core) family 6 model 60 stepping 3, cmov, cx8, fxsr, mmx, sse, sse2, sse3, ssse3, sse4.1, sse4.2, popcnt, avx, avx2, aes, clmul, erms, tsc, tscinvbit

Memory: 4k page, physical 8273724k(1816776k free), swap 8273724k(9056k free)

vm_info: Java HotSpot(TM) 64-Bit Server VM (25.5-b02) for windows-amd64 JRE (1.8.0_05-b13), built on Mar 18 2014 01:08:39 by "java_re" with MS VC++ 10.0 (VS2010)

time: Wed Aug 03 16:29:31 2016
elapsed time: 3 seconds

