#
# There is insufficient memory for the Java Runtime Environment to continue.
# Native memory allocation (malloc) failed to allocate 420496 bytes for Chunk::new
# Possible reasons:
#   The system is out of physical RAM or swap space
#   In 32 bit mode, the process size limit was hit
# Possible solutions:
#   Reduce memory load on the system
#   Increase physical memory or swap space
#   Check if swap backing store is full
#   Use 64 bit Java on a 64 bit OS
#   Decrease Java heap size (-Xmx/-Xms)
#   Decrease number of Java threads
#   Decrease Java thread stack sizes (-Xss)
#   Set larger code cache with -XX:ReservedCodeCacheSize=
# This output file may be truncated or incomplete.
#
#  Out of Memory Error (allocation.cpp:388), pid=13772, tid=14008
#
# JRE version: Java(TM) SE Runtime Environment (8.0_05-b13) (build 1.8.0_05-b13)
# Java VM: Java HotSpot(TM) 64-Bit Server VM (25.5-b02 mixed mode windows-amd64 compressed oops)
# Failed to write core dump. Minidumps are not enabled by default on client versions of Windows
#

---------------  T H R E A D  ---------------

Current thread (0x00000000148f0800):  JavaThread "C2 CompilerThread0" daemon [_thread_in_native, id=14008, stack(0x0000000016230000,0x0000000016330000)]

Stack: [0x0000000016230000,0x0000000016330000]
Native frames: (J=compiled Java code, j=interpreted, Vv=VM code, C=native code)
V  [jvm.dll+0x308dea]


Current CompileTask:
C2:    925 1157       4       com.android.dx.dex.code.OutputFinisher::addConstants (93 bytes)


---------------  P R O C E S S  ---------------

Java Threads: ( => current thread )
  0x0000000015c90000 JavaThread "Service Thread" daemon [_thread_blocked, id=14028, stack(0x0000000016530000,0x0000000016630000)]
  0x0000000015c8c000 JavaThread "C1 CompilerThread2" daemon [_thread_blocked, id=14024, stack(0x0000000016430000,0x0000000016530000)]
  0x0000000014939800 JavaThread "C2 CompilerThread1" daemon [_thread_in_native, id=14020, stack(0x0000000016330000,0x0000000016430000)]
=>0x00000000148f0800 JavaThread "C2 CompilerThread0" daemon [_thread_in_native, id=14008, stack(0x0000000016230000,0x0000000016330000)]
  0x00000000148ef000 JavaThread "Attach Listener" daemon [_thread_blocked, id=14004, stack(0x0000000016130000,0x0000000016230000)]
  0x0000000015c73800 JavaThread "Signal Dispatcher" daemon [_thread_blocked, id=14000, stack(0x0000000016030000,0x0000000016130000)]
  0x0000000002204000 JavaThread "Finalizer" daemon [_thread_blocked, id=13972, stack(0x0000000015b30000,0x0000000015c30000)]
  0x00000000021f9000 JavaThread "Reference Handler" daemon [_thread_blocked, id=13964, stack(0x0000000015a30000,0x0000000015b30000)]
  0x0000000002110800 JavaThread "main" [_thread_in_vm, id=13920, stack(0x0000000001c80000,0x0000000001d80000)]

Other Threads:
  0x00000000148a7000 VMThread [stack: 0x0000000015930000,0x0000000015a30000] [id=13960]
  0x0000000015cac800 WatcherThread [stack: 0x0000000016630000,0x0000000016730000] [id=14032]

VM state:not at safepoint (normal execution)

VM Mutex/Monitor currently owned by a thread: None

Heap:
 PSYoungGen      total 10240K, used 7030K [0x00000000eab00000, 0x00000000ebd00000, 0x0000000100000000)
  eden space 7680K, 58% used [0x00000000eab00000,0x00000000eaf61b80,0x00000000eb280000)
  from space 2560K, 99% used [0x00000000eb280000,0x00000000eb4fc028,0x00000000eb500000)
  to   space 3072K, 0% used [0x00000000eba00000,0x00000000eba00000,0x00000000ebd00000)
 ParOldGen       total 129536K, used 2581K [0x00000000c0000000, 0x00000000c7e80000, 0x00000000eab00000)
  object space 129536K, 1% used [0x00000000c0000000,0x00000000c0285770,0x00000000c7e80000)
 Metaspace       used 5739K, capacity 6768K, committed 7040K, reserved 1056768K
  class space    used 594K, capacity 616K, committed 640K, reserved 1048576K

Card table byte_map: [0x00000000115d0000,0x00000000117e0000] byte_map_base: 0x0000000010fd0000

Marking Bits: (ParMarkBitMap*) 0x000000006bc213b0
 Begin Bits: [0x0000000011d40000, 0x0000000012d40000)
 End Bits:   [0x0000000012d40000, 0x0000000013d40000)

Polling page: 0x0000000000460000

CodeCache: size=245760Kb used=4387Kb max_used=4387Kb free=241372Kb
 bounds [0x0000000002210000, 0x0000000002660000, 0x0000000011210000]
 total_blobs=1416 nmethods=1150 adapters=180
 compilation: enabled

Compilation events (10 events):
Event: 0.913 Thread 0x00000000148f0800 nmethod 1153 0x0000000002657610 code [0x00000000026577e0, 0x0000000002658050]
Event: 0.913 Thread 0x0000000015c8c000 1154  s    3       com.android.dx.dex.file.StringIdsSection::intern (53 bytes)
Event: 0.913 Thread 0x0000000015c8c000 nmethod 1154 0x0000000002658d50 code [0x0000000002658f20, 0x0000000002659858]
Event: 0.914 Thread 0x0000000015c8c000 1155       3       com.android.dx.rop.cst.CstMemberRef::hashCode (19 bytes)
Event: 0.914 Thread 0x0000000015c8c000 nmethod 1155 0x000000000265c390 code [0x000000000265c540, 0x000000000265cd48]
Event: 0.914 Thread 0x0000000015c8c000 1156       3       com.android.dx.rop.cst.CstNat::hashCode (19 bytes)
Event: 0.914 Thread 0x0000000015c8c000 nmethod 1156 0x000000000265bb90 code [0x000000000265bd20, 0x000000000265c1b8]
Event: 0.914 Thread 0x00000000148f0800 1157       4       com.android.dx.dex.code.OutputFinisher::addConstants (93 bytes)
Event: 0.919 Thread 0x0000000015c8c000 1158  s    3       com.android.dx.dex.file.TypeIdsSection::intern (60 bytes)
Event: 0.920 Thread 0x0000000015c8c000 nmethod 1158 0x000000000265d0d0 code [0x000000000265d2e0, 0x000000000265df08]

GC Heap History (10 events):
Event: 0.218 GC heap before
{Heap before GC invocations=5 (full 0):
 PSYoungGen      total 2560K, used 2546K [0x00000000eab00000, 0x00000000eae00000, 0x0000000100000000)
  eden space 2048K, 99% used [0x00000000eab00000,0x00000000eacfe8f8,0x00000000ead00000)
  from space 512K, 98% used [0x00000000ead80000,0x00000000eadfe030,0x00000000eae00000)
  to   space 512K, 0% used [0x00000000ead00000,0x00000000ead00000,0x00000000ead80000)
 ParOldGen       total 129536K, used 894K [0x00000000c0000000, 0x00000000c7e80000, 0x00000000eab00000)
  object space 129536K, 0% used [0x00000000c0000000,0x00000000c00df928,0x00000000c7e80000)
 Metaspace       used 4201K, capacity 5392K, committed 5760K, reserved 1056768K
  class space    used 473K, capacity 520K, committed 640K, reserved 1048576K
Event: 0.222 GC heap after
Heap after GC invocations=5 (full 0):
 PSYoungGen      total 2560K, used 504K [0x00000000eab00000, 0x00000000eb200000, 0x0000000100000000)
  eden space 2048K, 0% used [0x00000000eab00000,0x00000000eab00000,0x00000000ead00000)
  from space 512K, 98% used [0x00000000ead00000,0x00000000ead7e010,0x00000000ead80000)
  to   space 1536K, 0% used [0x00000000eb080000,0x00000000eb080000,0x00000000eb200000)
 ParOldGen       total 129536K, used 1611K [0x00000000c0000000, 0x00000000c7e80000, 0x00000000eab00000)
  object space 129536K, 1% used [0x00000000c0000000,0x00000000c0192d20,0x00000000c7e80000)
 Metaspace       used 4201K, capacity 5392K, committed 5760K, reserved 1056768K
  class space    used 473K, capacity 520K, committed 640K, reserved 1048576K
}
Event: 0.267 GC heap before
{Heap before GC invocations=6 (full 0):
 PSYoungGen      total 2560K, used 2552K [0x00000000eab00000, 0x00000000eb200000, 0x0000000100000000)
  eden space 2048K, 100% used [0x00000000eab00000,0x00000000ead00000,0x00000000ead00000)
  from space 512K, 98% used [0x00000000ead00000,0x00000000ead7e010,0x00000000ead80000)
  to   space 1536K, 0% used [0x00000000eb080000,0x00000000eb080000,0x00000000eb200000)
 ParOldGen       total 129536K, used 1611K [0x00000000c0000000, 0x00000000c7e80000, 0x00000000eab00000)
  object space 129536K, 1% used [0x00000000c0000000,0x00000000c0192d20,0x00000000c7e80000)
 Metaspace       used 4863K, capacity 6032K, committed 6272K, reserved 1056768K
  class space    used 541K, capacity 584K, committed 640K, reserved 1048576K
Event: 0.269 GC heap after
Heap after GC invocations=6 (full 0):
 PSYoungGen      total 5632K, used 1195K [0x00000000eab00000, 0x00000000eb200000, 0x0000000100000000)
  eden space 4096K, 0% used [0x00000000eab00000,0x00000000eab00000,0x00000000eaf00000)
  from space 1536K, 77% used [0x00000000eb080000,0x00000000eb1aacf8,0x00000000eb200000)
  to   space 1536K, 0% used [0x00000000eaf00000,0x00000000eaf00000,0x00000000eb080000)
 ParOldGen       total 129536K, used 1611K [0x00000000c0000000, 0x00000000c7e80000, 0x00000000eab00000)
  object space 129536K, 1% used [0x00000000c0000000,0x00000000c0192d20,0x00000000c7e80000)
 Metaspace       used 4863K, capacity 6032K, committed 6272K, reserved 1056768K
  class space    used 541K, capacity 584K, committed 640K, reserved 1048576K
}
Event: 0.339 GC heap before
{Heap before GC invocations=7 (full 0):
 PSYoungGen      total 5632K, used 5291K [0x00000000eab00000, 0x00000000eb200000, 0x0000000100000000)
  eden space 4096K, 100% used [0x00000000eab00000,0x00000000eaf00000,0x00000000eaf00000)
  from space 1536K, 77% used [0x00000000eb080000,0x00000000eb1aacf8,0x00000000eb200000)
  to   space 1536K, 0% used [0x00000000eaf00000,0x00000000eaf00000,0x00000000eb080000)
 ParOldGen       total 129536K, used 1611K [0x00000000c0000000, 0x00000000c7e80000, 0x00000000eab00000)
  object space 129536K, 1% used [0x00000000c0000000,0x00000000c0192d20,0x00000000c7e80000)
 Metaspace       used 5434K, capacity 6512K, committed 6784K, reserved 1056768K
  class space    used 584K, capacity 616K, committed 640K, reserved 1048576K
Event: 0.342 GC heap after
Heap after GC invocations=7 (full 0):
 PSYoungGen      total 5632K, used 1504K [0x00000000eab00000, 0x00000000eb700000, 0x0000000100000000)
  eden space 4096K, 0% used [0x00000000eab00000,0x00000000eab00000,0x00000000eaf00000)
  from space 1536K, 97% used [0x00000000eaf00000,0x00000000eb078018,0x00000000eb080000)
  to   space 2048K, 0% used [0x00000000eb500000,0x00000000eb500000,0x00000000eb700000)
 ParOldGen       total 129536K, used 2006K [0x00000000c0000000, 0x00000000c7e80000, 0x00000000eab00000)
  object space 129536K, 1% used [0x00000000c0000000,0x00000000c01f5a40,0x00000000c7e80000)
 Metaspace       used 5434K, capacity 6512K, committed 6784K, reserved 1056768K
  class space    used 584K, capacity 616K, committed 640K, reserved 1048576K
}
Event: 0.529 GC heap before
{Heap before GC invocations=8 (full 0):
 PSYoungGen      total 5632K, used 5600K [0x00000000eab00000, 0x00000000eb700000, 0x0000000100000000)
  eden space 4096K, 100% used [0x00000000eab00000,0x00000000eaf00000,0x00000000eaf00000)
  from space 1536K, 97% used [0x00000000eaf00000,0x00000000eb078018,0x00000000eb080000)
  to   space 2048K, 0% used [0x00000000eb500000,0x00000000eb500000,0x00000000eb700000)
 ParOldGen       total 129536K, used 2006K [0x00000000c0000000, 0x00000000c7e80000, 0x00000000eab00000)
  object space 129536K, 1% used [0x00000000c0000000,0x00000000c01f5a40,0x00000000c7e80000)
 Metaspace       used 5569K, capacity 6640K, committed 6784K, reserved 1056768K
  class space    used 585K, capacity 616K, committed 640K, reserved 1048576K
Event: 0.566 GC heap after
Heap after GC invocations=8 (full 0):
 PSYoungGen      total 9728K, used 2032K [0x00000000eab00000, 0x00000000eb800000, 0x0000000100000000)
  eden space 7680K, 0% used [0x00000000eab00000,0x00000000eab00000,0x00000000eb280000)
  from space 2048K, 99% used [0x00000000eb500000,0x00000000eb6fc028,0x00000000eb700000)
  to   space 2560K, 0% used [0x00000000eb280000,0x00000000eb280000,0x00000000eb500000)
 ParOldGen       total 129536K, used 2142K [0x00000000c0000000, 0x00000000c7e80000, 0x00000000eab00000)
  object space 129536K, 1% used [0x00000000c0000000,0x00000000c0217a40,0x00000000c7e80000)
 Metaspace       used 5569K, capacity 6640K, committed 6784K, reserved 1056768K
  class space    used 585K, capacity 616K, committed 640K, reserved 1048576K
}
Event: 0.602 GC heap before
{Heap before GC invocations=9 (full 0):
 PSYoungGen      total 9728K, used 9712K [0x00000000eab00000, 0x00000000eb800000, 0x0000000100000000)
  eden space 7680K, 100% used [0x00000000eab00000,0x00000000eb280000,0x00000000eb280000)
  from space 2048K, 99% used [0x00000000eb500000,0x00000000eb6fc028,0x00000000eb700000)
  to   space 2560K, 0% used [0x00000000eb280000,0x00000000eb280000,0x00000000eb500000)
 ParOldGen       total 129536K, used 2142K [0x00000000c0000000, 0x00000000c7e80000, 0x00000000eab00000)
  object space 129536K, 1% used [0x00000000c0000000,0x00000000c0217a40,0x00000000c7e80000)
 Metaspace       used 5623K, capacity 6704K, committed 6784K, reserved 1056768K
  class space    used 587K, capacity 616K, committed 640K, reserved 1048576K
Event: 0.608 GC heap after
Heap after GC invocations=9 (full 0):
 PSYoungGen      total 10240K, used 2544K [0x00000000eab00000, 0x00000000ebd00000, 0x0000000100000000)
  eden space 7680K, 0% used [0x00000000eab00000,0x00000000eab00000,0x00000000eb280000)
  from space 2560K, 99% used [0x00000000eb280000,0x00000000eb4fc028,0x00000000eb500000)
  to   space 3072K, 0% used [0x00000000eba00000,0x00000000eba00000,0x00000000ebd00000)
 ParOldGen       total 129536K, used 2581K [0x00000000c0000000, 0x00000000c7e80000, 0x00000000eab00000)
  object space 129536K, 1% used [0x00000000c0000000,0x00000000c0285770,0x00000000c7e80000)
 Metaspace       used 5623K, capacity 6704K, committed 6784K, reserved 1056768K
  class space    used 587K, capacity 616K, committed 640K, reserved 1048576K
}

Deoptimization events (10 events):
Event: 0.590 Thread 0x0000000015db4000 Uncommon trap: reason=class_check action=maybe_recompile pc=0x00000000024bd140 method=com.android.dx.ssa.NormalSsaInsn.accept(Lcom/android/dx/ssa/SsaInsn$Visitor;)V @ 9
Event: 0.590 Thread 0x0000000015db4000 Uncommon trap: reason=class_check action=maybe_recompile pc=0x00000000024bd140 method=com.android.dx.ssa.NormalSsaInsn.accept(Lcom/android/dx/ssa/SsaInsn$Visitor;)V @ 9
Event: 0.590 Thread 0x0000000015db4000 Uncommon trap: reason=class_check action=maybe_recompile pc=0x00000000024bd140 method=com.android.dx.ssa.NormalSsaInsn.accept(Lcom/android/dx/ssa/SsaInsn$Visitor;)V @ 9
Event: 0.591 Thread 0x0000000015dbf800 Uncommon trap: reason=class_check action=maybe_recompile pc=0x0000000002458090 method=com.android.dx.rop.type.Type.equals(Ljava/lang/Object;)Z @ 8
Event: 0.591 Thread 0x0000000015dbf800 Uncommon trap: reason=class_check action=maybe_recompile pc=0x0000000002458090 method=com.android.dx.rop.type.Type.equals(Ljava/lang/Object;)Z @ 8
Event: 0.700 Thread 0x0000000015dbf800 Uncommon trap: reason=null_check action=make_not_entrant pc=0x00000000025a9718 method=com.android.dx.ssa.SsaRenamer.getLocalForNewReg(I)Lcom/android/dx/rop/code/LocalItem; @ 19
Event: 0.906 Thread 0x0000000002110800 Uncommon trap: reason=class_check action=maybe_recompile pc=0x000000000265ab08 method=java.util.HashMap.putVal(ILjava/lang/Object;Ljava/lang/Object;ZZ)Ljava/lang/Object; @ 203
Event: 0.906 Thread 0x0000000002110800 Uncommon trap: reason=class_check action=maybe_recompile pc=0x000000000265ab08 method=java.util.HashMap.putVal(ILjava/lang/Object;Ljava/lang/Object;ZZ)Ljava/lang/Object; @ 203
Event: 0.906 Thread 0x0000000002110800 Uncommon trap: reason=class_check action=maybe_recompile pc=0x000000000265ab08 method=java.util.HashMap.putVal(ILjava/lang/Object;Ljava/lang/Object;ZZ)Ljava/lang/Object; @ 203
Event: 0.906 Thread 0x0000000002110800 Uncommon trap: reason=class_check action=maybe_recompile pc=0x000000000265ab08 method=java.util.HashMap.putVal(ILjava/lang/Object;Ljava/lang/Object;ZZ)Ljava/lang/Object; @ 203

Internal exceptions (10 events):
Event: 0.311 Thread 0x0000000015db7800 Exception <a 'java/security/PrivilegedActionException'> (0x00000000ead9c1e8) thrown at [D:\re\workspace\8-2-build-windows-amd64-cygwin\jdk8u5\2488\hotspot\src\share\vm\prims\jvm.cpp, line 1248]
Event: 0.336 Thread 0x0000000015db8000 Exception <a 'java/security/PrivilegedActionException'> (0x00000000eaee7060) thrown at [D:\re\workspace\8-2-build-windows-amd64-cygwin\jdk8u5\2488\hotspot\src\share\vm\prims\jvm.cpp, line 1248]
Event: 0.336 Thread 0x0000000015db8000 Exception <a 'java/security/PrivilegedActionException'> (0x00000000eaeecca0) thrown at [D:\re\workspace\8-2-build-windows-amd64-cygwin\jdk8u5\2488\hotspot\src\share\vm\prims\jvm.cpp, line 1248]
Event: 0.574 Thread 0x0000000015db8000 Exception <a 'java/security/PrivilegedActionException'> (0x00000000eac16150) thrown at [D:\re\workspace\8-2-build-windows-amd64-cygwin\jdk8u5\2488\hotspot\src\share\vm\prims\jvm.cpp, line 1248]
Event: 0.634 Thread 0x0000000002110800 Exception <a 'java/security/PrivilegedActionException'> (0x00000000eae3e0b8) thrown at [D:\re\workspace\8-2-build-windows-amd64-cygwin\jdk8u5\2488\hotspot\src\share\vm\prims\jvm.cpp, line 1248]
Event: 0.635 Thread 0x0000000002110800 Exception <a 'java/security/PrivilegedActionException'> (0x00000000eae40e88) thrown at [D:\re\workspace\8-2-build-windows-amd64-cygwin\jdk8u5\2488\hotspot\src\share\vm\prims\jvm.cpp, line 1248]
Event: 0.635 Thread 0x0000000002110800 Exception <a 'java/security/PrivilegedActionException'> (0x00000000eae48818) thrown at [D:\re\workspace\8-2-build-windows-amd64-cygwin\jdk8u5\2488\hotspot\src\share\vm\prims\jvm.cpp, line 1248]
Event: 0.635 Thread 0x0000000002110800 Exception <a 'java/security/PrivilegedActionException'> (0x00000000eae4d8b8) thrown at [D:\re\workspace\8-2-build-windows-amd64-cygwin\jdk8u5\2488\hotspot\src\share\vm\prims\jvm.cpp, line 1248]
Event: 0.700 Thread 0x0000000015dbf800 Implicit null exception at 0x00000000025a81cc to 0x00000000025a96dd
Event: 0.872 Thread 0x0000000002110800 Exception <a 'java/security/PrivilegedActionException'> (0x00000000eaf42968) thrown at [D:\re\workspace\8-2-build-windows-amd64-cygwin\jdk8u5\2488\hotspot\src\share\vm\prims\jvm.cpp, line 1248]

Events (10 events):
Event: 0.906 Thread 0x0000000002110800 DEOPT UNPACKING pc=0x00000000022555af sp=0x0000000001d7ef58 mode 2
Event: 0.906 Thread 0x0000000002110800 Uncommon trap: trap_request=0xffffffde fr.pc=0x000000000265ab08
Event: 0.906 Thread 0x0000000002110800 DEOPT PACKING pc=0x000000000265ab08 sp=0x0000000001d7efe0
Event: 0.906 Thread 0x0000000002110800 DEOPT UNPACKING pc=0x00000000022555af sp=0x0000000001d7ef58 mode 2
Event: 0.906 Thread 0x0000000002110800 Uncommon trap: trap_request=0xffffffde fr.pc=0x000000000265ab08
Event: 0.906 Thread 0x0000000002110800 DEOPT PACKING pc=0x000000000265ab08 sp=0x0000000001d7efe0
Event: 0.906 Thread 0x0000000002110800 DEOPT UNPACKING pc=0x00000000022555af sp=0x0000000001d7ef58 mode 2
Event: 0.906 Thread 0x0000000002110800 Uncommon trap: trap_request=0xffffffde fr.pc=0x000000000265ab08
Event: 0.906 Thread 0x0000000002110800 DEOPT PACKING pc=0x000000000265ab08 sp=0x0000000001d7efe0
Event: 0.906 Thread 0x0000000002110800 DEOPT UNPACKING pc=0x00000000022555af sp=0x0000000001d7ef58 mode 2


Dynamic libraries:
0x00007ff7b1cb0000 - 0x00007ff7b1ce4000 	D:\jdk\bin\java.exe
0x00007ffd1f340000 - 0x00007ffd1f4e9000 	C:\Windows\SYSTEM32\ntdll.dll
0x00007ffd1cbd0000 - 0x00007ffd1cd09000 	C:\Windows\system32\KERNEL32.DLL
0x00007ffd1c840000 - 0x00007ffd1c94e000 	C:\Windows\system32\KERNELBASE.dll
0x00007ffd1e970000 - 0x00007ffd1ea15000 	C:\Windows\system32\ADVAPI32.dll
0x00007ffd1e6f0000 - 0x00007ffd1e861000 	C:\Windows\system32\USER32.dll
0x00007ffd1a700000 - 0x00007ffd1a95a000 	C:\Windows\WinSxS\amd64_microsoft.windows.common-controls_6595b64144ccf1df_6.0.9600.16384_none_62475f7becb72503\COMCTL32.dll
0x00007ffd1e450000 - 0x00007ffd1e4f7000 	C:\Windows\system32\msvcrt.dll
0x00007ffd1ea20000 - 0x00007ffd1ea77000 	C:\Windows\SYSTEM32\sechost.dll
0x00007ffd1f200000 - 0x00007ffd1f336000 	C:\Windows\system32\RPCRT4.dll
0x00007ffd1ec90000 - 0x00007ffd1edd5000 	C:\Windows\system32\GDI32.dll
0x00007ffd1cf20000 - 0x00007ffd1cf54000 	C:\Windows\system32\IMM32.DLL
0x00007ffd1cdd0000 - 0x00007ffd1cf09000 	C:\Windows\system32\MSCTF.dll
0x000000006afa0000 - 0x000000006b072000 	D:\jdk\jre\bin\msvcr100.dll
0x000000006b470000 - 0x000000006bc9a000 	D:\jdk\jre\bin\server\jvm.dll
0x00007ffd19ee0000 - 0x00007ffd19ee9000 	C:\Windows\SYSTEM32\WSOCK32.dll
0x00007ffd18480000 - 0x00007ffd1849f000 	C:\Windows\SYSTEM32\WINMM.dll
0x00007ffd1cd10000 - 0x00007ffd1cd17000 	C:\Windows\system32\PSAPI.DLL
0x00007ffd1ea90000 - 0x00007ffd1eae8000 	C:\Windows\system32\WS2_32.dll
0x00007ffd18320000 - 0x00007ffd1834a000 	C:\Windows\SYSTEM32\WINMMBASE.dll
0x00007ffd1cf10000 - 0x00007ffd1cf19000 	C:\Windows\system32\NSI.dll
0x00007ffd1c950000 - 0x00007ffd1c99a000 	C:\Windows\SYSTEM32\cfgmgr32.dll
0x00007ffd1b570000 - 0x00007ffd1b596000 	C:\Windows\SYSTEM32\DEVOBJ.dll
0x000000006bec0000 - 0x000000006becf000 	D:\jdk\jre\bin\verify.dll
0x000000006be90000 - 0x000000006beb8000 	D:\jdk\jre\bin\java.dll
0x000000006be70000 - 0x000000006be86000 	D:\jdk\jre\bin\zip.dll
0x00007ffd1d040000 - 0x00007ffd1e44d000 	C:\Windows\system32\SHELL32.dll
0x00007ffd1f020000 - 0x00007ffd1f1f7000 	C:\Windows\SYSTEM32\combase.dll
0x00007ffd1cf80000 - 0x00007ffd1cfd1000 	C:\Windows\system32\SHLWAPI.dll
0x00007ffd1ad50000 - 0x00007ffd1adf1000 	C:\Windows\SYSTEM32\SHCORE.dll
0x00007ffd1c6c0000 - 0x00007ffd1c6d4000 	C:\Windows\SYSTEM32\profapi.dll
0x00007ffd132f0000 - 0x00007ffd13478000 	C:\Windows\SYSTEM32\dbghelp.dll

VM Arguments:
jvm_args: -Djava.awt.headless=true -Xmx1024M -Dfile.encoding=GBK -Duser.country=CN -Duser.language=zh -Duser.variant 
java_command: com.android.dx.command.Main --dex --force-jumbo --num-threads=4 --output E:\Sports\app\build\intermediates\pre-dexed\debug\jp.wasabeef-glide-transformations-2.0.1_46dee2f4d8620b7380f1bd8dc416b8449c244faa.jar E:\Sports\app\build\intermediates\exploded-aar\jp.wasabeef\glide-transformations\2.0.1\jars\classes.jar
java_class_path (initial): D:\android\AppData\Local\Android\sdk\build-tools\24.0.0\lib\dx.jar
Launcher Type: SUN_STANDARD

Environment Variables:
JAVA_HOME=D:\jdk
PATH=C:\Windows\system32;C:\Windows;C:\Windows\System32\Wbem;C:\Windows\System32\WindowsPowerShell\v1.0\;D:\jdk\bin;D:\jdk\jre\bin;D:\android\AppData\Local\Android\sdk\tools;D:\android\AppData\Local\Android\sdk\platform-tools;C:\Program Files (x86)\NVIDIA Corporation\PhysX\Common
USERNAME=Administrator
OS=Windows_NT
PROCESSOR_IDENTIFIER=Intel64 Family 6 Model 60 Stepping 3, GenuineIntel



---------------  S Y S T E M  ---------------

OS: Windows 8.1 , 64 bit Build 9600 

CPU:total 4 (4 cores per cpu, 1 threads per core) family 6 model 60 stepping 3, cmov, cx8, fxsr, mmx, sse, sse2, sse3, ssse3, sse4.1, sse4.2, popcnt, avx, avx2, aes, clmul, erms, tsc, tscinvbit

Memory: 4k page, physical 8273724k(1982500k free), swap 8273724k(5132k free)

vm_info: Java HotSpot(TM) 64-Bit Server VM (25.5-b02) for windows-amd64 JRE (1.8.0_05-b13), built on Mar 18 2014 01:08:39 by "java_re" with MS VC++ 10.0 (VS2010)

time: Wed Aug 03 16:19:07 2016
elapsed time: 0 seconds

