#
# There is insufficient memory for the Java Runtime Environment to continue.
# Native memory allocation (malloc) failed to allocate 1094160 bytes for Chunk::new
# Possible reasons:
#   The system is out of physical RAM or swap space
#   In 32 bit mode, the process size limit was hit
# Possible solutions:
#   Reduce memory load on the system
#   Increase physical memory or swap space
#   Check if swap backing store is full
#   Use 64 bit Java on a 64 bit OS
#   Decrease Java heap size (-Xmx/-Xms)
#   Decrease number of Java threads
#   Decrease Java thread stack sizes (-Xss)
#   Set larger code cache with -XX:ReservedCodeCacheSize=
# This output file may be truncated or incomplete.
#
#  Out of Memory Error (allocation.cpp:388), pid=12996, tid=10024
#
# JRE version: Java(TM) SE Runtime Environment (8.0_05-b13) (build 1.8.0_05-b13)
# Java VM: Java HotSpot(TM) 64-Bit Server VM (25.5-b02 mixed mode windows-amd64 compressed oops)
# Failed to write core dump. Minidumps are not enabled by default on client versions of Windows
#

---------------  T H R E A D  ---------------

Current thread (0x0000000015420800):  JavaThread "C2 CompilerThread0" daemon [_thread_in_native, id=10024, stack(0x0000000016d60000,0x0000000016e60000)]

Stack: [0x0000000016d60000,0x0000000016e60000]
Native frames: (J=compiled Java code, j=interpreted, Vv=VM code, C=native code)
V  [jvm.dll+0x308dea]


Current CompileTask:
C2:   1494 1059   !   4       com.android.dx.cf.code.BytecodeArray::parseInstruction (2764 bytes)


---------------  P R O C E S S  ---------------

Java Threads: ( => current thread )
  0x00000000168d2000 JavaThread "pool-2-thread-1" [_thread_blocked, id=12492, stack(0x0000000017360000,0x0000000017460000)]
  0x00000000167bb000 JavaThread "Service Thread" daemon [_thread_blocked, id=12520, stack(0x0000000017060000,0x0000000017160000)]
  0x000000001546c800 JavaThread "C1 CompilerThread2" daemon [_thread_in_native, id=11892, stack(0x0000000016f60000,0x0000000017060000)]
  0x000000001542b800 JavaThread "C2 CompilerThread1" daemon [_thread_in_vm, id=10440, stack(0x0000000016e60000,0x0000000016f60000)]
=>0x0000000015420800 JavaThread "C2 CompilerThread0" daemon [_thread_in_native, id=10024, stack(0x0000000016d60000,0x0000000016e60000)]
  0x000000001541f000 JavaThread "Attach Listener" daemon [_thread_blocked, id=11896, stack(0x0000000016c60000,0x0000000016d60000)]
  0x00000000167a3800 JavaThread "Signal Dispatcher" daemon [_thread_blocked, id=12688, stack(0x0000000016b60000,0x0000000016c60000)]
  0x0000000002d2e000 JavaThread "Finalizer" daemon [_thread_blocked, id=11424, stack(0x0000000016660000,0x0000000016760000)]
  0x0000000002d29000 JavaThread "Reference Handler" daemon [_thread_blocked, id=12408, stack(0x0000000016560000,0x0000000016660000)]
  0x0000000002c40800 JavaThread "main" [_thread_blocked, id=12628, stack(0x0000000002b40000,0x0000000002c40000)]

Other Threads:
  0x00000000153d7000 VMThread [stack: 0x0000000016460000,0x0000000016560000] [id=10428]
  0x00000000167bf000 WatcherThread [stack: 0x0000000017160000,0x0000000017260000] [id=12456]

VM state:not at safepoint (normal execution)

VM Mutex/Monitor currently owned by a thread: None

Heap:
 PSYoungGen      total 10240K, used 6887K [0x00000000eab00000, 0x00000000eb800000, 0x0000000100000000)
  eden space 7680K, 56% used [0x00000000eab00000,0x00000000eaf3df90,0x00000000eb280000)
  from space 2560K, 99% used [0x00000000eb280000,0x00000000eb4fc028,0x00000000eb500000)
  to   space 2048K, 0% used [0x00000000eb500000,0x00000000eb500000,0x00000000eb700000)
 ParOldGen       total 129536K, used 2470K [0x00000000c0000000, 0x00000000c7e80000, 0x00000000eab00000)
  object space 129536K, 1% used [0x00000000c0000000,0x00000000c0269b20,0x00000000c7e80000)
 Metaspace       used 5657K, capacity 6704K, committed 6784K, reserved 1056768K
  class space    used 590K, capacity 616K, committed 640K, reserved 1048576K

Card table byte_map: [0x0000000012100000,0x0000000012310000] byte_map_base: 0x0000000011b00000

Marking Bits: (ParMarkBitMap*) 0x000000006bc213b0
 Begin Bits: [0x0000000012870000, 0x0000000013870000)
 End Bits:   [0x0000000013870000, 0x0000000014870000)

Polling page: 0x0000000000f60000

CodeCache: size=245760Kb used=4177Kb max_used=4180Kb free=241583Kb
 bounds [0x0000000002d40000, 0x0000000003160000, 0x0000000011d40000]
 total_blobs=1353 nmethods=1086 adapters=180
 compilation: enabled

Compilation events (10 events):
Event: 1.470 Thread 0x000000001546c800 nmethod 1074 0x0000000003145b50 code [0x0000000003145cc0, 0x0000000003145ed0]
Event: 1.471 Thread 0x000000001542b800 nmethod 999 0x0000000003145fd0 code [0x0000000003146500, 0x00000000031492c8]
Event: 1.471 Thread 0x000000001542b800 1068       4       com.android.dx.rop.cst.Constant::compareTo (9 bytes)
Event: 1.472 Thread 0x000000001542b800 nmethod 1068 0x0000000003135ed0 code [0x0000000003136040, 0x00000000031362b8]
Event: 1.472 Thread 0x000000001542b800 1071       4       com.android.dx.util.LabeledList::set (45 bytes)
Event: 1.478 Thread 0x000000001542b800 nmethod 1071 0x000000000314d790 code [0x000000000314d920, 0x000000000314df88]
Event: 1.479 Thread 0x000000001542b800 1085 %     4       com.android.dx.ssa.SsaMethod::deleteInsns @ 42 (239 bytes)
Event: 1.489 Thread 0x000000001542b800 nmethod 1085% 0x000000000313f5d0 code [0x000000000313f800, 0x0000000003140490]
Event: 1.489 Thread 0x000000001542b800 1097       4       com.android.dx.cf.code.Ropper::labelToResultIndex (47 bytes)
Event: 1.490 Thread 0x000000001546c800 1081       3       com.android.dx.ssa.SCCP::simulateStmt (481 bytes)

GC Heap History (10 events):
Event: 0.403 GC heap before
{Heap before GC invocations=5 (full 0):
 PSYoungGen      total 2560K, used 2555K [0x00000000eab00000, 0x00000000eae00000, 0x0000000100000000)
  eden space 2048K, 100% used [0x00000000eab00000,0x00000000ead00000,0x00000000ead00000)
  from space 512K, 99% used [0x00000000ead80000,0x00000000eadfee50,0x00000000eae00000)
  to   space 512K, 0% used [0x00000000ead00000,0x00000000ead00000,0x00000000ead80000)
 ParOldGen       total 129536K, used 856K [0x00000000c0000000, 0x00000000c7e80000, 0x00000000eab00000)
  object space 129536K, 0% used [0x00000000c0000000,0x00000000c00d6248,0x00000000c7e80000)
 Metaspace       used 4199K, capacity 5456K, committed 5760K, reserved 1056768K
  class space    used 473K, capacity 520K, committed 640K, reserved 1048576K
Event: 0.455 GC heap after
Heap after GC invocations=5 (full 0):
 PSYoungGen      total 2560K, used 504K [0x00000000eab00000, 0x00000000eb200000, 0x0000000100000000)
  eden space 2048K, 0% used [0x00000000eab00000,0x00000000eab00000,0x00000000ead00000)
  from space 512K, 98% used [0x00000000ead00000,0x00000000ead7e030,0x00000000ead80000)
  to   space 1536K, 0% used [0x00000000eb080000,0x00000000eb080000,0x00000000eb200000)
 ParOldGen       total 129536K, used 1584K [0x00000000c0000000, 0x00000000c7e80000, 0x00000000eab00000)
  object space 129536K, 1% used [0x00000000c0000000,0x00000000c018c350,0x00000000c7e80000)
 Metaspace       used 4199K, capacity 5456K, committed 5760K, reserved 1056768K
  class space    used 473K, capacity 520K, committed 640K, reserved 1048576K
}
Event: 0.500 GC heap before
{Heap before GC invocations=6 (full 0):
 PSYoungGen      total 2560K, used 2552K [0x00000000eab00000, 0x00000000eb200000, 0x0000000100000000)
  eden space 2048K, 100% used [0x00000000eab00000,0x00000000ead00000,0x00000000ead00000)
  from space 512K, 98% used [0x00000000ead00000,0x00000000ead7e030,0x00000000ead80000)
  to   space 1536K, 0% used [0x00000000eb080000,0x00000000eb080000,0x00000000eb200000)
 ParOldGen       total 129536K, used 1584K [0x00000000c0000000, 0x00000000c7e80000, 0x00000000eab00000)
  object space 129536K, 1% used [0x00000000c0000000,0x00000000c018c350,0x00000000c7e80000)
 Metaspace       used 4832K, capacity 5968K, committed 6272K, reserved 1056768K
  class space    used 540K, capacity 584K, committed 640K, reserved 1048576K
Event: 0.504 GC heap after
Heap after GC invocations=6 (full 0):
 PSYoungGen      total 5632K, used 1208K [0x00000000eab00000, 0x00000000eb200000, 0x0000000100000000)
  eden space 4096K, 0% used [0x00000000eab00000,0x00000000eab00000,0x00000000eaf00000)
  from space 1536K, 78% used [0x00000000eb080000,0x00000000eb1ae340,0x00000000eb200000)
  to   space 1536K, 0% used [0x00000000eaf00000,0x00000000eaf00000,0x00000000eb080000)
 ParOldGen       total 129536K, used 1584K [0x00000000c0000000, 0x00000000c7e80000, 0x00000000eab00000)
  object space 129536K, 1% used [0x00000000c0000000,0x00000000c018c350,0x00000000c7e80000)
 Metaspace       used 4832K, capacity 5968K, committed 6272K, reserved 1056768K
  class space    used 540K, capacity 584K, committed 640K, reserved 1048576K
}
Event: 0.710 GC heap before
{Heap before GC invocations=7 (full 0):
 PSYoungGen      total 5632K, used 5304K [0x00000000eab00000, 0x00000000eb200000, 0x0000000100000000)
  eden space 4096K, 100% used [0x00000000eab00000,0x00000000eaf00000,0x00000000eaf00000)
  from space 1536K, 78% used [0x00000000eb080000,0x00000000eb1ae340,0x00000000eb200000)
  to   space 1536K, 0% used [0x00000000eaf00000,0x00000000eaf00000,0x00000000eb080000)
 ParOldGen       total 129536K, used 1584K [0x00000000c0000000, 0x00000000c7e80000, 0x00000000eab00000)
  object space 129536K, 1% used [0x00000000c0000000,0x00000000c018c350,0x00000000c7e80000)
 Metaspace       used 5406K, capacity 6512K, committed 6784K, reserved 1056768K
  class space    used 584K, capacity 616K, committed 640K, reserved 1048576K
Event: 0.911 GC heap after
Heap after GC invocations=7 (full 0):
 PSYoungGen      total 5632K, used 1504K [0x00000000eab00000, 0x00000000eb700000, 0x0000000100000000)
  eden space 4096K, 0% used [0x00000000eab00000,0x00000000eab00000,0x00000000eaf00000)
  from space 1536K, 97% used [0x00000000eaf00000,0x00000000eb078018,0x00000000eb080000)
  to   space 2048K, 0% used [0x00000000eb500000,0x00000000eb500000,0x00000000eb700000)
 ParOldGen       total 129536K, used 1925K [0x00000000c0000000, 0x00000000c7e80000, 0x00000000eab00000)
  object space 129536K, 1% used [0x00000000c0000000,0x00000000c01e1618,0x00000000c7e80000)
 Metaspace       used 5406K, capacity 6512K, committed 6784K, reserved 1056768K
  class space    used 584K, capacity 616K, committed 640K, reserved 1048576K
}
Event: 0.960 GC heap before
{Heap before GC invocations=8 (full 0):
 PSYoungGen      total 5632K, used 5600K [0x00000000eab00000, 0x00000000eb700000, 0x0000000100000000)
  eden space 4096K, 100% used [0x00000000eab00000,0x00000000eaf00000,0x00000000eaf00000)
  from space 1536K, 97% used [0x00000000eaf00000,0x00000000eb078018,0x00000000eb080000)
  to   space 2048K, 0% used [0x00000000eb500000,0x00000000eb500000,0x00000000eb700000)
 ParOldGen       total 129536K, used 1925K [0x00000000c0000000, 0x00000000c7e80000, 0x00000000eab00000)
  object space 129536K, 1% used [0x00000000c0000000,0x00000000c01e1618,0x00000000c7e80000)
 Metaspace       used 5495K, capacity 6576K, committed 6784K, reserved 1056768K
  class space    used 585K, capacity 616K, committed 640K, reserved 1048576K
Event: 1.022 GC heap after
Heap after GC invocations=8 (full 0):
 PSYoungGen      total 9728K, used 1872K [0x00000000eab00000, 0x00000000eb800000, 0x0000000100000000)
  eden space 7680K, 0% used [0x00000000eab00000,0x00000000eab00000,0x00000000eb280000)
  from space 2048K, 91% used [0x00000000eb500000,0x00000000eb6d4028,0x00000000eb700000)
  to   space 2560K, 0% used [0x00000000eb280000,0x00000000eb280000,0x00000000eb500000)
 ParOldGen       total 129536K, used 2029K [0x00000000c0000000, 0x00000000c7e80000, 0x00000000eab00000)
  object space 129536K, 1% used [0x00000000c0000000,0x00000000c01fb638,0x00000000c7e80000)
 Metaspace       used 5495K, capacity 6576K, committed 6784K, reserved 1056768K
  class space    used 585K, capacity 616K, committed 640K, reserved 1048576K
}
Event: 1.355 GC heap before
{Heap before GC invocations=9 (full 0):
 PSYoungGen      total 9728K, used 9552K [0x00000000eab00000, 0x00000000eb800000, 0x0000000100000000)
  eden space 7680K, 100% used [0x00000000eab00000,0x00000000eb280000,0x00000000eb280000)
  from space 2048K, 91% used [0x00000000eb500000,0x00000000eb6d4028,0x00000000eb700000)
  to   space 2560K, 0% used [0x00000000eb280000,0x00000000eb280000,0x00000000eb500000)
 ParOldGen       total 129536K, used 2029K [0x00000000c0000000, 0x00000000c7e80000, 0x00000000eab00000)
  object space 129536K, 1% used [0x00000000c0000000,0x00000000c01fb638,0x00000000c7e80000)
 Metaspace       used 5651K, capacity 6704K, committed 6784K, reserved 1056768K
  class space    used 590K, capacity 616K, committed 640K, reserved 1048576K
Event: 1.467 GC heap after
Heap after GC invocations=9 (full 0):
 PSYoungGen      total 10240K, used 2544K [0x00000000eab00000, 0x00000000eb800000, 0x0000000100000000)
  eden space 7680K, 0% used [0x00000000eab00000,0x00000000eab00000,0x00000000eb280000)
  from space 2560K, 99% used [0x00000000eb280000,0x00000000eb4fc028,0x00000000eb500000)
  to   space 2048K, 0% used [0x00000000eb500000,0x00000000eb500000,0x00000000eb700000)
 ParOldGen       total 129536K, used 2470K [0x00000000c0000000, 0x00000000c7e80000, 0x00000000eab00000)
  object space 129536K, 1% used [0x00000000c0000000,0x00000000c0269b20,0x00000000c7e80000)
 Metaspace       used 5651K, capacity 6704K, committed 6784K, reserved 1056768K
  class space    used 590K, capacity 616K, committed 640K, reserved 1048576K
}

Deoptimization events (6 events):
Event: 1.051 Thread 0x00000000169ab000 Uncommon trap: reason=class_check action=maybe_recompile pc=0x0000000002fe99c8 method=com.android.dx.ssa.NormalSsaInsn.accept(Lcom/android/dx/ssa/SsaInsn$Visitor;)V @ 9
Event: 1.051 Thread 0x00000000169ab000 Uncommon trap: reason=class_check action=maybe_recompile pc=0x0000000002f505f0 method=com.android.dx.ssa.NormalSsaInsn.accept(Lcom/android/dx/ssa/SsaInsn$Visitor;)V @ 9
Event: 1.051 Thread 0x00000000169ab000 Uncommon trap: reason=class_check action=maybe_recompile pc=0x0000000002f505f0 method=com.android.dx.ssa.NormalSsaInsn.accept(Lcom/android/dx/ssa/SsaInsn$Visitor;)V @ 9
Event: 1.052 Thread 0x00000000169ab000 Uncommon trap: reason=class_check action=maybe_recompile pc=0x0000000002fe99c8 method=com.android.dx.ssa.NormalSsaInsn.accept(Lcom/android/dx/ssa/SsaInsn$Visitor;)V @ 9
Event: 1.052 Thread 0x00000000169ab000 Uncommon trap: reason=class_check action=maybe_recompile pc=0x0000000002f505f0 method=com.android.dx.ssa.NormalSsaInsn.accept(Lcom/android/dx/ssa/SsaInsn$Visitor;)V @ 9
Event: 1.472 Thread 0x00000000169bf800 Uncommon trap: reason=unreached action=reinterpret pc=0x0000000003148a48 method=com.android.dx.ssa.SCCP.simulateStmt(Lcom/android/dx/ssa/SsaInsn;)V @ 418

Internal exceptions (10 events):
Event: 0.536 Thread 0x0000000002c40800 Exception <a 'java/security/PrivilegedActionException'> (0x00000000eace0078) thrown at [D:\re\workspace\8-2-build-windows-amd64-cygwin\jdk8u5\2488\hotspot\src\share\vm\prims\jvm.cpp, line 1248]
Event: 0.542 Thread 0x00000000169bf800 Exception <a 'java/security/PrivilegedActionException'> (0x00000000ead440f8) thrown at [D:\re\workspace\8-2-build-windows-amd64-cygwin\jdk8u5\2488\hotspot\src\share\vm\prims\jvm.cpp, line 1248]
Event: 0.545 Thread 0x00000000168cf000 Exception <a 'java/security/PrivilegedActionException'> (0x00000000ead7a800) thrown at [D:\re\workspace\8-2-build-windows-amd64-cygwin\jdk8u5\2488\hotspot\src\share\vm\prims\jvm.cpp, line 1248]
Event: 0.557 Thread 0x00000000169bf800 Exception <a 'java/security/PrivilegedActionException'> (0x00000000ead70bb8) thrown at [D:\re\workspace\8-2-build-windows-amd64-cygwin\jdk8u5\2488\hotspot\src\share\vm\prims\jvm.cpp, line 1248]
Event: 0.916 Thread 0x00000000169c2000 Exception <a 'java/security/PrivilegedActionException'> (0x00000000eab3f878) thrown at [D:\re\workspace\8-2-build-windows-amd64-cygwin\jdk8u5\2488\hotspot\src\share\vm\prims\jvm.cpp, line 1248]
Event: 1.025 Thread 0x00000000169c2000 Exception <a 'java/security/PrivilegedActionException'> (0x00000000eab1ee28) thrown at [D:\re\workspace\8-2-build-windows-amd64-cygwin\jdk8u5\2488\hotspot\src\share\vm\prims\jvm.cpp, line 1248]
Event: 1.044 Thread 0x0000000002c40800 Exception <a 'java/security/PrivilegedActionException'> (0x00000000eada8d10) thrown at [D:\re\workspace\8-2-build-windows-amd64-cygwin\jdk8u5\2488\hotspot\src\share\vm\prims\jvm.cpp, line 1248]
Event: 1.045 Thread 0x0000000002c40800 Exception <a 'java/security/PrivilegedActionException'> (0x00000000eadb42a0) thrown at [D:\re\workspace\8-2-build-windows-amd64-cygwin\jdk8u5\2488\hotspot\src\share\vm\prims\jvm.cpp, line 1248]
Event: 1.046 Thread 0x0000000002c40800 Exception <a 'java/security/PrivilegedActionException'> (0x00000000eadbe570) thrown at [D:\re\workspace\8-2-build-windows-amd64-cygwin\jdk8u5\2488\hotspot\src\share\vm\prims\jvm.cpp, line 1248]
Event: 1.046 Thread 0x0000000002c40800 Exception <a 'java/security/PrivilegedActionException'> (0x00000000eadda378) thrown at [D:\re\workspace\8-2-build-windows-amd64-cygwin\jdk8u5\2488\hotspot\src\share\vm\prims\jvm.cpp, line 1248]

Events (10 events):
Event: 1.052 Thread 0x00000000169ab000 DEOPT UNPACKING pc=0x0000000002d855af sp=0x000000001755e600 mode 2
Event: 1.095 Thread 0x00000000168cf000 Thread exited: 0x00000000168cf000
Event: 1.225 Executing VM operation: ParallelGCFailedAllocation
Event: 1.467 Executing VM operation: ParallelGCFailedAllocation done
Event: 1.472 Thread 0x00000000169bf800 Uncommon trap: trap_request=0xffffffad fr.pc=0x0000000003148a48
Event: 1.472 Thread 0x00000000169bf800 DEOPT PACKING pc=0x0000000003148a48 sp=0x000000001765ec80
Event: 1.472 Thread 0x00000000169bf800 DEOPT UNPACKING pc=0x0000000002d855af sp=0x000000001765ec60 mode 2
Event: 1.483 Thread 0x00000000169c2000 Thread exited: 0x00000000169c2000
Event: 1.489 Thread 0x00000000169bf800 Thread exited: 0x00000000169bf800
Event: 1.491 Thread 0x00000000169ab000 Thread exited: 0x00000000169ab000


Dynamic libraries:
0x00007ff7b1cb0000 - 0x00007ff7b1ce4000 	D:\jdk\bin\java.exe
0x00007ffd1f340000 - 0x00007ffd1f4e9000 	C:\Windows\SYSTEM32\ntdll.dll
0x00007ffd1cbd0000 - 0x00007ffd1cd09000 	C:\Windows\system32\KERNEL32.DLL
0x00007ffd1c840000 - 0x00007ffd1c94e000 	C:\Windows\system32\KERNELBASE.dll
0x00007ffd1e970000 - 0x00007ffd1ea15000 	C:\Windows\system32\ADVAPI32.dll
0x00007ffd1e6f0000 - 0x00007ffd1e861000 	C:\Windows\system32\USER32.dll
0x00007ffd1a700000 - 0x00007ffd1a95a000 	C:\Windows\WinSxS\amd64_microsoft.windows.common-controls_6595b64144ccf1df_6.0.9600.16384_none_62475f7becb72503\COMCTL32.dll
0x00007ffd1e450000 - 0x00007ffd1e4f7000 	C:\Windows\system32\msvcrt.dll
0x00007ffd1ea20000 - 0x00007ffd1ea77000 	C:\Windows\SYSTEM32\sechost.dll
0x00007ffd1f200000 - 0x00007ffd1f336000 	C:\Windows\system32\RPCRT4.dll
0x00007ffd1ec90000 - 0x00007ffd1edd5000 	C:\Windows\system32\GDI32.dll
0x00007ffd1cf20000 - 0x00007ffd1cf54000 	C:\Windows\system32\IMM32.DLL
0x00007ffd1cdd0000 - 0x00007ffd1cf09000 	C:\Windows\system32\MSCTF.dll
0x000000006afa0000 - 0x000000006b072000 	D:\jdk\jre\bin\msvcr100.dll
0x000000006b470000 - 0x000000006bc9a000 	D:\jdk\jre\bin\server\jvm.dll
0x00007ffd19ee0000 - 0x00007ffd19ee9000 	C:\Windows\SYSTEM32\WSOCK32.dll
0x00007ffd18480000 - 0x00007ffd1849f000 	C:\Windows\SYSTEM32\WINMM.dll
0x00007ffd1cd10000 - 0x00007ffd1cd17000 	C:\Windows\system32\PSAPI.DLL
0x00007ffd1ea90000 - 0x00007ffd1eae8000 	C:\Windows\system32\WS2_32.dll
0x00007ffd18320000 - 0x00007ffd1834a000 	C:\Windows\SYSTEM32\WINMMBASE.dll
0x00007ffd1cf10000 - 0x00007ffd1cf19000 	C:\Windows\system32\NSI.dll
0x00007ffd1c950000 - 0x00007ffd1c99a000 	C:\Windows\SYSTEM32\cfgmgr32.dll
0x00007ffd1b570000 - 0x00007ffd1b596000 	C:\Windows\SYSTEM32\DEVOBJ.dll
0x000000006bec0000 - 0x000000006becf000 	D:\jdk\jre\bin\verify.dll
0x000000006be90000 - 0x000000006beb8000 	D:\jdk\jre\bin\java.dll
0x000000006be70000 - 0x000000006be86000 	D:\jdk\jre\bin\zip.dll
0x00007ffd1d040000 - 0x00007ffd1e44d000 	C:\Windows\system32\SHELL32.dll
0x00007ffd1f020000 - 0x00007ffd1f1f7000 	C:\Windows\SYSTEM32\combase.dll
0x00007ffd1cf80000 - 0x00007ffd1cfd1000 	C:\Windows\system32\SHLWAPI.dll
0x00007ffd1ad50000 - 0x00007ffd1adf1000 	C:\Windows\SYSTEM32\SHCORE.dll
0x00007ffd1c6c0000 - 0x00007ffd1c6d4000 	C:\Windows\SYSTEM32\profapi.dll
0x00007ffd132f0000 - 0x00007ffd13478000 	C:\Windows\SYSTEM32\dbghelp.dll

VM Arguments:
jvm_args: -Djava.awt.headless=true -Xmx1024M -Dfile.encoding=GBK -Duser.country=CN -Duser.language=zh -Duser.variant 
java_command: com.android.dx.command.Main --dex --force-jumbo --num-threads=4 --output E:\Sports\app\build\intermediates\pre-dexed\debug\jp.wasabeef-glide-transformations-2.0.1_46dee2f4d8620b7380f1bd8dc416b8449c244faa.jar E:\Sports\app\build\intermediates\exploded-aar\jp.wasabeef\glide-transformations\2.0.1\jars\classes.jar
java_class_path (initial): D:\android\AppData\Local\Android\sdk\build-tools\24.0.0\lib\dx.jar
Launcher Type: SUN_STANDARD

Environment Variables:
JAVA_HOME=D:\jdk
PATH=C:\Windows\system32;C:\Windows;C:\Windows\System32\Wbem;C:\Windows\System32\WindowsPowerShell\v1.0\;D:\jdk\bin;D:\jdk\jre\bin;D:\android\AppData\Local\Android\sdk\tools;D:\android\AppData\Local\Android\sdk\platform-tools;C:\Program Files (x86)\NVIDIA Corporation\PhysX\Common
USERNAME=Administrator
OS=Windows_NT
PROCESSOR_IDENTIFIER=Intel64 Family 6 Model 60 Stepping 3, GenuineIntel



---------------  S Y S T E M  ---------------

OS: Windows 8.1 , 64 bit Build 9600 

CPU:total 4 (4 cores per cpu, 1 threads per core) family 6 model 60 stepping 3, cmov, cx8, fxsr, mmx, sse, sse2, sse3, ssse3, sse4.1, sse4.2, popcnt, avx, avx2, aes, clmul, erms, tsc, tscinvbit

Memory: 4k page, physical 8273724k(1996924k free), swap 8273724k(5120k free)

vm_info: Java HotSpot(TM) 64-Bit Server VM (25.5-b02) for windows-amd64 JRE (1.8.0_05-b13), built on Mar 18 2014 01:08:39 by "java_re" with MS VC++ 10.0 (VS2010)

time: Wed Aug 03 16:16:23 2016
elapsed time: 1 seconds

