#
# There is insufficient memory for the Java Runtime Environment to continue.
# Native memory allocation (malloc) failed to allocate 439776 bytes for Chunk::new
# Possible reasons:
#   The system is out of physical RAM or swap space
#   In 32 bit mode, the process size limit was hit
# Possible solutions:
#   Reduce memory load on the system
#   Increase physical memory or swap space
#   Check if swap backing store is full
#   Use 64 bit Java on a 64 bit OS
#   Decrease Java heap size (-Xmx/-Xms)
#   Decrease number of Java threads
#   Decrease Java thread stack sizes (-Xss)
#   Set larger code cache with -XX:ReservedCodeCacheSize=
# This output file may be truncated or incomplete.
#
#  Out of Memory Error (allocation.cpp:388), pid=13460, tid=8656
#
# JRE version: Java(TM) SE Runtime Environment (8.0_05-b13) (build 1.8.0_05-b13)
# Java VM: Java HotSpot(TM) 64-Bit Server VM (25.5-b02 mixed mode windows-amd64 compressed oops)
# Failed to write core dump. Minidumps are not enabled by default on client versions of Windows
#

---------------  T H R E A D  ---------------

Current thread (0x0000000014a31000):  JavaThread "C2 CompilerThread0" daemon [_thread_in_native, id=8656, stack(0x0000000016380000,0x0000000016480000)]

Stack: [0x0000000016380000,0x0000000016480000]
Native frames: (J=compiled Java code, j=interpreted, Vv=VM code, C=native code)
V  [jvm.dll+0x308dea]


Current CompileTask:
C2:    790  867       4       com.android.dx.ssa.SsaBasicBlock::forEachInsn (37 bytes)


---------------  P R O C E S S  ---------------

Java Threads: ( => current thread )
  0x0000000015fe1800 JavaThread "pool-1-thread-4" [_thread_blocked, id=13196, stack(0x0000000016c80000,0x0000000016d80000)]
  0x0000000015fdf000 JavaThread "pool-1-thread-3" [_thread_blocked, id=13260, stack(0x0000000016b80000,0x0000000016c80000)]
  0x0000000015fdd800 JavaThread "pool-1-thread-2" [_thread_blocked, id=13404, stack(0x0000000016a80000,0x0000000016b80000)]
  0x0000000015f30000 JavaThread "pool-2-thread-1" [_thread_blocked, id=1940, stack(0x0000000016980000,0x0000000016a80000)]
  0x0000000015f2d000 JavaThread "pool-1-thread-1" [_thread_blocked, id=13692, stack(0x0000000016880000,0x0000000016980000)]
  0x0000000015df4800 JavaThread "Service Thread" daemon [_thread_blocked, id=13624, stack(0x0000000016680000,0x0000000016780000)]
  0x0000000014a5b800 JavaThread "C1 CompilerThread2" daemon [_thread_blocked, id=14180, stack(0x0000000016580000,0x0000000016680000)]
  0x0000000014a3c000 JavaThread "C2 CompilerThread1" daemon [_thread_in_native, id=13640, stack(0x0000000016480000,0x0000000016580000)]
=>0x0000000014a31000 JavaThread "C2 CompilerThread0" daemon [_thread_in_native, id=8656, stack(0x0000000016380000,0x0000000016480000)]
  0x0000000014a2f800 JavaThread "Attach Listener" daemon [_thread_blocked, id=12720, stack(0x0000000016280000,0x0000000016380000)]
  0x0000000015dc3800 JavaThread "Signal Dispatcher" daemon [_thread_blocked, id=14008, stack(0x0000000016180000,0x0000000016280000)]
  0x000000000233e000 JavaThread "Finalizer" daemon [_thread_blocked, id=14020, stack(0x0000000015c80000,0x0000000015d80000)]
  0x0000000002339000 JavaThread "Reference Handler" daemon [_thread_blocked, id=4620, stack(0x0000000015b80000,0x0000000015c80000)]
  0x0000000002250800 JavaThread "main" [_thread_blocked, id=13996, stack(0x0000000002130000,0x0000000002230000)]

Other Threads:
  0x00000000149e7000 VMThread [stack: 0x0000000015a80000,0x0000000015b80000] [id=12484]
  0x0000000015df7800 WatcherThread [stack: 0x0000000016780000,0x0000000016880000] [id=13612]

VM state:not at safepoint (normal execution)

VM Mutex/Monitor currently owned by a thread: None

Heap:
 PSYoungGen      total 10240K, used 4129K [0x00000000eab00000, 0x00000000eb700000, 0x0000000100000000)
  eden space 8192K, 28% used [0x00000000eab00000,0x00000000ead50488,0x00000000eb300000)
  from space 2048K, 85% used [0x00000000eb500000,0x00000000eb6b8018,0x00000000eb700000)
  to   space 2048K, 0% used [0x00000000eb300000,0x00000000eb300000,0x00000000eb500000)
 ParOldGen       total 129536K, used 1941K [0x00000000c0000000, 0x00000000c7e80000, 0x00000000eab00000)
  object space 129536K, 1% used [0x00000000c0000000,0x00000000c01e56a8,0x00000000c7e80000)
 Metaspace       used 5608K, capacity 6640K, committed 6784K, reserved 1056768K
  class space    used 588K, capacity 616K, committed 640K, reserved 1048576K

Card table byte_map: [0x0000000011710000,0x0000000011920000] byte_map_base: 0x0000000011110000

Marking Bits: (ParMarkBitMap*) 0x000000006bc213b0
 Begin Bits: [0x0000000011e80000, 0x0000000012e80000)
 End Bits:   [0x0000000012e80000, 0x0000000013e80000)

Polling page: 0x00000000006c0000

CodeCache: size=245760Kb used=3187Kb max_used=3187Kb free=242572Kb
 bounds [0x0000000002350000, 0x0000000002670000, 0x0000000011350000]
 total_blobs=1135 nmethods=868 adapters=180
 compilation: enabled

Compilation events (10 events):
Event: 0.785 Thread 0x0000000014a5b800 nmethod 807 0x0000000002661050 code [0x00000000026611a0, 0x0000000002661310]
Event: 0.785 Thread 0x0000000014a5b800  847       3       com.android.dx.rop.code.LocalVariableInfo::mergeStarts (75 bytes)
Event: 0.786 Thread 0x0000000014a5b800 nmethod 847 0x0000000002661390 code [0x0000000002661580, 0x0000000002661eb8]
Event: 0.786 Thread 0x0000000014a5b800  795   !   3       com.android.dx.rop.code.LocalVariableInfo::setStarts (40 bytes)
Event: 0.786 Thread 0x0000000014a5b800 nmethod 795 0x00000000026622d0 code [0x0000000002662480, 0x0000000002662aa8]
Event: 0.786 Thread 0x0000000014a5b800  854       3       com.android.dx.ssa.SsaBasicBlock::getPhiInsns (13 bytes)
Event: 0.786 Thread 0x0000000014a5b800 nmethod 854 0x0000000002662d90 code [0x0000000002662f20, 0x0000000002663208]
Event: 0.786 Thread 0x0000000014a5b800  842       3       com.android.dx.rop.code.Rops::ropFor (771 bytes)
Event: 0.788 Thread 0x0000000014a5b800 nmethod 842 0x0000000002663390 code [0x0000000002663c00, 0x00000000026682d8]
Event: 0.788 Thread 0x0000000014a5b800  809       3       com.android.dx.cf.code.ExecutionStack::peek (42 bytes)

GC Heap History (10 events):
Event: 0.268 GC heap before
{Heap before GC invocations=4 (full 0):
 PSYoungGen      total 1536K, used 1528K [0x00000000eab00000, 0x00000000eae00000, 0x0000000100000000)
  eden space 1024K, 100% used [0x00000000eab00000,0x00000000eac00000,0x00000000eac00000)
  from space 512K, 98% used [0x00000000eac00000,0x00000000eac7e010,0x00000000eac80000)
  to   space 512K, 0% used [0x00000000ead80000,0x00000000ead80000,0x00000000eae00000)
 ParOldGen       total 129536K, used 535K [0x00000000c0000000, 0x00000000c7e80000, 0x00000000eab00000)
  object space 129536K, 0% used [0x00000000c0000000,0x00000000c0085d90,0x00000000c7e80000)
 Metaspace       used 3685K, capacity 4944K, committed 5120K, reserved 1056768K
  class space    used 413K, capacity 456K, committed 512K, reserved 1048576K
Event: 0.270 GC heap after
Heap after GC invocations=4 (full 0):
 PSYoungGen      total 2560K, used 507K [0x00000000eab00000, 0x00000000eae00000, 0x0000000100000000)
  eden space 2048K, 0% used [0x00000000eab00000,0x00000000eab00000,0x00000000ead00000)
  from space 512K, 99% used [0x00000000ead80000,0x00000000eadfee50,0x00000000eae00000)
  to   space 512K, 0% used [0x00000000ead00000,0x00000000ead00000,0x00000000ead80000)
 ParOldGen       total 129536K, used 796K [0x00000000c0000000, 0x00000000c7e80000, 0x00000000eab00000)
  object space 129536K, 0% used [0x00000000c0000000,0x00000000c00c72d0,0x00000000c7e80000)
 Metaspace       used 3685K, capacity 4944K, committed 5120K, reserved 1056768K
  class space    used 413K, capacity 456K, committed 512K, reserved 1048576K
}
Event: 0.331 GC heap before
{Heap before GC invocations=5 (full 0):
 PSYoungGen      total 2560K, used 2554K [0x00000000eab00000, 0x00000000eae00000, 0x0000000100000000)
  eden space 2048K, 99% used [0x00000000eab00000,0x00000000eacffb08,0x00000000ead00000)
  from space 512K, 99% used [0x00000000ead80000,0x00000000eadfee50,0x00000000eae00000)
  to   space 512K, 0% used [0x00000000ead00000,0x00000000ead00000,0x00000000ead80000)
 ParOldGen       total 129536K, used 796K [0x00000000c0000000, 0x00000000c7e80000, 0x00000000eab00000)
  object space 129536K, 0% used [0x00000000c0000000,0x00000000c00c72d0,0x00000000c7e80000)
 Metaspace       used 4176K, capacity 5392K, committed 5760K, reserved 1056768K
  class space    used 467K, capacity 520K, committed 640K, reserved 1048576K
Event: 0.348 GC heap after
Heap after GC invocations=5 (full 0):
 PSYoungGen      total 2560K, used 504K [0x00000000eab00000, 0x00000000eb200000, 0x0000000100000000)
  eden space 2048K, 0% used [0x00000000eab00000,0x00000000eab00000,0x00000000ead00000)
  from space 512K, 98% used [0x00000000ead00000,0x00000000ead7e010,0x00000000ead80000)
  to   space 1536K, 0% used [0x00000000eb080000,0x00000000eb080000,0x00000000eb200000)
 ParOldGen       total 129536K, used 1505K [0x00000000c0000000, 0x00000000c7e80000, 0x00000000eab00000)
  object space 129536K, 1% used [0x00000000c0000000,0x00000000c0178438,0x00000000c7e80000)
 Metaspace       used 4176K, capacity 5392K, committed 5760K, reserved 1056768K
  class space    used 467K, capacity 520K, committed 640K, reserved 1048576K
}
Event: 0.391 GC heap before
{Heap before GC invocations=6 (full 0):
 PSYoungGen      total 2560K, used 2549K [0x00000000eab00000, 0x00000000eb200000, 0x0000000100000000)
  eden space 2048K, 99% used [0x00000000eab00000,0x00000000eacff6d8,0x00000000ead00000)
  from space 512K, 98% used [0x00000000ead00000,0x00000000ead7e010,0x00000000ead80000)
  to   space 1536K, 0% used [0x00000000eb080000,0x00000000eb080000,0x00000000eb200000)
 ParOldGen       total 129536K, used 1505K [0x00000000c0000000, 0x00000000c7e80000, 0x00000000eab00000)
  object space 129536K, 1% used [0x00000000c0000000,0x00000000c0178438,0x00000000c7e80000)
 Metaspace       used 4825K, capacity 5936K, committed 6272K, reserved 1056768K
  class space    used 535K, capacity 552K, committed 640K, reserved 1048576K
Event: 0.399 GC heap after
Heap after GC invocations=6 (full 0):
 PSYoungGen      total 5632K, used 1128K [0x00000000eab00000, 0x00000000eb200000, 0x0000000100000000)
  eden space 4096K, 0% used [0x00000000eab00000,0x00000000eab00000,0x00000000eaf00000)
  from space 1536K, 73% used [0x00000000eb080000,0x00000000eb19a310,0x00000000eb200000)
  to   space 1536K, 0% used [0x00000000eaf00000,0x00000000eaf00000,0x00000000eb080000)
 ParOldGen       total 129536K, used 1505K [0x00000000c0000000, 0x00000000c7e80000, 0x00000000eab00000)
  object space 129536K, 1% used [0x00000000c0000000,0x00000000c0178438,0x00000000c7e80000)
 Metaspace       used 4825K, capacity 5936K, committed 6272K, reserved 1056768K
  class space    used 535K, capacity 552K, committed 640K, reserved 1048576K
}
Event: 0.559 GC heap before
{Heap before GC invocations=7 (full 0):
 PSYoungGen      total 5632K, used 5224K [0x00000000eab00000, 0x00000000eb200000, 0x0000000100000000)
  eden space 4096K, 100% used [0x00000000eab00000,0x00000000eaf00000,0x00000000eaf00000)
  from space 1536K, 73% used [0x00000000eb080000,0x00000000eb19a310,0x00000000eb200000)
  to   space 1536K, 0% used [0x00000000eaf00000,0x00000000eaf00000,0x00000000eb080000)
 ParOldGen       total 129536K, used 1505K [0x00000000c0000000, 0x00000000c7e80000, 0x00000000eab00000)
  object space 129536K, 1% used [0x00000000c0000000,0x00000000c0178438,0x00000000c7e80000)
 Metaspace       used 5395K, capacity 6448K, committed 6528K, reserved 1056768K
  class space    used 587K, capacity 616K, committed 640K, reserved 1048576K
Event: 0.568 GC heap after
Heap after GC invocations=7 (full 0):
 PSYoungGen      total 5632K, used 1504K [0x00000000eab00000, 0x00000000eb700000, 0x0000000100000000)
  eden space 4096K, 0% used [0x00000000eab00000,0x00000000eab00000,0x00000000eaf00000)
  from space 1536K, 97% used [0x00000000eaf00000,0x00000000eb078340,0x00000000eb080000)
  to   space 2048K, 0% used [0x00000000eb500000,0x00000000eb500000,0x00000000eb700000)
 ParOldGen       total 129536K, used 1837K [0x00000000c0000000, 0x00000000c7e80000, 0x00000000eab00000)
  object space 129536K, 1% used [0x00000000c0000000,0x00000000c01cb688,0x00000000c7e80000)
 Metaspace       used 5395K, capacity 6448K, committed 6528K, reserved 1056768K
  class space    used 587K, capacity 616K, committed 640K, reserved 1048576K
}
Event: 0.672 GC heap before
{Heap before GC invocations=8 (full 0):
 PSYoungGen      total 5632K, used 5600K [0x00000000eab00000, 0x00000000eb700000, 0x0000000100000000)
  eden space 4096K, 100% used [0x00000000eab00000,0x00000000eaf00000,0x00000000eaf00000)
  from space 1536K, 97% used [0x00000000eaf00000,0x00000000eb078340,0x00000000eb080000)
  to   space 2048K, 0% used [0x00000000eb500000,0x00000000eb500000,0x00000000eb700000)
 ParOldGen       total 129536K, used 1837K [0x00000000c0000000, 0x00000000c7e80000, 0x00000000eab00000)
  object space 129536K, 1% used [0x00000000c0000000,0x00000000c01cb688,0x00000000c7e80000)
 Metaspace       used 5539K, capacity 6576K, committed 6784K, reserved 1056768K
  class space    used 588K, capacity 616K, committed 640K, reserved 1048576K
Event: 0.711 GC heap after
Heap after GC invocations=8 (full 0):
 PSYoungGen      total 10240K, used 1760K [0x00000000eab00000, 0x00000000eb700000, 0x0000000100000000)
  eden space 8192K, 0% used [0x00000000eab00000,0x00000000eab00000,0x00000000eb300000)
  from space 2048K, 85% used [0x00000000eb500000,0x00000000eb6b8018,0x00000000eb700000)
  to   space 2048K, 0% used [0x00000000eb300000,0x00000000eb300000,0x00000000eb500000)
 ParOldGen       total 129536K, used 1941K [0x00000000c0000000, 0x00000000c7e80000, 0x00000000eab00000)
  object space 129536K, 1% used [0x00000000c0000000,0x00000000c01e56a8,0x00000000c7e80000)
 Metaspace       used 5539K, capacity 6576K, committed 6784K, reserved 1056768K
  class space    used 588K, capacity 616K, committed 640K, reserved 1048576K
}

Deoptimization events (1 events):
Event: 0.776 Thread 0x0000000015fdf000 Uncommon trap: reason=null_check action=make_not_entrant pc=0x0000000002613760 method=com.android.dx.ssa.SsaRenamer.getLocalForNewReg(I)Lcom/android/dx/rop/code/LocalItem; @ 19

Internal exceptions (10 events):
Event: 0.454 Thread 0x0000000015fe1800 Exception <a 'java/security/PrivilegedActionException'> (0x00000000eacac108) thrown at [D:\re\workspace\8-2-build-windows-amd64-cygwin\jdk8u5\2488\hotspot\src\share\vm\prims\jvm.cpp, line 1248]
Event: 0.454 Thread 0x0000000015fe1800 Exception <a 'java/security/PrivilegedActionException'> (0x00000000eacb1168) thrown at [D:\re\workspace\8-2-build-windows-amd64-cygwin\jdk8u5\2488\hotspot\src\share\vm\prims\jvm.cpp, line 1248]
Event: 0.455 Thread 0x0000000015fe1800 Exception <a 'java/security/PrivilegedActionException'> (0x00000000eacba2c0) thrown at [D:\re\workspace\8-2-build-windows-amd64-cygwin\jdk8u5\2488\hotspot\src\share\vm\prims\jvm.cpp, line 1248]
Event: 0.472 Thread 0x0000000015f2d000 Exception <a 'java/security/PrivilegedActionException'> (0x00000000ead08920) thrown at [D:\re\workspace\8-2-build-windows-amd64-cygwin\jdk8u5\2488\hotspot\src\share\vm\prims\jvm.cpp, line 1248]
Event: 0.475 Thread 0x0000000015fe1800 Exception <a 'java/security/PrivilegedActionException'> (0x00000000ead1c8b0) thrown at [D:\re\workspace\8-2-build-windows-amd64-cygwin\jdk8u5\2488\hotspot\src\share\vm\prims\jvm.cpp, line 1248]
Event: 0.478 Thread 0x0000000015fe1800 Exception <a 'java/security/PrivilegedActionException'> (0x00000000ead34cb8) thrown at [D:\re\workspace\8-2-build-windows-amd64-cygwin\jdk8u5\2488\hotspot\src\share\vm\prims\jvm.cpp, line 1248]
Event: 0.535 Thread 0x0000000015fe1800 Exception <a 'java/security/PrivilegedActionException'> (0x00000000eadba1b8) thrown at [D:\re\workspace\8-2-build-windows-amd64-cygwin\jdk8u5\2488\hotspot\src\share\vm\prims\jvm.cpp, line 1248]
Event: 0.552 Thread 0x0000000002250800 Exception <a 'java/security/PrivilegedActionException'> (0x00000000eae81b00) thrown at [D:\re\workspace\8-2-build-windows-amd64-cygwin\jdk8u5\2488\hotspot\src\share\vm\prims\jvm.cpp, line 1248]
Event: 0.609 Thread 0x0000000015fdf000 Exception <a 'java/security/PrivilegedActionException'> (0x00000000eae6f6e0) thrown at [D:\re\workspace\8-2-build-windows-amd64-cygwin\jdk8u5\2488\hotspot\src\share\vm\prims\jvm.cpp, line 1248]
Event: 0.776 Thread 0x0000000015fdf000 Implicit null exception at 0x0000000002611710 to 0x0000000002613741

Events (10 events):
Event: 0.579 loading class java/util/ArrayList$1 done
Event: 0.609 loading class com/android/dx/cf/code/BytecodeArray$ConstantParserVisitor
Event: 0.609 loading class com/android/dx/cf/code/BytecodeArray$ConstantParserVisitor done
Event: 0.609 loading class java/util/DualPivotQuicksort
Event: 0.609 loading class java/util/DualPivotQuicksort done
Event: 0.615 Executing VM operation: ParallelGCFailedAllocation
Event: 0.711 Executing VM operation: ParallelGCFailedAllocation done
Event: 0.776 Thread 0x0000000015fdf000 Uncommon trap: trap_request=0xfffffff4 fr.pc=0x0000000002613760
Event: 0.776 Thread 0x0000000015fdf000 DEOPT PACKING pc=0x0000000002613760 sp=0x0000000016c7e590
Event: 0.776 Thread 0x0000000015fdf000 DEOPT UNPACKING pc=0x00000000023955af sp=0x0000000016c7e3c8 mode 2


Dynamic libraries:
0x00007ff7b1cb0000 - 0x00007ff7b1ce4000 	D:\jdk\bin\java.exe
0x00007ffd1f340000 - 0x00007ffd1f4e9000 	C:\Windows\SYSTEM32\ntdll.dll
0x00007ffd1cbd0000 - 0x00007ffd1cd09000 	C:\Windows\system32\KERNEL32.DLL
0x00007ffd1c840000 - 0x00007ffd1c94e000 	C:\Windows\system32\KERNELBASE.dll
0x00007ffd1e970000 - 0x00007ffd1ea15000 	C:\Windows\system32\ADVAPI32.dll
0x00007ffd1e6f0000 - 0x00007ffd1e861000 	C:\Windows\system32\USER32.dll
0x00007ffd1a700000 - 0x00007ffd1a95a000 	C:\Windows\WinSxS\amd64_microsoft.windows.common-controls_6595b64144ccf1df_6.0.9600.16384_none_62475f7becb72503\COMCTL32.dll
0x00007ffd1e450000 - 0x00007ffd1e4f7000 	C:\Windows\system32\msvcrt.dll
0x00007ffd1ea20000 - 0x00007ffd1ea77000 	C:\Windows\SYSTEM32\sechost.dll
0x00007ffd1f200000 - 0x00007ffd1f336000 	C:\Windows\system32\RPCRT4.dll
0x00007ffd1ec90000 - 0x00007ffd1edd5000 	C:\Windows\system32\GDI32.dll
0x00007ffd1cf20000 - 0x00007ffd1cf54000 	C:\Windows\system32\IMM32.DLL
0x00007ffd1cdd0000 - 0x00007ffd1cf09000 	C:\Windows\system32\MSCTF.dll
0x000000006afa0000 - 0x000000006b072000 	D:\jdk\jre\bin\msvcr100.dll
0x000000006b470000 - 0x000000006bc9a000 	D:\jdk\jre\bin\server\jvm.dll
0x00007ffd19ee0000 - 0x00007ffd19ee9000 	C:\Windows\SYSTEM32\WSOCK32.dll
0x00007ffd18480000 - 0x00007ffd1849f000 	C:\Windows\SYSTEM32\WINMM.dll
0x00007ffd1cd10000 - 0x00007ffd1cd17000 	C:\Windows\system32\PSAPI.DLL
0x00007ffd1ea90000 - 0x00007ffd1eae8000 	C:\Windows\system32\WS2_32.dll
0x00007ffd18320000 - 0x00007ffd1834a000 	C:\Windows\SYSTEM32\WINMMBASE.dll
0x00007ffd1cf10000 - 0x00007ffd1cf19000 	C:\Windows\system32\NSI.dll
0x00007ffd1c950000 - 0x00007ffd1c99a000 	C:\Windows\SYSTEM32\cfgmgr32.dll
0x00007ffd1b570000 - 0x00007ffd1b596000 	C:\Windows\SYSTEM32\DEVOBJ.dll
0x000000006bec0000 - 0x000000006becf000 	D:\jdk\jre\bin\verify.dll
0x000000006be90000 - 0x000000006beb8000 	D:\jdk\jre\bin\java.dll
0x000000006be70000 - 0x000000006be86000 	D:\jdk\jre\bin\zip.dll
0x00007ffd1d040000 - 0x00007ffd1e44d000 	C:\Windows\system32\SHELL32.dll
0x00007ffd1f020000 - 0x00007ffd1f1f7000 	C:\Windows\SYSTEM32\combase.dll
0x00007ffd1cf80000 - 0x00007ffd1cfd1000 	C:\Windows\system32\SHLWAPI.dll
0x00007ffd1ad50000 - 0x00007ffd1adf1000 	C:\Windows\SYSTEM32\SHCORE.dll
0x00007ffd1c6c0000 - 0x00007ffd1c6d4000 	C:\Windows\SYSTEM32\profapi.dll
0x00007ffd132f0000 - 0x00007ffd13478000 	C:\Windows\SYSTEM32\dbghelp.dll

VM Arguments:
jvm_args: -Djava.awt.headless=true -Xmx1024M -Dfile.encoding=GBK -Duser.country=CN -Duser.language=zh -Duser.variant 
java_command: com.android.dx.command.Main --dex --force-jumbo --num-threads=4 --output E:\Sports\app\build\intermediates\pre-dexed\debug\com.zhy-okhttputils-2.4.1_2e560d38ebe4c5301183c45ae9be8f5003d1f4d8.jar E:\Sports\app\build\intermediates\exploded-aar\com.zhy\okhttputils\2.4.1\jars\classes.jar
java_class_path (initial): D:\android\AppData\Local\Android\sdk\build-tools\24.0.0\lib\dx.jar
Launcher Type: SUN_STANDARD

Environment Variables:
JAVA_HOME=D:\jdk
PATH=C:\Windows\system32;C:\Windows;C:\Windows\System32\Wbem;C:\Windows\System32\WindowsPowerShell\v1.0\;D:\jdk\bin;D:\jdk\jre\bin;D:\android\AppData\Local\Android\sdk\tools;D:\android\AppData\Local\Android\sdk\platform-tools;C:\Program Files (x86)\NVIDIA Corporation\PhysX\Common
USERNAME=Administrator
OS=Windows_NT
PROCESSOR_IDENTIFIER=Intel64 Family 6 Model 60 Stepping 3, GenuineIntel



---------------  S Y S T E M  ---------------

OS: Windows 8.1 , 64 bit Build 9600 

CPU:total 4 (4 cores per cpu, 1 threads per core) family 6 model 60 stepping 3, cmov, cx8, fxsr, mmx, sse, sse2, sse3, ssse3, sse4.1, sse4.2, popcnt, avx, avx2, aes, clmul, erms, tsc, tscinvbit

Memory: 4k page, physical 8273724k(2026044k free), swap 8273724k(5108k free)

vm_info: Java HotSpot(TM) 64-Bit Server VM (25.5-b02) for windows-amd64 JRE (1.8.0_05-b13), built on Mar 18 2014 01:08:39 by "java_re" with MS VC++ 10.0 (VS2010)

time: Wed Aug 03 16:26:06 2016
elapsed time: 0 seconds

