#
# There is insufficient memory for the Java Runtime Environment to continue.
# Native memory allocation (malloc) failed to allocate 32744 bytes for ChunkPool::allocate
# Possible reasons:
#   The system is out of physical RAM or swap space
#   In 32 bit mode, the process size limit was hit
# Possible solutions:
#   Reduce memory load on the system
#   Increase physical memory or swap space
#   Check if swap backing store is full
#   Use 64 bit Java on a 64 bit OS
#   Decrease Java heap size (-Xmx/-Xms)
#   Decrease number of Java threads
#   Decrease Java thread stack sizes (-Xss)
#   Set larger code cache with -XX:ReservedCodeCacheSize=
# This output file may be truncated or incomplete.
#
#  Out of Memory Error (allocation.cpp:271), pid=13120, tid=11336
#
# JRE version: Java(TM) SE Runtime Environment (8.0_05-b13) (build 1.8.0_05-b13)
# Java VM: Java HotSpot(TM) 64-Bit Server VM (25.5-b02 mixed mode windows-amd64 compressed oops)
# Failed to write core dump. Minidumps are not enabled by default on client versions of Windows
#

---------------  T H R E A D  ---------------

Current thread (0x0000000014cbe800):  JavaThread "C2 CompilerThread0" daemon [_thread_in_native, id=11336, stack(0x0000000016620000,0x0000000016720000)]

Stack: [0x0000000016620000,0x0000000016720000]
Native frames: (J=compiled Java code, j=interpreted, Vv=VM code, C=native code)
V  [jvm.dll+0x308dea]


Current CompileTask:
C2:   1109 1300   !   4       com.android.dx.cf.code.BytecodeArray::parseInstruction (2764 bytes)


---------------  P R O C E S S  ---------------

Java Threads: ( => current thread )
  0x0000000016341000 JavaThread "pool-1-thread-4" [_thread_blocked, id=13224, stack(0x0000000017720000,0x0000000017820000)]
  0x0000000016340000 JavaThread "pool-1-thread-3" [_thread_blocked, id=13064, stack(0x0000000017620000,0x0000000017720000)]
  0x0000000016419000 JavaThread "pool-1-thread-2" [_thread_blocked, id=10448, stack(0x0000000017520000,0x0000000017620000)]
  0x0000000016417000 JavaThread "pool-2-thread-1" [_thread_blocked, id=13288, stack(0x0000000017420000,0x0000000017520000)]
  0x00000000162d7800 JavaThread "pool-1-thread-1" [_thread_blocked, id=13024, stack(0x0000000017320000,0x0000000017420000)]
  0x0000000016093800 JavaThread "Service Thread" daemon [_thread_blocked, id=11288, stack(0x0000000016920000,0x0000000016a20000)]
  0x0000000014d0e800 JavaThread "C1 CompilerThread2" daemon [_thread_in_native, id=11588, stack(0x0000000016820000,0x0000000016920000)]
  0x0000000014cc1000 JavaThread "C2 CompilerThread1" daemon [_thread_in_native, id=10640, stack(0x0000000016720000,0x0000000016820000)]
=>0x0000000014cbe800 JavaThread "C2 CompilerThread0" daemon [_thread_in_native, id=11336, stack(0x0000000016620000,0x0000000016720000)]
  0x0000000014ccb800 JavaThread "Attach Listener" daemon [_thread_blocked, id=12880, stack(0x0000000016520000,0x0000000016620000)]
  0x0000000016063800 JavaThread "Signal Dispatcher" daemon [_thread_blocked, id=12300, stack(0x0000000016420000,0x0000000016520000)]
  0x00000000025d5000 JavaThread "Finalizer" daemon [_thread_blocked, id=12960, stack(0x0000000015f20000,0x0000000016020000)]
  0x00000000025c9000 JavaThread "Reference Handler" daemon [_thread_blocked, id=11368, stack(0x0000000015e20000,0x0000000015f20000)]
  0x00000000024e0800 JavaThread "main" [_thread_blocked, id=11180, stack(0x0000000002340000,0x0000000002440000)]

Other Threads:
  0x0000000014c77000 VMThread [stack: 0x0000000015d20000,0x0000000015e20000] [id=11376]
  0x0000000016098800 WatcherThread [stack: 0x0000000016a20000,0x0000000016b20000] [id=8816]

VM state:at safepoint (normal execution)

VM Mutex/Monitor currently owned by a thread:  ([mutex/lock_event])
[0x00000000024dc520] Threads_lock - owner thread: 0x0000000014c77000
[0x00000000024db920] Heap_lock - owner thread: 0x00000000162d7800

Heap:
 PSYoungGen      total 14848K, used 14688K [0x00000000eab00000, 0x00000000ebc00000, 0x0000000100000000)
  eden space 12288K, 100% used [0x00000000eab00000,0x00000000eb700000,0x00000000eb700000)
  from space 2560K, 93% used [0x00000000eb980000,0x00000000ebbd8010,0x00000000ebc00000)
  to   space 2560K, 42% used [0x00000000eb700000,0x00000000eb810000,0x00000000eb980000)
 ParOldGen       total 129536K, used 3010K [0x00000000c0000000, 0x00000000c7e80000, 0x00000000eab00000)
  object space 129536K, 2% used [0x00000000c0000000,0x00000000c02f4950,0x00000000c7e80000)
 Metaspace       used 5824K, capacity 6832K, committed 7040K, reserved 1056768K
  class space    used 592K, capacity 616K, committed 640K, reserved 1048576K

Card table byte_map: [0x00000000119a0000,0x0000000011bb0000] byte_map_base: 0x00000000113a0000

Marking Bits: (ParMarkBitMap*) 0x000000006bc213b0
 Begin Bits: [0x0000000012110000, 0x0000000013110000)
 End Bits:   [0x0000000013110000, 0x0000000014110000)

Polling page: 0x0000000000860000

CodeCache: size=245760Kb used=5128Kb max_used=5128Kb free=240631Kb
 bounds [0x00000000025e0000, 0x0000000002af0000, 0x00000000115e0000]
 total_blobs=1599 nmethods=1333 adapters=180
 compilation: enabled

Compilation events (10 events):
Event: 1.032 Thread 0x0000000014d0e800 nmethod 1323 0x0000000002ae2090 code [0x0000000002ae2220, 0x0000000002ae26b8]
Event: 1.035 Thread 0x0000000014cc1000 1324 %     4       com.android.dx.ssa.SsaMethod::computeReachability @ 8 (131 bytes)
Event: 1.037 Thread 0x0000000014d0e800 1325       3       com.android.dx.rop.cst.CstBaseMethodRef::<init> (31 bytes)
Event: 1.037 Thread 0x0000000014d0e800 nmethod 1325 0x0000000002ada510 code [0x0000000002ada680, 0x0000000002adaa38]
Event: 1.061 Thread 0x0000000014cc1000 nmethod 1324% 0x0000000002ae4dd0 code [0x0000000002ae4fc0, 0x0000000002ae5db8]
Event: 1.066 Thread 0x0000000014d0e800 1326       3       java.util.concurrent.locks.ReentrantLock$Sync::tryRelease (45 bytes)
Event: 1.066 Thread 0x0000000014d0e800 nmethod 1326 0x0000000002ae1850 code [0x0000000002ae19e0, 0x0000000002ae1f68]
Event: 1.071 Thread 0x0000000014cc1000 1327   !   4       com.android.dx.cf.cst.ConstantPoolParser::parse0 (731 bytes)
Event: 1.072 Thread 0x0000000014d0e800 1328       3       com.android.dx.cf.code.LocalVariableList$Item::<init> (115 bytes)
Event: 1.073 Thread 0x0000000014d0e800 nmethod 1328 0x0000000002ae4350 code [0x0000000002ae4520, 0x0000000002ae4b88]

GC Heap History (10 events):
Event: 0.227 GC heap before
{Heap before GC invocations=6 (full 0):
 PSYoungGen      total 2560K, used 2536K [0x00000000eab00000, 0x00000000eb100000, 0x0000000100000000)
  eden space 2048K, 100% used [0x00000000eab00000,0x00000000ead00000,0x00000000ead00000)
  from space 512K, 95% used [0x00000000ead00000,0x00000000ead7a020,0x00000000ead80000)
  to   space 1024K, 0% used [0x00000000eb000000,0x00000000eb000000,0x00000000eb100000)
 ParOldGen       total 129536K, used 682K [0x00000000c0000000, 0x00000000c7e80000, 0x00000000eab00000)
  object space 129536K, 0% used [0x00000000c0000000,0x00000000c00aa9b0,0x00000000c7e80000)
 Metaspace       used 3474K, capacity 4720K, committed 4864K, reserved 1056768K
  class space    used 376K, capacity 424K, committed 512K, reserved 1048576K
Event: 0.228 GC heap after
Heap after GC invocations=6 (full 0):
 PSYoungGen      total 5120K, used 536K [0x00000000eab00000, 0x00000000eb100000, 0x0000000100000000)
  eden space 4096K, 0% used [0x00000000eab00000,0x00000000eab00000,0x00000000eaf00000)
  from space 1024K, 52% used [0x00000000eb000000,0x00000000eb086030,0x00000000eb100000)
  to   space 1024K, 0% used [0x00000000eaf00000,0x00000000eaf00000,0x00000000eb000000)
 ParOldGen       total 129536K, used 682K [0x00000000c0000000, 0x00000000c7e80000, 0x00000000eab00000)
  object space 129536K, 0% used [0x00000000c0000000,0x00000000c00aa9b0,0x00000000c7e80000)
 Metaspace       used 3474K, capacity 4720K, committed 4864K, reserved 1056768K
  class space    used 376K, capacity 424K, committed 512K, reserved 1048576K
}
Event: 0.301 GC heap before
{Heap before GC invocations=7 (full 0):
 PSYoungGen      total 5120K, used 4632K [0x00000000eab00000, 0x00000000eb100000, 0x0000000100000000)
  eden space 4096K, 100% used [0x00000000eab00000,0x00000000eaf00000,0x00000000eaf00000)
  from space 1024K, 52% used [0x00000000eb000000,0x00000000eb086030,0x00000000eb100000)
  to   space 1024K, 0% used [0x00000000eaf00000,0x00000000eaf00000,0x00000000eb000000)
 ParOldGen       total 129536K, used 682K [0x00000000c0000000, 0x00000000c7e80000, 0x00000000eab00000)
  object space 129536K, 0% used [0x00000000c0000000,0x00000000c00aa9b0,0x00000000c7e80000)
 Metaspace       used 4215K, capacity 5392K, committed 5760K, reserved 1056768K
  class space    used 468K, capacity 520K, committed 640K, reserved 1048576K
Event: 0.303 GC heap after
Heap after GC invocations=7 (full 0):
 PSYoungGen      total 5120K, used 994K [0x00000000eab00000, 0x00000000eb600000, 0x0000000100000000)
  eden space 4096K, 0% used [0x00000000eab00000,0x00000000eab00000,0x00000000eaf00000)
  from space 1024K, 97% used [0x00000000eaf00000,0x00000000eaff8a70,0x00000000eb000000)
  to   space 1536K, 0% used [0x00000000eb480000,0x00000000eb480000,0x00000000eb600000)
 ParOldGen       total 129536K, used 1086K [0x00000000c0000000, 0x00000000c7e80000, 0x00000000eab00000)
  object space 129536K, 0% used [0x00000000c0000000,0x00000000c010f860,0x00000000c7e80000)
 Metaspace       used 4215K, capacity 5392K, committed 5760K, reserved 1056768K
  class space    used 468K, capacity 520K, committed 640K, reserved 1048576K
}
Event: 0.411 GC heap before
{Heap before GC invocations=8 (full 0):
 PSYoungGen      total 5120K, used 5090K [0x00000000eab00000, 0x00000000eb600000, 0x0000000100000000)
  eden space 4096K, 100% used [0x00000000eab00000,0x00000000eaf00000,0x00000000eaf00000)
  from space 1024K, 97% used [0x00000000eaf00000,0x00000000eaff8a70,0x00000000eb000000)
  to   space 1536K, 0% used [0x00000000eb480000,0x00000000eb480000,0x00000000eb600000)
 ParOldGen       total 129536K, used 1086K [0x00000000c0000000, 0x00000000c7e80000, 0x00000000eab00000)
  object space 129536K, 0% used [0x00000000c0000000,0x00000000c010f860,0x00000000c7e80000)
 Metaspace       used 5290K, capacity 6384K, committed 6528K, reserved 1056768K
  class space    used 581K, capacity 616K, committed 640K, reserved 1048576K
Event: 0.430 GC heap after
Heap after GC invocations=8 (full 0):
 PSYoungGen      total 9216K, used 1513K [0x00000000eab00000, 0x00000000eb700000, 0x0000000100000000)
  eden space 7680K, 0% used [0x00000000eab00000,0x00000000eab00000,0x00000000eb280000)
  from space 1536K, 98% used [0x00000000eb480000,0x00000000eb5fa540,0x00000000eb600000)
  to   space 2048K, 0% used [0x00000000eb280000,0x00000000eb280000,0x00000000eb480000)
 ParOldGen       total 129536K, used 1380K [0x00000000c0000000, 0x00000000c7e80000, 0x00000000eab00000)
  object space 129536K, 1% used [0x00000000c0000000,0x00000000c01591d0,0x00000000c7e80000)
 Metaspace       used 5290K, capacity 6384K, committed 6528K, reserved 1056768K
  class space    used 581K, capacity 616K, committed 640K, reserved 1048576K
}
Event: 0.636 GC heap before
{Heap before GC invocations=9 (full 0):
 PSYoungGen      total 9216K, used 9193K [0x00000000eab00000, 0x00000000eb700000, 0x0000000100000000)
  eden space 7680K, 100% used [0x00000000eab00000,0x00000000eb280000,0x00000000eb280000)
  from space 1536K, 98% used [0x00000000eb480000,0x00000000eb5fa540,0x00000000eb600000)
  to   space 2048K, 0% used [0x00000000eb280000,0x00000000eb280000,0x00000000eb480000)
 ParOldGen       total 129536K, used 1380K [0x00000000c0000000, 0x00000000c7e80000, 0x00000000eab00000)
  object space 129536K, 1% used [0x00000000c0000000,0x00000000c01591d0,0x00000000c7e80000)
 Metaspace       used 5639K, capacity 6704K, committed 6784K, reserved 1056768K
  class space    used 590K, capacity 616K, committed 640K, reserved 1048576K
Event: 0.670 GC heap after
Heap after GC invocations=9 (full 0):
 PSYoungGen      total 9728K, used 2042K [0x00000000eab00000, 0x00000000ebc00000, 0x0000000100000000)
  eden space 7680K, 0% used [0x00000000eab00000,0x00000000eab00000,0x00000000eb280000)
  from space 2048K, 99% used [0x00000000eb280000,0x00000000eb47ea98,0x00000000eb480000)
  to   space 2560K, 0% used [0x00000000eb980000,0x00000000eb980000,0x00000000ebc00000)
 ParOldGen       total 129536K, used 1473K [0x00000000c0000000, 0x00000000c7e80000, 0x00000000eab00000)
  object space 129536K, 1% used [0x00000000c0000000,0x00000000c0170520,0x00000000c7e80000)
 Metaspace       used 5639K, capacity 6704K, committed 6784K, reserved 1056768K
  class space    used 590K, capacity 616K, committed 640K, reserved 1048576K
}
Event: 0.816 GC heap before
{Heap before GC invocations=10 (full 0):
 PSYoungGen      total 9728K, used 9722K [0x00000000eab00000, 0x00000000ebc00000, 0x0000000100000000)
  eden space 7680K, 100% used [0x00000000eab00000,0x00000000eb280000,0x00000000eb280000)
  from space 2048K, 99% used [0x00000000eb280000,0x00000000eb47ea98,0x00000000eb480000)
  to   space 2560K, 0% used [0x00000000eb980000,0x00000000eb980000,0x00000000ebc00000)
 ParOldGen       total 129536K, used 1473K [0x00000000c0000000, 0x00000000c7e80000, 0x00000000eab00000)
  object space 129536K, 1% used [0x00000000c0000000,0x00000000c0170520,0x00000000c7e80000)
 Metaspace       used 5761K, capacity 6768K, committed 7040K, reserved 1056768K
  class space    used 592K, capacity 616K, committed 640K, reserved 1048576K
Event: 0.825 GC heap after
Heap after GC invocations=10 (full 0):
 PSYoungGen      total 14848K, used 2400K [0x00000000eab00000, 0x00000000ebc00000, 0x0000000100000000)
  eden space 12288K, 0% used [0x00000000eab00000,0x00000000eab00000,0x00000000eb700000)
  from space 2560K, 93% used [0x00000000eb980000,0x00000000ebbd8010,0x00000000ebc00000)
  to   space 2560K, 0% used [0x00000000eb700000,0x00000000eb700000,0x00000000eb980000)
 ParOldGen       total 129536K, used 2223K [0x00000000c0000000, 0x00000000c7e80000, 0x00000000eab00000)
  object space 129536K, 1% used [0x00000000c0000000,0x00000000c022bfc8,0x00000000c7e80000)
 Metaspace       used 5761K, capacity 6768K, committed 7040K, reserved 1056768K
  class space    used 592K, capacity 616K, committed 640K, reserved 1048576K
}

Deoptimization events (3 events):
Event: 0.460 Thread 0x0000000016340000 Uncommon trap: reason=class_check action=maybe_recompile pc=0x000000000283d470 method=com.android.dx.ssa.NormalSsaInsn.accept(Lcom/android/dx/ssa/SsaInsn$Visitor;)V @ 9
Event: 0.531 Thread 0x0000000016341000 Uncommon trap: reason=unreached action=reinterpret pc=0x00000000028a4858 method=com.android.dx.rop.code.LocalItem.hashCode()I @ 25
Event: 0.739 Thread 0x00000000162d7800 Uncommon trap: reason=unreached action=reinterpret pc=0x00000000029613dc method=com.android.dx.rop.cst.Constant.compareTo(Lcom/android/dx/rop/cst/Constant;)I @ 12

Internal exceptions (10 events):
Event: 0.450 Thread 0x00000000024e0800 Exception <a 'java/security/PrivilegedActionException'> (0x00000000eac4d278) thrown at [D:\re\workspace\8-2-build-windows-amd64-cygwin\jdk8u5\2488\hotspot\src\share\vm\prims\jvm.cpp, line 1248]
Event: 0.451 Thread 0x00000000024e0800 Exception <a 'java/security/PrivilegedActionException'> (0x00000000eac60c98) thrown at [D:\re\workspace\8-2-build-windows-amd64-cygwin\jdk8u5\2488\hotspot\src\share\vm\prims\jvm.cpp, line 1248]
Event: 0.455 Thread 0x0000000016340000 Exception <a 'java/security/PrivilegedActionException'> (0x00000000eacd2a88) thrown at [D:\re\workspace\8-2-build-windows-amd64-cygwin\jdk8u5\2488\hotspot\src\share\vm\prims\jvm.cpp, line 1248]
Event: 0.460 Thread 0x00000000024e0800 Exception <a 'java/security/PrivilegedActionException'> (0x00000000ead0b1f0) thrown at [D:\re\workspace\8-2-build-windows-amd64-cygwin\jdk8u5\2488\hotspot\src\share\vm\prims\jvm.cpp, line 1248]
Event: 0.574 Thread 0x00000000024e0800 Exception <a 'java/security/PrivilegedActionException'> (0x00000000eb028160) thrown at [D:\re\workspace\8-2-build-windows-amd64-cygwin\jdk8u5\2488\hotspot\src\share\vm\prims\jvm.cpp, line 1248]
Event: 0.575 Thread 0x00000000024e0800 Exception <a 'java/security/PrivilegedActionException'> (0x00000000eb0325f8) thrown at [D:\re\workspace\8-2-build-windows-amd64-cygwin\jdk8u5\2488\hotspot\src\share\vm\prims\jvm.cpp, line 1248]
Event: 0.575 Thread 0x00000000024e0800 Exception <a 'java/security/PrivilegedActionException'> (0x00000000eb034ee8) thrown at [D:\re\workspace\8-2-build-windows-amd64-cygwin\jdk8u5\2488\hotspot\src\share\vm\prims\jvm.cpp, line 1248]
Event: 0.602 Thread 0x0000000016340000 Exception <a 'java/security/PrivilegedActionException'> (0x00000000eb0d0a90) thrown at [D:\re\workspace\8-2-build-windows-amd64-cygwin\jdk8u5\2488\hotspot\src\share\vm\prims\jvm.cpp, line 1248]
Event: 0.606 Thread 0x0000000016340000 Exception <a 'java/security/PrivilegedActionException'> (0x00000000eb104ff8) thrown at [D:\re\workspace\8-2-build-windows-amd64-cygwin\jdk8u5\2488\hotspot\src\share\vm\prims\jvm.cpp, line 1248]
Event: 0.607 Thread 0x0000000016340000 Exception <a 'java/security/PrivilegedActionException'> (0x00000000eb10a658) thrown at [D:\re\workspace\8-2-build-windows-amd64-cygwin\jdk8u5\2488\hotspot\src\share\vm\prims\jvm.cpp, line 1248]

Events (10 events):
Event: 0.739 Thread 0x00000000162d7800 DEOPT PACKING pc=0x00000000029613dc sp=0x000000001741e460
Event: 0.739 Thread 0x00000000162d7800 DEOPT UNPACKING pc=0x00000000026255af sp=0x000000001741e400 mode 2
Event: 0.769 loading class java/util/TreeMap$EntrySet
Event: 0.769 loading class java/util/TreeMap$EntrySet done
Event: 0.769 loading class java/util/TreeMap$EntryIterator
Event: 0.770 loading class java/util/TreeMap$EntryIterator done
Event: 0.770 Executing VM operation: Deoptimize
Event: 0.773 Executing VM operation: Deoptimize done
Event: 0.816 Executing VM operation: ParallelGCFailedAllocation
Event: 0.825 Executing VM operation: ParallelGCFailedAllocation done


Dynamic libraries:
0x00007ff7b1cb0000 - 0x00007ff7b1ce4000 	D:\jdk\bin\java.exe
0x00007ffd1f340000 - 0x00007ffd1f4e9000 	C:\Windows\SYSTEM32\ntdll.dll
0x00007ffd1cbd0000 - 0x00007ffd1cd09000 	C:\Windows\system32\KERNEL32.DLL
0x00007ffd1c840000 - 0x00007ffd1c94e000 	C:\Windows\system32\KERNELBASE.dll
0x00007ffd1e970000 - 0x00007ffd1ea15000 	C:\Windows\system32\ADVAPI32.dll
0x00007ffd1e6f0000 - 0x00007ffd1e861000 	C:\Windows\system32\USER32.dll
0x00007ffd1a700000 - 0x00007ffd1a95a000 	C:\Windows\WinSxS\amd64_microsoft.windows.common-controls_6595b64144ccf1df_6.0.9600.16384_none_62475f7becb72503\COMCTL32.dll
0x00007ffd1e450000 - 0x00007ffd1e4f7000 	C:\Windows\system32\msvcrt.dll
0x00007ffd1ea20000 - 0x00007ffd1ea77000 	C:\Windows\SYSTEM32\sechost.dll
0x00007ffd1f200000 - 0x00007ffd1f336000 	C:\Windows\system32\RPCRT4.dll
0x00007ffd1ec90000 - 0x00007ffd1edd5000 	C:\Windows\system32\GDI32.dll
0x00007ffd1cf20000 - 0x00007ffd1cf54000 	C:\Windows\system32\IMM32.DLL
0x00007ffd1cdd0000 - 0x00007ffd1cf09000 	C:\Windows\system32\MSCTF.dll
0x000000006afa0000 - 0x000000006b072000 	D:\jdk\jre\bin\msvcr100.dll
0x000000006b470000 - 0x000000006bc9a000 	D:\jdk\jre\bin\server\jvm.dll
0x00007ffd19ee0000 - 0x00007ffd19ee9000 	C:\Windows\SYSTEM32\WSOCK32.dll
0x00007ffd18480000 - 0x00007ffd1849f000 	C:\Windows\SYSTEM32\WINMM.dll
0x00007ffd1cd10000 - 0x00007ffd1cd17000 	C:\Windows\system32\PSAPI.DLL
0x00007ffd1ea90000 - 0x00007ffd1eae8000 	C:\Windows\system32\WS2_32.dll
0x00007ffd18320000 - 0x00007ffd1834a000 	C:\Windows\SYSTEM32\WINMMBASE.dll
0x00007ffd1cf10000 - 0x00007ffd1cf19000 	C:\Windows\system32\NSI.dll
0x00007ffd1c950000 - 0x00007ffd1c99a000 	C:\Windows\SYSTEM32\cfgmgr32.dll
0x00007ffd1b570000 - 0x00007ffd1b596000 	C:\Windows\SYSTEM32\DEVOBJ.dll
0x000000006bec0000 - 0x000000006becf000 	D:\jdk\jre\bin\verify.dll
0x000000006be90000 - 0x000000006beb8000 	D:\jdk\jre\bin\java.dll
0x000000006be70000 - 0x000000006be86000 	D:\jdk\jre\bin\zip.dll
0x00007ffd1d040000 - 0x00007ffd1e44d000 	C:\Windows\system32\SHELL32.dll
0x00007ffd1f020000 - 0x00007ffd1f1f7000 	C:\Windows\SYSTEM32\combase.dll
0x00007ffd1cf80000 - 0x00007ffd1cfd1000 	C:\Windows\system32\SHLWAPI.dll
0x00007ffd1ad50000 - 0x00007ffd1adf1000 	C:\Windows\SYSTEM32\SHCORE.dll
0x00007ffd1c6c0000 - 0x00007ffd1c6d4000 	C:\Windows\SYSTEM32\profapi.dll

VM Arguments:
jvm_args: -Djava.awt.headless=true -Xmx1024M -Dfile.encoding=GBK -Duser.country=CN -Duser.language=zh -Duser.variant 
java_command: com.android.dx.command.Main --dex --force-jumbo --num-threads=4 --output E:\Sports\app\build\intermediates\pre-dexed\debug\internal_impl-24.0.0_aec005ed303a69a610a0a8a3600e80f37caea37a.jar E:\Sports\app\build\intermediates\exploded-aar\com.android.support\support-v4\24.0.0\jars\libs\internal_impl-24.0.0.jar
java_class_path (initial): D:\android\AppData\Local\Android\sdk\build-tools\24.0.0\lib\dx.jar
Launcher Type: SUN_STANDARD

Environment Variables:
JAVA_HOME=D:\jdk
PATH=C:\Windows\system32;C:\Windows;C:\Windows\System32\Wbem;C:\Windows\System32\WindowsPowerShell\v1.0\;D:\jdk\bin;D:\jdk\jre\bin;D:\android\AppData\Local\Android\sdk\tools;D:\android\AppData\Local\Android\sdk\platform-tools;C:\Program Files (x86)\NVIDIA Corporation\PhysX\Common
USERNAME=Administrator
OS=Windows_NT
PROCESSOR_IDENTIFIER=Intel64 Family 6 Model 60 Stepping 3, GenuineIntel



---------------  S Y S T E M  ---------------

OS: Windows 8.1 , 64 bit Build 9600 

CPU:total 4 (4 cores per cpu, 1 threads per core) family 6 model 60 stepping 3, cmov, cx8, fxsr, mmx, sse, sse2, sse3, ssse3, sse4.1, sse4.2, popcnt, avx, avx2, aes, clmul, erms, tsc, tscinvbit

Memory: 4k page, physical 8273724k(1999340k free), swap 8273724k(4920k free)

vm_info: Java HotSpot(TM) 64-Bit Server VM (25.5-b02) for windows-amd64 JRE (1.8.0_05-b13), built on Mar 18 2014 01:08:39 by "java_re" with MS VC++ 10.0 (VS2010)

time: Wed Aug 03 16:18:57 2016
elapsed time: 1 seconds

