#
# There is insufficient memory for the Java Runtime Environment to continue.
# Native memory allocation (malloc) failed to allocate 660576 bytes for Chunk::new
# Possible reasons:
#   The system is out of physical RAM or swap space
#   In 32 bit mode, the process size limit was hit
# Possible solutions:
#   Reduce memory load on the system
#   Increase physical memory or swap space
#   Check if swap backing store is full
#   Use 64 bit Java on a 64 bit OS
#   Decrease Java heap size (-Xmx/-Xms)
#   Decrease number of Java threads
#   Decrease Java thread stack sizes (-Xss)
#   Set larger code cache with -XX:ReservedCodeCacheSize=
# This output file may be truncated or incomplete.
#
#  Out of Memory Error (allocation.cpp:388), pid=12216, tid=13896
#
# JRE version: Java(TM) SE Runtime Environment (8.0_05-b13) (build 1.8.0_05-b13)
# Java VM: Java HotSpot(TM) 64-Bit Server VM (25.5-b02 mixed mode windows-amd64 compressed oops)
# Failed to write core dump. Minidumps are not enabled by default on client versions of Windows
#

---------------  T H R E A D  ---------------

Current thread (0x00000000148ae800):  JavaThread "C2 CompilerThread0" daemon [_thread_in_native, id=13896, stack(0x00000000161f0000,0x00000000162f0000)]

Stack: [0x00000000161f0000,0x00000000162f0000]
Native frames: (J=compiled Java code, j=interpreted, Vv=VM code, C=native code)
V  [jvm.dll+0x308dea]
V  [jvm.dll+0x25def1]
V  [jvm.dll+0x25eb0f]
V  [jvm.dll+0x2564e5]
V  [jvm.dll+0xbcfc5]
V  [jvm.dll+0xbd45c]
V  [jvm.dll+0x44d422]
V  [jvm.dll+0x48e13f]
V  [jvm.dll+0x442075]
V  [jvm.dll+0x44366b]
V  [jvm.dll+0x427532]
V  [jvm.dll+0x96702]
V  [jvm.dll+0x96ef3]
V  [jvm.dll+0x2232c4]
V  [jvm.dll+0x27baca]
C  [msvcr100.dll+0x21d9f]
C  [msvcr100.dll+0x21e3b]
C  [KERNEL32.DLL+0x15dd]
C  [ntdll.dll+0x764ad]


Current CompileTask:
C2:   1863 1122       4       com.android.dx.ssa.SCCP::simulateStmt (481 bytes)


---------------  P R O C E S S  ---------------

Java Threads: ( => current thread )
  0x0000000015dda800 JavaThread "pool-1-thread-2" [_thread_in_vm, id=12584, stack(0x00000000168f0000,0x00000000169f0000)]
  0x0000000015d88800 JavaThread "pool-2-thread-1" [_thread_blocked, id=14320, stack(0x00000000167f0000,0x00000000168f0000)]
  0x0000000015d84000 JavaThread "pool-1-thread-1" [_thread_in_Java, id=13816, stack(0x00000000166f0000,0x00000000167f0000)]
  0x0000000015c53000 JavaThread "Service Thread" daemon [_thread_blocked, id=13520, stack(0x00000000164f0000,0x00000000165f0000)]
  0x0000000015c4e000 JavaThread "C1 CompilerThread2" daemon [_thread_blocked, id=13904, stack(0x00000000163f0000,0x00000000164f0000)]
  0x00000000148fb000 JavaThread "C2 CompilerThread1" daemon [_thread_blocked, id=13024, stack(0x00000000162f0000,0x00000000163f0000)]
=>0x00000000148ae800 JavaThread "C2 CompilerThread0" daemon [_thread_in_native, id=13896, stack(0x00000000161f0000,0x00000000162f0000)]
  0x00000000148bb800 JavaThread "Attach Listener" daemon [_thread_blocked, id=13868, stack(0x00000000160f0000,0x00000000161f0000)]
  0x0000000015c33800 JavaThread "Signal Dispatcher" daemon [_thread_blocked, id=11384, stack(0x0000000015ff0000,0x00000000160f0000)]
  0x0000000002105000 JavaThread "Finalizer" daemon [_thread_blocked, id=6860, stack(0x0000000015af0000,0x0000000015bf0000)]
  0x00000000020f9000 JavaThread "Reference Handler" daemon [_thread_blocked, id=13572, stack(0x00000000159f0000,0x0000000015af0000)]
  0x0000000002010800 JavaThread "main" [_thread_blocked, id=12332, stack(0x0000000001bc0000,0x0000000001cc0000)]

Other Threads:
  0x0000000014867000 VMThread [stack: 0x00000000158f0000,0x00000000159f0000] [id=12488]
  0x0000000015c5e000 WatcherThread [stack: 0x00000000165f0000,0x00000000166f0000] [id=13064]

VM state:not at safepoint (normal execution)

VM Mutex/Monitor currently owned by a thread: None

Heap:
 PSYoungGen      total 16384K, used 7173K [0x00000000eab00000, 0x00000000ec600000, 0x0000000100000000)
  eden space 13312K, 38% used [0x00000000eab00000,0x00000000eb009530,0x00000000eb800000)
  from space 3072K, 65% used [0x00000000eb800000,0x00000000eb9f8000,0x00000000ebb00000)
  to   space 3072K, 0% used [0x00000000ec300000,0x00000000ec300000,0x00000000ec600000)
 ParOldGen       total 129536K, used 5945K [0x00000000c0000000, 0x00000000c7e80000, 0x00000000eab00000)
  object space 129536K, 4% used [0x00000000c0000000,0x00000000c05ce470,0x00000000c7e80000)
 Metaspace       used 5866K, capacity 6872K, committed 7168K, reserved 1056768K
  class space    used 611K, capacity 656K, committed 768K, reserved 1048576K

Card table byte_map: [0x0000000011590000,0x00000000117a0000] byte_map_base: 0x0000000010f90000

Marking Bits: (ParMarkBitMap*) 0x000000006bc213b0
 Begin Bits: [0x0000000011d00000, 0x0000000012d00000)
 End Bits:   [0x0000000012d00000, 0x0000000013d00000)

Polling page: 0x00000000003c0000

CodeCache: size=245760Kb used=4271Kb max_used=4273Kb free=241488Kb
 bounds [0x00000000021d0000, 0x0000000002600000, 0x00000000111d0000]
 total_blobs=1413 nmethods=1146 adapters=180
 compilation: disabled (not enough contiguous free space left)

Compilation events (10 events):
Event: 1.795 Thread 0x0000000015c4e000 1096       3       com.android.dx.rop.code.RegisterSpecList::getType (12 bytes)
Event: 1.796 Thread 0x00000000148fb000 nmethod 1157 0x00000000025f4590 code [0x00000000025f46e0, 0x00000000025f48e8]
Event: 1.796 Thread 0x0000000015c4e000 nmethod 1096 0x00000000025ff450 code [0x00000000025ff5e0, 0x00000000025ffc18]
Event: 1.796 Thread 0x0000000015c4e000 1156       3       com.android.dx.rop.code.RegisterSpec::withSimpleType (59 bytes)
Event: 1.796 Thread 0x0000000015c4e000 nmethod 1156 0x00000000025fe990 code [0x00000000025feb40, 0x00000000025ff288]
Event: 1.796 Thread 0x0000000015c4e000 1171       3       com.android.dx.rop.code.DexTranslationAdvice::totalRopWidth (36 bytes)
Event: 1.796 Thread 0x0000000015c4e000 nmethod 1171 0x00000000025fdcd0 code [0x00000000025fde80, 0x00000000025fe648]
Event: 1.796 Thread 0x0000000015c4e000 1173       3       java.util.TreeMap::getFirstEntry (26 bytes)
Event: 1.796 Thread 0x0000000015c4e000 nmethod 1173 0x00000000025fd850 code [0x00000000025fd9c0, 0x00000000025fdbf0]
Event: 1.796 Thread 0x0000000015c4e000 1168       3       com.android.dx.rop.code.DexTranslationAdvice::hasConstantOperation (163 bytes)

GC Heap History (10 events):
Event: 0.988 GC heap before
{Heap before GC invocations=6 (full 0):
 PSYoungGen      total 2560K, used 2552K [0x00000000eab00000, 0x00000000eb200000, 0x0000000100000000)
  eden space 2048K, 100% used [0x00000000eab00000,0x00000000ead00000,0x00000000ead00000)
  from space 512K, 98% used [0x00000000ead00000,0x00000000ead7e030,0x00000000ead80000)
  to   space 1536K, 0% used [0x00000000eb080000,0x00000000eb080000,0x00000000eb200000)
 ParOldGen       total 129536K, used 1607K [0x00000000c0000000, 0x00000000c7e80000, 0x00000000eab00000)
  object space 129536K, 1% used [0x00000000c0000000,0x00000000c0191fe8,0x00000000c7e80000)
 Metaspace       used 4766K, capacity 5872K, committed 6016K, reserved 1056768K
  class space    used 526K, capacity 552K, committed 640K, reserved 1048576K
Event: 1.059 GC heap after
Heap after GC invocations=6 (full 0):
 PSYoungGen      total 5632K, used 1190K [0x00000000eab00000, 0x00000000eb200000, 0x0000000100000000)
  eden space 4096K, 0% used [0x00000000eab00000,0x00000000eab00000,0x00000000eaf00000)
  from space 1536K, 77% used [0x00000000eb080000,0x00000000eb1a9ad8,0x00000000eb200000)
  to   space 1536K, 0% used [0x00000000eaf00000,0x00000000eaf00000,0x00000000eb080000)
 ParOldGen       total 129536K, used 1615K [0x00000000c0000000, 0x00000000c7e80000, 0x00000000eab00000)
  object space 129536K, 1% used [0x00000000c0000000,0x00000000c0193fe8,0x00000000c7e80000)
 Metaspace       used 4766K, capacity 5872K, committed 6016K, reserved 1056768K
  class space    used 526K, capacity 552K, committed 640K, reserved 1048576K
}
Event: 1.140 GC heap before
{Heap before GC invocations=7 (full 0):
 PSYoungGen      total 5632K, used 5286K [0x00000000eab00000, 0x00000000eb200000, 0x0000000100000000)
  eden space 4096K, 100% used [0x00000000eab00000,0x00000000eaf00000,0x00000000eaf00000)
  from space 1536K, 77% used [0x00000000eb080000,0x00000000eb1a9ad8,0x00000000eb200000)
  to   space 1536K, 0% used [0x00000000eaf00000,0x00000000eaf00000,0x00000000eb080000)
 ParOldGen       total 129536K, used 1615K [0x00000000c0000000, 0x00000000c7e80000, 0x00000000eab00000)
  object space 129536K, 1% used [0x00000000c0000000,0x00000000c0193fe8,0x00000000c7e80000)
 Metaspace       used 5457K, capacity 6512K, committed 6784K, reserved 1056768K
  class space    used 587K, capacity 616K, committed 640K, reserved 1048576K
Event: 1.203 GC heap after
Heap after GC invocations=7 (full 0):
 PSYoungGen      total 5632K, used 1520K [0x00000000eab00000, 0x00000000eb700000, 0x0000000100000000)
  eden space 4096K, 0% used [0x00000000eab00000,0x00000000eab00000,0x00000000eaf00000)
  from space 1536K, 99% used [0x00000000eaf00000,0x00000000eb07c330,0x00000000eb080000)
  to   space 2048K, 0% used [0x00000000eb500000,0x00000000eb500000,0x00000000eb700000)
 ParOldGen       total 129536K, used 1953K [0x00000000c0000000, 0x00000000c7e80000, 0x00000000eab00000)
  object space 129536K, 1% used [0x00000000c0000000,0x00000000c01e84e8,0x00000000c7e80000)
 Metaspace       used 5457K, capacity 6512K, committed 6784K, reserved 1056768K
  class space    used 587K, capacity 616K, committed 640K, reserved 1048576K
}
Event: 1.315 GC heap before
{Heap before GC invocations=8 (full 0):
 PSYoungGen      total 5632K, used 5616K [0x00000000eab00000, 0x00000000eb700000, 0x0000000100000000)
  eden space 4096K, 100% used [0x00000000eab00000,0x00000000eaf00000,0x00000000eaf00000)
  from space 1536K, 99% used [0x00000000eaf00000,0x00000000eb07c330,0x00000000eb080000)
  to   space 2048K, 0% used [0x00000000eb500000,0x00000000eb500000,0x00000000eb700000)
 ParOldGen       total 129536K, used 1953K [0x00000000c0000000, 0x00000000c7e80000, 0x00000000eab00000)
  object space 129536K, 1% used [0x00000000c0000000,0x00000000c01e84e8,0x00000000c7e80000)
 Metaspace       used 5571K, capacity 6640K, committed 6784K, reserved 1056768K
  class space    used 589K, capacity 616K, committed 640K, reserved 1048576K
Event: 1.381 GC heap after
Heap after GC invocations=8 (full 0):
 PSYoungGen      total 10240K, used 1568K [0x00000000eab00000, 0x00000000eb700000, 0x0000000100000000)
  eden space 8192K, 0% used [0x00000000eab00000,0x00000000eab00000,0x00000000eb300000)
  from space 2048K, 76% used [0x00000000eb500000,0x00000000eb688018,0x00000000eb700000)
  to   space 2048K, 0% used [0x00000000eb300000,0x00000000eb300000,0x00000000eb500000)
 ParOldGen       total 129536K, used 2057K [0x00000000c0000000, 0x00000000c7e80000, 0x00000000eab00000)
  object space 129536K, 1% used [0x00000000c0000000,0x00000000c0202508,0x00000000c7e80000)
 Metaspace       used 5571K, capacity 6640K, committed 6784K, reserved 1056768K
  class space    used 589K, capacity 616K, committed 640K, reserved 1048576K
}
Event: 1.480 GC heap before
{Heap before GC invocations=9 (full 0):
 PSYoungGen      total 10240K, used 9760K [0x00000000eab00000, 0x00000000eb700000, 0x0000000100000000)
  eden space 8192K, 100% used [0x00000000eab00000,0x00000000eb300000,0x00000000eb300000)
  from space 2048K, 76% used [0x00000000eb500000,0x00000000eb688018,0x00000000eb700000)
  to   space 2048K, 0% used [0x00000000eb300000,0x00000000eb300000,0x00000000eb500000)
 ParOldGen       total 129536K, used 2057K [0x00000000c0000000, 0x00000000c7e80000, 0x00000000eab00000)
  object space 129536K, 1% used [0x00000000c0000000,0x00000000c0202508,0x00000000c7e80000)
 Metaspace       used 5682K, capacity 6704K, committed 6784K, reserved 1056768K
  class space    used 589K, capacity 616K, committed 640K, reserved 1048576K
Event: 1.650 GC heap after
Heap after GC invocations=9 (full 0):
 PSYoungGen      total 10240K, used 2016K [0x00000000eab00000, 0x00000000ebe00000, 0x0000000100000000)
  eden space 8192K, 0% used [0x00000000eab00000,0x00000000eab00000,0x00000000eb300000)
  from space 2048K, 98% used [0x00000000eb300000,0x00000000eb4f8018,0x00000000eb500000)
  to   space 3072K, 0% used [0x00000000ebb00000,0x00000000ebb00000,0x00000000ebe00000)
 ParOldGen       total 129536K, used 3020K [0x00000000c0000000, 0x00000000c7e80000, 0x00000000eab00000)
  object space 129536K, 2% used [0x00000000c0000000,0x00000000c02f31b0,0x00000000c7e80000)
 Metaspace       used 5682K, capacity 6704K, committed 6784K, reserved 1056768K
  class space    used 589K, capacity 616K, committed 640K, reserved 1048576K
}
Event: 1.735 GC heap before
{Heap before GC invocations=10 (full 0):
 PSYoungGen      total 10240K, used 10208K [0x00000000eab00000, 0x00000000ebe00000, 0x0000000100000000)
  eden space 8192K, 100% used [0x00000000eab00000,0x00000000eb300000,0x00000000eb300000)
  from space 2048K, 98% used [0x00000000eb300000,0x00000000eb4f8018,0x00000000eb500000)
  to   space 3072K, 0% used [0x00000000ebb00000,0x00000000ebb00000,0x00000000ebe00000)
 ParOldGen       total 129536K, used 3020K [0x00000000c0000000, 0x00000000c7e80000, 0x00000000eab00000)
  object space 129536K, 2% used [0x00000000c0000000,0x00000000c02f31b0,0x00000000c7e80000)
 Metaspace       used 5725K, capacity 6768K, committed 7040K, reserved 1056768K
  class space    used 589K, capacity 616K, committed 640K, reserved 1048576K
Event: 1.780 GC heap after
Heap after GC invocations=10 (full 0):
 PSYoungGen      total 16384K, used 2592K [0x00000000eab00000, 0x00000000ebe00000, 0x0000000100000000)
  eden space 13312K, 0% used [0x00000000eab00000,0x00000000eab00000,0x00000000eb800000)
  from space 3072K, 84% used [0x00000000ebb00000,0x00000000ebd88010,0x00000000ebe00000)
  to   space 3072K, 0% used [0x00000000eb800000,0x00000000eb800000,0x00000000ebb00000)
 ParOldGen       total 129536K, used 3816K [0x00000000c0000000, 0x00000000c7e80000, 0x00000000eab00000)
  object space 129536K, 2% used [0x00000000c0000000,0x00000000c03ba1d8,0x00000000c7e80000)
 Metaspace       used 5725K, capacity 6768K, committed 7040K, reserved 1056768K
  class space    used 589K, capacity 616K, committed 640K, reserved 1048576K
}

Deoptimization events (10 events):
Event: 1.247 Thread 0x0000000015dda800 Uncommon trap: reason=class_check action=maybe_recompile pc=0x0000000002402430 method=com.android.dx.ssa.NormalSsaInsn.accept(Lcom/android/dx/ssa/SsaInsn$Visitor;)V @ 9
Event: 1.259 Thread 0x0000000015dda800 Uncommon trap: reason=class_check action=maybe_recompile pc=0x0000000002402430 method=com.android.dx.ssa.NormalSsaInsn.accept(Lcom/android/dx/ssa/SsaInsn$Visitor;)V @ 9
Event: 1.259 Thread 0x0000000015dda800 Uncommon trap: reason=class_check action=maybe_recompile pc=0x0000000002402430 method=com.android.dx.ssa.NormalSsaInsn.accept(Lcom/android/dx/ssa/SsaInsn$Visitor;)V @ 9
Event: 1.304 Thread 0x0000000015dda800 Uncommon trap: reason=class_check action=maybe_recompile pc=0x00000000024466f0 method=com.android.dx.ssa.NormalSsaInsn.accept(Lcom/android/dx/ssa/SsaInsn$Visitor;)V @ 9
Event: 1.424 Thread 0x0000000015e45000 Uncommon trap: reason=null_check action=make_not_entrant pc=0x000000000245d64c method=com.android.dx.ssa.SsaRenamer.getLocalForNewReg(I)Lcom/android/dx/rop/code/LocalItem; @ 19
Event: 1.671 Thread 0x0000000002010800 Uncommon trap: reason=bimorphic action=maybe_recompile pc=0x00000000024072b4 method=java.util.HashMap.getNode(ILjava/lang/Object;)Ljava/util/HashMap$Node; @ 126
Event: 1.673 Thread 0x0000000002010800 Uncommon trap: reason=bimorphic action=maybe_recompile pc=0x00000000024072b4 method=java.util.HashMap.getNode(ILjava/lang/Object;)Ljava/util/HashMap$Node; @ 126
Event: 1.730 Thread 0x0000000015dda800 Uncommon trap: reason=null_check action=make_not_entrant pc=0x00000000024568e4 method=com.android.dx.rop.type.Type.equals(Ljava/lang/Object;)Z @ 8
Event: 1.784 Thread 0x0000000002010800 Uncommon trap: reason=bimorphic action=maybe_recompile pc=0x00000000024072b4 method=java.util.HashMap.getNode(ILjava/lang/Object;)Ljava/util/HashMap$Node; @ 126
Event: 1.784 Thread 0x0000000002010800 Uncommon trap: reason=bimorphic action=maybe_recompile pc=0x00000000024072b4 method=java.util.HashMap.getNode(ILjava/lang/Object;)Ljava/util/HashMap$Node; @ 126

Internal exceptions (10 events):
Event: 1.098 Thread 0x0000000015e45000 Exception <a 'java/security/PrivilegedActionException'> (0x00000000eacff750) thrown at [D:\re\workspace\8-2-build-windows-amd64-cygwin\jdk8u5\2488\hotspot\src\share\vm\prims\jvm.cpp, line 1248]
Event: 1.099 Thread 0x0000000015e45000 Exception <a 'java/security/PrivilegedActionException'> (0x00000000ead04cb8) thrown at [D:\re\workspace\8-2-build-windows-amd64-cygwin\jdk8u5\2488\hotspot\src\share\vm\prims\jvm.cpp, line 1248]
Event: 1.101 Thread 0x0000000015d84000 Exception <a 'java/security/PrivilegedActionException'> (0x00000000ead23e38) thrown at [D:\re\workspace\8-2-build-windows-amd64-cygwin\jdk8u5\2488\hotspot\src\share\vm\prims\jvm.cpp, line 1248]
Event: 1.101 Thread 0x0000000002010800 Exception <a 'java/security/PrivilegedActionException'> (0x00000000ead29670) thrown at [D:\re\workspace\8-2-build-windows-amd64-cygwin\jdk8u5\2488\hotspot\src\share\vm\prims\jvm.cpp, line 1248]
Event: 1.105 Thread 0x0000000015ea9000 Exception <a 'java/security/PrivilegedActionException'> (0x00000000ead69568) thrown at [D:\re\workspace\8-2-build-windows-amd64-cygwin\jdk8u5\2488\hotspot\src\share\vm\prims\jvm.cpp, line 1248]
Event: 1.108 Thread 0x0000000015ea9000 Exception <a 'java/security/PrivilegedActionException'> (0x00000000eadae988) thrown at [D:\re\workspace\8-2-build-windows-amd64-cygwin\jdk8u5\2488\hotspot\src\share\vm\prims\jvm.cpp, line 1248]
Event: 1.117 Thread 0x0000000015dda800 Exception <a 'java/security/PrivilegedActionException'> (0x00000000eadfefb8) thrown at [D:\re\workspace\8-2-build-windows-amd64-cygwin\jdk8u5\2488\hotspot\src\share\vm\prims\jvm.cpp, line 1248]
Event: 1.387 Thread 0x0000000015ea9000 Exception <a 'java/security/PrivilegedActionException'> (0x00000000eab14f00) thrown at [D:\re\workspace\8-2-build-windows-amd64-cygwin\jdk8u5\2488\hotspot\src\share\vm\prims\jvm.cpp, line 1248]
Event: 1.424 Thread 0x0000000015e45000 Implicit null exception at 0x000000000245b559 to 0x000000000245d621
Event: 1.730 Thread 0x0000000015dda800 Implicit null exception at 0x00000000024567e2 to 0x00000000024568d5

Events (10 events):
Event: 1.735 Executing VM operation: ParallelGCFailedAllocation
Event: 1.780 Executing VM operation: ParallelGCFailedAllocation done
Event: 1.784 Thread 0x0000000002010800 Uncommon trap: trap_request=0xffffffc6 fr.pc=0x00000000024072b4
Event: 1.784 Thread 0x0000000002010800 DEOPT PACKING pc=0x00000000024072b4 sp=0x0000000001cbe620
Event: 1.784 Thread 0x0000000002010800 DEOPT UNPACKING pc=0x00000000022155af sp=0x0000000001cbe548 mode 2
Event: 1.784 Thread 0x0000000002010800 Uncommon trap: trap_request=0xffffffc6 fr.pc=0x00000000024072b4
Event: 1.784 Thread 0x0000000002010800 DEOPT PACKING pc=0x00000000024072b4 sp=0x0000000001cbe620
Event: 1.784 Thread 0x0000000002010800 DEOPT UNPACKING pc=0x00000000022155af sp=0x0000000001cbe548 mode 2
Event: 1.795 Thread 0x0000000015d84000 DEOPT PACKING pc=0x00000000025984ba sp=0x00000000167eecf0
Event: 1.795 Thread 0x0000000015d84000 DEOPT UNPACKING pc=0x0000000002217604 sp=0x00000000167eead0 mode 0


Dynamic libraries:
0x00007ff7b1cb0000 - 0x00007ff7b1ce4000 	D:\jdk\bin\java.exe
0x00007ffd1f340000 - 0x00007ffd1f4e9000 	C:\Windows\SYSTEM32\ntdll.dll
0x00007ffd1cbd0000 - 0x00007ffd1cd09000 	C:\Windows\system32\KERNEL32.DLL
0x00007ffd1c840000 - 0x00007ffd1c94e000 	C:\Windows\system32\KERNELBASE.dll
0x00007ffd1e970000 - 0x00007ffd1ea15000 	C:\Windows\system32\ADVAPI32.dll
0x00007ffd1e6f0000 - 0x00007ffd1e861000 	C:\Windows\system32\USER32.dll
0x00007ffd1a700000 - 0x00007ffd1a95a000 	C:\Windows\WinSxS\amd64_microsoft.windows.common-controls_6595b64144ccf1df_6.0.9600.16384_none_62475f7becb72503\COMCTL32.dll
0x00007ffd1e450000 - 0x00007ffd1e4f7000 	C:\Windows\system32\msvcrt.dll
0x00007ffd1ea20000 - 0x00007ffd1ea77000 	C:\Windows\SYSTEM32\sechost.dll
0x00007ffd1f200000 - 0x00007ffd1f336000 	C:\Windows\system32\RPCRT4.dll
0x00007ffd1ec90000 - 0x00007ffd1edd5000 	C:\Windows\system32\GDI32.dll
0x00007ffd1cf20000 - 0x00007ffd1cf54000 	C:\Windows\system32\IMM32.DLL
0x00007ffd1cdd0000 - 0x00007ffd1cf09000 	C:\Windows\system32\MSCTF.dll
0x000000006afa0000 - 0x000000006b072000 	D:\jdk\jre\bin\msvcr100.dll
0x000000006b470000 - 0x000000006bc9a000 	D:\jdk\jre\bin\server\jvm.dll
0x00007ffd19ee0000 - 0x00007ffd19ee9000 	C:\Windows\SYSTEM32\WSOCK32.dll
0x00007ffd18480000 - 0x00007ffd1849f000 	C:\Windows\SYSTEM32\WINMM.dll
0x00007ffd1cd10000 - 0x00007ffd1cd17000 	C:\Windows\system32\PSAPI.DLL
0x00007ffd1ea90000 - 0x00007ffd1eae8000 	C:\Windows\system32\WS2_32.dll
0x00007ffd18320000 - 0x00007ffd1834a000 	C:\Windows\SYSTEM32\WINMMBASE.dll
0x00007ffd1cf10000 - 0x00007ffd1cf19000 	C:\Windows\system32\NSI.dll
0x00007ffd1c950000 - 0x00007ffd1c99a000 	C:\Windows\SYSTEM32\cfgmgr32.dll
0x00007ffd1b570000 - 0x00007ffd1b596000 	C:\Windows\SYSTEM32\DEVOBJ.dll
0x000000006bec0000 - 0x000000006becf000 	D:\jdk\jre\bin\verify.dll
0x000000006be90000 - 0x000000006beb8000 	D:\jdk\jre\bin\java.dll
0x000000006be70000 - 0x000000006be86000 	D:\jdk\jre\bin\zip.dll
0x00007ffd1d040000 - 0x00007ffd1e44d000 	C:\Windows\system32\SHELL32.dll
0x00007ffd1f020000 - 0x00007ffd1f1f7000 	C:\Windows\SYSTEM32\combase.dll
0x00007ffd1cf80000 - 0x00007ffd1cfd1000 	C:\Windows\system32\SHLWAPI.dll
0x00007ffd1ad50000 - 0x00007ffd1adf1000 	C:\Windows\SYSTEM32\SHCORE.dll
0x00007ffd1c6c0000 - 0x00007ffd1c6d4000 	C:\Windows\SYSTEM32\profapi.dll
0x00007ffd132f0000 - 0x00007ffd13478000 	C:\Windows\SYSTEM32\dbghelp.dll

VM Arguments:
jvm_args: -Djava.awt.headless=true -Xmx1024M -Dfile.encoding=GBK -Duser.country=CN -Duser.language=zh -Duser.variant 
java_command: com.android.dx.command.Main --dex --num-threads=4 --output E:\Sports\app\build\intermediates\pre-dexed\debug\okio-1.6.0_c410569bd3ae660f2a7eceb3af69efc833b46b70.jar C:\Users\Administrator\.gradle\caches\modules-2\files-2.1\com.squareup.okio\okio\1.6.0\98476622f10715998eacf9240d6b479f12c66143\okio-1.6.0.jar
java_class_path (initial): D:\android\AppData\Local\Android\sdk\build-tools\24.0.0\lib\dx.jar
Launcher Type: SUN_STANDARD

Environment Variables:
JAVA_HOME=D:\jdk
PATH=C:\Windows\system32;C:\Windows;C:\Windows\System32\Wbem;C:\Windows\System32\WindowsPowerShell\v1.0\;D:\jdk\bin;D:\jdk\jre\bin;D:\android\AppData\Local\Android\sdk\tools;D:\android\AppData\Local\Android\sdk\platform-tools;C:\Program Files (x86)\NVIDIA Corporation\PhysX\Common
USERNAME=Administrator
OS=Windows_NT
PROCESSOR_IDENTIFIER=Intel64 Family 6 Model 60 Stepping 3, GenuineIntel



---------------  S Y S T E M  ---------------

OS: Windows 8.1 , 64 bit Build 9600 

CPU:total 4 (4 cores per cpu, 1 threads per core) family 6 model 60 stepping 3, cmov, cx8, fxsr, mmx, sse, sse2, sse3, ssse3, sse4.1, sse4.2, popcnt, avx, avx2, aes, clmul, erms, tsc, tscinvbit

Memory: 4k page, physical 8273724k(1934812k free), swap 8273724k(231484k free)

vm_info: Java HotSpot(TM) 64-Bit Server VM (25.5-b02) for windows-amd64 JRE (1.8.0_05-b13), built on Mar 18 2014 01:08:39 by "java_re" with MS VC++ 10.0 (VS2010)

time: Wed Aug 03 16:29:26 2016
elapsed time: 1 seconds

