#
# There is insufficient memory for the Java Runtime Environment to continue.
# Native memory allocation (malloc) failed to allocate 262160 bytes for Chunk::new
# Possible reasons:
#   The system is out of physical RAM or swap space
#   In 32 bit mode, the process size limit was hit
# Possible solutions:
#   Reduce memory load on the system
#   Increase physical memory or swap space
#   Check if swap backing store is full
#   Use 64 bit Java on a 64 bit OS
#   Decrease Java heap size (-Xmx/-Xms)
#   Decrease number of Java threads
#   Decrease Java thread stack sizes (-Xss)
#   Set larger code cache with -XX:ReservedCodeCacheSize=
# This output file may be truncated or incomplete.
#
#  Out of Memory Error (allocation.cpp:388), pid=14260, tid=1368
#
# JRE version: Java(TM) SE Runtime Environment (8.0_05-b13) (build 1.8.0_05-b13)
# Java VM: Java HotSpot(TM) 64-Bit Server VM (25.5-b02 mixed mode windows-amd64 compressed oops)
# Failed to write core dump. Minidumps are not enabled by default on client versions of Windows
#

---------------  T H R E A D  ---------------

Current thread (0x0000000015362800):  JavaThread "C2 CompilerThread0" daemon [_thread_in_native, id=1368, stack(0x0000000016cb0000,0x0000000016db0000)]

Stack: [0x0000000016cb0000,0x0000000016db0000]
Native frames: (J=compiled Java code, j=interpreted, Vv=VM code, C=native code)
V  [jvm.dll+0x308dea]
V  [jvm.dll+0x25def1]
V  [jvm.dll+0x25eb0f]
V  [jvm.dll+0x2564e5]
V  [jvm.dll+0xbcfc5]
V  [jvm.dll+0xbd45c]
V  [jvm.dll+0xbd704]
V  [jvm.dll+0x4bea70]
V  [jvm.dll+0x43b595]
V  [jvm.dll+0x4d551b]
V  [jvm.dll+0x4435b6]
V  [jvm.dll+0x427532]
V  [jvm.dll+0x96702]
V  [jvm.dll+0x96ef3]
V  [jvm.dll+0x2232c4]
V  [jvm.dll+0x27baca]
C  [msvcr100.dll+0x21d9f]
C  [msvcr100.dll+0x21e3b]
C  [KERNEL32.DLL+0x15dd]
C  [ntdll.dll+0x764ad]


Current CompileTask:
C2:   3212 1975   !   4       com.android.dx.cf.code.Ropper::processBlock (1101 bytes)


---------------  P R O C E S S  ---------------

Java Threads: ( => current thread )
  0x00000000169b6800 JavaThread "pool-1-thread-4" [_thread_blocked, id=12584, stack(0x0000000017db0000,0x0000000017eb0000)]
  0x000000001699c000 JavaThread "pool-1-thread-3" [_thread_in_Java, id=14320, stack(0x0000000017cb0000,0x0000000017db0000)]
  0x0000000016a08800 JavaThread "pool-1-thread-2" [_thread_in_vm, id=13904, stack(0x0000000017bb0000,0x0000000017cb0000)]
  0x0000000016a03800 JavaThread "pool-2-thread-1" [_thread_blocked, id=13868, stack(0x0000000017ab0000,0x0000000017bb0000)]
  0x0000000016a96000 JavaThread "pool-1-thread-1" [_thread_blocked, id=11384, stack(0x00000000179b0000,0x0000000017ab0000)]
  0x0000000016720800 JavaThread "Service Thread" daemon [_thread_blocked, id=12084, stack(0x0000000016fb0000,0x00000000170b0000)]
  0x00000000153ae800 JavaThread "C1 CompilerThread2" daemon [_thread_blocked, id=11704, stack(0x0000000016eb0000,0x0000000016fb0000)]
  0x00000000153ab000 JavaThread "C2 CompilerThread1" daemon [_thread_in_vm, id=14084, stack(0x0000000016db0000,0x0000000016eb0000)]
=>0x0000000015362800 JavaThread "C2 CompilerThread0" daemon [_thread_in_native, id=1368, stack(0x0000000016cb0000,0x0000000016db0000)]
  0x0000000015361000 JavaThread "Attach Listener" daemon [_thread_blocked, id=13536, stack(0x0000000016bb0000,0x0000000016cb0000)]
  0x00000000166f3800 JavaThread "Signal Dispatcher" daemon [_thread_blocked, id=14156, stack(0x0000000016ab0000,0x0000000016bb0000)]
  0x0000000002c74000 JavaThread "Finalizer" daemon [_thread_blocked, id=12592, stack(0x00000000165b0000,0x00000000166b0000)]
  0x0000000002c69000 JavaThread "Reference Handler" daemon [_thread_blocked, id=13920, stack(0x00000000164b0000,0x00000000165b0000)]
  0x0000000002b80800 JavaThread "main" [_thread_in_vm, id=13952, stack(0x0000000002a20000,0x0000000002b20000)]

Other Threads:
  0x0000000015317000 VMThread [stack: 0x00000000163b0000,0x00000000164b0000] [id=7008]
  0x0000000016723800 WatcherThread [stack: 0x00000000170b0000,0x00000000171b0000] [id=7388]

VM state:not at safepoint (normal execution)

VM Mutex/Monitor currently owned by a thread: None

Heap:
 PSYoungGen      total 52736K, used 43670K [0x00000000eab00000, 0x00000000ee480000, 0x0000000100000000)
  eden space 47104K, 80% used [0x00000000eab00000,0x00000000ed02dad0,0x00000000ed900000)
  from space 5632K, 99% used [0x00000000ed900000,0x00000000ede78010,0x00000000ede80000)
  to   space 5120K, 0% used [0x00000000ede80000,0x00000000ede80000,0x00000000ee380000)
 ParOldGen       total 129536K, used 21397K [0x00000000c0000000, 0x00000000c7e80000, 0x00000000eab00000)
  object space 129536K, 16% used [0x00000000c0000000,0x00000000c14e5518,0x00000000c7e80000)
 Metaspace       used 6034K, capacity 6936K, committed 7168K, reserved 1056768K
  class space    used 604K, capacity 656K, committed 768K, reserved 1048576K

Card table byte_map: [0x0000000012040000,0x0000000012250000] byte_map_base: 0x0000000011a40000

Marking Bits: (ParMarkBitMap*) 0x000000006bc213b0
 Begin Bits: [0x00000000127b0000, 0x00000000137b0000)
 End Bits:   [0x00000000137b0000, 0x00000000147b0000)

Polling page: 0x0000000000f80000

CodeCache: size=245760Kb used=7484Kb max_used=7493Kb free=238275Kb
 bounds [0x0000000002c80000, 0x00000000033e0000, 0x0000000011c80000]
 total_blobs=2137 nmethods=1872 adapters=178
 compilation: enabled

Compilation events (10 events):
Event: 3.177 Thread 0x00000000153ae800 1964       1       com.android.dx.dex.code.SwitchData::isPacked (5 bytes)
Event: 3.177 Thread 0x00000000153ae800 nmethod 1964 0x00000000033a0d50 code [0x00000000033a0ea0, 0x00000000033a0fb0]
Event: 3.179 Thread 0x0000000015362800 nmethod 1949% 0x00000000033b7610 code [0x00000000033b7820, 0x00000000033b83c0]
Event: 3.179 Thread 0x0000000015362800 1960       4       com.android.dx.ssa.SsaBasicBlock::getRopLabelSuccessorList (57 bytes)
Event: 3.179 Thread 0x00000000153ae800 1967 %     3       com.android.dx.dex.cf.CfTranslator::translate0 @ 141 (259 bytes)
Event: 3.181 Thread 0x00000000153ae800 nmethod 1967% 0x00000000033c8050 code [0x00000000033c84e0, 0x00000000033cb288]
Event: 3.181 Thread 0x00000000153ae800 1968       3       com.android.dx.dex.cf.CfTranslator::translate0 (259 bytes)
Event: 3.182 Thread 0x00000000153ae800 nmethod 1968 0x00000000033cd010 code [0x00000000033cd480, 0x00000000033d00a8]
Event: 3.186 Thread 0x0000000015362800 nmethod 1960 0x00000000033b6690 code [0x00000000033b6820, 0x00000000033b6f98]
Event: 3.186 Thread 0x0000000015362800 1975   !   4       com.android.dx.cf.code.Ropper::processBlock (1101 bytes)

GC Heap History (10 events):
Event: 1.760 GC heap before
{Heap before GC invocations=13 (full 0):
 PSYoungGen      total 21504K, used 20128K [0x00000000eab00000, 0x00000000ec400000, 0x0000000100000000)
  eden space 18432K, 100% used [0x00000000eab00000,0x00000000ebd00000,0x00000000ebd00000)
  from space 3072K, 55% used [0x00000000ec100000,0x00000000ec2a8010,0x00000000ec400000)
  to   space 3584K, 0% used [0x00000000ebd00000,0x00000000ebd00000,0x00000000ec080000)
 ParOldGen       total 129536K, used 7385K [0x00000000c0000000, 0x00000000c7e80000, 0x00000000eab00000)
  object space 129536K, 5% used [0x00000000c0000000,0x00000000c0736630,0x00000000c7e80000)
 Metaspace       used 5759K, capacity 6768K, committed 7040K, reserved 1056768K
  class space    used 576K, capacity 616K, committed 640K, reserved 1048576K
Event: 1.763 GC heap after
Heap after GC invocations=13 (full 0):
 PSYoungGen      total 22016K, used 2528K [0x00000000eab00000, 0x00000000ed000000, 0x0000000100000000)
  eden space 18432K, 0% used [0x00000000eab00000,0x00000000eab00000,0x00000000ebd00000)
  from space 3584K, 70% used [0x00000000ebd00000,0x00000000ebf78000,0x00000000ec080000)
  to   space 4096K, 0% used [0x00000000ecc00000,0x00000000ecc00000,0x00000000ed000000)
 ParOldGen       total 129536K, used 8945K [0x00000000c0000000, 0x00000000c7e80000, 0x00000000eab00000)
  object space 129536K, 6% used [0x00000000c0000000,0x00000000c08bc640,0x00000000c7e80000)
 Metaspace       used 5759K, capacity 6768K, committed 7040K, reserved 1056768K
  class space    used 576K, capacity 616K, committed 640K, reserved 1048576K
}
Event: 1.852 GC heap before
{Heap before GC invocations=14 (full 0):
 PSYoungGen      total 22016K, used 20960K [0x00000000eab00000, 0x00000000ed000000, 0x0000000100000000)
  eden space 18432K, 100% used [0x00000000eab00000,0x00000000ebd00000,0x00000000ebd00000)
  from space 3584K, 70% used [0x00000000ebd00000,0x00000000ebf78000,0x00000000ec080000)
  to   space 4096K, 0% used [0x00000000ecc00000,0x00000000ecc00000,0x00000000ed000000)
 ParOldGen       total 129536K, used 8945K [0x00000000c0000000, 0x00000000c7e80000, 0x00000000eab00000)
  object space 129536K, 6% used [0x00000000c0000000,0x00000000c08bc640,0x00000000c7e80000)
 Metaspace       used 5861K, capacity 6832K, committed 7040K, reserved 1056768K
  class space    used 579K, capacity 616K, committed 640K, reserved 1048576K
Event: 1.960 GC heap after
Heap after GC invocations=14 (full 0):
 PSYoungGen      total 33792K, used 3368K [0x00000000eab00000, 0x00000000ed000000, 0x0000000100000000)
  eden space 29696K, 0% used [0x00000000eab00000,0x00000000eab00000,0x00000000ec800000)
  from space 4096K, 82% used [0x00000000ecc00000,0x00000000ecf4a360,0x00000000ed000000)
  to   space 4096K, 0% used [0x00000000ec800000,0x00000000ec800000,0x00000000ecc00000)
 ParOldGen       total 129536K, used 11353K [0x00000000c0000000, 0x00000000c7e80000, 0x00000000eab00000)
  object space 129536K, 8% used [0x00000000c0000000,0x00000000c0b16650,0x00000000c7e80000)
 Metaspace       used 5861K, capacity 6832K, committed 7040K, reserved 1056768K
  class space    used 579K, capacity 616K, committed 640K, reserved 1048576K
}
Event: 2.177 GC heap before
{Heap before GC invocations=15 (full 0):
 PSYoungGen      total 33792K, used 33064K [0x00000000eab00000, 0x00000000ed000000, 0x0000000100000000)
  eden space 29696K, 100% used [0x00000000eab00000,0x00000000ec800000,0x00000000ec800000)
  from space 4096K, 82% used [0x00000000ecc00000,0x00000000ecf4a360,0x00000000ed000000)
  to   space 4096K, 0% used [0x00000000ec800000,0x00000000ec800000,0x00000000ecc00000)
 ParOldGen       total 129536K, used 11353K [0x00000000c0000000, 0x00000000c7e80000, 0x00000000eab00000)
  object space 129536K, 8% used [0x00000000c0000000,0x00000000c0b16650,0x00000000c7e80000)
 Metaspace       used 5898K, capacity 6896K, committed 7040K, reserved 1056768K
  class space    used 584K, capacity 616K, committed 640K, reserved 1048576K
Event: 2.187 GC heap after
Heap after GC invocations=15 (full 0):
 PSYoungGen      total 33792K, used 3936K [0x00000000eab00000, 0x00000000ee380000, 0x0000000100000000)
  eden space 29696K, 0% used [0x00000000eab00000,0x00000000eab00000,0x00000000ec800000)
  from space 4096K, 96% used [0x00000000ec800000,0x00000000ecbd8010,0x00000000ecc00000)
  to   space 5120K, 0% used [0x00000000ede80000,0x00000000ede80000,0x00000000ee380000)
 ParOldGen       total 129536K, used 13930K [0x00000000c0000000, 0x00000000c7e80000, 0x00000000eab00000)
  object space 129536K, 10% used [0x00000000c0000000,0x00000000c0d9aaa8,0x00000000c7e80000)
 Metaspace       used 5898K, capacity 6896K, committed 7040K, reserved 1056768K
  class space    used 584K, capacity 616K, committed 640K, reserved 1048576K
}
Event: 2.389 GC heap before
{Heap before GC invocations=16 (full 0):
 PSYoungGen      total 33792K, used 33632K [0x00000000eab00000, 0x00000000ee380000, 0x0000000100000000)
  eden space 29696K, 100% used [0x00000000eab00000,0x00000000ec800000,0x00000000ec800000)
  from space 4096K, 96% used [0x00000000ec800000,0x00000000ecbd8010,0x00000000ecc00000)
  to   space 5120K, 0% used [0x00000000ede80000,0x00000000ede80000,0x00000000ee380000)
 ParOldGen       total 129536K, used 13930K [0x00000000c0000000, 0x00000000c7e80000, 0x00000000eab00000)
  object space 129536K, 10% used [0x00000000c0000000,0x00000000c0d9aaa8,0x00000000c7e80000)
 Metaspace       used 5907K, capacity 6896K, committed 7040K, reserved 1056768K
  class space    used 584K, capacity 616K, committed 640K, reserved 1048576K
Event: 2.442 GC heap after
Heap after GC invocations=16 (full 0):
 PSYoungGen      total 52224K, used 4336K [0x00000000eab00000, 0x00000000ee480000, 0x0000000100000000)
  eden space 47104K, 0% used [0x00000000eab00000,0x00000000eab00000,0x00000000ed900000)
  from space 5120K, 84% used [0x00000000ede80000,0x00000000ee2bc010,0x00000000ee380000)
  to   space 5632K, 0% used [0x00000000ed900000,0x00000000ed900000,0x00000000ede80000)
 ParOldGen       total 129536K, used 17257K [0x00000000c0000000, 0x00000000c7e80000, 0x00000000eab00000)
  object space 129536K, 13% used [0x00000000c0000000,0x00000000c10da648,0x00000000c7e80000)
 Metaspace       used 5907K, capacity 6896K, committed 7040K, reserved 1056768K
  class space    used 584K, capacity 616K, committed 640K, reserved 1048576K
}
Event: 2.734 GC heap before
{Heap before GC invocations=17 (full 0):
 PSYoungGen      total 52224K, used 51440K [0x00000000eab00000, 0x00000000ee480000, 0x0000000100000000)
  eden space 47104K, 100% used [0x00000000eab00000,0x00000000ed900000,0x00000000ed900000)
  from space 5120K, 84% used [0x00000000ede80000,0x00000000ee2bc010,0x00000000ee380000)
  to   space 5632K, 0% used [0x00000000ed900000,0x00000000ed900000,0x00000000ede80000)
 ParOldGen       total 129536K, used 17257K [0x00000000c0000000, 0x00000000c7e80000, 0x00000000eab00000)
  object space 129536K, 13% used [0x00000000c0000000,0x00000000c10da648,0x00000000c7e80000)
 Metaspace       used 6026K, capacity 6936K, committed 7168K, reserved 1056768K
  class space    used 604K, capacity 656K, committed 768K, reserved 1048576K
Event: 2.782 GC heap after
Heap after GC invocations=17 (full 0):
 PSYoungGen      total 52736K, used 5600K [0x00000000eab00000, 0x00000000ee480000, 0x0000000100000000)
  eden space 47104K, 0% used [0x00000000eab00000,0x00000000eab00000,0x00000000ed900000)
  from space 5632K, 99% used [0x00000000ed900000,0x00000000ede78010,0x00000000ede80000)
  to   space 5120K, 0% used [0x00000000ede80000,0x00000000ede80000,0x00000000ee380000)
 ParOldGen       total 129536K, used 21397K [0x00000000c0000000, 0x00000000c7e80000, 0x00000000eab00000)
  object space 129536K, 16% used [0x00000000c0000000,0x00000000c14e5518,0x00000000c7e80000)
 Metaspace       used 6026K, capacity 6936K, committed 7168K, reserved 1056768K
  class space    used 604K, capacity 656K, committed 768K, reserved 1048576K
}

Deoptimization events (10 events):
Event: 2.272 Thread 0x00000000169b6800 Uncommon trap: reason=bimorphic action=maybe_recompile pc=0x00000000032a4fdc method=com.android.dx.ssa.LiteralOpUpgrader.tryReplacingWithConstant(Lcom/android/dx/ssa/NormalSsaInsn;)Z @ 52
Event: 2.273 Thread 0x00000000169b6800 Uncommon trap: reason=bimorphic action=maybe_recompile pc=0x00000000032a4fdc method=com.android.dx.ssa.LiteralOpUpgrader.tryReplacingWithConstant(Lcom/android/dx/ssa/NormalSsaInsn;)Z @ 52
Event: 2.274 Thread 0x00000000169b6800 Uncommon trap: reason=bimorphic action=maybe_recompile pc=0x00000000032a4fdc method=com.android.dx.ssa.LiteralOpUpgrader.tryReplacingWithConstant(Lcom/android/dx/ssa/NormalSsaInsn;)Z @ 52
Event: 2.276 Thread 0x00000000169b6800 Uncommon trap: reason=bimorphic action=maybe_recompile pc=0x00000000032a4fdc method=com.android.dx.ssa.LiteralOpUpgrader.tryReplacingWithConstant(Lcom/android/dx/ssa/NormalSsaInsn;)Z @ 52
Event: 2.281 Thread 0x00000000169b6800 Uncommon trap: reason=class_check action=maybe_recompile pc=0x00000000032c9c94 method=com.android.dx.ssa.SCCP.simulateBranch(Lcom/android/dx/ssa/SsaInsn;)V @ 145
Event: 2.281 Thread 0x00000000169b6800 Uncommon trap: reason=class_check action=maybe_recompile pc=0x00000000032c9c94 method=com.android.dx.ssa.SCCP.simulateBranch(Lcom/android/dx/ssa/SsaInsn;)V @ 145
Event: 2.513 Thread 0x0000000016a08800 Uncommon trap: reason=class_check action=maybe_recompile pc=0x00000000032c9c94 method=com.android.dx.ssa.SCCP.simulateBranch(Lcom/android/dx/ssa/SsaInsn;)V @ 145
Event: 2.575 Thread 0x0000000016a08800 Uncommon trap: reason=class_check action=maybe_recompile pc=0x00000000032c9c94 method=com.android.dx.ssa.SCCP.simulateBranch(Lcom/android/dx/ssa/SsaInsn;)V @ 145
Event: 2.635 Thread 0x0000000016a96000 Uncommon trap: reason=unreached action=reinterpret pc=0x0000000003192594 method=com.android.dx.ssa.MoveParamCombiner$1.visitNonMoveInsn(Lcom/android/dx/ssa/NormalSsaInsn;)V @ 27
Event: 2.679 Thread 0x0000000002b80800 Uncommon trap: reason=bimorphic action=maybe_recompile pc=0x00000000032da6c8 method=java.util.HashMap.putVal(ILjava/lang/Object;Ljava/lang/Object;ZZ)Ljava/lang/Object; @ 203

Internal exceptions (10 events):
Event: 1.840 Thread 0x0000000016a08800 Exception <a 'java/security/PrivilegedActionException'> (0x00000000ebb21138) thrown at [D:\re\workspace\8-2-build-windows-amd64-cygwin\jdk8u5\2488\hotspot\src\share\vm\prims\jvm.cpp, line 1248]
Event: 1.843 Thread 0x00000000169b6800 Exception <a 'java/security/PrivilegedActionException'> (0x00000000ebbed2c8) thrown at [D:\re\workspace\8-2-build-windows-amd64-cygwin\jdk8u5\2488\hotspot\src\share\vm\prims\jvm.cpp, line 1248]
Event: 2.033 Thread 0x0000000002b80800 Exception <a 'java/security/PrivilegedActionException'> (0x00000000eab086d0) thrown at [D:\re\workspace\8-2-build-windows-amd64-cygwin\jdk8u5\2488\hotspot\src\share\vm\prims\jvm.cpp, line 1248]
Event: 2.035 Thread 0x0000000002b80800 Exception <a 'java/security/PrivilegedActionException'> (0x00000000eab12678) thrown at [D:\re\workspace\8-2-build-windows-amd64-cygwin\jdk8u5\2488\hotspot\src\share\vm\prims\jvm.cpp, line 1248]
Event: 2.078 Thread 0x0000000002b80800 Exception <a 'java/security/PrivilegedActionException'> (0x00000000eab14e50) thrown at [D:\re\workspace\8-2-build-windows-amd64-cygwin\jdk8u5\2488\hotspot\src\share\vm\prims\jvm.cpp, line 1248]
Event: 2.079 Thread 0x0000000002b80800 Exception <a 'java/security/PrivilegedActionException'> (0x00000000eab18330) thrown at [D:\re\workspace\8-2-build-windows-amd64-cygwin\jdk8u5\2488\hotspot\src\share\vm\prims\jvm.cpp, line 1248]
Event: 2.080 Thread 0x0000000002b80800 Exception <a 'java/security/PrivilegedActionException'> (0x00000000eab1a9c8) thrown at [D:\re\workspace\8-2-build-windows-amd64-cygwin\jdk8u5\2488\hotspot\src\share\vm\prims\jvm.cpp, line 1248]
Event: 2.518 Thread 0x0000000016a96000 Exception <a 'java/lang/ArrayIndexOutOfBoundsException': 18> (0x00000000eaf5ecf0) thrown at [D:\re\workspace\8-2-build-windows-amd64-cygwin\jdk8u5\2488\hotspot\src\share\vm\interpreter\interpreterRuntime.cpp, line 337]
Event: 2.518 Thread 0x0000000016a96000 Exception <a 'java/lang/ArrayIndexOutOfBoundsException'> (0x00000000eaf60788) thrown at [D:\re\workspace\8-2-build-windows-amd64-cygwin\jdk8u5\2488\hotspot\src\share\vm\runtime\sharedRuntime.cpp, line 595]
Event: 2.519 Thread 0x0000000016a96000 Exception <a 'java/lang/ArrayIndexOutOfBoundsException'> (0x00000000eaf619a0) thrown at [D:\re\workspace\8-2-build-windows-amd64-cygwin\jdk8u5\2488\hotspot\src\share\vm\runtime\sharedRuntime.cpp, line 595]

Events (10 events):
Event: 2.960 Thread 0x000000001699c000 DEOPT PACKING pc=0x0000000003181d1f sp=0x0000000017dae8a0
Event: 2.960 Thread 0x000000001699c000 DEOPT UNPACKING pc=0x0000000002cc7604 sp=0x0000000017dae618 mode 0
Event: 2.965 Thread 0x0000000002b80800 DEOPT PACKING pc=0x0000000003172a0a sp=0x0000000002b1e410
Event: 2.965 Thread 0x0000000002b80800 DEOPT UNPACKING pc=0x0000000002cc7604 sp=0x0000000002b1e198 mode 0
Event: 2.970 Thread 0x0000000002b80800 DEOPT PACKING pc=0x000000000311c004 sp=0x0000000002b1e640
Event: 2.970 Thread 0x0000000002b80800 DEOPT UNPACKING pc=0x0000000002cc7604 sp=0x0000000002b1e3a0 mode 0
Event: 2.971 Thread 0x0000000002b80800 DEOPT PACKING pc=0x00000000032a1683 sp=0x0000000002b1e5f0
Event: 2.972 Thread 0x0000000002b80800 DEOPT UNPACKING pc=0x0000000002cc7604 sp=0x0000000002b1e380 mode 0
Event: 3.182 Thread 0x0000000002b80800 DEOPT PACKING pc=0x00000000032f1e21 sp=0x0000000002b1ea40
Event: 3.182 Thread 0x0000000002b80800 DEOPT UNPACKING pc=0x0000000002cc7604 sp=0x0000000002b1e838 mode 0


Dynamic libraries:
0x00007ff7b1cb0000 - 0x00007ff7b1ce4000 	D:\jdk\bin\java.exe
0x00007ffd1f340000 - 0x00007ffd1f4e9000 	C:\Windows\SYSTEM32\ntdll.dll
0x00007ffd1cbd0000 - 0x00007ffd1cd09000 	C:\Windows\system32\KERNEL32.DLL
0x00007ffd1c840000 - 0x00007ffd1c94e000 	C:\Windows\system32\KERNELBASE.dll
0x00007ffd1e970000 - 0x00007ffd1ea15000 	C:\Windows\system32\ADVAPI32.dll
0x00007ffd1e6f0000 - 0x00007ffd1e861000 	C:\Windows\system32\USER32.dll
0x00007ffd1a700000 - 0x00007ffd1a95a000 	C:\Windows\WinSxS\amd64_microsoft.windows.common-controls_6595b64144ccf1df_6.0.9600.16384_none_62475f7becb72503\COMCTL32.dll
0x00007ffd1e450000 - 0x00007ffd1e4f7000 	C:\Windows\system32\msvcrt.dll
0x00007ffd1ea20000 - 0x00007ffd1ea77000 	C:\Windows\SYSTEM32\sechost.dll
0x00007ffd1f200000 - 0x00007ffd1f336000 	C:\Windows\system32\RPCRT4.dll
0x00007ffd1ec90000 - 0x00007ffd1edd5000 	C:\Windows\system32\GDI32.dll
0x00007ffd1cf20000 - 0x00007ffd1cf54000 	C:\Windows\system32\IMM32.DLL
0x00007ffd1cdd0000 - 0x00007ffd1cf09000 	C:\Windows\system32\MSCTF.dll
0x000000006afa0000 - 0x000000006b072000 	D:\jdk\jre\bin\msvcr100.dll
0x000000006b470000 - 0x000000006bc9a000 	D:\jdk\jre\bin\server\jvm.dll
0x00007ffd19ee0000 - 0x00007ffd19ee9000 	C:\Windows\SYSTEM32\WSOCK32.dll
0x00007ffd18480000 - 0x00007ffd1849f000 	C:\Windows\SYSTEM32\WINMM.dll
0x00007ffd1cd10000 - 0x00007ffd1cd17000 	C:\Windows\system32\PSAPI.DLL
0x00007ffd1ea90000 - 0x00007ffd1eae8000 	C:\Windows\system32\WS2_32.dll
0x00007ffd18320000 - 0x00007ffd1834a000 	C:\Windows\SYSTEM32\WINMMBASE.dll
0x00007ffd1cf10000 - 0x00007ffd1cf19000 	C:\Windows\system32\NSI.dll
0x00007ffd1c950000 - 0x00007ffd1c99a000 	C:\Windows\SYSTEM32\cfgmgr32.dll
0x00007ffd1b570000 - 0x00007ffd1b596000 	C:\Windows\SYSTEM32\DEVOBJ.dll
0x000000006bec0000 - 0x000000006becf000 	D:\jdk\jre\bin\verify.dll
0x000000006be90000 - 0x000000006beb8000 	D:\jdk\jre\bin\java.dll
0x000000006be70000 - 0x000000006be86000 	D:\jdk\jre\bin\zip.dll
0x00007ffd1d040000 - 0x00007ffd1e44d000 	C:\Windows\system32\SHELL32.dll
0x00007ffd1f020000 - 0x00007ffd1f1f7000 	C:\Windows\SYSTEM32\combase.dll
0x00007ffd1cf80000 - 0x00007ffd1cfd1000 	C:\Windows\system32\SHLWAPI.dll
0x00007ffd1ad50000 - 0x00007ffd1adf1000 	C:\Windows\SYSTEM32\SHCORE.dll
0x00007ffd1c6c0000 - 0x00007ffd1c6d4000 	C:\Windows\SYSTEM32\profapi.dll
0x00007ffd132f0000 - 0x00007ffd13478000 	C:\Windows\SYSTEM32\dbghelp.dll

VM Arguments:
jvm_args: -Djava.awt.headless=true -Xmx1024M -Dfile.encoding=GBK -Duser.country=CN -Duser.language=zh -Duser.variant 
java_command: com.android.dx.command.Main --dex --num-threads=4 --output E:\Sports\app\build\intermediates\pre-dexed\debug\jpush-android-2.1.0_1d7ffda134d31503033077e14f5048c0f81442d1.jar E:\Sports\app\libs\jpush-android-2.1.0.jar
java_class_path (initial): D:\android\AppData\Local\Android\sdk\build-tools\24.0.0\lib\dx.jar
Launcher Type: SUN_STANDARD

Environment Variables:
JAVA_HOME=D:\jdk
PATH=C:\Windows\system32;C:\Windows;C:\Windows\System32\Wbem;C:\Windows\System32\WindowsPowerShell\v1.0\;D:\jdk\bin;D:\jdk\jre\bin;D:\android\AppData\Local\Android\sdk\tools;D:\android\AppData\Local\Android\sdk\platform-tools;C:\Program Files (x86)\NVIDIA Corporation\PhysX\Common
USERNAME=Administrator
OS=Windows_NT
PROCESSOR_IDENTIFIER=Intel64 Family 6 Model 60 Stepping 3, GenuineIntel



---------------  S Y S T E M  ---------------

OS: Windows 8.1 , 64 bit Build 9600 

CPU:total 4 (4 cores per cpu, 1 threads per core) family 6 model 60 stepping 3, cmov, cx8, fxsr, mmx, sse, sse2, sse3, ssse3, sse4.1, sse4.2, popcnt, avx, avx2, aes, clmul, erms, tsc, tscinvbit

Memory: 4k page, physical 8273724k(1818172k free), swap 8273724k(10296k free)

vm_info: Java HotSpot(TM) 64-Bit Server VM (25.5-b02) for windows-amd64 JRE (1.8.0_05-b13), built on Mar 18 2014 01:08:39 by "java_re" with MS VC++ 10.0 (VS2010)

time: Wed Aug 03 16:29:31 2016
elapsed time: 3 seconds

