#
# There is insufficient memory for the Java Runtime Environment to continue.
# Native memory allocation (malloc) failed to allocate 423696 bytes for Chunk::new
# Possible reasons:
#   The system is out of physical RAM or swap space
#   In 32 bit mode, the process size limit was hit
# Possible solutions:
#   Reduce memory load on the system
#   Increase physical memory or swap space
#   Check if swap backing store is full
#   Use 64 bit Java on a 64 bit OS
#   Decrease Java heap size (-Xmx/-Xms)
#   Decrease number of Java threads
#   Decrease Java thread stack sizes (-Xss)
#   Set larger code cache with -XX:ReservedCodeCacheSize=
# This output file may be truncated or incomplete.
#
#  Out of Memory Error (allocation.cpp:388), pid=14476, tid=14556
#
# JRE version: Java(TM) SE Runtime Environment (8.0_05-b13) (build 1.8.0_05-b13)
# Java VM: Java HotSpot(TM) 64-Bit Server VM (25.5-b02 mixed mode windows-amd64 compressed oops)
# Failed to write core dump. Minidumps are not enabled by default on client versions of Windows
#

---------------  T H R E A D  ---------------

Current thread (0x00000000154fb800):  JavaThread "C2 CompilerThread1" daemon [_thread_in_native, id=14556, stack(0x0000000016f30000,0x0000000017030000)]

Stack: [0x0000000016f30000,0x0000000017030000]
Native frames: (J=compiled Java code, j=interpreted, Vv=VM code, C=native code)
V  [jvm.dll+0x308dea]


Current CompileTask:
C2:    811 1113   !   4       com.android.dx.cf.cst.ConstantPoolParser::parse0 (731 bytes)


---------------  P R O C E S S  ---------------

Java Threads: ( => current thread )
  0x0000000016baf800 JavaThread "pool-1-thread-4" [_thread_blocked, id=14588, stack(0x0000000017f30000,0x0000000018030000)]
  0x0000000016c18800 JavaThread "pool-1-thread-3" [_thread_in_Java, id=14584, stack(0x0000000017e30000,0x0000000017f30000)]
  0x0000000016bb4000 JavaThread "pool-1-thread-2" [_thread_in_Java, id=14580, stack(0x0000000017d30000,0x0000000017e30000)]
  0x0000000016c24000 JavaThread "pool-2-thread-1" [_thread_blocked, id=14576, stack(0x0000000017c30000,0x0000000017d30000)]
  0x0000000016c23000 JavaThread "pool-1-thread-1" [_thread_blocked, id=14572, stack(0x0000000017b30000,0x0000000017c30000)]
  0x000000001688c000 JavaThread "Service Thread" daemon [_thread_blocked, id=14564, stack(0x0000000017130000,0x0000000017230000)]
  0x00000000154fe800 JavaThread "C1 CompilerThread2" daemon [_thread_blocked, id=14560, stack(0x0000000017030000,0x0000000017130000)]
=>0x00000000154fb800 JavaThread "C2 CompilerThread1" daemon [_thread_in_native, id=14556, stack(0x0000000016f30000,0x0000000017030000)]
  0x00000000154b3000 JavaThread "C2 CompilerThread0" daemon [_thread_in_native, id=14552, stack(0x0000000016e30000,0x0000000016f30000)]
  0x00000000154b2000 JavaThread "Attach Listener" daemon [_thread_blocked, id=14548, stack(0x0000000016d30000,0x0000000016e30000)]
  0x0000000016873800 JavaThread "Signal Dispatcher" daemon [_thread_blocked, id=14544, stack(0x0000000016c30000,0x0000000016d30000)]
  0x0000000002dc5000 JavaThread "Finalizer" daemon [_thread_blocked, id=14540, stack(0x0000000016730000,0x0000000016830000)]
  0x0000000002db9000 JavaThread "Reference Handler" daemon [_thread_blocked, id=14536, stack(0x0000000016630000,0x0000000016730000)]
  0x0000000002cd0800 JavaThread "main" [_thread_in_vm, id=14512, stack(0x0000000002850000,0x0000000002950000)]

Other Threads:
  0x0000000015467000 VMThread [stack: 0x0000000016530000,0x0000000016630000] [id=14532]
  0x00000000168b0800 WatcherThread [stack: 0x0000000017230000,0x0000000017330000] [id=14568]

VM state:not at safepoint (normal execution)

VM Mutex/Monitor currently owned by a thread: None

Heap:
 PSYoungGen      total 15360K, used 6780K [0x00000000eab00000, 0x00000000ebd00000, 0x0000000100000000)
  eden space 12800K, 33% used [0x00000000eab00000,0x00000000eaf27080,0x00000000eb780000)
  from space 2560K, 98% used [0x00000000eb780000,0x00000000eb9f8010,0x00000000eba00000)
  to   space 2048K, 0% used [0x00000000eba00000,0x00000000eba00000,0x00000000ebc00000)
 ParOldGen       total 129536K, used 9980K [0x00000000c0000000, 0x00000000c7e80000, 0x00000000eab00000)
  object space 129536K, 7% used [0x00000000c0000000,0x00000000c09bf150,0x00000000c7e80000)
 Metaspace       used 5854K, capacity 6832K, committed 7040K, reserved 1056768K
  class space    used 594K, capacity 616K, committed 640K, reserved 1048576K

Card table byte_map: [0x0000000012190000,0x00000000123a0000] byte_map_base: 0x0000000011b90000

Marking Bits: (ParMarkBitMap*) 0x000000006bc213b0
 Begin Bits: [0x0000000012900000, 0x0000000013900000)
 End Bits:   [0x0000000013900000, 0x0000000014900000)

Polling page: 0x0000000000f40000

CodeCache: size=245760Kb used=4923Kb max_used=4934Kb free=240836Kb
 bounds [0x0000000002dd0000, 0x00000000032b0000, 0x0000000011dd0000]
 total_blobs=1621 nmethods=1355 adapters=180
 compilation: enabled

Compilation events (10 events):
Event: 0.787 Thread 0x00000000154b3000 nmethod 1356 0x000000000329e890 code [0x000000000329e9e0, 0x000000000329eb98]
Event: 0.787 Thread 0x00000000154b3000 1378       4       com.android.dx.ssa.SsaMethod::bitSetFromLabelList (47 bytes)
Event: 0.791 Thread 0x00000000154b3000 nmethod 1378 0x000000000329fc10 code [0x000000000329fd80, 0x00000000032a01c8]
Event: 0.791 Thread 0x00000000154b3000 1109       4       com.android.dx.rop.cst.CstBaseMethodRef::compareTo0 (29 bytes)
Event: 0.793 Thread 0x00000000154b3000 nmethod 1109 0x000000000329f110 code [0x000000000329f280, 0x000000000329f6a8]
Event: 0.793 Thread 0x00000000154b3000 1340       4       java.util.ArrayList::subListRangeCheck (110 bytes)
Event: 0.793 Thread 0x00000000154b3000 nmethod 1340 0x000000000328e910 code [0x000000000328ea40, 0x000000000328eab8]
Event: 0.793 Thread 0x00000000154b3000 1150       4       com.android.dx.rop.cst.CstString::compareTo0 (15 bytes)
Event: 0.794 Thread 0x00000000154b3000 nmethod 1150 0x00000000032a4e90 code [0x00000000032a4fe0, 0x00000000032a51b8]
Event: 0.794 Thread 0x00000000154b3000 1270       4       com.android.dx.ssa.SCCP::simulateStmt (481 bytes)

GC Heap History (10 events):
Event: 0.472 GC heap before
{Heap before GC invocations=9 (full 0):
 PSYoungGen      total 9216K, used 8288K [0x00000000eab00000, 0x00000000eb500000, 0x0000000100000000)
  eden space 8192K, 100% used [0x00000000eab00000,0x00000000eb300000,0x00000000eb300000)
  from space 1024K, 9% used [0x00000000eb400000,0x00000000eb418000,0x00000000eb500000)
  to   space 1024K, 0% used [0x00000000eb300000,0x00000000eb300000,0x00000000eb400000)
 ParOldGen       total 129536K, used 1279K [0x00000000c0000000, 0x00000000c7e80000, 0x00000000eab00000)
  object space 129536K, 0% used [0x00000000c0000000,0x00000000c013fe58,0x00000000c7e80000)
 Metaspace       used 5325K, capacity 6384K, committed 6528K, reserved 1056768K
  class space    used 582K, capacity 616K, committed 640K, reserved 1048576K
Event: 0.474 GC heap after
Heap after GC invocations=9 (full 0):
 PSYoungGen      total 9216K, used 999K [0x00000000eab00000, 0x00000000ebc00000, 0x0000000100000000)
  eden space 8192K, 0% used [0x00000000eab00000,0x00000000eab00000,0x00000000eb300000)
  from space 1024K, 97% used [0x00000000eb300000,0x00000000eb3f9c68,0x00000000eb400000)
  to   space 2048K, 0% used [0x00000000eba00000,0x00000000eba00000,0x00000000ebc00000)
 ParOldGen       total 129536K, used 2592K [0x00000000c0000000, 0x00000000c7e80000, 0x00000000eab00000)
  object space 129536K, 2% used [0x00000000c0000000,0x00000000c0288338,0x00000000c7e80000)
 Metaspace       used 5325K, capacity 6384K, committed 6528K, reserved 1056768K
  class space    used 582K, capacity 616K, committed 640K, reserved 1048576K
}
Event: 0.559 GC heap before
{Heap before GC invocations=10 (full 0):
 PSYoungGen      total 9216K, used 9191K [0x00000000eab00000, 0x00000000ebc00000, 0x0000000100000000)
  eden space 8192K, 100% used [0x00000000eab00000,0x00000000eb300000,0x00000000eb300000)
  from space 1024K, 97% used [0x00000000eb300000,0x00000000eb3f9c68,0x00000000eb400000)
  to   space 2048K, 0% used [0x00000000eba00000,0x00000000eba00000,0x00000000ebc00000)
 ParOldGen       total 129536K, used 2592K [0x00000000c0000000, 0x00000000c7e80000, 0x00000000eab00000)
  object space 129536K, 2% used [0x00000000c0000000,0x00000000c0288338,0x00000000c7e80000)
 Metaspace       used 5671K, capacity 6704K, committed 6784K, reserved 1056768K
  class space    used 592K, capacity 616K, committed 640K, reserved 1048576K
Event: 0.562 GC heap after
Heap after GC invocations=10 (full 0):
 PSYoungGen      total 14848K, used 2030K [0x00000000eab00000, 0x00000000ebd00000, 0x0000000100000000)
  eden space 12800K, 0% used [0x00000000eab00000,0x00000000eab00000,0x00000000eb780000)
  from space 2048K, 99% used [0x00000000eba00000,0x00000000ebbfb878,0x00000000ebc00000)
  to   space 2560K, 0% used [0x00000000eb780000,0x00000000eb780000,0x00000000eba00000)
 ParOldGen       total 129536K, used 3039K [0x00000000c0000000, 0x00000000c7e80000, 0x00000000eab00000)
  object space 129536K, 2% used [0x00000000c0000000,0x00000000c02f7fa0,0x00000000c7e80000)
 Metaspace       used 5671K, capacity 6704K, committed 6784K, reserved 1056768K
  class space    used 592K, capacity 616K, committed 640K, reserved 1048576K
}
Event: 0.665 GC heap before
{Heap before GC invocations=11 (full 0):
 PSYoungGen      total 14848K, used 14830K [0x00000000eab00000, 0x00000000ebd00000, 0x0000000100000000)
  eden space 12800K, 100% used [0x00000000eab00000,0x00000000eb780000,0x00000000eb780000)
  from space 2048K, 99% used [0x00000000eba00000,0x00000000ebbfb878,0x00000000ebc00000)
  to   space 2560K, 0% used [0x00000000eb780000,0x00000000eb780000,0x00000000eba00000)
 ParOldGen       total 129536K, used 3039K [0x00000000c0000000, 0x00000000c7e80000, 0x00000000eab00000)
  object space 129536K, 2% used [0x00000000c0000000,0x00000000c02f7fa0,0x00000000c7e80000)
 Metaspace       used 5793K, capacity 6768K, committed 7040K, reserved 1056768K
  class space    used 594K, capacity 616K, committed 640K, reserved 1048576K
Event: 0.675 GC heap after
Heap after GC invocations=11 (full 0):
 PSYoungGen      total 15360K, used 2546K [0x00000000eab00000, 0x00000000ebd00000, 0x0000000100000000)
  eden space 12800K, 0% used [0x00000000eab00000,0x00000000eab00000,0x00000000eb780000)
  from space 2560K, 99% used [0x00000000eb780000,0x00000000eb9fcbf8,0x00000000eba00000)
  to   space 2048K, 0% used [0x00000000eba00000,0x00000000eba00000,0x00000000ebc00000)
 ParOldGen       total 129536K, used 5397K [0x00000000c0000000, 0x00000000c7e80000, 0x00000000eab00000)
  object space 129536K, 4% used [0x00000000c0000000,0x00000000c0545778,0x00000000c7e80000)
 Metaspace       used 5793K, capacity 6768K, committed 7040K, reserved 1056768K
  class space    used 594K, capacity 616K, committed 640K, reserved 1048576K
}
Event: 0.721 GC heap before
{Heap before GC invocations=12 (full 0):
 PSYoungGen      total 15360K, used 15346K [0x00000000eab00000, 0x00000000ebd00000, 0x0000000100000000)
  eden space 12800K, 100% used [0x00000000eab00000,0x00000000eb780000,0x00000000eb780000)
  from space 2560K, 99% used [0x00000000eb780000,0x00000000eb9fcbf8,0x00000000eba00000)
  to   space 2048K, 0% used [0x00000000eba00000,0x00000000eba00000,0x00000000ebc00000)
 ParOldGen       total 129536K, used 5397K [0x00000000c0000000, 0x00000000c7e80000, 0x00000000eab00000)
  object space 129536K, 4% used [0x00000000c0000000,0x00000000c0545778,0x00000000c7e80000)
 Metaspace       used 5799K, capacity 6768K, committed 7040K, reserved 1056768K
  class space    used 594K, capacity 616K, committed 640K, reserved 1048576K
Event: 0.725 GC heap after
Heap after GC invocations=12 (full 0):
 PSYoungGen      total 14848K, used 2048K [0x00000000eab00000, 0x00000000ebd00000, 0x0000000100000000)
  eden space 12800K, 0% used [0x00000000eab00000,0x00000000eab00000,0x00000000eb780000)
  from space 2048K, 100% used [0x00000000eba00000,0x00000000ebc00000,0x00000000ebc00000)
  to   space 2560K, 0% used [0x00000000eb780000,0x00000000eb780000,0x00000000eba00000)
 ParOldGen       total 129536K, used 8141K [0x00000000c0000000, 0x00000000c7e80000, 0x00000000eab00000)
  object space 129536K, 6% used [0x00000000c0000000,0x00000000c07f3798,0x00000000c7e80000)
 Metaspace       used 5799K, capacity 6768K, committed 7040K, reserved 1056768K
  class space    used 594K, capacity 616K, committed 640K, reserved 1048576K
}
Event: 0.797 GC heap before
{Heap before GC invocations=13 (full 0):
 PSYoungGen      total 14848K, used 14848K [0x00000000eab00000, 0x00000000ebd00000, 0x0000000100000000)
  eden space 12800K, 100% used [0x00000000eab00000,0x00000000eb780000,0x00000000eb780000)
  from space 2048K, 100% used [0x00000000eba00000,0x00000000ebc00000,0x00000000ebc00000)
  to   space 2560K, 0% used [0x00000000eb780000,0x00000000eb780000,0x00000000eba00000)
 ParOldGen       total 129536K, used 8141K [0x00000000c0000000, 0x00000000c7e80000, 0x00000000eab00000)
  object space 129536K, 6% used [0x00000000c0000000,0x00000000c07f3798,0x00000000c7e80000)
 Metaspace       used 5853K, capacity 6832K, committed 7040K, reserved 1056768K
  class space    used 594K, capacity 616K, committed 640K, reserved 1048576K
Event: 0.802 GC heap after
Heap after GC invocations=13 (full 0):
 PSYoungGen      total 15360K, used 2528K [0x00000000eab00000, 0x00000000ebd00000, 0x0000000100000000)
  eden space 12800K, 0% used [0x00000000eab00000,0x00000000eab00000,0x00000000eb780000)
  from space 2560K, 98% used [0x00000000eb780000,0x00000000eb9f8010,0x00000000eba00000)
  to   space 2048K, 0% used [0x00000000eba00000,0x00000000eba00000,0x00000000ebc00000)
 ParOldGen       total 129536K, used 9980K [0x00000000c0000000, 0x00000000c7e80000, 0x00000000eab00000)
  object space 129536K, 7% used [0x00000000c0000000,0x00000000c09bf150,0x00000000c7e80000)
 Metaspace       used 5853K, capacity 6832K, committed 7040K, reserved 1056768K
  class space    used 594K, capacity 616K, committed 640K, reserved 1048576K
}

Deoptimization events (7 events):
Event: 0.548 Thread 0x0000000016c23000 Uncommon trap: reason=unreached action=reinterpret pc=0x00000000030ca0d8 method=com.android.dx.rop.code.LocalItem.hashCode()I @ 25
Event: 0.566 Thread 0x0000000016bb4000 Uncommon trap: reason=class_check action=maybe_recompile pc=0x00000000030c7ea4 method=com.android.dx.rop.type.Type.equals(Ljava/lang/Object;)Z @ 8
Event: 0.567 Thread 0x0000000016bb4000 Uncommon trap: reason=null_check action=make_not_entrant pc=0x00000000030c7eb4 method=com.android.dx.rop.type.Type.equals(Ljava/lang/Object;)Z @ 8
Event: 0.605 Thread 0x0000000016c18800 Uncommon trap: reason=class_check action=maybe_recompile pc=0x0000000003051f4c method=com.android.dx.rop.type.Type.equals(Ljava/lang/Object;)Z @ 8
Event: 0.605 Thread 0x0000000016c18800 Uncommon trap: reason=class_check action=maybe_recompile pc=0x0000000003051f4c method=com.android.dx.rop.type.Type.equals(Ljava/lang/Object;)Z @ 8
Event: 0.607 Thread 0x0000000016c18800 Uncommon trap: reason=class_check action=maybe_recompile pc=0x0000000003051f4c method=com.android.dx.rop.type.Type.equals(Ljava/lang/Object;)Z @ 8
Event: 0.646 Thread 0x0000000002cd0800 Uncommon trap: reason=unreached action=reinterpret pc=0x00000000031391dc method=com.android.dx.rop.cst.Constant.compareTo(Lcom/android/dx/rop/cst/Constant;)I @ 12

Internal exceptions (10 events):
Event: 0.482 Thread 0x0000000016c18800 Exception <a 'java/security/PrivilegedActionException'> (0x00000000eac0e780) thrown at [D:\re\workspace\8-2-build-windows-amd64-cygwin\jdk8u5\2488\hotspot\src\share\vm\prims\jvm.cpp, line 1248]
Event: 0.482 Thread 0x0000000016c18800 Exception <a 'java/security/PrivilegedActionException'> (0x00000000eac13de0) thrown at [D:\re\workspace\8-2-build-windows-amd64-cygwin\jdk8u5\2488\hotspot\src\share\vm\prims\jvm.cpp, line 1248]
Event: 0.483 Thread 0x0000000016bb4000 Exception <a 'java/security/PrivilegedActionException'> (0x00000000eac061f0) thrown at [D:\re\workspace\8-2-build-windows-amd64-cygwin\jdk8u5\2488\hotspot\src\share\vm\prims\jvm.cpp, line 1248]
Event: 0.490 Thread 0x0000000002cd0800 Exception <a 'java/security/PrivilegedActionException'> (0x00000000eac7dcf8) thrown at [D:\re\workspace\8-2-build-windows-amd64-cygwin\jdk8u5\2488\hotspot\src\share\vm\prims\jvm.cpp, line 1248]
Event: 0.529 Thread 0x0000000002cd0800 Exception <a 'java/security/PrivilegedActionException'> (0x00000000eaf30460) thrown at [D:\re\workspace\8-2-build-windows-amd64-cygwin\jdk8u5\2488\hotspot\src\share\vm\prims\jvm.cpp, line 1248]
Event: 0.529 Thread 0x0000000002cd0800 Exception <a 'java/security/PrivilegedActionException'> (0x00000000eaf32af0) thrown at [D:\re\workspace\8-2-build-windows-amd64-cygwin\jdk8u5\2488\hotspot\src\share\vm\prims\jvm.cpp, line 1248]
Event: 0.530 Thread 0x0000000016c23000 Exception <a 'java/security/PrivilegedActionException'> (0x00000000ead590e8) thrown at [D:\re\workspace\8-2-build-windows-amd64-cygwin\jdk8u5\2488\hotspot\src\share\vm\prims\jvm.cpp, line 1248]
Event: 0.557 Thread 0x0000000016baf800 Exception <a 'java/security/PrivilegedActionException'> (0x00000000eb27abd8) thrown at [D:\re\workspace\8-2-build-windows-amd64-cygwin\jdk8u5\2488\hotspot\src\share\vm\prims\jvm.cpp, line 1248]
Event: 0.567 Thread 0x0000000016bb4000 Implicit null exception at 0x00000000030c7da2 to 0x00000000030c7ea5
Event: 0.598 Thread 0x0000000016c18800 Exception <a 'java/security/PrivilegedActionException'> (0x00000000eb127d68) thrown at [D:\re\workspace\8-2-build-windows-amd64-cygwin\jdk8u5\2488\hotspot\src\share\vm\prims\jvm.cpp, line 1248]

Events (10 events):
Event: 0.808 Thread 0x0000000002cd0800 DEOPT PACKING pc=0x00000000031095f5 sp=0x000000000294e2d0
Event: 0.808 Thread 0x0000000002cd0800 DEOPT UNPACKING pc=0x0000000002e17604 sp=0x000000000294e038 mode 0
Event: 0.808 Thread 0x0000000002cd0800 DEOPT PACKING pc=0x00000000031095f5 sp=0x000000000294e2d0
Event: 0.808 Thread 0x0000000002cd0800 DEOPT UNPACKING pc=0x0000000002e17604 sp=0x000000000294e038 mode 0
Event: 0.809 Thread 0x0000000002cd0800 DEOPT PACKING pc=0x00000000031095f5 sp=0x000000000294e2d0
Event: 0.809 Thread 0x0000000002cd0800 DEOPT UNPACKING pc=0x0000000002e17604 sp=0x000000000294e038 mode 0
Event: 0.809 Thread 0x0000000002cd0800 DEOPT PACKING pc=0x00000000031095f5 sp=0x000000000294e2d0
Event: 0.809 Thread 0x0000000002cd0800 DEOPT UNPACKING pc=0x0000000002e17604 sp=0x000000000294e038 mode 0
Event: 0.810 Thread 0x0000000002cd0800 DEOPT PACKING pc=0x00000000031095f5 sp=0x000000000294e2d0
Event: 0.810 Thread 0x0000000002cd0800 DEOPT UNPACKING pc=0x0000000002e17604 sp=0x000000000294e038 mode 0


Dynamic libraries:
0x00007ff7b1cb0000 - 0x00007ff7b1ce4000 	D:\jdk\bin\java.exe
0x00007ffd1f340000 - 0x00007ffd1f4e9000 	C:\Windows\SYSTEM32\ntdll.dll
0x00007ffd1cbd0000 - 0x00007ffd1cd09000 	C:\Windows\system32\KERNEL32.DLL
0x00007ffd1c840000 - 0x00007ffd1c94e000 	C:\Windows\system32\KERNELBASE.dll
0x00007ffd1e970000 - 0x00007ffd1ea15000 	C:\Windows\system32\ADVAPI32.dll
0x00007ffd1e6f0000 - 0x00007ffd1e861000 	C:\Windows\system32\USER32.dll
0x00007ffd1a700000 - 0x00007ffd1a95a000 	C:\Windows\WinSxS\amd64_microsoft.windows.common-controls_6595b64144ccf1df_6.0.9600.16384_none_62475f7becb72503\COMCTL32.dll
0x00007ffd1e450000 - 0x00007ffd1e4f7000 	C:\Windows\system32\msvcrt.dll
0x00007ffd1ea20000 - 0x00007ffd1ea77000 	C:\Windows\SYSTEM32\sechost.dll
0x00007ffd1f200000 - 0x00007ffd1f336000 	C:\Windows\system32\RPCRT4.dll
0x00007ffd1ec90000 - 0x00007ffd1edd5000 	C:\Windows\system32\GDI32.dll
0x00007ffd1cf20000 - 0x00007ffd1cf54000 	C:\Windows\system32\IMM32.DLL
0x00007ffd1cdd0000 - 0x00007ffd1cf09000 	C:\Windows\system32\MSCTF.dll
0x000000006afa0000 - 0x000000006b072000 	D:\jdk\jre\bin\msvcr100.dll
0x000000006b470000 - 0x000000006bc9a000 	D:\jdk\jre\bin\server\jvm.dll
0x00007ffd19ee0000 - 0x00007ffd19ee9000 	C:\Windows\SYSTEM32\WSOCK32.dll
0x00007ffd18480000 - 0x00007ffd1849f000 	C:\Windows\SYSTEM32\WINMM.dll
0x00007ffd1cd10000 - 0x00007ffd1cd17000 	C:\Windows\system32\PSAPI.DLL
0x00007ffd1ea90000 - 0x00007ffd1eae8000 	C:\Windows\system32\WS2_32.dll
0x00007ffd18320000 - 0x00007ffd1834a000 	C:\Windows\SYSTEM32\WINMMBASE.dll
0x00007ffd1cf10000 - 0x00007ffd1cf19000 	C:\Windows\system32\NSI.dll
0x00007ffd1c950000 - 0x00007ffd1c99a000 	C:\Windows\SYSTEM32\cfgmgr32.dll
0x00007ffd1b570000 - 0x00007ffd1b596000 	C:\Windows\SYSTEM32\DEVOBJ.dll
0x000000006bec0000 - 0x000000006becf000 	D:\jdk\jre\bin\verify.dll
0x000000006be90000 - 0x000000006beb8000 	D:\jdk\jre\bin\java.dll
0x000000006be70000 - 0x000000006be86000 	D:\jdk\jre\bin\zip.dll
0x00007ffd1d040000 - 0x00007ffd1e44d000 	C:\Windows\system32\SHELL32.dll
0x00007ffd1f020000 - 0x00007ffd1f1f7000 	C:\Windows\SYSTEM32\combase.dll
0x00007ffd1cf80000 - 0x00007ffd1cfd1000 	C:\Windows\system32\SHLWAPI.dll
0x00007ffd1ad50000 - 0x00007ffd1adf1000 	C:\Windows\SYSTEM32\SHCORE.dll
0x00007ffd1c6c0000 - 0x00007ffd1c6d4000 	C:\Windows\SYSTEM32\profapi.dll

VM Arguments:
jvm_args: -Djava.awt.headless=true -Xmx1024M -Dfile.encoding=GBK -Duser.country=CN -Duser.language=zh -Duser.variant 
java_command: com.android.dx.command.Main --dex --force-jumbo --num-threads=4 --output E:\Sports\app\build\intermediates\pre-dexed\debug\com.android.support-support-v4-24.0.0_dafe1775a0a4ccce9b0686d6aed637b2457c623d.jar E:\Sports\app\build\intermediates\exploded-aar\com.android.support\support-v4\24.0.0\jars\classes.jar
java_class_path (initial): D:\android\AppData\Local\Android\sdk\build-tools\24.0.0\lib\dx.jar
Launcher Type: SUN_STANDARD

Environment Variables:
JAVA_HOME=D:\jdk
PATH=C:\Windows\system32;C:\Windows;C:\Windows\System32\Wbem;C:\Windows\System32\WindowsPowerShell\v1.0\;D:\jdk\bin;D:\jdk\jre\bin;D:\android\AppData\Local\Android\sdk\tools;D:\android\AppData\Local\Android\sdk\platform-tools;C:\Program Files (x86)\NVIDIA Corporation\PhysX\Common
USERNAME=Administrator
OS=Windows_NT
PROCESSOR_IDENTIFIER=Intel64 Family 6 Model 60 Stepping 3, GenuineIntel



---------------  S Y S T E M  ---------------

OS: Windows 8.1 , 64 bit Build 9600 

CPU:total 4 (4 cores per cpu, 1 threads per core) family 6 model 60 stepping 3, cmov, cx8, fxsr, mmx, sse, sse2, sse3, ssse3, sse4.1, sse4.2, popcnt, avx, avx2, aes, clmul, erms, tsc, tscinvbit

Memory: 4k page, physical 8273724k(1860168k free), swap 8273724k(5188k free)

vm_info: Java HotSpot(TM) 64-Bit Server VM (25.5-b02) for windows-amd64 JRE (1.8.0_05-b13), built on Mar 18 2014 01:08:39 by "java_re" with MS VC++ 10.0 (VS2010)

time: Wed Aug 03 16:30:39 2016
elapsed time: 0 seconds

