#
# There is insufficient memory for the Java Runtime Environment to continue.
# Native memory allocation (malloc) failed to allocate 262160 bytes for Chunk::new
# Possible reasons:
#   The system is out of physical RAM or swap space
#   In 32 bit mode, the process size limit was hit
# Possible solutions:
#   Reduce memory load on the system
#   Increase physical memory or swap space
#   Check if swap backing store is full
#   Use 64 bit Java on a 64 bit OS
#   Decrease Java heap size (-Xmx/-Xms)
#   Decrease number of Java threads
#   Decrease Java thread stack sizes (-Xss)
#   Set larger code cache with -XX:ReservedCodeCacheSize=
# This output file may be truncated or incomplete.
#
#  Out of Memory Error (allocation.cpp:388), pid=13568, tid=13712
#
# JRE version: Java(TM) SE Runtime Environment (8.0_05-b13) (build 1.8.0_05-b13)
# Java VM: Java HotSpot(TM) 64-Bit Server VM (25.5-b02 mixed mode windows-amd64 compressed oops)
# Failed to write core dump. Minidumps are not enabled by default on client versions of Windows
#

---------------  T H R E A D  ---------------

Current thread (0x0000000014c31000):  JavaThread "C2 CompilerThread1" daemon [_thread_in_native, id=13712, stack(0x0000000016670000,0x0000000016770000)]

Stack: [0x0000000016670000,0x0000000016770000]
Native frames: (J=compiled Java code, j=interpreted, Vv=VM code, C=native code)
V  [jvm.dll+0x308dea]


Current CompileTask:
C2:   1035 1186   !   4       com.android.dx.cf.code.BytecodeArray::parseInstruction (2764 bytes)


---------------  P R O C E S S  ---------------

Java Threads: ( => current thread )
  0x0000000016233000 JavaThread "pool-1-thread-4" [_thread_in_Java, id=13760, stack(0x0000000016e70000,0x0000000016f70000)]
  0x0000000016230800 JavaThread "pool-1-thread-3" [_thread_in_Java, id=13756, stack(0x0000000016d70000,0x0000000016e70000)]
  0x0000000016230000 JavaThread "pool-1-thread-2" [_thread_in_Java, id=13752, stack(0x0000000016c70000,0x0000000016d70000)]
  0x000000001622d000 JavaThread "pool-2-thread-1" [_thread_blocked, id=13748, stack(0x0000000016b70000,0x0000000016c70000)]
  0x0000000016226000 JavaThread "pool-1-thread-1" [_thread_blocked, id=13744, stack(0x0000000016a70000,0x0000000016b70000)]
  0x0000000014c6d000 JavaThread "Service Thread" daemon [_thread_blocked, id=13720, stack(0x0000000016870000,0x0000000016970000)]
  0x0000000014c33800 JavaThread "C1 CompilerThread2" daemon [_thread_in_native, id=13716, stack(0x0000000016770000,0x0000000016870000)]
=>0x0000000014c31000 JavaThread "C2 CompilerThread1" daemon [_thread_in_native, id=13712, stack(0x0000000016670000,0x0000000016770000)]
  0x0000000014c22800 JavaThread "C2 CompilerThread0" daemon [_thread_in_native, id=13708, stack(0x0000000016570000,0x0000000016670000)]
  0x0000000014c21800 JavaThread "Attach Listener" daemon [_thread_blocked, id=13704, stack(0x0000000016470000,0x0000000016570000)]
  0x0000000015fb3800 JavaThread "Signal Dispatcher" daemon [_thread_blocked, id=13700, stack(0x0000000016370000,0x0000000016470000)]
  0x0000000014bd8000 JavaThread "Finalizer" daemon [_thread_blocked, id=13668, stack(0x0000000015e70000,0x0000000015f70000)]
  0x000000000252c800 JavaThread "Reference Handler" daemon [_thread_blocked, id=13664, stack(0x0000000015d70000,0x0000000015e70000)]
  0x0000000002440800 JavaThread "main" [_thread_blocked, id=13628, stack(0x0000000001ff0000,0x00000000020f0000)]

Other Threads:
  0x0000000014bd7000 VMThread [stack: 0x0000000015c70000,0x0000000015d70000] [id=13660]
  0x0000000015fff800 WatcherThread [stack: 0x0000000016970000,0x0000000016a70000] [id=13724]

VM state:not at safepoint (normal execution)

VM Mutex/Monitor currently owned by a thread:  ([mutex/lock_event])
[0x0000000001fed8b0] MethodCompileQueue_lock - owner thread: 0x0000000000000000

Heap:
 PSYoungGen      total 15360K, used 5634K [0x00000000eab00000, 0x00000000ebd00000, 0x0000000100000000)
  eden space 12288K, 26% used [0x00000000eab00000,0x00000000eae307f8,0x00000000eb700000)
  from space 3072K, 77% used [0x00000000eba00000,0x00000000ebc50010,0x00000000ebd00000)
  to   space 3072K, 0% used [0x00000000eb700000,0x00000000eb700000,0x00000000eba00000)
 ParOldGen       total 129536K, used 3666K [0x00000000c0000000, 0x00000000c7e80000, 0x00000000eab00000)
  object space 129536K, 2% used [0x00000000c0000000,0x00000000c0394940,0x00000000c7e80000)
 Metaspace       used 5798K, capacity 6832K, committed 7040K, reserved 1056768K
  class space    used 588K, capacity 616K, committed 640K, reserved 1048576K

Card table byte_map: [0x0000000011900000,0x0000000011b10000] byte_map_base: 0x0000000011300000

Marking Bits: (ParMarkBitMap*) 0x000000006bc213b0
 Begin Bits: [0x0000000012070000, 0x0000000013070000)
 End Bits:   [0x0000000013070000, 0x0000000014070000)

Polling page: 0x00000000006f0000

CodeCache: size=245760Kb used=4797Kb max_used=4801Kb free=240962Kb
 bounds [0x0000000002540000, 0x0000000002a00000, 0x0000000011540000]
 total_blobs=1510 nmethods=1244 adapters=180
 compilation: enabled

Compilation events (10 events):
Event: 1.033 Thread 0x0000000014c33800 nmethod 1235 0x00000000029e8950 code [0x00000000029e8ac0, 0x00000000029e8c48]
Event: 1.033 Thread 0x0000000014c33800 1236       3       com.android.dx.ssa.SsaInsn::isNormalMoveInsn (2 bytes)
Event: 1.033 Thread 0x0000000014c33800 nmethod 1236 0x00000000029e8cd0 code [0x00000000029e8e20, 0x00000000029e8f70]
Event: 1.033 Thread 0x0000000014c33800 1237       3       com.android.dx.ssa.MoveParamCombiner$1::visitPhiInsn (1 bytes)
Event: 1.033 Thread 0x0000000014c33800 nmethod 1237 0x00000000029e9010 code [0x00000000029e9160, 0x00000000029e92b0]
Event: 1.033 Thread 0x0000000014c33800 1246       3       com.android.dx.util.MutabilityControl::<init> (10 bytes)
Event: 1.033 Thread 0x0000000014c33800 nmethod 1246 0x00000000029e9350 code [0x00000000029e94a0, 0x00000000029e9650]
Event: 1.033 Thread 0x0000000014c33800 1248       3       com.android.dx.util.Bits::isEmpty (26 bytes)
Event: 1.033 Thread 0x0000000014c33800 nmethod 1248 0x00000000029e9710 code [0x00000000029e9880, 0x00000000029e9ab0]
Event: 1.034 Thread 0x0000000014c33800 1247       3       com.android.dx.dex.file.IndexedItem::<init> (10 bytes)

GC Heap History (10 events):
Event: 0.238 GC heap before
{Heap before GC invocations=6 (full 0):
 PSYoungGen      total 2560K, used 2552K [0x00000000eab00000, 0x00000000eb200000, 0x0000000100000000)
  eden space 2048K, 100% used [0x00000000eab00000,0x00000000ead00000,0x00000000ead00000)
  from space 512K, 98% used [0x00000000ead00000,0x00000000ead7e010,0x00000000ead80000)
  to   space 1536K, 0% used [0x00000000eb080000,0x00000000eb080000,0x00000000eb200000)
 ParOldGen       total 129536K, used 1490K [0x00000000c0000000, 0x00000000c7e80000, 0x00000000eab00000)
  object space 129536K, 1% used [0x00000000c0000000,0x00000000c01748f8,0x00000000c7e80000)
 Metaspace       used 4492K, capacity 5648K, committed 6016K, reserved 1056768K
  class space    used 493K, capacity 520K, committed 640K, reserved 1048576K
Event: 0.243 GC heap after
Heap after GC invocations=6 (full 0):
 PSYoungGen      total 5632K, used 1313K [0x00000000eab00000, 0x00000000eb200000, 0x0000000100000000)
  eden space 4096K, 0% used [0x00000000eab00000,0x00000000eab00000,0x00000000eaf00000)
  from space 1536K, 85% used [0x00000000eb080000,0x00000000eb1c8478,0x00000000eb200000)
  to   space 1536K, 0% used [0x00000000eaf00000,0x00000000eaf00000,0x00000000eb080000)
 ParOldGen       total 129536K, used 1490K [0x00000000c0000000, 0x00000000c7e80000, 0x00000000eab00000)
  object space 129536K, 1% used [0x00000000c0000000,0x00000000c01748f8,0x00000000c7e80000)
 Metaspace       used 4492K, capacity 5648K, committed 6016K, reserved 1056768K
  class space    used 493K, capacity 520K, committed 640K, reserved 1048576K
}
Event: 0.382 GC heap before
{Heap before GC invocations=7 (full 0):
 PSYoungGen      total 5632K, used 5409K [0x00000000eab00000, 0x00000000eb200000, 0x0000000100000000)
  eden space 4096K, 100% used [0x00000000eab00000,0x00000000eaf00000,0x00000000eaf00000)
  from space 1536K, 85% used [0x00000000eb080000,0x00000000eb1c8478,0x00000000eb200000)
  to   space 1536K, 0% used [0x00000000eaf00000,0x00000000eaf00000,0x00000000eb080000)
 ParOldGen       total 129536K, used 1490K [0x00000000c0000000, 0x00000000c7e80000, 0x00000000eab00000)
  object space 129536K, 1% used [0x00000000c0000000,0x00000000c01748f8,0x00000000c7e80000)
 Metaspace       used 5400K, capacity 6448K, committed 6528K, reserved 1056768K
  class space    used 585K, capacity 616K, committed 640K, reserved 1048576K
Event: 0.393 GC heap after
Heap after GC invocations=7 (full 0):
 PSYoungGen      total 5632K, used 1523K [0x00000000eab00000, 0x00000000eb700000, 0x0000000100000000)
  eden space 4096K, 0% used [0x00000000eab00000,0x00000000eab00000,0x00000000eaf00000)
  from space 1536K, 99% used [0x00000000eaf00000,0x00000000eb07cce0,0x00000000eb080000)
  to   space 2048K, 0% used [0x00000000eb500000,0x00000000eb500000,0x00000000eb700000)
 ParOldGen       total 129536K, used 1987K [0x00000000c0000000, 0x00000000c7e80000, 0x00000000eab00000)
  object space 129536K, 1% used [0x00000000c0000000,0x00000000c01f0e60,0x00000000c7e80000)
 Metaspace       used 5400K, capacity 6448K, committed 6528K, reserved 1056768K
  class space    used 585K, capacity 616K, committed 640K, reserved 1048576K
}
Event: 0.439 GC heap before
{Heap before GC invocations=8 (full 0):
 PSYoungGen      total 5632K, used 5619K [0x00000000eab00000, 0x00000000eb700000, 0x0000000100000000)
  eden space 4096K, 100% used [0x00000000eab00000,0x00000000eaf00000,0x00000000eaf00000)
  from space 1536K, 99% used [0x00000000eaf00000,0x00000000eb07cce0,0x00000000eb080000)
  to   space 2048K, 0% used [0x00000000eb500000,0x00000000eb500000,0x00000000eb700000)
 ParOldGen       total 129536K, used 1987K [0x00000000c0000000, 0x00000000c7e80000, 0x00000000eab00000)
  object space 129536K, 1% used [0x00000000c0000000,0x00000000c01f0e60,0x00000000c7e80000)
 Metaspace       used 5573K, capacity 6640K, committed 6784K, reserved 1056768K
  class space    used 587K, capacity 616K, committed 640K, reserved 1048576K
Event: 0.500 GC heap after
Heap after GC invocations=8 (full 0):
 PSYoungGen      total 9728K, used 1792K [0x00000000eab00000, 0x00000000eb800000, 0x0000000100000000)
  eden space 7680K, 0% used [0x00000000eab00000,0x00000000eab00000,0x00000000eb280000)
  from space 2048K, 87% used [0x00000000eb500000,0x00000000eb6c0018,0x00000000eb700000)
  to   space 2560K, 0% used [0x00000000eb280000,0x00000000eb280000,0x00000000eb500000)
 ParOldGen       total 129536K, used 2051K [0x00000000c0000000, 0x00000000c7e80000, 0x00000000eab00000)
  object space 129536K, 1% used [0x00000000c0000000,0x00000000c0200e80,0x00000000c7e80000)
 Metaspace       used 5573K, capacity 6640K, committed 6784K, reserved 1056768K
  class space    used 587K, capacity 616K, committed 640K, reserved 1048576K
}
Event: 0.842 GC heap before
{Heap before GC invocations=9 (full 0):
 PSYoungGen      total 9728K, used 9472K [0x00000000eab00000, 0x00000000eb800000, 0x0000000100000000)
  eden space 7680K, 100% used [0x00000000eab00000,0x00000000eb280000,0x00000000eb280000)
  from space 2048K, 87% used [0x00000000eb500000,0x00000000eb6c0018,0x00000000eb700000)
  to   space 2560K, 0% used [0x00000000eb280000,0x00000000eb280000,0x00000000eb500000)
 ParOldGen       total 129536K, used 2051K [0x00000000c0000000, 0x00000000c7e80000, 0x00000000eab00000)
  object space 129536K, 1% used [0x00000000c0000000,0x00000000c0200e80,0x00000000c7e80000)
 Metaspace       used 5696K, capacity 6704K, committed 6784K, reserved 1056768K
  class space    used 588K, capacity 616K, committed 640K, reserved 1048576K
Event: 0.884 GC heap after
Heap after GC invocations=9 (full 0):
 PSYoungGen      total 10240K, used 2544K [0x00000000eab00000, 0x00000000ebd00000, 0x0000000100000000)
  eden space 7680K, 0% used [0x00000000eab00000,0x00000000eab00000,0x00000000eb280000)
  from space 2560K, 99% used [0x00000000eb280000,0x00000000eb4fc028,0x00000000eb500000)
  to   space 3072K, 0% used [0x00000000eba00000,0x00000000eba00000,0x00000000ebd00000)
 ParOldGen       total 129536K, used 2372K [0x00000000c0000000, 0x00000000c7e80000, 0x00000000eab00000)
  object space 129536K, 1% used [0x00000000c0000000,0x00000000c0251110,0x00000000c7e80000)
 Metaspace       used 5696K, capacity 6704K, committed 6784K, reserved 1056768K
  class space    used 588K, capacity 616K, committed 640K, reserved 1048576K
}
Event: 0.993 GC heap before
{Heap before GC invocations=10 (full 0):
 PSYoungGen      total 10240K, used 10224K [0x00000000eab00000, 0x00000000ebd00000, 0x0000000100000000)
  eden space 7680K, 100% used [0x00000000eab00000,0x00000000eb280000,0x00000000eb280000)
  from space 2560K, 99% used [0x00000000eb280000,0x00000000eb4fc028,0x00000000eb500000)
  to   space 3072K, 0% used [0x00000000eba00000,0x00000000eba00000,0x00000000ebd00000)
 ParOldGen       total 129536K, used 2372K [0x00000000c0000000, 0x00000000c7e80000, 0x00000000eab00000)
  object space 129536K, 1% used [0x00000000c0000000,0x00000000c0251110,0x00000000c7e80000)
 Metaspace       used 5763K, capacity 6768K, committed 7040K, reserved 1056768K
  class space    used 588K, capacity 616K, committed 640K, reserved 1048576K
Event: 0.998 GC heap after
Heap after GC invocations=10 (full 0):
 PSYoungGen      total 15360K, used 2368K [0x00000000eab00000, 0x00000000ebd00000, 0x0000000100000000)
  eden space 12288K, 0% used [0x00000000eab00000,0x00000000eab00000,0x00000000eb700000)
  from space 3072K, 77% used [0x00000000eba00000,0x00000000ebc50010,0x00000000ebd00000)
  to   space 3072K, 0% used [0x00000000eb700000,0x00000000eb700000,0x00000000eba00000)
 ParOldGen       total 129536K, used 3666K [0x00000000c0000000, 0x00000000c7e80000, 0x00000000eab00000)
  object space 129536K, 2% used [0x00000000c0000000,0x00000000c0394940,0x00000000c7e80000)
 Metaspace       used 5763K, capacity 6768K, committed 7040K, reserved 1056768K
  class space    used 588K, capacity 616K, committed 640K, reserved 1048576K
}

Deoptimization events (4 events):
Event: 0.635 Thread 0x0000000016230000 Uncommon trap: reason=null_check action=make_not_entrant pc=0x0000000002835edc method=com.android.dx.ssa.SsaRenamer.getLocalForNewReg(I)Lcom/android/dx/rop/code/LocalItem; @ 19
Event: 0.635 Thread 0x0000000016230000 Uncommon trap: reason=null_check action=make_not_entrant pc=0x0000000002843cb4 method=com.android.dx.ssa.SsaRenamer.getLocalForNewReg(I)Lcom/android/dx/rop/code/LocalItem; @ 19
Event: 0.655 Thread 0x0000000016230000 Uncommon trap: reason=unreached action=reinterpret pc=0x0000000002830f5c method=com.android.dx.rop.cst.Constant.compareTo(Lcom/android/dx/rop/cst/Constant;)I @ 12
Event: 0.664 Thread 0x0000000016226000 Uncommon trap: reason=null_check action=make_not_entrant pc=0x000000000282f524 method=com.android.dx.rop.type.Type.equals(Ljava/lang/Object;)Z @ 8

Internal exceptions (10 events):
Event: 0.366 Thread 0x0000000002440800 Exception <a 'java/security/PrivilegedActionException'> (0x00000000eae35700) thrown at [D:\re\workspace\8-2-build-windows-amd64-cygwin\jdk8u5\2488\hotspot\src\share\vm\prims\jvm.cpp, line 1248]
Event: 0.366 Thread 0x0000000002440800 Exception <a 'java/security/PrivilegedActionException'> (0x00000000eae39370) thrown at [D:\re\workspace\8-2-build-windows-amd64-cygwin\jdk8u5\2488\hotspot\src\share\vm\prims\jvm.cpp, line 1248]
Event: 0.369 Thread 0x0000000002440800 Exception <a 'java/security/PrivilegedActionException'> (0x00000000eae45fc0) thrown at [D:\re\workspace\8-2-build-windows-amd64-cygwin\jdk8u5\2488\hotspot\src\share\vm\prims\jvm.cpp, line 1248]
Event: 0.370 Thread 0x0000000002440800 Exception <a 'java/security/PrivilegedActionException'> (0x00000000eae4c4f0) thrown at [D:\re\workspace\8-2-build-windows-amd64-cygwin\jdk8u5\2488\hotspot\src\share\vm\prims\jvm.cpp, line 1248]
Event: 0.371 Thread 0x0000000002440800 Exception <a 'java/security/PrivilegedActionException'> (0x00000000eae58050) thrown at [D:\re\workspace\8-2-build-windows-amd64-cygwin\jdk8u5\2488\hotspot\src\share\vm\prims\jvm.cpp, line 1248]
Event: 0.375 Thread 0x0000000002440800 Exception <a 'java/security/PrivilegedActionException'> (0x00000000eae6ff40) thrown at [D:\re\workspace\8-2-build-windows-amd64-cygwin\jdk8u5\2488\hotspot\src\share\vm\prims\jvm.cpp, line 1248]
Event: 0.635 Thread 0x0000000016230000 Implicit null exception at 0x0000000002833f3a to 0x0000000002835eb9
Event: 0.635 Thread 0x0000000016230000 Implicit null exception at 0x00000000028415c3 to 0x0000000002843c91
Event: 0.664 Thread 0x0000000016226000 Implicit null exception at 0x000000000282f422 to 0x000000000282f515
Event: 0.696 Thread 0x0000000016230800 Exception <a 'java/security/PrivilegedActionException'> (0x00000000eb1035d0) thrown at [D:\re\workspace\8-2-build-windows-amd64-cygwin\jdk8u5\2488\hotspot\src\share\vm\prims\jvm.cpp, line 1248]

Events (10 events):
Event: 0.664 Thread 0x0000000016226000 DEOPT PACKING pc=0x000000000282f524 sp=0x0000000016b6e9a0
Event: 0.664 Thread 0x0000000016226000 DEOPT UNPACKING pc=0x00000000025855af sp=0x0000000016b6e938 mode 2
Event: 0.696 loading class com/android/dx/cf/code/SwitchList
Event: 0.696 loading class com/android/dx/cf/code/SwitchList done
Event: 0.744 Executing VM operation: ForceSafepoint
Event: 0.801 Executing VM operation: ForceSafepoint done
Event: 0.842 Executing VM operation: ParallelGCFailedAllocation
Event: 0.884 Executing VM operation: ParallelGCFailedAllocation done
Event: 0.993 Executing VM operation: ParallelGCFailedAllocation
Event: 0.998 Executing VM operation: ParallelGCFailedAllocation done


Dynamic libraries:
0x00007ff7b1cb0000 - 0x00007ff7b1ce4000 	D:\jdk\bin\java.exe
0x00007ffd1f340000 - 0x00007ffd1f4e9000 	C:\Windows\SYSTEM32\ntdll.dll
0x00007ffd1cbd0000 - 0x00007ffd1cd09000 	C:\Windows\system32\KERNEL32.DLL
0x00007ffd1c840000 - 0x00007ffd1c94e000 	C:\Windows\system32\KERNELBASE.dll
0x00007ffd1e970000 - 0x00007ffd1ea15000 	C:\Windows\system32\ADVAPI32.dll
0x00007ffd1e6f0000 - 0x00007ffd1e861000 	C:\Windows\system32\USER32.dll
0x00007ffd1a700000 - 0x00007ffd1a95a000 	C:\Windows\WinSxS\amd64_microsoft.windows.common-controls_6595b64144ccf1df_6.0.9600.16384_none_62475f7becb72503\COMCTL32.dll
0x00007ffd1e450000 - 0x00007ffd1e4f7000 	C:\Windows\system32\msvcrt.dll
0x00007ffd1ea20000 - 0x00007ffd1ea77000 	C:\Windows\SYSTEM32\sechost.dll
0x00007ffd1f200000 - 0x00007ffd1f336000 	C:\Windows\system32\RPCRT4.dll
0x00007ffd1ec90000 - 0x00007ffd1edd5000 	C:\Windows\system32\GDI32.dll
0x00007ffd1cf20000 - 0x00007ffd1cf54000 	C:\Windows\system32\IMM32.DLL
0x00007ffd1cdd0000 - 0x00007ffd1cf09000 	C:\Windows\system32\MSCTF.dll
0x000000006afa0000 - 0x000000006b072000 	D:\jdk\jre\bin\msvcr100.dll
0x000000006b470000 - 0x000000006bc9a000 	D:\jdk\jre\bin\server\jvm.dll
0x00007ffd19ee0000 - 0x00007ffd19ee9000 	C:\Windows\SYSTEM32\WSOCK32.dll
0x00007ffd18480000 - 0x00007ffd1849f000 	C:\Windows\SYSTEM32\WINMM.dll
0x00007ffd1cd10000 - 0x00007ffd1cd17000 	C:\Windows\system32\PSAPI.DLL
0x00007ffd1ea90000 - 0x00007ffd1eae8000 	C:\Windows\system32\WS2_32.dll
0x00007ffd18320000 - 0x00007ffd1834a000 	C:\Windows\SYSTEM32\WINMMBASE.dll
0x00007ffd1cf10000 - 0x00007ffd1cf19000 	C:\Windows\system32\NSI.dll
0x00007ffd1c950000 - 0x00007ffd1c99a000 	C:\Windows\SYSTEM32\cfgmgr32.dll
0x00007ffd1b570000 - 0x00007ffd1b596000 	C:\Windows\SYSTEM32\DEVOBJ.dll
0x000000006bec0000 - 0x000000006becf000 	D:\jdk\jre\bin\verify.dll
0x000000006be90000 - 0x000000006beb8000 	D:\jdk\jre\bin\java.dll
0x000000006be70000 - 0x000000006be86000 	D:\jdk\jre\bin\zip.dll
0x00007ffd1d040000 - 0x00007ffd1e44d000 	C:\Windows\system32\SHELL32.dll
0x00007ffd1f020000 - 0x00007ffd1f1f7000 	C:\Windows\SYSTEM32\combase.dll
0x00007ffd1cf80000 - 0x00007ffd1cfd1000 	C:\Windows\system32\SHLWAPI.dll
0x00007ffd1ad50000 - 0x00007ffd1adf1000 	C:\Windows\SYSTEM32\SHCORE.dll
0x00007ffd1c6c0000 - 0x00007ffd1c6d4000 	C:\Windows\SYSTEM32\profapi.dll
0x00007ffd132f0000 - 0x00007ffd13478000 	C:\Windows\SYSTEM32\dbghelp.dll

VM Arguments:
jvm_args: -Djava.awt.headless=true -Xmx1024M -Dfile.encoding=GBK -Duser.country=CN -Duser.language=zh -Duser.variant 
java_command: com.android.dx.command.Main --dex --force-jumbo --num-threads=4 --output E:\Sports\app\build\intermediates\pre-dexed\debug\jackson-core-2.7.0_1dcf4d019976cc4184871e5d0e7c861b2ef4a5f0.jar E:\Sports\app\libs\jackson-core-2.7.0.jar
java_class_path (initial): D:\android\AppData\Local\Android\sdk\build-tools\24.0.0\lib\dx.jar
Launcher Type: SUN_STANDARD

Environment Variables:
JAVA_HOME=D:\jdk
PATH=C:\Windows\system32;C:\Windows;C:\Windows\System32\Wbem;C:\Windows\System32\WindowsPowerShell\v1.0\;D:\jdk\bin;D:\jdk\jre\bin;D:\android\AppData\Local\Android\sdk\tools;D:\android\AppData\Local\Android\sdk\platform-tools;C:\Program Files (x86)\NVIDIA Corporation\PhysX\Common
USERNAME=Administrator
OS=Windows_NT
PROCESSOR_IDENTIFIER=Intel64 Family 6 Model 60 Stepping 3, GenuineIntel



---------------  S Y S T E M  ---------------

OS: Windows 8.1 , 64 bit Build 9600 

CPU:total 4 (4 cores per cpu, 1 threads per core) family 6 model 60 stepping 3, cmov, cx8, fxsr, mmx, sse, sse2, sse3, ssse3, sse4.1, sse4.2, popcnt, avx, avx2, aes, clmul, erms, tsc, tscinvbit

Memory: 4k page, physical 8273724k(1996160k free), swap 8273724k(7048k free)

vm_info: Java HotSpot(TM) 64-Bit Server VM (25.5-b02) for windows-amd64 JRE (1.8.0_05-b13), built on Mar 18 2014 01:08:39 by "java_re" with MS VC++ 10.0 (VS2010)

time: Wed Aug 03 16:19:06 2016
elapsed time: 1 seconds

