#
# There is insufficient memory for the Java Runtime Environment to continue.
# Native memory allocation (malloc) failed to allocate 188592 bytes for Chunk::new
# Possible reasons:
#   The system is out of physical RAM or swap space
#   In 32 bit mode, the process size limit was hit
# Possible solutions:
#   Reduce memory load on the system
#   Increase physical memory or swap space
#   Check if swap backing store is full
#   Use 64 bit Java on a 64 bit OS
#   Decrease Java heap size (-Xmx/-Xms)
#   Decrease number of Java threads
#   Decrease Java thread stack sizes (-Xss)
#   Set larger code cache with -XX:ReservedCodeCacheSize=
# This output file may be truncated or incomplete.
#
#  Out of Memory Error (allocation.cpp:388), pid=11924, tid=12640
#
# JRE version: Java(TM) SE Runtime Environment (8.0_05-b13) (build 1.8.0_05-b13)
# Java VM: Java HotSpot(TM) 64-Bit Server VM (25.5-b02 mixed mode windows-amd64 compressed oops)
# Failed to write core dump. Minidumps are not enabled by default on client versions of Windows
#

---------------  T H R E A D  ---------------

Current thread (0x0000000015441800):  JavaThread "C2 CompilerThread1" daemon [_thread_in_native, id=12640, stack(0x0000000016e80000,0x0000000016f80000)]

Stack: [0x0000000016e80000,0x0000000016f80000]
Native frames: (J=compiled Java code, j=interpreted, Vv=VM code, C=native code)
V  [jvm.dll+0x308dea]
V  [jvm.dll+0x25def1]
V  [jvm.dll+0x25eb0f]
V  [jvm.dll+0x2564e5]
V  [jvm.dll+0xbcfc5]
V  [jvm.dll+0xbd45c]
V  [jvm.dll+0xbd704]
V  [jvm.dll+0xd9d95]
V  [jvm.dll+0x485554]
V  [jvm.dll+0x497128]
V  [jvm.dll+0x49784e]
V  [jvm.dll+0x498fb5]
V  [jvm.dll+0x4991ef]
V  [jvm.dll+0x48e691]
V  [jvm.dll+0x442464]
V  [jvm.dll+0x44366b]
V  [jvm.dll+0x427532]
V  [jvm.dll+0x96702]
V  [jvm.dll+0x96ef3]
V  [jvm.dll+0x2232c4]
V  [jvm.dll+0x27baca]
C  [msvcr100.dll+0x21d9f]
C  [msvcr100.dll+0x21e3b]
C  [KERNEL32.DLL+0x15dd]
C  [ntdll.dll+0x764ad]


Current CompileTask:
C2:   1535 1464       4       com.android.dx.ssa.SCCP::simulateBranch (666 bytes)


---------------  P R O C E S S  ---------------

Java Threads: ( => current thread )
  0x00000000167da800 JavaThread "Service Thread" daemon [_thread_blocked, id=8852, stack(0x0000000017080000,0x0000000017180000)]
  0x000000001548c800 JavaThread "C1 CompilerThread2" daemon [_thread_in_native, id=11992, stack(0x0000000016f80000,0x0000000017080000)]
=>0x0000000015441800 JavaThread "C2 CompilerThread1" daemon [_thread_in_native, id=12640, stack(0x0000000016e80000,0x0000000016f80000)]
  0x000000001543f000 JavaThread "C2 CompilerThread0" daemon [_thread_in_native, id=10880, stack(0x0000000016d80000,0x0000000016e80000)]
  0x00000000167c3000 JavaThread "Attach Listener" daemon [_thread_blocked, id=11804, stack(0x0000000016c80000,0x0000000016d80000)]
  0x00000000167c2800 JavaThread "Signal Dispatcher" daemon [_thread_blocked, id=12536, stack(0x0000000016b80000,0x0000000016c80000)]
  0x0000000002d4e000 JavaThread "Finalizer" daemon [_thread_blocked, id=11756, stack(0x0000000016680000,0x0000000016780000)]
  0x0000000002d49000 JavaThread "Reference Handler" daemon [_thread_blocked, id=12140, stack(0x0000000016580000,0x0000000016680000)]
  0x0000000002c60800 JavaThread "main" [_thread_in_Java, id=10508, stack(0x0000000002a70000,0x0000000002b70000)]

Other Threads:
  0x00000000153f7000 VMThread [stack: 0x0000000016480000,0x0000000016580000] [id=2604]
  0x00000000167f7000 WatcherThread [stack: 0x0000000017180000,0x0000000017280000] [id=12416]

VM state:not at safepoint (normal execution)

VM Mutex/Monitor currently owned by a thread: None

Heap:
 PSYoungGen      total 22016K, used 7328K [0x00000000eab00000, 0x00000000ec400000, 0x0000000100000000)
  eden space 18432K, 29% used [0x00000000eab00000,0x00000000eb0502a0,0x00000000ebd00000)
  from space 3584K, 52% used [0x00000000ec080000,0x00000000ec258010,0x00000000ec400000)
  to   space 3584K, 0% used [0x00000000ebd00000,0x00000000ebd00000,0x00000000ec080000)
 ParOldGen       total 129536K, used 7532K [0x00000000c0000000, 0x00000000c7e80000, 0x00000000eab00000)
  object space 129536K, 5% used [0x00000000c0000000,0x00000000c075b058,0x00000000c7e80000)
 Metaspace       used 6127K, capacity 7064K, committed 7424K, reserved 1056768K
  class space    used 627K, capacity 656K, committed 768K, reserved 1048576K

Card table byte_map: [0x0000000012120000,0x0000000012330000] byte_map_base: 0x0000000011b20000

Marking Bits: (ParMarkBitMap*) 0x000000006bc213b0
 Begin Bits: [0x0000000012890000, 0x0000000013890000)
 End Bits:   [0x0000000013890000, 0x0000000014890000)

Polling page: 0x0000000002700000

CodeCache: size=245760Kb used=5560Kb max_used=5560Kb free=240199Kb
 bounds [0x0000000002d60000, 0x00000000032e0000, 0x0000000011d60000]
 total_blobs=1839 nmethods=1573 adapters=180
 compilation: enabled

Compilation events (10 events):
Event: 1.389 Thread 0x000000001548c800 1610       1       com.android.dx.dex.code.ZeroSizeInsn::codeSize (2 bytes)
Event: 1.389 Thread 0x000000001548c800 nmethod 1610 0x00000000032cfc90 code [0x00000000032cfde0, 0x00000000032cfef0]
Event: 1.389 Thread 0x000000001548c800 1607       2       com.android.dx.rop.code.RegisterSpecSet::withOffset (77 bytes)
Event: 1.389 Thread 0x000000001548c800 nmethod 1607 0x00000000032cff50 code [0x00000000032d00e0, 0x00000000032d04d8]
Event: 1.389 Thread 0x000000001548c800 1611       2       com.android.dx.dex.file.DexFile::findItemOrNull (66 bytes)
Event: 1.390 Thread 0x000000001548c800 nmethod 1611 0x00000000032d0790 code [0x00000000032d0920, 0x00000000032d0c38]
Event: 1.390 Thread 0x000000001548c800 1609       1       com.android.dx.dex.code.CodeAddress::getBindsClosely (5 bytes)
Event: 1.390 Thread 0x000000001548c800 nmethod 1609 0x00000000032d0dd0 code [0x00000000032d0f20, 0x00000000032d1030]
Event: 1.390 Thread 0x000000001548c800 1608       2       com.android.dx.dex.code.FixedSizeInsn::withRegisterOffset (13 bytes)
Event: 1.390 Thread 0x000000001548c800 nmethod 1608 0x00000000032d1090 code [0x00000000032d1200, 0x00000000032d1398]

GC Heap History (10 events):
Event: 0.611 GC heap before
{Heap before GC invocations=8 (full 0):
 PSYoungGen      total 5632K, used 5616K [0x00000000eab00000, 0x00000000eb700000, 0x0000000100000000)
  eden space 4096K, 100% used [0x00000000eab00000,0x00000000eaf00000,0x00000000eaf00000)
  from space 1536K, 99% used [0x00000000eaf00000,0x00000000eb07c330,0x00000000eb080000)
  to   space 2048K, 0% used [0x00000000eb500000,0x00000000eb500000,0x00000000eb700000)
 ParOldGen       total 129536K, used 2019K [0x00000000c0000000, 0x00000000c7e80000, 0x00000000eab00000)
  object space 129536K, 1% used [0x00000000c0000000,0x00000000c01f8ff0,0x00000000c7e80000)
 Metaspace       used 5604K, capacity 6640K, committed 6784K, reserved 1056768K
  class space    used 589K, capacity 616K, committed 640K, reserved 1048576K
Event: 0.630 GC heap after
Heap after GC invocations=8 (full 0):
 PSYoungGen      total 9728K, used 1744K [0x00000000eab00000, 0x00000000eb800000, 0x0000000100000000)
  eden space 7680K, 0% used [0x00000000eab00000,0x00000000eab00000,0x00000000eb280000)
  from space 2048K, 85% used [0x00000000eb500000,0x00000000eb6b4028,0x00000000eb700000)
  to   space 2560K, 0% used [0x00000000eb280000,0x00000000eb280000,0x00000000eb500000)
 ParOldGen       total 129536K, used 2095K [0x00000000c0000000, 0x00000000c7e80000, 0x00000000eab00000)
  object space 129536K, 1% used [0x00000000c0000000,0x00000000c020be20,0x00000000c7e80000)
 Metaspace       used 5604K, capacity 6640K, committed 6784K, reserved 1056768K
  class space    used 589K, capacity 616K, committed 640K, reserved 1048576K
}
Event: 0.794 GC heap before
{Heap before GC invocations=9 (full 0):
 PSYoungGen      total 9728K, used 9424K [0x00000000eab00000, 0x00000000eb800000, 0x0000000100000000)
  eden space 7680K, 100% used [0x00000000eab00000,0x00000000eb280000,0x00000000eb280000)
  from space 2048K, 85% used [0x00000000eb500000,0x00000000eb6b4028,0x00000000eb700000)
  to   space 2560K, 0% used [0x00000000eb280000,0x00000000eb280000,0x00000000eb500000)
 ParOldGen       total 129536K, used 2095K [0x00000000c0000000, 0x00000000c7e80000, 0x00000000eab00000)
  object space 129536K, 1% used [0x00000000c0000000,0x00000000c020be20,0x00000000c7e80000)
 Metaspace       used 5686K, capacity 6704K, committed 6784K, reserved 1056768K
  class space    used 589K, capacity 616K, committed 640K, reserved 1048576K
Event: 0.888 GC heap after
Heap after GC invocations=9 (full 0):
 PSYoungGen      total 10240K, used 2448K [0x00000000eab00000, 0x00000000ebc00000, 0x0000000100000000)
  eden space 7680K, 0% used [0x00000000eab00000,0x00000000eab00000,0x00000000eb280000)
  from space 2560K, 95% used [0x00000000eb280000,0x00000000eb4e4028,0x00000000eb500000)
  to   space 2560K, 0% used [0x00000000eb980000,0x00000000eb980000,0x00000000ebc00000)
 ParOldGen       total 129536K, used 2325K [0x00000000c0000000, 0x00000000c7e80000, 0x00000000eab00000)
  object space 129536K, 1% used [0x00000000c0000000,0x00000000c0245608,0x00000000c7e80000)
 Metaspace       used 5686K, capacity 6704K, committed 6784K, reserved 1056768K
  class space    used 589K, capacity 616K, committed 640K, reserved 1048576K
}
Event: 0.923 GC heap before
{Heap before GC invocations=10 (full 0):
 PSYoungGen      total 10240K, used 10128K [0x00000000eab00000, 0x00000000ebc00000, 0x0000000100000000)
  eden space 7680K, 100% used [0x00000000eab00000,0x00000000eb280000,0x00000000eb280000)
  from space 2560K, 95% used [0x00000000eb280000,0x00000000eb4e4028,0x00000000eb500000)
  to   space 2560K, 0% used [0x00000000eb980000,0x00000000eb980000,0x00000000ebc00000)
 ParOldGen       total 129536K, used 2325K [0x00000000c0000000, 0x00000000c7e80000, 0x00000000eab00000)
  object space 129536K, 1% used [0x00000000c0000000,0x00000000c0245608,0x00000000c7e80000)
 Metaspace       used 5720K, capacity 6768K, committed 7040K, reserved 1056768K
  class space    used 589K, capacity 616K, committed 640K, reserved 1048576K
Event: 0.931 GC heap after
Heap after GC invocations=10 (full 0):
 PSYoungGen      total 13824K, used 2528K [0x00000000eab00000, 0x00000000ebe00000, 0x0000000100000000)
  eden space 11264K, 0% used [0x00000000eab00000,0x00000000eab00000,0x00000000eb600000)
  from space 2560K, 98% used [0x00000000eb980000,0x00000000ebbf8010,0x00000000ebc00000)
  to   space 3584K, 0% used [0x00000000eb600000,0x00000000eb600000,0x00000000eb980000)
 ParOldGen       total 129536K, used 3589K [0x00000000c0000000, 0x00000000c7e80000, 0x00000000eab00000)
  object space 129536K, 2% used [0x00000000c0000000,0x00000000c0381788,0x00000000c7e80000)
 Metaspace       used 5720K, capacity 6768K, committed 7040K, reserved 1056768K
  class space    used 589K, capacity 616K, committed 640K, reserved 1048576K
}
Event: 1.060 GC heap before
{Heap before GC invocations=11 (full 0):
 PSYoungGen      total 13824K, used 13792K [0x00000000eab00000, 0x00000000ebe00000, 0x0000000100000000)
  eden space 11264K, 100% used [0x00000000eab00000,0x00000000eb600000,0x00000000eb600000)
  from space 2560K, 98% used [0x00000000eb980000,0x00000000ebbf8010,0x00000000ebc00000)
  to   space 3584K, 0% used [0x00000000eb600000,0x00000000eb600000,0x00000000eb980000)
 ParOldGen       total 129536K, used 3589K [0x00000000c0000000, 0x00000000c7e80000, 0x00000000eab00000)
  object space 129536K, 2% used [0x00000000c0000000,0x00000000c0381788,0x00000000c7e80000)
 Metaspace       used 5792K, capacity 6832K, committed 7040K, reserved 1056768K
  class space    used 591K, capacity 616K, committed 640K, reserved 1048576K
Event: 1.209 GC heap after
Heap after GC invocations=11 (full 0):
 PSYoungGen      total 14848K, used 1728K [0x00000000eab00000, 0x00000000ec400000, 0x0000000100000000)
  eden space 11264K, 0% used [0x00000000eab00000,0x00000000eab00000,0x00000000eb600000)
  from space 3584K, 48% used [0x00000000eb600000,0x00000000eb7b0000,0x00000000eb980000)
  to   space 3584K, 0% used [0x00000000ec080000,0x00000000ec080000,0x00000000ec400000)
 ParOldGen       total 129536K, used 6020K [0x00000000c0000000, 0x00000000c7e80000, 0x00000000eab00000)
  object space 129536K, 4% used [0x00000000c0000000,0x00000000c05e1058,0x00000000c7e80000)
 Metaspace       used 5792K, capacity 6832K, committed 7040K, reserved 1056768K
  class space    used 591K, capacity 616K, committed 640K, reserved 1048576K
}
Event: 1.262 GC heap before
{Heap before GC invocations=12 (full 0):
 PSYoungGen      total 14848K, used 12992K [0x00000000eab00000, 0x00000000ec400000, 0x0000000100000000)
  eden space 11264K, 100% used [0x00000000eab00000,0x00000000eb600000,0x00000000eb600000)
  from space 3584K, 48% used [0x00000000eb600000,0x00000000eb7b0000,0x00000000eb980000)
  to   space 3584K, 0% used [0x00000000ec080000,0x00000000ec080000,0x00000000ec400000)
 ParOldGen       total 129536K, used 6020K [0x00000000c0000000, 0x00000000c7e80000, 0x00000000eab00000)
  object space 129536K, 4% used [0x00000000c0000000,0x00000000c05e1058,0x00000000c7e80000)
 Metaspace       used 5939K, capacity 6872K, committed 7168K, reserved 1056768K
  class space    used 611K, capacity 656K, committed 768K, reserved 1048576K
Event: 1.266 GC heap after
Heap after GC invocations=12 (full 0):
 PSYoungGen      total 22016K, used 1888K [0x00000000eab00000, 0x00000000ec400000, 0x0000000100000000)
  eden space 18432K, 0% used [0x00000000eab00000,0x00000000eab00000,0x00000000ebd00000)
  from space 3584K, 52% used [0x00000000ec080000,0x00000000ec258010,0x00000000ec400000)
  to   space 3584K, 0% used [0x00000000ebd00000,0x00000000ebd00000,0x00000000ec080000)
 ParOldGen       total 129536K, used 7532K [0x00000000c0000000, 0x00000000c7e80000, 0x00000000eab00000)
  object space 129536K, 5% used [0x00000000c0000000,0x00000000c075b058,0x00000000c7e80000)
 Metaspace       used 5939K, capacity 6872K, committed 7168K, reserved 1056768K
  class space    used 611K, capacity 656K, committed 768K, reserved 1048576K
}

Deoptimization events (10 events):
Event: 1.269 Thread 0x00000000169bf800 Uncommon trap: reason=unreached action=reinterpret pc=0x00000000030a3584 method=com.android.dx.rop.code.LocalItem.hashCode()I @ 25
Event: 1.349 Thread 0x0000000002c60800 Uncommon trap: reason=class_check action=maybe_recompile pc=0x00000000032676a4 method=java.util.Arrays.hashCode([Ljava/lang/Object;)I @ 43
Event: 1.349 Thread 0x0000000002c60800 Uncommon trap: reason=class_check action=maybe_recompile pc=0x00000000032676a4 method=java.util.Arrays.hashCode([Ljava/lang/Object;)I @ 43
Event: 1.349 Thread 0x0000000002c60800 Uncommon trap: reason=class_check action=maybe_recompile pc=0x00000000032676a4 method=java.util.Arrays.hashCode([Ljava/lang/Object;)I @ 43
Event: 1.349 Thread 0x0000000002c60800 Uncommon trap: reason=class_check action=maybe_recompile pc=0x00000000032676a4 method=java.util.Arrays.hashCode([Ljava/lang/Object;)I @ 43
Event: 1.350 Thread 0x0000000002c60800 Uncommon trap: reason=class_check action=maybe_recompile pc=0x00000000032616c8 method=java.util.Arrays.hashCode([Ljava/lang/Object;)I @ 43
Event: 1.374 Thread 0x0000000002c60800 Uncommon trap: reason=class_check action=maybe_recompile pc=0x00000000030cc510 method=com.android.dx.util.FixedSizeList.equals(Ljava/lang/Object;)Z @ 25
Event: 1.374 Thread 0x0000000002c60800 Uncommon trap: reason=class_check action=maybe_recompile pc=0x00000000030cc510 method=com.android.dx.util.FixedSizeList.equals(Ljava/lang/Object;)Z @ 25
Event: 1.375 Thread 0x0000000002c60800 Uncommon trap: reason=class_check action=maybe_recompile pc=0x00000000030cc510 method=com.android.dx.util.FixedSizeList.equals(Ljava/lang/Object;)Z @ 25
Event: 1.375 Thread 0x0000000002c60800 Uncommon trap: reason=class_check action=maybe_recompile pc=0x00000000030cc510 method=com.android.dx.util.FixedSizeList.equals(Ljava/lang/Object;)Z @ 25

Internal exceptions (10 events):
Event: 1.371 Thread 0x0000000002c60800 Exception <a 'java/security/PrivilegedActionException'> (0x00000000eaf139d0) thrown at [D:\re\workspace\8-2-build-windows-amd64-cygwin\jdk8u5\2488\hotspot\src\share\vm\prims\jvm.cpp, line 1248]
Event: 1.372 Thread 0x0000000002c60800 Exception <a 'java/security/PrivilegedActionException'> (0x00000000eaf19008) thrown at [D:\re\workspace\8-2-build-windows-amd64-cygwin\jdk8u5\2488\hotspot\src\share\vm\prims\jvm.cpp, line 1248]
Event: 1.372 Thread 0x0000000002c60800 Exception <a 'java/security/PrivilegedActionException'> (0x00000000eaf1f620) thrown at [D:\re\workspace\8-2-build-windows-amd64-cygwin\jdk8u5\2488\hotspot\src\share\vm\prims\jvm.cpp, line 1248]
Event: 1.372 Thread 0x0000000002c60800 Exception <a 'java/security/PrivilegedActionException'> (0x00000000eaf225d8) thrown at [D:\re\workspace\8-2-build-windows-amd64-cygwin\jdk8u5\2488\hotspot\src\share\vm\prims\jvm.cpp, line 1248]
Event: 1.373 Thread 0x0000000002c60800 Exception <a 'java/security/PrivilegedActionException'> (0x00000000eaf27488) thrown at [D:\re\workspace\8-2-build-windows-amd64-cygwin\jdk8u5\2488\hotspot\src\share\vm\prims\jvm.cpp, line 1248]
Event: 1.373 Thread 0x0000000002c60800 Exception <a 'java/security/PrivilegedActionException'> (0x00000000eaf2bbd8) thrown at [D:\re\workspace\8-2-build-windows-amd64-cygwin\jdk8u5\2488\hotspot\src\share\vm\prims\jvm.cpp, line 1248]
Event: 1.374 Thread 0x0000000002c60800 Exception <a 'java/security/PrivilegedActionException'> (0x00000000eaf2f530) thrown at [D:\re\workspace\8-2-build-windows-amd64-cygwin\jdk8u5\2488\hotspot\src\share\vm\prims\jvm.cpp, line 1248]
Event: 1.375 Thread 0x0000000002c60800 Exception <a 'java/security/PrivilegedActionException'> (0x00000000eaf32608) thrown at [D:\re\workspace\8-2-build-windows-amd64-cygwin\jdk8u5\2488\hotspot\src\share\vm\prims\jvm.cpp, line 1248]
Event: 1.375 Thread 0x0000000002c60800 Exception <a 'java/security/PrivilegedActionException'> (0x00000000eaf35950) thrown at [D:\re\workspace\8-2-build-windows-amd64-cygwin\jdk8u5\2488\hotspot\src\share\vm\prims\jvm.cpp, line 1248]
Event: 1.387 Thread 0x0000000002c60800 Exception <a 'java/security/PrivilegedActionException'> (0x00000000eaf58de0) thrown at [D:\re\workspace\8-2-build-windows-amd64-cygwin\jdk8u5\2488\hotspot\src\share\vm\prims\jvm.cpp, line 1248]

Events (10 events):
Event: 1.375 Thread 0x0000000002c60800 Uncommon trap: trap_request=0xffffffde fr.pc=0x00000000030cc510
Event: 1.375 Thread 0x0000000002c60800 DEOPT PACKING pc=0x00000000030cc510 sp=0x0000000002b6eb50
Event: 1.375 Thread 0x0000000002c60800 DEOPT UNPACKING pc=0x0000000002da55af sp=0x0000000002b6eb10 mode 2
Event: 1.375 Thread 0x0000000002c60800 Uncommon trap: trap_request=0xffffffde fr.pc=0x00000000030cc510
Event: 1.375 Thread 0x0000000002c60800 DEOPT PACKING pc=0x00000000030cc510 sp=0x0000000002b6eb50
Event: 1.375 Thread 0x0000000002c60800 DEOPT UNPACKING pc=0x0000000002da55af sp=0x0000000002b6eb10 mode 2
Event: 1.375 loading class com/android/dx/util/ByteArrayAnnotatedOutput
Event: 1.375 loading class com/android/dx/util/ByteArrayAnnotatedOutput done
Event: 1.386 loading class com/android/dx/rop/code/RegisterSpecList$Expander
Event: 1.386 loading class com/android/dx/rop/code/RegisterSpecList$Expander done


Dynamic libraries:
0x00007ff7b1cb0000 - 0x00007ff7b1ce4000 	D:\jdk\bin\java.exe
0x00007ffd1f340000 - 0x00007ffd1f4e9000 	C:\Windows\SYSTEM32\ntdll.dll
0x00007ffd1cbd0000 - 0x00007ffd1cd09000 	C:\Windows\system32\KERNEL32.DLL
0x00007ffd1c840000 - 0x00007ffd1c94e000 	C:\Windows\system32\KERNELBASE.dll
0x00007ffd1e970000 - 0x00007ffd1ea15000 	C:\Windows\system32\ADVAPI32.dll
0x00007ffd1e6f0000 - 0x00007ffd1e861000 	C:\Windows\system32\USER32.dll
0x00007ffd1a700000 - 0x00007ffd1a95a000 	C:\Windows\WinSxS\amd64_microsoft.windows.common-controls_6595b64144ccf1df_6.0.9600.16384_none_62475f7becb72503\COMCTL32.dll
0x00007ffd1e450000 - 0x00007ffd1e4f7000 	C:\Windows\system32\msvcrt.dll
0x00007ffd1ea20000 - 0x00007ffd1ea77000 	C:\Windows\SYSTEM32\sechost.dll
0x00007ffd1f200000 - 0x00007ffd1f336000 	C:\Windows\system32\RPCRT4.dll
0x00007ffd1ec90000 - 0x00007ffd1edd5000 	C:\Windows\system32\GDI32.dll
0x00007ffd1cf20000 - 0x00007ffd1cf54000 	C:\Windows\system32\IMM32.DLL
0x00007ffd1cdd0000 - 0x00007ffd1cf09000 	C:\Windows\system32\MSCTF.dll
0x000000006afa0000 - 0x000000006b072000 	D:\jdk\jre\bin\msvcr100.dll
0x000000006b470000 - 0x000000006bc9a000 	D:\jdk\jre\bin\server\jvm.dll
0x00007ffd19ee0000 - 0x00007ffd19ee9000 	C:\Windows\SYSTEM32\WSOCK32.dll
0x00007ffd18480000 - 0x00007ffd1849f000 	C:\Windows\SYSTEM32\WINMM.dll
0x00007ffd1cd10000 - 0x00007ffd1cd17000 	C:\Windows\system32\PSAPI.DLL
0x00007ffd1ea90000 - 0x00007ffd1eae8000 	C:\Windows\system32\WS2_32.dll
0x00007ffd18320000 - 0x00007ffd1834a000 	C:\Windows\SYSTEM32\WINMMBASE.dll
0x00007ffd1cf10000 - 0x00007ffd1cf19000 	C:\Windows\system32\NSI.dll
0x00007ffd1c950000 - 0x00007ffd1c99a000 	C:\Windows\SYSTEM32\cfgmgr32.dll
0x00007ffd1b570000 - 0x00007ffd1b596000 	C:\Windows\SYSTEM32\DEVOBJ.dll
0x000000006bec0000 - 0x000000006becf000 	D:\jdk\jre\bin\verify.dll
0x000000006be90000 - 0x000000006beb8000 	D:\jdk\jre\bin\java.dll
0x000000006be70000 - 0x000000006be86000 	D:\jdk\jre\bin\zip.dll
0x00007ffd1d040000 - 0x00007ffd1e44d000 	C:\Windows\system32\SHELL32.dll
0x00007ffd1f020000 - 0x00007ffd1f1f7000 	C:\Windows\SYSTEM32\combase.dll
0x00007ffd1cf80000 - 0x00007ffd1cfd1000 	C:\Windows\system32\SHLWAPI.dll
0x00007ffd1ad50000 - 0x00007ffd1adf1000 	C:\Windows\SYSTEM32\SHCORE.dll
0x00007ffd1c6c0000 - 0x00007ffd1c6d4000 	C:\Windows\SYSTEM32\profapi.dll
0x00007ffd132f0000 - 0x00007ffd13478000 	C:\Windows\SYSTEM32\dbghelp.dll

VM Arguments:
jvm_args: -Djava.awt.headless=true -Xmx1024M -Dfile.encoding=GBK -Duser.country=CN -Duser.language=zh -Duser.variant 
java_command: com.android.dx.command.Main --dex --force-jumbo --num-threads=4 --output E:\Sports\app\build\intermediates\pre-dexed\debug\okio-1.6.0_c410569bd3ae660f2a7eceb3af69efc833b46b70.jar C:\Users\Administrator\.gradle\caches\modules-2\files-2.1\com.squareup.okio\okio\1.6.0\98476622f10715998eacf9240d6b479f12c66143\okio-1.6.0.jar
java_class_path (initial): D:\android\AppData\Local\Android\sdk\build-tools\24.0.0\lib\dx.jar
Launcher Type: SUN_STANDARD

Environment Variables:
JAVA_HOME=D:\jdk
PATH=C:\Windows\system32;C:\Windows;C:\Windows\System32\Wbem;C:\Windows\System32\WindowsPowerShell\v1.0\;D:\jdk\bin;D:\jdk\jre\bin;D:\android\AppData\Local\Android\sdk\tools;D:\android\AppData\Local\Android\sdk\platform-tools;C:\Program Files (x86)\NVIDIA Corporation\PhysX\Common
USERNAME=Administrator
OS=Windows_NT
PROCESSOR_IDENTIFIER=Intel64 Family 6 Model 60 Stepping 3, GenuineIntel



---------------  S Y S T E M  ---------------

OS: Windows 8.1 , 64 bit Build 9600 

CPU:total 4 (4 cores per cpu, 1 threads per core) family 6 model 60 stepping 3, cmov, cx8, fxsr, mmx, sse, sse2, sse3, ssse3, sse4.1, sse4.2, popcnt, avx, avx2, aes, clmul, erms, tsc, tscinvbit

Memory: 4k page, physical 8273724k(2051100k free), swap 8273724k(126900k free)

vm_info: Java HotSpot(TM) 64-Bit Server VM (25.5-b02) for windows-amd64 JRE (1.8.0_05-b13), built on Mar 18 2014 01:08:39 by "java_re" with MS VC++ 10.0 (VS2010)

time: Wed Aug 03 16:16:07 2016
elapsed time: 1 seconds

