#
# There is insufficient memory for the Java Runtime Environment to continue.
# Native memory allocation (malloc) failed to allocate 644336 bytes for Chunk::new
# Possible reasons:
#   The system is out of physical RAM or swap space
#   In 32 bit mode, the process size limit was hit
# Possible solutions:
#   Reduce memory load on the system
#   Increase physical memory or swap space
#   Check if swap backing store is full
#   Use 64 bit Java on a 64 bit OS
#   Decrease Java heap size (-Xmx/-Xms)
#   Decrease number of Java threads
#   Decrease Java thread stack sizes (-Xss)
#   Set larger code cache with -XX:ReservedCodeCacheSize=
# This output file may be truncated or incomplete.
#
#  Out of Memory Error (allocation.cpp:388), pid=13976, tid=13952
#
# JRE version: Java(TM) SE Runtime Environment (8.0_05-b13) (build 1.8.0_05-b13)
# Java VM: Java HotSpot(TM) 64-Bit Server VM (25.5-b02 mixed mode windows-amd64 compressed oops)
# Failed to write core dump. Minidumps are not enabled by default on client versions of Windows
#

---------------  T H R E A D  ---------------

Current thread (0x0000000015040800):  JavaThread "C2 CompilerThread0" daemon [_thread_in_native, id=13952, stack(0x0000000016980000,0x0000000016a80000)]

Stack: [0x0000000016980000,0x0000000016a80000]
Native frames: (J=compiled Java code, j=interpreted, Vv=VM code, C=native code)
V  [jvm.dll+0x308dea]
V  [jvm.dll+0x25def1]
V  [jvm.dll+0x25eb0f]
V  [jvm.dll+0x2564e5]
V  [jvm.dll+0xbcfc5]
V  [jvm.dll+0xbd45c]
V  [jvm.dll+0x44d422]
V  [jvm.dll+0x48e13f]
V  [jvm.dll+0x442464]
V  [jvm.dll+0x44366b]
V  [jvm.dll+0x427532]
V  [jvm.dll+0x96702]
V  [jvm.dll+0x96ef3]
V  [jvm.dll+0x2232c4]
V  [jvm.dll+0x27baca]
C  [msvcr100.dll+0x21d9f]
C  [msvcr100.dll+0x21e3b]
C  [KERNEL32.DLL+0x15dd]
C  [ntdll.dll+0x764ad]


Current CompileTask:
C2:    695  679       4       com.android.dx.ssa.SsaBasicBlock::forEachInsn (37 bytes)


---------------  P R O C E S S  ---------------

Java Threads: ( => current thread )
  0x000000001651f800 JavaThread "pool-1-thread-4" [_thread_in_Java, id=13836, stack(0x0000000017280000,0x0000000017380000)]
  0x000000001651e800 JavaThread "pool-1-thread-3" [_thread_blocked, id=13852, stack(0x0000000017180000,0x0000000017280000)]
  0x000000001651b800 JavaThread "pool-1-thread-2" [_thread_in_Java, id=13848, stack(0x0000000017080000,0x0000000017180000)]
  0x0000000016519000 JavaThread "pool-2-thread-1" [_thread_blocked, id=13800, stack(0x0000000016f80000,0x0000000017080000)]
  0x0000000016516800 JavaThread "pool-1-thread-1" [_thread_in_Java, id=13860, stack(0x0000000016e80000,0x0000000016f80000)]
  0x00000000163e2000 JavaThread "Service Thread" daemon [_thread_blocked, id=12008, stack(0x0000000016c80000,0x0000000016d80000)]
  0x00000000163d5000 JavaThread "C1 CompilerThread2" daemon [_thread_blocked, id=14060, stack(0x0000000016b80000,0x0000000016c80000)]
  0x000000001508a000 JavaThread "C2 CompilerThread1" daemon [_thread_blocked, id=13420, stack(0x0000000016a80000,0x0000000016b80000)]
=>0x0000000015040800 JavaThread "C2 CompilerThread0" daemon [_thread_in_native, id=13952, stack(0x0000000016980000,0x0000000016a80000)]
  0x000000001503f800 JavaThread "Attach Listener" daemon [_thread_blocked, id=13728, stack(0x0000000016880000,0x0000000016980000)]
  0x00000000163c3800 JavaThread "Signal Dispatcher" daemon [_thread_blocked, id=13628, stack(0x0000000016780000,0x0000000016880000)]
  0x000000000294e000 JavaThread "Finalizer" daemon [_thread_blocked, id=13936, stack(0x0000000016280000,0x0000000016380000)]
  0x0000000002949000 JavaThread "Reference Handler" daemon [_thread_blocked, id=13940, stack(0x0000000016180000,0x0000000016280000)]
  0x0000000002860800 JavaThread "main" [_thread_in_Java, id=11960, stack(0x0000000000ce0000,0x0000000000de0000)]

Other Threads:
  0x0000000014ff7000 VMThread [stack: 0x0000000016080000,0x0000000016180000] [id=13928]
  0x00000000163e7000 WatcherThread [stack: 0x0000000016d80000,0x0000000016e80000] [id=12380]

VM state:not at safepoint (normal execution)

VM Mutex/Monitor currently owned by a thread: None

Heap:
 PSYoungGen      total 10240K, used 3497K [0x00000000eab00000, 0x00000000eb700000, 0x0000000100000000)
  eden space 8192K, 21% used [0x00000000eab00000,0x00000000eacc26b8,0x00000000eb300000)
  from space 2048K, 82% used [0x00000000eb500000,0x00000000eb6a8018,0x00000000eb700000)
  to   space 2048K, 0% used [0x00000000eb300000,0x00000000eb300000,0x00000000eb500000)
 ParOldGen       total 129536K, used 2143K [0x00000000c0000000, 0x00000000c7e80000, 0x00000000eab00000)
  object space 129536K, 1% used [0x00000000c0000000,0x00000000c0217f10,0x00000000c7e80000)
 Metaspace       used 5619K, capacity 6640K, committed 6784K, reserved 1056768K
  class space    used 589K, capacity 616K, committed 640K, reserved 1048576K

Card table byte_map: [0x0000000011d20000,0x0000000011f30000] byte_map_base: 0x0000000011720000

Marking Bits: (ParMarkBitMap*) 0x000000006bc213b0
 Begin Bits: [0x0000000012490000, 0x0000000013490000)
 End Bits:   [0x0000000013490000, 0x0000000014490000)

Polling page: 0x0000000000b60000

CodeCache: size=245760Kb used=3030Kb max_used=3041Kb free=242729Kb
 bounds [0x0000000002960000, 0x0000000002c60000, 0x0000000011960000]
 total_blobs=1064 nmethods=798 adapters=180
 compilation: enabled

Compilation events (10 events):
Event: 0.647 Thread 0x00000000163d5000 nmethod 721 0x0000000002c0a350 code [0x0000000002c0a500, 0x0000000002c0aa98]
Event: 0.647 Thread 0x00000000163d5000  718       3       com.android.dx.rop.cst.CstType::compareTo0 (25 bytes)
Event: 0.647 Thread 0x00000000163d5000 nmethod 718 0x0000000002c0acd0 code [0x0000000002c0ae40, 0x0000000002c0b288]
Event: 0.647 Thread 0x00000000163d5000  724       3       com.android.dx.rop.code.DexTranslationAdvice::requiresSourcesInOrder (30 bytes)
Event: 0.647 Thread 0x00000000163d5000 nmethod 724 0x0000000002c0b410 code [0x0000000002c0b580, 0x0000000002c0b868]
Event: 0.647 Thread 0x00000000163d5000  596       1       com.android.dx.rop.cst.CstLiteral32::hashCode (5 bytes)
Event: 0.647 Thread 0x00000000163d5000 nmethod 596 0x0000000002c0b950 code [0x0000000002c0baa0, 0x0000000002c0bbb0]
Event: 0.647 Thread 0x00000000163d5000  725       3       com.android.dx.ssa.back.RegisterAllocator::getDefinitionSpecForSsaReg (22 bytes)
Event: 0.647 Thread 0x00000000163d5000 nmethod 725 0x0000000002c0bc10 code [0x0000000002c0bd80, 0x0000000002c0c008]
Event: 0.647 Thread 0x00000000163d5000  735       3       com.android.dx.ssa.LiteralOpUpgrader$1::visitNonMoveInsn (203 bytes)

GC Heap History (10 events):
Event: 0.183 GC heap before
{Heap before GC invocations=3 (full 0):
 PSYoungGen      total 1536K, used 1528K [0x00000000eab00000, 0x00000000ead00000, 0x0000000100000000)
  eden space 1024K, 100% used [0x00000000eab00000,0x00000000eac00000,0x00000000eac00000)
  from space 512K, 98% used [0x00000000eac80000,0x00000000eacfe010,0x00000000ead00000)
  to   space 512K, 0% used [0x00000000eac00000,0x00000000eac00000,0x00000000eac80000)
 ParOldGen       total 129536K, used 284K [0x00000000c0000000, 0x00000000c7e80000, 0x00000000eab00000)
  object space 129536K, 0% used [0x00000000c0000000,0x00000000c0047330,0x00000000c7e80000)
 Metaspace       used 3438K, capacity 4720K, committed 4864K, reserved 1056768K
  class space    used 377K, capacity 424K, committed 512K, reserved 1048576K
Event: 0.188 GC heap after
Heap after GC invocations=3 (full 0):
 PSYoungGen      total 1536K, used 501K [0x00000000eab00000, 0x00000000eae00000, 0x0000000100000000)
  eden space 1024K, 0% used [0x00000000eab00000,0x00000000eab00000,0x00000000eac00000)
  from space 512K, 97% used [0x00000000eac00000,0x00000000eac7d5e0,0x00000000eac80000)
  to   space 512K, 0% used [0x00000000ead80000,0x00000000ead80000,0x00000000eae00000)
 ParOldGen       total 129536K, used 547K [0x00000000c0000000, 0x00000000c7e80000, 0x00000000eab00000)
  object space 129536K, 0% used [0x00000000c0000000,0x00000000c0088d88,0x00000000c7e80000)
 Metaspace       used 3438K, capacity 4720K, committed 4864K, reserved 1056768K
  class space    used 377K, capacity 424K, committed 512K, reserved 1048576K
}
Event: 0.232 GC heap before
{Heap before GC invocations=4 (full 0):
 PSYoungGen      total 1536K, used 1525K [0x00000000eab00000, 0x00000000eae00000, 0x0000000100000000)
  eden space 1024K, 100% used [0x00000000eab00000,0x00000000eac00000,0x00000000eac00000)
  from space 512K, 97% used [0x00000000eac00000,0x00000000eac7d5e0,0x00000000eac80000)
  to   space 512K, 0% used [0x00000000ead80000,0x00000000ead80000,0x00000000eae00000)
 ParOldGen       total 129536K, used 547K [0x00000000c0000000, 0x00000000c7e80000, 0x00000000eab00000)
  object space 129536K, 0% used [0x00000000c0000000,0x00000000c0088d88,0x00000000c7e80000)
 Metaspace       used 3706K, capacity 4944K, committed 5120K, reserved 1056768K
  class space    used 412K, capacity 456K, committed 512K, reserved 1048576K
Event: 0.236 GC heap after
Heap after GC invocations=4 (full 0):
 PSYoungGen      total 2560K, used 501K [0x00000000eab00000, 0x00000000eae00000, 0x0000000100000000)
  eden space 2048K, 0% used [0x00000000eab00000,0x00000000eab00000,0x00000000ead00000)
  from space 512K, 97% used [0x00000000ead80000,0x00000000eadfd5e0,0x00000000eae00000)
  to   space 512K, 0% used [0x00000000ead00000,0x00000000ead00000,0x00000000ead80000)
 ParOldGen       total 129536K, used 863K [0x00000000c0000000, 0x00000000c7e80000, 0x00000000eab00000)
  object space 129536K, 0% used [0x00000000c0000000,0x00000000c00d7ca0,0x00000000c7e80000)
 Metaspace       used 3706K, capacity 4944K, committed 5120K, reserved 1056768K
  class space    used 412K, capacity 456K, committed 512K, reserved 1048576K
}
Event: 0.288 GC heap before
{Heap before GC invocations=5 (full 0):
 PSYoungGen      total 2560K, used 2549K [0x00000000eab00000, 0x00000000eae00000, 0x0000000100000000)
  eden space 2048K, 100% used [0x00000000eab00000,0x00000000ead00000,0x00000000ead00000)
  from space 512K, 97% used [0x00000000ead80000,0x00000000eadfd5e0,0x00000000eae00000)
  to   space 512K, 0% used [0x00000000ead00000,0x00000000ead00000,0x00000000ead80000)
 ParOldGen       total 129536K, used 863K [0x00000000c0000000, 0x00000000c7e80000, 0x00000000eab00000)
  object space 129536K, 0% used [0x00000000c0000000,0x00000000c00d7ca0,0x00000000c7e80000)
 Metaspace       used 4119K, capacity 5296K, committed 5376K, reserved 1056768K
  class space    used 462K, capacity 488K, committed 512K, reserved 1048576K
Event: 0.295 GC heap after
Heap after GC invocations=5 (full 0):
 PSYoungGen      total 2560K, used 504K [0x00000000eab00000, 0x00000000eb200000, 0x0000000100000000)
  eden space 2048K, 0% used [0x00000000eab00000,0x00000000eab00000,0x00000000ead00000)
  from space 512K, 98% used [0x00000000ead00000,0x00000000ead7e010,0x00000000ead80000)
  to   space 1536K, 0% used [0x00000000eb080000,0x00000000eb080000,0x00000000eb200000)
 ParOldGen       total 129536K, used 1646K [0x00000000c0000000, 0x00000000c7e80000, 0x00000000eab00000)
  object space 129536K, 1% used [0x00000000c0000000,0x00000000c019b828,0x00000000c7e80000)
 Metaspace       used 4119K, capacity 5296K, committed 5376K, reserved 1056768K
  class space    used 462K, capacity 488K, committed 512K, reserved 1048576K
}
Event: 0.347 GC heap before
{Heap before GC invocations=6 (full 0):
 PSYoungGen      total 2560K, used 2552K [0x00000000eab00000, 0x00000000eb200000, 0x0000000100000000)
  eden space 2048K, 100% used [0x00000000eab00000,0x00000000ead00000,0x00000000ead00000)
  from space 512K, 98% used [0x00000000ead00000,0x00000000ead7e010,0x00000000ead80000)
  to   space 1536K, 0% used [0x00000000eb080000,0x00000000eb080000,0x00000000eb200000)
 ParOldGen       total 129536K, used 1646K [0x00000000c0000000, 0x00000000c7e80000, 0x00000000eab00000)
  object space 129536K, 1% used [0x00000000c0000000,0x00000000c019b828,0x00000000c7e80000)
 Metaspace       used 4769K, capacity 5936K, committed 6272K, reserved 1056768K
  class space    used 527K, capacity 552K, committed 640K, reserved 1048576K
Event: 0.367 GC heap after
Heap after GC invocations=6 (full 0):
 PSYoungGen      total 5632K, used 1218K [0x00000000eab00000, 0x00000000eb200000, 0x0000000100000000)
  eden space 4096K, 0% used [0x00000000eab00000,0x00000000eab00000,0x00000000eaf00000)
  from space 1536K, 79% used [0x00000000eb080000,0x00000000eb1b08d8,0x00000000eb200000)
  to   space 1536K, 0% used [0x00000000eaf00000,0x00000000eaf00000,0x00000000eb080000)
 ParOldGen       total 129536K, used 1646K [0x00000000c0000000, 0x00000000c7e80000, 0x00000000eab00000)
  object space 129536K, 1% used [0x00000000c0000000,0x00000000c019b828,0x00000000c7e80000)
 Metaspace       used 4769K, capacity 5936K, committed 6272K, reserved 1056768K
  class space    used 527K, capacity 552K, committed 640K, reserved 1048576K
}
Event: 0.562 GC heap before
{Heap before GC invocations=7 (full 0):
 PSYoungGen      total 5632K, used 5314K [0x00000000eab00000, 0x00000000eb200000, 0x0000000100000000)
  eden space 4096K, 100% used [0x00000000eab00000,0x00000000eaf00000,0x00000000eaf00000)
  from space 1536K, 79% used [0x00000000eb080000,0x00000000eb1b08d8,0x00000000eb200000)
  to   space 1536K, 0% used [0x00000000eaf00000,0x00000000eaf00000,0x00000000eb080000)
 ParOldGen       total 129536K, used 1646K [0x00000000c0000000, 0x00000000c7e80000, 0x00000000eab00000)
  object space 129536K, 1% used [0x00000000c0000000,0x00000000c019b828,0x00000000c7e80000)
 Metaspace       used 5482K, capacity 6512K, committed 6784K, reserved 1056768K
  class space    used 587K, capacity 616K, committed 640K, reserved 1048576K
Event: 0.620 GC heap after
Heap after GC invocations=7 (full 0):
 PSYoungGen      total 5632K, used 1523K [0x00000000eab00000, 0x00000000eb700000, 0x0000000100000000)
  eden space 4096K, 0% used [0x00000000eab00000,0x00000000eab00000,0x00000000eaf00000)
  from space 1536K, 99% used [0x00000000eaf00000,0x00000000eb07ce48,0x00000000eb080000)
  to   space 2048K, 0% used [0x00000000eb500000,0x00000000eb500000,0x00000000eb700000)
 ParOldGen       total 129536K, used 2036K [0x00000000c0000000, 0x00000000c7e80000, 0x00000000eab00000)
  object space 129536K, 1% used [0x00000000c0000000,0x00000000c01fd0e0,0x00000000c7e80000)
 Metaspace       used 5482K, capacity 6512K, committed 6784K, reserved 1056768K
  class space    used 587K, capacity 616K, committed 640K, reserved 1048576K
}

Deoptimization events (0 events):
No events

Internal exceptions (10 events):
Event: 0.425 Thread 0x000000001651f800 Exception <a 'java/security/PrivilegedActionException'> (0x00000000eace8a80) thrown at [D:\re\workspace\8-2-build-windows-amd64-cygwin\jdk8u5\2488\hotspot\src\share\vm\prims\jvm.cpp, line 1248]
Event: 0.425 Thread 0x000000001651f800 Exception <a 'java/security/PrivilegedActionException'> (0x00000000eacf11e8) thrown at [D:\re\workspace\8-2-build-windows-amd64-cygwin\jdk8u5\2488\hotspot\src\share\vm\prims\jvm.cpp, line 1248]
Event: 0.426 Thread 0x000000001651f800 Exception <a 'java/security/PrivilegedActionException'> (0x00000000eacf54f0) thrown at [D:\re\workspace\8-2-build-windows-amd64-cygwin\jdk8u5\2488\hotspot\src\share\vm\prims\jvm.cpp, line 1248]
Event: 0.427 Thread 0x000000001651f800 Exception <a 'java/security/PrivilegedActionException'> (0x00000000eacff838) thrown at [D:\re\workspace\8-2-build-windows-amd64-cygwin\jdk8u5\2488\hotspot\src\share\vm\prims\jvm.cpp, line 1248]
Event: 0.428 Thread 0x000000001651f800 Exception <a 'java/security/PrivilegedActionException'> (0x00000000ead04cd0) thrown at [D:\re\workspace\8-2-build-windows-amd64-cygwin\jdk8u5\2488\hotspot\src\share\vm\prims\jvm.cpp, line 1248]
Event: 0.428 Thread 0x000000001651e800 Exception <a 'java/security/PrivilegedActionException'> (0x00000000eacef010) thrown at [D:\re\workspace\8-2-build-windows-amd64-cygwin\jdk8u5\2488\hotspot\src\share\vm\prims\jvm.cpp, line 1248]
Event: 0.437 Thread 0x000000001651e800 Exception <a 'java/security/PrivilegedActionException'> (0x00000000ead1bf40) thrown at [D:\re\workspace\8-2-build-windows-amd64-cygwin\jdk8u5\2488\hotspot\src\share\vm\prims\jvm.cpp, line 1248]
Event: 0.439 Thread 0x000000001651e800 Exception <a 'java/security/PrivilegedActionException'> (0x00000000ead3e950) thrown at [D:\re\workspace\8-2-build-windows-amd64-cygwin\jdk8u5\2488\hotspot\src\share\vm\prims\jvm.cpp, line 1248]
Event: 0.440 Thread 0x000000001651e800 Exception <a 'java/security/PrivilegedActionException'> (0x00000000ead556c8) thrown at [D:\re\workspace\8-2-build-windows-amd64-cygwin\jdk8u5\2488\hotspot\src\share\vm\prims\jvm.cpp, line 1248]
Event: 0.501 Thread 0x000000001651e800 Exception <a 'java/security/PrivilegedActionException'> (0x00000000eae8a5a8) thrown at [D:\re\workspace\8-2-build-windows-amd64-cygwin\jdk8u5\2488\hotspot\src\share\vm\prims\jvm.cpp, line 1248]

Events (10 events):
Event: 0.501 loading class com/android/dx/cf/code/BytecodeArray$ConstantParserVisitor
Event: 0.501 loading class com/android/dx/cf/code/BytecodeArray$ConstantParserVisitor done
Event: 0.522 Executing VM operation: ParallelGCFailedAllocation
Event: 0.620 Executing VM operation: ParallelGCFailedAllocation done
Event: 0.631 loading class java/util/TreeMap$EntrySet
Event: 0.631 loading class java/util/TreeMap$EntrySet done
Event: 0.631 loading class java/util/TreeMap$EntryIterator
Event: 0.631 loading class java/util/TreeMap$EntryIterator done
Event: 0.635 loading class java/util/ArrayList$1
Event: 0.635 loading class java/util/ArrayList$1 done


Dynamic libraries:
0x00007ff7b1cb0000 - 0x00007ff7b1ce4000 	D:\jdk\bin\java.exe
0x00007ffd1f340000 - 0x00007ffd1f4e9000 	C:\Windows\SYSTEM32\ntdll.dll
0x00007ffd1cbd0000 - 0x00007ffd1cd09000 	C:\Windows\system32\KERNEL32.DLL
0x00007ffd1c840000 - 0x00007ffd1c94e000 	C:\Windows\system32\KERNELBASE.dll
0x00007ffd1e970000 - 0x00007ffd1ea15000 	C:\Windows\system32\ADVAPI32.dll
0x00007ffd1e6f0000 - 0x00007ffd1e861000 	C:\Windows\system32\USER32.dll
0x00007ffd1a700000 - 0x00007ffd1a95a000 	C:\Windows\WinSxS\amd64_microsoft.windows.common-controls_6595b64144ccf1df_6.0.9600.16384_none_62475f7becb72503\COMCTL32.dll
0x00007ffd1e450000 - 0x00007ffd1e4f7000 	C:\Windows\system32\msvcrt.dll
0x00007ffd1ea20000 - 0x00007ffd1ea77000 	C:\Windows\SYSTEM32\sechost.dll
0x00007ffd1f200000 - 0x00007ffd1f336000 	C:\Windows\system32\RPCRT4.dll
0x00007ffd1ec90000 - 0x00007ffd1edd5000 	C:\Windows\system32\GDI32.dll
0x00007ffd1cf20000 - 0x00007ffd1cf54000 	C:\Windows\system32\IMM32.DLL
0x00007ffd1cdd0000 - 0x00007ffd1cf09000 	C:\Windows\system32\MSCTF.dll
0x000000006afa0000 - 0x000000006b072000 	D:\jdk\jre\bin\msvcr100.dll
0x000000006b470000 - 0x000000006bc9a000 	D:\jdk\jre\bin\server\jvm.dll
0x00007ffd19ee0000 - 0x00007ffd19ee9000 	C:\Windows\SYSTEM32\WSOCK32.dll
0x00007ffd18480000 - 0x00007ffd1849f000 	C:\Windows\SYSTEM32\WINMM.dll
0x00007ffd1cd10000 - 0x00007ffd1cd17000 	C:\Windows\system32\PSAPI.DLL
0x00007ffd1ea90000 - 0x00007ffd1eae8000 	C:\Windows\system32\WS2_32.dll
0x00007ffd18320000 - 0x00007ffd1834a000 	C:\Windows\SYSTEM32\WINMMBASE.dll
0x00007ffd1cf10000 - 0x00007ffd1cf19000 	C:\Windows\system32\NSI.dll
0x00007ffd1c950000 - 0x00007ffd1c99a000 	C:\Windows\SYSTEM32\cfgmgr32.dll
0x00007ffd1b570000 - 0x00007ffd1b596000 	C:\Windows\SYSTEM32\DEVOBJ.dll
0x000000006bec0000 - 0x000000006becf000 	D:\jdk\jre\bin\verify.dll
0x000000006be90000 - 0x000000006beb8000 	D:\jdk\jre\bin\java.dll
0x000000006be70000 - 0x000000006be86000 	D:\jdk\jre\bin\zip.dll
0x00007ffd1d040000 - 0x00007ffd1e44d000 	C:\Windows\system32\SHELL32.dll
0x00007ffd1f020000 - 0x00007ffd1f1f7000 	C:\Windows\SYSTEM32\combase.dll
0x00007ffd1cf80000 - 0x00007ffd1cfd1000 	C:\Windows\system32\SHLWAPI.dll
0x00007ffd1ad50000 - 0x00007ffd1adf1000 	C:\Windows\SYSTEM32\SHCORE.dll
0x00007ffd1c6c0000 - 0x00007ffd1c6d4000 	C:\Windows\SYSTEM32\profapi.dll
0x00007ffd132f0000 - 0x00007ffd13478000 	C:\Windows\SYSTEM32\dbghelp.dll

VM Arguments:
jvm_args: -Djava.awt.headless=true -Xmx1024M -Dfile.encoding=GBK -Duser.country=CN -Duser.language=zh -Duser.variant 
java_command: com.android.dx.command.Main --dex --force-jumbo --num-threads=4 --output E:\Sports\app\build\intermediates\pre-dexed\debug\okio-1.6.0_c410569bd3ae660f2a7eceb3af69efc833b46b70.jar C:\Users\Administrator\.gradle\caches\modules-2\files-2.1\com.squareup.okio\okio\1.6.0\98476622f10715998eacf9240d6b479f12c66143\okio-1.6.0.jar
java_class_path (initial): D:\android\AppData\Local\Android\sdk\build-tools\24.0.0\lib\dx.jar
Launcher Type: SUN_STANDARD

Environment Variables:
JAVA_HOME=D:\jdk
PATH=C:\Windows\system32;C:\Windows;C:\Windows\System32\Wbem;C:\Windows\System32\WindowsPowerShell\v1.0\;D:\jdk\bin;D:\jdk\jre\bin;D:\android\AppData\Local\Android\sdk\tools;D:\android\AppData\Local\Android\sdk\platform-tools;C:\Program Files (x86)\NVIDIA Corporation\PhysX\Common
USERNAME=Administrator
OS=Windows_NT
PROCESSOR_IDENTIFIER=Intel64 Family 6 Model 60 Stepping 3, GenuineIntel



---------------  S Y S T E M  ---------------

OS: Windows 8.1 , 64 bit Build 9600 

CPU:total 4 (4 cores per cpu, 1 threads per core) family 6 model 60 stepping 3, cmov, cx8, fxsr, mmx, sse, sse2, sse3, ssse3, sse4.1, sse4.2, popcnt, avx, avx2, aes, clmul, erms, tsc, tscinvbit

Memory: 4k page, physical 8273724k(2028760k free), swap 8273724k(7412k free)

vm_info: Java HotSpot(TM) 64-Bit Server VM (25.5-b02) for windows-amd64 JRE (1.8.0_05-b13), built on Mar 18 2014 01:08:39 by "java_re" with MS VC++ 10.0 (VS2010)

time: Wed Aug 03 16:26:06 2016
elapsed time: 0 seconds

