#
# There is insufficient memory for the Java Runtime Environment to continue.
# Native memory allocation (malloc) failed to allocate 1531936 bytes for Chunk::new
# Possible reasons:
#   The system is out of physical RAM or swap space
#   In 32 bit mode, the process size limit was hit
# Possible solutions:
#   Reduce memory load on the system
#   Increase physical memory or swap space
#   Check if swap backing store is full
#   Use 64 bit Java on a 64 bit OS
#   Decrease Java heap size (-Xmx/-Xms)
#   Decrease number of Java threads
#   Decrease Java thread stack sizes (-Xss)
#   Set larger code cache with -XX:ReservedCodeCacheSize=
# This output file may be truncated or incomplete.
#
#  Out of Memory Error (allocation.cpp:388), pid=12444, tid=3452
#
# JRE version: Java(TM) SE Runtime Environment (8.0_05-b13) (build 1.8.0_05-b13)
# Java VM: Java HotSpot(TM) 64-Bit Server VM (25.5-b02 mixed mode windows-amd64 compressed oops)
# Failed to write core dump. Minidumps are not enabled by default on client versions of Windows
#

---------------  T H R E A D  ---------------

Current thread (0x000000001552b800):  JavaThread "C2 CompilerThread1" daemon [_thread_in_native, id=3452, stack(0x0000000016f80000,0x0000000017080000)]

Stack: [0x0000000016f80000,0x0000000017080000]
Native frames: (J=compiled Java code, j=interpreted, Vv=VM code, C=native code)
V  [jvm.dll+0x308dea]


Current CompileTask:
C2:   1427 1105   !   4       com.android.dx.cf.code.BytecodeArray::parseInstruction (2764 bytes)


---------------  P R O C E S S  ---------------

Java Threads: ( => current thread )
  0x0000000016b68800 JavaThread "pool-1-thread-4" [_thread_blocked, id=10880, stack(0x0000000017f80000,0x0000000018080000)]
  0x0000000016bcb000 JavaThread "pool-1-thread-3" [_thread_blocked, id=12640, stack(0x0000000017e80000,0x0000000017f80000)]
  0x0000000016bca800 JavaThread "pool-1-thread-2" [_thread_blocked, id=13196, stack(0x0000000017d80000,0x0000000017e80000)]
  0x0000000016bc8800 JavaThread "pool-2-thread-1" [_thread_blocked, id=8816, stack(0x0000000017c80000,0x0000000017d80000)]
  0x0000000016bc6000 JavaThread "pool-1-thread-1" [_thread_in_Java, id=11288, stack(0x0000000017b80000,0x0000000017c80000)]
  0x00000000168dc000 JavaThread "Service Thread" daemon [_thread_blocked, id=8852, stack(0x0000000017180000,0x0000000017280000)]
  0x0000000015569800 JavaThread "C1 CompilerThread2" daemon [_thread_blocked, id=8680, stack(0x0000000017080000,0x0000000017180000)]
=>0x000000001552b800 JavaThread "C2 CompilerThread1" daemon [_thread_in_native, id=3452, stack(0x0000000016f80000,0x0000000017080000)]
  0x0000000015520800 JavaThread "C2 CompilerThread0" daemon [_thread_blocked, id=11276, stack(0x0000000016e80000,0x0000000016f80000)]
  0x000000001551f800 JavaThread "Attach Listener" daemon [_thread_blocked, id=12960, stack(0x0000000016d80000,0x0000000016e80000)]
  0x00000000168c3800 JavaThread "Signal Dispatcher" daemon [_thread_blocked, id=12892, stack(0x0000000016c80000,0x0000000016d80000)]
  0x0000000002e0e000 JavaThread "Finalizer" daemon [_thread_blocked, id=12120, stack(0x0000000016780000,0x0000000016880000)]
  0x0000000002e09000 JavaThread "Reference Handler" daemon [_thread_blocked, id=13176, stack(0x0000000016680000,0x0000000016780000)]
  0x0000000002d20800 JavaThread "main" [_thread_in_Java, id=12480, stack(0x00000000028e0000,0x00000000029e0000)]

Other Threads:
  0x00000000154d7000 VMThread [stack: 0x0000000016580000,0x0000000016680000] [id=11740]
  0x00000000168f0000 WatcherThread [stack: 0x0000000017280000,0x0000000017380000] [id=3896]

VM state:synchronizing (normal execution)

VM Mutex/Monitor currently owned by a thread:  ([mutex/lock_event])
[0x0000000002a1bf20] Safepoint_lock - owner thread: 0x00000000154d7000
[0x0000000002a1c620] Threads_lock - owner thread: 0x00000000154d7000
[0x0000000002a1c2a0] Heap_lock - owner thread: 0x0000000016bca800

Heap:
 PSYoungGen      total 13312K, used 13280K [0x00000000eab00000, 0x00000000ebd80000, 0x0000000100000000)
  eden space 10752K, 100% used [0x00000000eab00000,0x00000000eb580000,0x00000000eb580000)
  from space 2560K, 98% used [0x00000000eb900000,0x00000000ebb78010,0x00000000ebb80000)
  to   space 3584K, 0% used [0x00000000eb580000,0x00000000eb580000,0x00000000eb900000)
 ParOldGen       total 129536K, used 3728K [0x00000000c0000000, 0x00000000c7e80000, 0x00000000eab00000)
  object space 129536K, 2% used [0x00000000c0000000,0x00000000c03a4198,0x00000000c7e80000)
 Metaspace       used 5750K, capacity 6768K, committed 7040K, reserved 1056768K
  class space    used 588K, capacity 616K, committed 640K, reserved 1048576K

Card table byte_map: [0x00000000121e0000,0x00000000123f0000] byte_map_base: 0x0000000011be0000

Marking Bits: (ParMarkBitMap*) 0x000000006bc213b0
 Begin Bits: [0x0000000012950000, 0x0000000013950000)
 End Bits:   [0x0000000013950000, 0x0000000014950000)

Polling page: 0x0000000001160000

CodeCache: size=245760Kb used=4652Kb max_used=4666Kb free=241107Kb
 bounds [0x0000000002e20000, 0x00000000032c0000, 0x0000000011e20000]
 total_blobs=1488 nmethods=1221 adapters=180
 compilation: disabled (not enough contiguous free space left)

Compilation events (10 events):
Event: 1.370 Thread 0x0000000015569800 1149       3       com.android.dx.rop.code.RegisterSpec::withSimpleType (59 bytes)
Event: 1.371 Thread 0x0000000015569800 nmethod 1149 0x000000000325ffd0 code [0x0000000003260180, 0x00000000032608c8]
Event: 1.371 Thread 0x0000000015569800 1178       3       com.android.dx.rop.type.Type::isCategory2 (36 bytes)
Event: 1.371 Thread 0x0000000015569800 nmethod 1178 0x0000000003260a90 code [0x0000000003260be0, 0x0000000003260d50]
Event: 1.371 Thread 0x0000000015569800 1145       3       com.android.dx.cf.code.Ropper::getSpecialLabel (20 bytes)
Event: 1.371 Thread 0x0000000015569800 nmethod 1145 0x0000000003260dd0 code [0x0000000003260f40, 0x00000000032612f0]
Event: 1.371 Thread 0x0000000015569800 1107       3       com.android.dx.rop.cst.CstInteger::make (47 bytes)
Event: 1.371 Thread 0x0000000015569800 nmethod 1107 0x0000000003264310 code [0x00000000032644c0, 0x0000000003264bd0]
Event: 1.371 Thread 0x0000000015520800 nmethod 1112 0x0000000003264f50 code [0x00000000032650a0, 0x0000000003265318]
Event: 1.371 Thread 0x0000000015520800 1122       4       com.android.dx.ssa.SsaMethod::updateOneDefinition (70 bytes)

GC Heap History (10 events):
Event: 0.401 GC heap before
{Heap before GC invocations=6 (full 0):
 PSYoungGen      total 2560K, used 2539K [0x00000000eab00000, 0x00000000eb100000, 0x0000000100000000)
  eden space 2048K, 100% used [0x00000000eab00000,0x00000000ead00000,0x00000000ead00000)
  from space 512K, 96% used [0x00000000ead00000,0x00000000ead7ae60,0x00000000ead80000)
  to   space 1024K, 0% used [0x00000000eb000000,0x00000000eb000000,0x00000000eb100000)
 ParOldGen       total 129536K, used 880K [0x00000000c0000000, 0x00000000c7e80000, 0x00000000eab00000)
  object space 129536K, 0% used [0x00000000c0000000,0x00000000c00dc200,0x00000000c7e80000)
 Metaspace       used 4201K, capacity 5392K, committed 5760K, reserved 1056768K
  class space    used 468K, capacity 520K, committed 640K, reserved 1048576K
Event: 0.403 GC heap after
Heap after GC invocations=6 (full 0):
 PSYoungGen      total 4608K, used 1016K [0x00000000eab00000, 0x00000000eb200000, 0x0000000100000000)
  eden space 3584K, 0% used [0x00000000eab00000,0x00000000eab00000,0x00000000eae80000)
  from space 1024K, 99% used [0x00000000eb000000,0x00000000eb0fe010,0x00000000eb100000)
  to   space 1536K, 0% used [0x00000000eae80000,0x00000000eae80000,0x00000000eb000000)
 ParOldGen       total 129536K, used 1181K [0x00000000c0000000, 0x00000000c7e80000, 0x00000000eab00000)
  object space 129536K, 0% used [0x00000000c0000000,0x00000000c0127658,0x00000000c7e80000)
 Metaspace       used 4201K, capacity 5392K, committed 5760K, reserved 1056768K
  class space    used 468K, capacity 520K, committed 640K, reserved 1048576K
}
Event: 0.495 GC heap before
{Heap before GC invocations=7 (full 0):
 PSYoungGen      total 4608K, used 4598K [0x00000000eab00000, 0x00000000eb200000, 0x0000000100000000)
  eden space 3584K, 99% used [0x00000000eab00000,0x00000000eae7f988,0x00000000eae80000)
  from space 1024K, 99% used [0x00000000eb000000,0x00000000eb0fe010,0x00000000eb100000)
  to   space 1536K, 0% used [0x00000000eae80000,0x00000000eae80000,0x00000000eb000000)
 ParOldGen       total 129536K, used 1181K [0x00000000c0000000, 0x00000000c7e80000, 0x00000000eab00000)
  object space 129536K, 0% used [0x00000000c0000000,0x00000000c0127658,0x00000000c7e80000)
 Metaspace       used 5224K, capacity 6320K, committed 6528K, reserved 1056768K
  class space    used 575K, capacity 616K, committed 640K, reserved 1048576K
Event: 0.504 GC heap after
Heap after GC invocations=7 (full 0):
 PSYoungGen      total 5120K, used 1526K [0x00000000eab00000, 0x00000000eb600000, 0x0000000100000000)
  eden space 3584K, 0% used [0x00000000eab00000,0x00000000eab00000,0x00000000eae80000)
  from space 1536K, 99% used [0x00000000eae80000,0x00000000eaffd8c8,0x00000000eb000000)
  to   space 2048K, 0% used [0x00000000eb400000,0x00000000eb400000,0x00000000eb600000)
 ParOldGen       total 129536K, used 1521K [0x00000000c0000000, 0x00000000c7e80000, 0x00000000eab00000)
  object space 129536K, 1% used [0x00000000c0000000,0x00000000c017c6c8,0x00000000c7e80000)
 Metaspace       used 5224K, capacity 6320K, committed 6528K, reserved 1056768K
  class space    used 575K, capacity 616K, committed 640K, reserved 1048576K
}
Event: 0.617 GC heap before
{Heap before GC invocations=8 (full 0):
 PSYoungGen      total 5120K, used 5110K [0x00000000eab00000, 0x00000000eb600000, 0x0000000100000000)
  eden space 3584K, 100% used [0x00000000eab00000,0x00000000eae80000,0x00000000eae80000)
  from space 1536K, 99% used [0x00000000eae80000,0x00000000eaffd8c8,0x00000000eb000000)
  to   space 2048K, 0% used [0x00000000eb400000,0x00000000eb400000,0x00000000eb600000)
 ParOldGen       total 129536K, used 1521K [0x00000000c0000000, 0x00000000c7e80000, 0x00000000eab00000)
  object space 129536K, 1% used [0x00000000c0000000,0x00000000c017c6c8,0x00000000c7e80000)
 Metaspace       used 5508K, capacity 6512K, committed 6784K, reserved 1056768K
  class space    used 588K, capacity 616K, committed 640K, reserved 1048576K
Event: 0.714 GC heap after
Heap after GC invocations=8 (full 0):
 PSYoungGen      total 9216K, used 1619K [0x00000000eab00000, 0x00000000eb600000, 0x0000000100000000)
  eden space 7168K, 0% used [0x00000000eab00000,0x00000000eab00000,0x00000000eb200000)
  from space 2048K, 79% used [0x00000000eb400000,0x00000000eb594e48,0x00000000eb600000)
  to   space 2048K, 0% used [0x00000000eb200000,0x00000000eb200000,0x00000000eb400000)
 ParOldGen       total 129536K, used 1609K [0x00000000c0000000, 0x00000000c7e80000, 0x00000000eab00000)
  object space 129536K, 1% used [0x00000000c0000000,0x00000000c01926e8,0x00000000c7e80000)
 Metaspace       used 5508K, capacity 6512K, committed 6784K, reserved 1056768K
  class space    used 588K, capacity 616K, committed 640K, reserved 1048576K
}
Event: 0.963 GC heap before
{Heap before GC invocations=9 (full 0):
 PSYoungGen      total 9216K, used 8787K [0x00000000eab00000, 0x00000000eb600000, 0x0000000100000000)
  eden space 7168K, 100% used [0x00000000eab00000,0x00000000eb200000,0x00000000eb200000)
  from space 2048K, 79% used [0x00000000eb400000,0x00000000eb594e48,0x00000000eb600000)
  to   space 2048K, 0% used [0x00000000eb200000,0x00000000eb200000,0x00000000eb400000)
 ParOldGen       total 129536K, used 1609K [0x00000000c0000000, 0x00000000c7e80000, 0x00000000eab00000)
  object space 129536K, 1% used [0x00000000c0000000,0x00000000c01926e8,0x00000000c7e80000)
 Metaspace       used 5609K, capacity 6640K, committed 6784K, reserved 1056768K
  class space    used 588K, capacity 616K, committed 640K, reserved 1048576K
Event: 1.082 GC heap after
Heap after GC invocations=9 (full 0):
 PSYoungGen      total 9216K, used 2032K [0x00000000eab00000, 0x00000000ebb80000, 0x0000000100000000)
  eden space 7168K, 0% used [0x00000000eab00000,0x00000000eab00000,0x00000000eb200000)
  from space 2048K, 99% used [0x00000000eb200000,0x00000000eb3fc028,0x00000000eb400000)
  to   space 2560K, 0% used [0x00000000eb900000,0x00000000eb900000,0x00000000ebb80000)
 ParOldGen       total 129536K, used 2542K [0x00000000c0000000, 0x00000000c7e80000, 0x00000000eab00000)
  object space 129536K, 1% used [0x00000000c0000000,0x00000000c027b960,0x00000000c7e80000)
 Metaspace       used 5609K, capacity 6640K, committed 6784K, reserved 1056768K
  class space    used 588K, capacity 616K, committed 640K, reserved 1048576K
}
Event: 1.355 GC heap before
{Heap before GC invocations=10 (full 0):
 PSYoungGen      total 9216K, used 9200K [0x00000000eab00000, 0x00000000ebb80000, 0x0000000100000000)
  eden space 7168K, 100% used [0x00000000eab00000,0x00000000eb200000,0x00000000eb200000)
  from space 2048K, 99% used [0x00000000eb200000,0x00000000eb3fc028,0x00000000eb400000)
  to   space 2560K, 0% used [0x00000000eb900000,0x00000000eb900000,0x00000000ebb80000)
 ParOldGen       total 129536K, used 2542K [0x00000000c0000000, 0x00000000c7e80000, 0x00000000eab00000)
  object space 129536K, 1% used [0x00000000c0000000,0x00000000c027b960,0x00000000c7e80000)
 Metaspace       used 5672K, capacity 6704K, committed 6784K, reserved 1056768K
  class space    used 588K, capacity 616K, committed 640K, reserved 1048576K
Event: 1.360 GC heap after
Heap after GC invocations=10 (full 0):
 PSYoungGen      total 13312K, used 2528K [0x00000000eab00000, 0x00000000ebd80000, 0x0000000100000000)
  eden space 10752K, 0% used [0x00000000eab00000,0x00000000eab00000,0x00000000eb580000)
  from space 2560K, 98% used [0x00000000eb900000,0x00000000ebb78010,0x00000000ebb80000)
  to   space 3584K, 0% used [0x00000000eb580000,0x00000000eb580000,0x00000000eb900000)
 ParOldGen       total 129536K, used 3728K [0x00000000c0000000, 0x00000000c7e80000, 0x00000000eab00000)
  object space 129536K, 2% used [0x00000000c0000000,0x00000000c03a4198,0x00000000c7e80000)
 Metaspace       used 5672K, capacity 6704K, committed 6784K, reserved 1056768K
  class space    used 588K, capacity 616K, committed 640K, reserved 1048576K
}

Deoptimization events (2 events):
Event: 1.140 Thread 0x0000000016bc6000 Uncommon trap: reason=null_check action=make_not_entrant pc=0x00000000030d85b0 method=com.android.dx.ssa.SsaRenamer.getLocalForNewReg(I)Lcom/android/dx/rop/code/LocalItem; @ 19
Event: 1.140 Thread 0x0000000016bc6000 Uncommon trap: reason=null_check action=make_not_entrant pc=0x00000000030ad7a4 method=com.android.dx.ssa.SsaRenamer.getLocalForNewReg(I)Lcom/android/dx/rop/code/LocalItem; @ 19

Internal exceptions (10 events):
Event: 0.510 Thread 0x0000000016b68800 Exception <a 'java/security/PrivilegedActionException'> (0x00000000eab7cd60) thrown at [D:\re\workspace\8-2-build-windows-amd64-cygwin\jdk8u5\2488\hotspot\src\share\vm\prims\jvm.cpp, line 1248]
Event: 0.510 Thread 0x0000000016b68800 Exception <a 'java/security/PrivilegedActionException'> (0x00000000eab822b0) thrown at [D:\re\workspace\8-2-build-windows-amd64-cygwin\jdk8u5\2488\hotspot\src\share\vm\prims\jvm.cpp, line 1248]
Event: 0.511 Thread 0x0000000016b68800 Exception <a 'java/security/PrivilegedActionException'> (0x00000000eab85b40) thrown at [D:\re\workspace\8-2-build-windows-amd64-cygwin\jdk8u5\2488\hotspot\src\share\vm\prims\jvm.cpp, line 1248]
Event: 0.584 Thread 0x0000000016bc6000 Exception <a 'java/security/PrivilegedActionException'> (0x00000000eab99f10) thrown at [D:\re\workspace\8-2-build-windows-amd64-cygwin\jdk8u5\2488\hotspot\src\share\vm\prims\jvm.cpp, line 1248]
Event: 0.585 Thread 0x0000000016bc6000 Exception <a 'java/security/PrivilegedActionException'> (0x00000000eaba0138) thrown at [D:\re\workspace\8-2-build-windows-amd64-cygwin\jdk8u5\2488\hotspot\src\share\vm\prims\jvm.cpp, line 1248]
Event: 0.585 Thread 0x0000000016bcb000 Exception <a 'java/security/PrivilegedActionException'> (0x00000000eab5d798) thrown at [D:\re\workspace\8-2-build-windows-amd64-cygwin\jdk8u5\2488\hotspot\src\share\vm\prims\jvm.cpp, line 1248]
Event: 0.590 Thread 0x0000000016b68800 Exception <a 'java/security/PrivilegedActionException'> (0x00000000eabe2f90) thrown at [D:\re\workspace\8-2-build-windows-amd64-cygwin\jdk8u5\2488\hotspot\src\share\vm\prims\jvm.cpp, line 1248]
Event: 0.608 Thread 0x0000000002d20800 Exception <a 'java/security/PrivilegedActionException'> (0x00000000ead92700) thrown at [D:\re\workspace\8-2-build-windows-amd64-cygwin\jdk8u5\2488\hotspot\src\share\vm\prims\jvm.cpp, line 1248]
Event: 1.140 Thread 0x0000000016bc6000 Implicit null exception at 0x00000000030d613d to 0x00000000030d8589
Event: 1.140 Thread 0x0000000016bc6000 Implicit null exception at 0x00000000030ab03c to 0x00000000030ad781

Events (10 events):
Event: 1.140 Thread 0x0000000016bc6000 Uncommon trap: trap_request=0xfffffff4 fr.pc=0x00000000030d85b0
Event: 1.140 Thread 0x0000000016bc6000 DEOPT PACKING pc=0x00000000030d85b0 sp=0x0000000017c7e630
Event: 1.140 Thread 0x0000000016bc6000 DEOPT UNPACKING pc=0x0000000002e655af sp=0x0000000017c7e468 mode 2
Event: 1.140 Thread 0x0000000016bc6000 Uncommon trap: trap_request=0xfffffff4 fr.pc=0x00000000030ad7a4
Event: 1.140 Thread 0x0000000016bc6000 DEOPT PACKING pc=0x00000000030ad7a4 sp=0x0000000017c7e5b0
Event: 1.140 Thread 0x0000000016bc6000 DEOPT UNPACKING pc=0x0000000002e655af sp=0x0000000017c7e458 mode 2
Event: 1.161 Thread 0x0000000016bca800 DEOPT PACKING pc=0x00000000030fed23 sp=0x0000000017e7e5f0
Event: 1.161 Thread 0x0000000016bca800 DEOPT UNPACKING pc=0x0000000002e67604 sp=0x0000000017e7e348 mode 0
Event: 1.211 Executing VM operation: ParallelGCFailedAllocation
Event: 1.361 Executing VM operation: ParallelGCFailedAllocation done


Dynamic libraries:
0x00007ff7b1cb0000 - 0x00007ff7b1ce4000 	D:\jdk\bin\java.exe
0x00007ffd1f340000 - 0x00007ffd1f4e9000 	C:\Windows\SYSTEM32\ntdll.dll
0x00007ffd1cbd0000 - 0x00007ffd1cd09000 	C:\Windows\system32\KERNEL32.DLL
0x00007ffd1c840000 - 0x00007ffd1c94e000 	C:\Windows\system32\KERNELBASE.dll
0x00007ffd1e970000 - 0x00007ffd1ea15000 	C:\Windows\system32\ADVAPI32.dll
0x00007ffd1e6f0000 - 0x00007ffd1e861000 	C:\Windows\system32\USER32.dll
0x00007ffd1a700000 - 0x00007ffd1a95a000 	C:\Windows\WinSxS\amd64_microsoft.windows.common-controls_6595b64144ccf1df_6.0.9600.16384_none_62475f7becb72503\COMCTL32.dll
0x00007ffd1e450000 - 0x00007ffd1e4f7000 	C:\Windows\system32\msvcrt.dll
0x00007ffd1ea20000 - 0x00007ffd1ea77000 	C:\Windows\SYSTEM32\sechost.dll
0x00007ffd1f200000 - 0x00007ffd1f336000 	C:\Windows\system32\RPCRT4.dll
0x00007ffd1ec90000 - 0x00007ffd1edd5000 	C:\Windows\system32\GDI32.dll
0x00007ffd1cf20000 - 0x00007ffd1cf54000 	C:\Windows\system32\IMM32.DLL
0x00007ffd1cdd0000 - 0x00007ffd1cf09000 	C:\Windows\system32\MSCTF.dll
0x000000006afa0000 - 0x000000006b072000 	D:\jdk\jre\bin\msvcr100.dll
0x000000006b470000 - 0x000000006bc9a000 	D:\jdk\jre\bin\server\jvm.dll
0x00007ffd19ee0000 - 0x00007ffd19ee9000 	C:\Windows\SYSTEM32\WSOCK32.dll
0x00007ffd18480000 - 0x00007ffd1849f000 	C:\Windows\SYSTEM32\WINMM.dll
0x00007ffd1cd10000 - 0x00007ffd1cd17000 	C:\Windows\system32\PSAPI.DLL
0x00007ffd1ea90000 - 0x00007ffd1eae8000 	C:\Windows\system32\WS2_32.dll
0x00007ffd18320000 - 0x00007ffd1834a000 	C:\Windows\SYSTEM32\WINMMBASE.dll
0x00007ffd1cf10000 - 0x00007ffd1cf19000 	C:\Windows\system32\NSI.dll
0x00007ffd1c950000 - 0x00007ffd1c99a000 	C:\Windows\SYSTEM32\cfgmgr32.dll
0x00007ffd1b570000 - 0x00007ffd1b596000 	C:\Windows\SYSTEM32\DEVOBJ.dll
0x000000006bec0000 - 0x000000006becf000 	D:\jdk\jre\bin\verify.dll
0x000000006be90000 - 0x000000006beb8000 	D:\jdk\jre\bin\java.dll
0x000000006be70000 - 0x000000006be86000 	D:\jdk\jre\bin\zip.dll
0x00007ffd1d040000 - 0x00007ffd1e44d000 	C:\Windows\system32\SHELL32.dll
0x00007ffd1f020000 - 0x00007ffd1f1f7000 	C:\Windows\SYSTEM32\combase.dll
0x00007ffd1cf80000 - 0x00007ffd1cfd1000 	C:\Windows\system32\SHLWAPI.dll
0x00007ffd1ad50000 - 0x00007ffd1adf1000 	C:\Windows\SYSTEM32\SHCORE.dll
0x00007ffd1c6c0000 - 0x00007ffd1c6d4000 	C:\Windows\SYSTEM32\profapi.dll

VM Arguments:
jvm_args: -Djava.awt.headless=true -Xmx1024M -Dfile.encoding=GBK -Duser.country=CN -Duser.language=zh -Duser.variant 
java_command: com.android.dx.command.Main --dex --force-jumbo --num-threads=4 --output E:\Sports\app\build\intermediates\pre-dexed\debug\okhttp-3.2.0_e97c4d684058659f4c78fd063d89ce0d8b400297.jar C:\Users\Administrator\.gradle\caches\modules-2\files-2.1\com.squareup.okhttp3\okhttp\3.2.0\f7873a2ebde246a45c2a8d6f3247108b4c88a879\okhttp-3.2.0.jar
java_class_path (initial): D:\android\AppData\Local\Android\sdk\build-tools\24.0.0\lib\dx.jar
Launcher Type: SUN_STANDARD

Environment Variables:
JAVA_HOME=D:\jdk
PATH=C:\Windows\system32;C:\Windows;C:\Windows\System32\Wbem;C:\Windows\System32\WindowsPowerShell\v1.0\;D:\jdk\bin;D:\jdk\jre\bin;D:\android\AppData\Local\Android\sdk\tools;D:\android\AppData\Local\Android\sdk\platform-tools;C:\Program Files (x86)\NVIDIA Corporation\PhysX\Common
USERNAME=Administrator
OS=Windows_NT
PROCESSOR_IDENTIFIER=Intel64 Family 6 Model 60 Stepping 3, GenuineIntel



---------------  S Y S T E M  ---------------

OS: Windows 8.1 , 64 bit Build 9600 

CPU:total 4 (4 cores per cpu, 1 threads per core) family 6 model 60 stepping 3, cmov, cx8, fxsr, mmx, sse, sse2, sse3, ssse3, sse4.1, sse4.2, popcnt, avx, avx2, aes, clmul, erms, tsc, tscinvbit

Memory: 4k page, physical 8273724k(2005464k free), swap 8273724k(5120k free)

vm_info: Java HotSpot(TM) 64-Bit Server VM (25.5-b02) for windows-amd64 JRE (1.8.0_05-b13), built on Mar 18 2014 01:08:39 by "java_re" with MS VC++ 10.0 (VS2010)

time: Wed Aug 03 16:16:23 2016
elapsed time: 1 seconds

