#
# There is insufficient memory for the Java Runtime Environment to continue.
# Native memory allocation (malloc) failed to allocate 41680 bytes for Chunk::new
# Possible reasons:
#   The system is out of physical RAM or swap space
#   In 32 bit mode, the process size limit was hit
# Possible solutions:
#   Reduce memory load on the system
#   Increase physical memory or swap space
#   Check if swap backing store is full
#   Use 64 bit Java on a 64 bit OS
#   Decrease Java heap size (-Xmx/-Xms)
#   Decrease number of Java threads
#   Decrease Java thread stack sizes (-Xss)
#   Set larger code cache with -XX:ReservedCodeCacheSize=
# This output file may be truncated or incomplete.
#
#  Out of Memory Error (allocation.cpp:388), pid=12380, tid=12724
#
# JRE version: Java(TM) SE Runtime Environment (8.0_05-b13) (build 1.8.0_05-b13)
# Java VM: Java HotSpot(TM) 64-Bit Server VM (25.5-b02 mixed mode windows-amd64 compressed oops)
# Failed to write core dump. Minidumps are not enabled by default on client versions of Windows
#

---------------  T H R E A D  ---------------

Current thread (0x000000001509b800):  JavaThread "C2 CompilerThread1" daemon [_thread_in_native, id=12724, stack(0x0000000016ae0000,0x0000000016be0000)]

Stack: [0x0000000016ae0000,0x0000000016be0000]
Native frames: (J=compiled Java code, j=interpreted, Vv=VM code, C=native code)
V  [jvm.dll+0x308dea]


Current CompileTask:
C2:    562  607       4       java.util.HashMap::get (23 bytes)


---------------  P R O C E S S  ---------------

Java Threads: ( => current thread )
  0x0000000016659000 JavaThread "pool-1-thread-4" [_thread_in_vm, id=6680, stack(0x00000000172e0000,0x00000000173e0000)]
  0x0000000016656800 JavaThread "pool-2-thread-1" [_thread_blocked, id=12500, stack(0x0000000016fe0000,0x00000000170e0000)]
  0x0000000016654000 JavaThread "pool-1-thread-1" [_thread_in_Java, id=13044, stack(0x0000000016ee0000,0x0000000016fe0000)]
  0x0000000016448000 JavaThread "Service Thread" daemon [_thread_blocked, id=12468, stack(0x0000000016ce0000,0x0000000016de0000)]
  0x00000000150dd800 JavaThread "C1 CompilerThread2" daemon [_thread_in_native, id=13768, stack(0x0000000016be0000,0x0000000016ce0000)]
=>0x000000001509b800 JavaThread "C2 CompilerThread1" daemon [_thread_in_native, id=12724, stack(0x0000000016ae0000,0x0000000016be0000)]
  0x0000000015090800 JavaThread "C2 CompilerThread0" daemon [_thread_blocked, id=3552, stack(0x00000000169e0000,0x0000000016ae0000)]
  0x000000001508f800 JavaThread "Attach Listener" daemon [_thread_blocked, id=11460, stack(0x00000000168e0000,0x00000000169e0000)]
  0x0000000016423800 JavaThread "Signal Dispatcher" daemon [_thread_blocked, id=12008, stack(0x00000000167e0000,0x00000000168e0000)]
  0x000000000299e000 JavaThread "Finalizer" daemon [_thread_blocked, id=14232, stack(0x00000000162e0000,0x00000000163e0000)]
  0x0000000002999000 JavaThread "Reference Handler" daemon [_thread_blocked, id=14024, stack(0x00000000161e0000,0x00000000162e0000)]
  0x00000000028b0800 JavaThread "main" [_thread_blocked, id=13264, stack(0x00000000026e0000,0x00000000027e0000)]

Other Threads:
  0x0000000015047000 VMThread [stack: 0x00000000160e0000,0x00000000161e0000] [id=13840]
  0x000000001645c800 WatcherThread [stack: 0x0000000016de0000,0x0000000016ee0000] [id=12856]

VM state:not at safepoint (normal execution)

VM Mutex/Monitor currently owned by a thread: None

Heap:
 PSYoungGen      total 5632K, used 4308K [0x00000000eab00000, 0x00000000eb200000, 0x0000000100000000)
  eden space 4096K, 76% used [0x00000000eab00000,0x00000000eae0f0d8,0x00000000eaf00000)
  from space 1536K, 76% used [0x00000000eb080000,0x00000000eb1a6320,0x00000000eb200000)
  to   space 1536K, 0% used [0x00000000eaf00000,0x00000000eaf00000,0x00000000eb080000)
 ParOldGen       total 129536K, used 1608K [0x00000000c0000000, 0x00000000c7e80000, 0x00000000eab00000)
  object space 129536K, 1% used [0x00000000c0000000,0x00000000c01922f8,0x00000000c7e80000)
 Metaspace       used 5439K, capacity 6512K, committed 6784K, reserved 1056768K
  class space    used 592K, capacity 616K, committed 640K, reserved 1048576K

Card table byte_map: [0x0000000011d70000,0x0000000011f80000] byte_map_base: 0x0000000011770000

Marking Bits: (ParMarkBitMap*) 0x000000006bc213b0
 Begin Bits: [0x00000000124e0000, 0x00000000134e0000)
 End Bits:   [0x00000000134e0000, 0x00000000144e0000)

Polling page: 0x0000000000b40000

CodeCache: size=245760Kb used=2531Kb max_used=2531Kb free=243228Kb
 bounds [0x00000000029b0000, 0x0000000002c30000, 0x00000000119b0000]
 total_blobs=900 nmethods=633 adapters=180
 compilation: enabled

Compilation events (10 events):
Event: 0.551 Thread 0x00000000150dd800 nmethod 608 0x0000000002c14f90 code [0x0000000002c15100, 0x0000000002c15368]
Event: 0.551 Thread 0x00000000150dd800  609       3       com.android.dx.rop.code.RopMethod::labelToPredecessors (54 bytes)
Event: 0.551 Thread 0x00000000150dd800 nmethod 609 0x0000000002c15410 code [0x0000000002c15600, 0x0000000002c15e98]
Event: 0.551 Thread 0x00000000150dd800  610       3       com.android.dx.rop.type.Type::getFrameType (5 bytes)
Event: 0.552 Thread 0x00000000150dd800 nmethod 610 0x0000000002c162d0 code [0x0000000002c16440, 0x0000000002c16648]
Event: 0.552 Thread 0x00000000150dd800  611       3       com.android.dx.rop.type.Type::getFrameType (58 bytes)
Event: 0.552 Thread 0x00000000150dd800 nmethod 611 0x0000000002c166d0 code [0x0000000002c16820, 0x0000000002c169b0]
Event: 0.552 Thread 0x0000000015090800  612       4       com.android.dx.util.IntList::growIfNeeded (46 bytes)
Event: 0.552 Thread 0x00000000150dd800  614       3       com.android.dx.util.IntList::indexOf (16 bytes)
Event: 0.552 Thread 0x00000000150dd800 nmethod 614 0x0000000002c16a50 code [0x0000000002c16bc0, 0x0000000002c16e28]

GC Heap History (10 events):
Event: 0.131 GC heap before
{Heap before GC invocations=2 (full 0):
 PSYoungGen      total 1024K, used 959K [0x00000000eab00000, 0x00000000ead00000, 0x0000000100000000)
  eden space 512K, 95% used [0x00000000eab00000,0x00000000eab79ee0,0x00000000eab80000)
  from space 512K, 92% used [0x00000000eab80000,0x00000000eabf6010,0x00000000eac00000)
  to   space 512K, 0% used [0x00000000eac80000,0x00000000eac80000,0x00000000ead00000)
 ParOldGen       total 129536K, used 0K [0x00000000c0000000, 0x00000000c7e80000, 0x00000000eab00000)
  object space 129536K, 0% used [0x00000000c0000000,0x00000000c0000000,0x00000000c7e80000)
 Metaspace       used 2895K, capacity 4490K, committed 4864K, reserved 1056768K
  class space    used 309K, capacity 386K, committed 512K, reserved 1048576K
Event: 0.134 GC heap after
Heap after GC invocations=2 (full 0):
 PSYoungGen      total 1536K, used 485K [0x00000000eab00000, 0x00000000ead00000, 0x0000000100000000)
  eden space 1024K, 0% used [0x00000000eab00000,0x00000000eab00000,0x00000000eac00000)
  from space 512K, 94% used [0x00000000eac80000,0x00000000eacf95f0,0x00000000ead00000)
  to   space 512K, 0% used [0x00000000eac00000,0x00000000eac00000,0x00000000eac80000)
 ParOldGen       total 129536K, used 284K [0x00000000c0000000, 0x00000000c7e80000, 0x00000000eab00000)
  object space 129536K, 0% used [0x00000000c0000000,0x00000000c0047330,0x00000000c7e80000)
 Metaspace       used 2895K, capacity 4490K, committed 4864K, reserved 1056768K
  class space    used 309K, capacity 386K, committed 512K, reserved 1048576K
}
Event: 0.197 GC heap before
{Heap before GC invocations=3 (full 0):
 PSYoungGen      total 1536K, used 1509K [0x00000000eab00000, 0x00000000ead00000, 0x0000000100000000)
  eden space 1024K, 100% used [0x00000000eab00000,0x00000000eac00000,0x00000000eac00000)
  from space 512K, 94% used [0x00000000eac80000,0x00000000eacf95f0,0x00000000ead00000)
  to   space 512K, 0% used [0x00000000eac00000,0x00000000eac00000,0x00000000eac80000)
 ParOldGen       total 129536K, used 284K [0x00000000c0000000, 0x00000000c7e80000, 0x00000000eab00000)
  object space 129536K, 0% used [0x00000000c0000000,0x00000000c0047330,0x00000000c7e80000)
 Metaspace       used 3459K, capacity 4784K, committed 5120K, reserved 1056768K
  class space    used 379K, capacity 424K, committed 512K, reserved 1048576K
Event: 0.210 GC heap after
Heap after GC invocations=3 (full 0):
 PSYoungGen      total 1536K, used 508K [0x00000000eab00000, 0x00000000eae00000, 0x0000000100000000)
  eden space 1024K, 0% used [0x00000000eab00000,0x00000000eab00000,0x00000000eac00000)
  from space 512K, 99% used [0x00000000eac00000,0x00000000eac7f310,0x00000000eac80000)
  to   space 512K, 0% used [0x00000000ead80000,0x00000000ead80000,0x00000000eae00000)
 ParOldGen       total 129536K, used 642K [0x00000000c0000000, 0x00000000c7e80000, 0x00000000eab00000)
  object space 129536K, 0% used [0x00000000c0000000,0x00000000c00a0bf8,0x00000000c7e80000)
 Metaspace       used 3459K, capacity 4784K, committed 5120K, reserved 1056768K
  class space    used 379K, capacity 424K, committed 512K, reserved 1048576K
}
Event: 0.261 GC heap before
{Heap before GC invocations=4 (full 0):
 PSYoungGen      total 1536K, used 1532K [0x00000000eab00000, 0x00000000eae00000, 0x0000000100000000)
  eden space 1024K, 100% used [0x00000000eab00000,0x00000000eac00000,0x00000000eac00000)
  from space 512K, 99% used [0x00000000eac00000,0x00000000eac7f310,0x00000000eac80000)
  to   space 512K, 0% used [0x00000000ead80000,0x00000000ead80000,0x00000000eae00000)
 ParOldGen       total 129536K, used 642K [0x00000000c0000000, 0x00000000c7e80000, 0x00000000eab00000)
  object space 129536K, 0% used [0x00000000c0000000,0x00000000c00a0bf8,0x00000000c7e80000)
 Metaspace       used 3760K, capacity 5008K, committed 5120K, reserved 1056768K
  class space    used 423K, capacity 456K, committed 512K, reserved 1048576K
Event: 0.262 GC heap after
Heap after GC invocations=4 (full 0):
 PSYoungGen      total 2560K, used 504K [0x00000000eab00000, 0x00000000eae00000, 0x0000000100000000)
  eden space 2048K, 0% used [0x00000000eab00000,0x00000000eab00000,0x00000000ead00000)
  from space 512K, 98% used [0x00000000ead80000,0x00000000eadfe030,0x00000000eae00000)
  to   space 512K, 0% used [0x00000000ead00000,0x00000000ead00000,0x00000000ead80000)
 ParOldGen       total 129536K, used 952K [0x00000000c0000000, 0x00000000c7e80000, 0x00000000eab00000)
  object space 129536K, 0% used [0x00000000c0000000,0x00000000c00ee198,0x00000000c7e80000)
 Metaspace       used 3760K, capacity 5008K, committed 5120K, reserved 1056768K
  class space    used 423K, capacity 456K, committed 512K, reserved 1048576K
}
Event: 0.332 GC heap before
{Heap before GC invocations=5 (full 0):
 PSYoungGen      total 2560K, used 2552K [0x00000000eab00000, 0x00000000eae00000, 0x0000000100000000)
  eden space 2048K, 100% used [0x00000000eab00000,0x00000000ead00000,0x00000000ead00000)
  from space 512K, 98% used [0x00000000ead80000,0x00000000eadfe030,0x00000000eae00000)
  to   space 512K, 0% used [0x00000000ead00000,0x00000000ead00000,0x00000000ead80000)
 ParOldGen       total 129536K, used 952K [0x00000000c0000000, 0x00000000c7e80000, 0x00000000eab00000)
  object space 129536K, 0% used [0x00000000c0000000,0x00000000c00ee198,0x00000000c7e80000)
 Metaspace       used 4307K, capacity 5520K, committed 5760K, reserved 1056768K
  class space    used 487K, capacity 520K, committed 640K, reserved 1048576K
Event: 0.338 GC heap after
Heap after GC invocations=5 (full 0):
 PSYoungGen      total 2560K, used 489K [0x00000000eab00000, 0x00000000eb200000, 0x0000000100000000)
  eden space 2048K, 0% used [0x00000000eab00000,0x00000000eab00000,0x00000000ead00000)
  from space 512K, 95% used [0x00000000ead00000,0x00000000ead7a4e0,0x00000000ead80000)
  to   space 1536K, 0% used [0x00000000eb080000,0x00000000eb080000,0x00000000eb200000)
 ParOldGen       total 129536K, used 1600K [0x00000000c0000000, 0x00000000c7e80000, 0x00000000eab00000)
  object space 129536K, 1% used [0x00000000c0000000,0x00000000c01902f8,0x00000000c7e80000)
 Metaspace       used 4307K, capacity 5520K, committed 5760K, reserved 1056768K
  class space    used 487K, capacity 520K, committed 640K, reserved 1048576K
}
Event: 0.395 GC heap before
{Heap before GC invocations=6 (full 0):
 PSYoungGen      total 2560K, used 2537K [0x00000000eab00000, 0x00000000eb200000, 0x0000000100000000)
  eden space 2048K, 100% used [0x00000000eab00000,0x00000000ead00000,0x00000000ead00000)
  from space 512K, 95% used [0x00000000ead00000,0x00000000ead7a4e0,0x00000000ead80000)
  to   space 1536K, 0% used [0x00000000eb080000,0x00000000eb080000,0x00000000eb200000)
 ParOldGen       total 129536K, used 1600K [0x00000000c0000000, 0x00000000c7e80000, 0x00000000eab00000)
  object space 129536K, 1% used [0x00000000c0000000,0x00000000c01902f8,0x00000000c7e80000)
 Metaspace       used 4894K, capacity 6032K, committed 6272K, reserved 1056768K
  class space    used 546K, capacity 584K, committed 640K, reserved 1048576K
Event: 0.396 GC heap after
Heap after GC invocations=6 (full 0):
 PSYoungGen      total 5632K, used 1176K [0x00000000eab00000, 0x00000000eb200000, 0x0000000100000000)
  eden space 4096K, 0% used [0x00000000eab00000,0x00000000eab00000,0x00000000eaf00000)
  from space 1536K, 76% used [0x00000000eb080000,0x00000000eb1a6320,0x00000000eb200000)
  to   space 1536K, 0% used [0x00000000eaf00000,0x00000000eaf00000,0x00000000eb080000)
 ParOldGen       total 129536K, used 1608K [0x00000000c0000000, 0x00000000c7e80000, 0x00000000eab00000)
  object space 129536K, 1% used [0x00000000c0000000,0x00000000c01922f8,0x00000000c7e80000)
 Metaspace       used 4894K, capacity 6032K, committed 6272K, reserved 1056768K
  class space    used 546K, capacity 584K, committed 640K, reserved 1048576K
}

Deoptimization events (0 events):
No events

Internal exceptions (10 events):
Event: 0.438 Thread 0x0000000016654000 Exception <a 'java/security/PrivilegedActionException'> (0x00000000eac845e8) thrown at [D:\re\workspace\8-2-build-windows-amd64-cygwin\jdk8u5\2488\hotspot\src\share\vm\prims\jvm.cpp, line 1248]
Event: 0.439 Thread 0x0000000016654000 Exception <a 'java/security/PrivilegedActionException'> (0x00000000eac8a810) thrown at [D:\re\workspace\8-2-build-windows-amd64-cygwin\jdk8u5\2488\hotspot\src\share\vm\prims\jvm.cpp, line 1248]
Event: 0.440 Thread 0x0000000016654000 Exception <a 'java/security/PrivilegedActionException'> (0x00000000eac8ef08) thrown at [D:\re\workspace\8-2-build-windows-amd64-cygwin\jdk8u5\2488\hotspot\src\share\vm\prims\jvm.cpp, line 1248]
Event: 0.440 Thread 0x0000000016654000 Exception <a 'java/security/PrivilegedActionException'> (0x00000000eac948f0) thrown at [D:\re\workspace\8-2-build-windows-amd64-cygwin\jdk8u5\2488\hotspot\src\share\vm\prims\jvm.cpp, line 1248]
Event: 0.441 Thread 0x0000000016654000 Exception <a 'java/security/PrivilegedActionException'> (0x00000000eac9b440) thrown at [D:\re\workspace\8-2-build-windows-amd64-cygwin\jdk8u5\2488\hotspot\src\share\vm\prims\jvm.cpp, line 1248]
Event: 0.441 Thread 0x0000000016654000 Exception <a 'java/security/PrivilegedActionException'> (0x00000000eaca2aa8) thrown at [D:\re\workspace\8-2-build-windows-amd64-cygwin\jdk8u5\2488\hotspot\src\share\vm\prims\jvm.cpp, line 1248]
Event: 0.443 Thread 0x0000000016654000 Exception <a 'java/security/PrivilegedActionException'> (0x00000000eacb78b0) thrown at [D:\re\workspace\8-2-build-windows-amd64-cygwin\jdk8u5\2488\hotspot\src\share\vm\prims\jvm.cpp, line 1248]
Event: 0.454 Thread 0x0000000016654000 Exception <a 'java/security/PrivilegedActionException'> (0x00000000eacbd248) thrown at [D:\re\workspace\8-2-build-windows-amd64-cygwin\jdk8u5\2488\hotspot\src\share\vm\prims\jvm.cpp, line 1248]
Event: 0.456 Thread 0x0000000016654000 Exception <a 'java/security/PrivilegedActionException'> (0x00000000ead01678) thrown at [D:\re\workspace\8-2-build-windows-amd64-cygwin\jdk8u5\2488\hotspot\src\share\vm\prims\jvm.cpp, line 1248]
Event: 0.469 Thread 0x0000000016654000 Exception <a 'java/security/PrivilegedActionException'> (0x00000000ead43e40) thrown at [D:\re\workspace\8-2-build-windows-amd64-cygwin\jdk8u5\2488\hotspot\src\share\vm\prims\jvm.cpp, line 1248]

Events (10 events):
Event: 0.456 loading class com/android/dx/dex/file/AnnotationSetRefItem
Event: 0.456 loading class com/android/dx/dex/file/AnnotationSetRefItem done
Event: 0.469 loading class com/android/dx/cf/code/Ropper$ExceptionHandlerSetup
Event: 0.469 loading class com/android/dx/cf/code/Ropper$ExceptionHandlerSetup done
Event: 0.471 loading class java/util/HashMap$Values
Event: 0.471 loading class java/util/HashMap$Values done
Event: 0.471 loading class java/util/HashMap$ValueIterator
Event: 0.471 loading class java/util/HashMap$ValueIterator done
Event: 0.551 loading class java/util/DualPivotQuicksort
Event: 0.551 loading class java/util/DualPivotQuicksort done


Dynamic libraries:
0x00007ff7b1cb0000 - 0x00007ff7b1ce4000 	D:\jdk\bin\java.exe
0x00007ffd1f340000 - 0x00007ffd1f4e9000 	C:\Windows\SYSTEM32\ntdll.dll
0x00007ffd1cbd0000 - 0x00007ffd1cd09000 	C:\Windows\system32\KERNEL32.DLL
0x00007ffd1c840000 - 0x00007ffd1c94e000 	C:\Windows\system32\KERNELBASE.dll
0x00007ffd1e970000 - 0x00007ffd1ea15000 	C:\Windows\system32\ADVAPI32.dll
0x00007ffd1e6f0000 - 0x00007ffd1e861000 	C:\Windows\system32\USER32.dll
0x00007ffd1a700000 - 0x00007ffd1a95a000 	C:\Windows\WinSxS\amd64_microsoft.windows.common-controls_6595b64144ccf1df_6.0.9600.16384_none_62475f7becb72503\COMCTL32.dll
0x00007ffd1e450000 - 0x00007ffd1e4f7000 	C:\Windows\system32\msvcrt.dll
0x00007ffd1ea20000 - 0x00007ffd1ea77000 	C:\Windows\SYSTEM32\sechost.dll
0x00007ffd1f200000 - 0x00007ffd1f336000 	C:\Windows\system32\RPCRT4.dll
0x00007ffd1ec90000 - 0x00007ffd1edd5000 	C:\Windows\system32\GDI32.dll
0x00007ffd1cf20000 - 0x00007ffd1cf54000 	C:\Windows\system32\IMM32.DLL
0x00007ffd1cdd0000 - 0x00007ffd1cf09000 	C:\Windows\system32\MSCTF.dll
0x000000006afa0000 - 0x000000006b072000 	D:\jdk\jre\bin\msvcr100.dll
0x000000006b470000 - 0x000000006bc9a000 	D:\jdk\jre\bin\server\jvm.dll
0x00007ffd19ee0000 - 0x00007ffd19ee9000 	C:\Windows\SYSTEM32\WSOCK32.dll
0x00007ffd18480000 - 0x00007ffd1849f000 	C:\Windows\SYSTEM32\WINMM.dll
0x00007ffd1cd10000 - 0x00007ffd1cd17000 	C:\Windows\system32\PSAPI.DLL
0x00007ffd1ea90000 - 0x00007ffd1eae8000 	C:\Windows\system32\WS2_32.dll
0x00007ffd18320000 - 0x00007ffd1834a000 	C:\Windows\SYSTEM32\WINMMBASE.dll
0x00007ffd1cf10000 - 0x00007ffd1cf19000 	C:\Windows\system32\NSI.dll
0x00007ffd1c950000 - 0x00007ffd1c99a000 	C:\Windows\SYSTEM32\cfgmgr32.dll
0x00007ffd1b570000 - 0x00007ffd1b596000 	C:\Windows\SYSTEM32\DEVOBJ.dll
0x000000006bec0000 - 0x000000006becf000 	D:\jdk\jre\bin\verify.dll
0x000000006be90000 - 0x000000006beb8000 	D:\jdk\jre\bin\java.dll
0x000000006be70000 - 0x000000006be86000 	D:\jdk\jre\bin\zip.dll
0x00007ffd1d040000 - 0x00007ffd1e44d000 	C:\Windows\system32\SHELL32.dll
0x00007ffd1f020000 - 0x00007ffd1f1f7000 	C:\Windows\SYSTEM32\combase.dll
0x00007ffd1cf80000 - 0x00007ffd1cfd1000 	C:\Windows\system32\SHLWAPI.dll
0x00007ffd1ad50000 - 0x00007ffd1adf1000 	C:\Windows\SYSTEM32\SHCORE.dll
0x00007ffd1c6c0000 - 0x00007ffd1c6d4000 	C:\Windows\SYSTEM32\profapi.dll

VM Arguments:
jvm_args: -Djava.awt.headless=true -Xmx1024M -Dfile.encoding=GBK -Duser.country=CN -Duser.language=zh -Duser.variant 
java_command: com.android.dx.command.Main --dex --num-threads=4 --output E:\Sports\app\build\intermediates\pre-dexed\debug\com.android.support-animated-vector-drawable-24.0.0_fb287eab311bf2ba0b08e1b5bad0711b38a935f9.jar E:\Sports\app\build\intermediates\exploded-aar\com.android.support\animated-vector-drawable\24.0.0\jars\classes.jar
java_class_path (initial): D:\android\AppData\Local\Android\sdk\build-tools\24.0.0\lib\dx.jar
Launcher Type: SUN_STANDARD

Environment Variables:
JAVA_HOME=D:\jdk
PATH=C:\Windows\system32;C:\Windows;C:\Windows\System32\Wbem;C:\Windows\System32\WindowsPowerShell\v1.0\;D:\jdk\bin;D:\jdk\jre\bin;D:\android\AppData\Local\Android\sdk\tools;D:\android\AppData\Local\Android\sdk\platform-tools;C:\Program Files (x86)\NVIDIA Corporation\PhysX\Common
USERNAME=Administrator
OS=Windows_NT
PROCESSOR_IDENTIFIER=Intel64 Family 6 Model 60 Stepping 3, GenuineIntel



---------------  S Y S T E M  ---------------

OS: Windows 8.1 , 64 bit Build 9600 

CPU:total 4 (4 cores per cpu, 1 threads per core) family 6 model 60 stepping 3, cmov, cx8, fxsr, mmx, sse, sse2, sse3, ssse3, sse4.1, sse4.2, popcnt, avx, avx2, aes, clmul, erms, tsc, tscinvbit

Memory: 4k page, physical 8273724k(2019816k free), swap 8273724k(4944k free)

vm_info: Java HotSpot(TM) 64-Bit Server VM (25.5-b02) for windows-amd64 JRE (1.8.0_05-b13), built on Mar 18 2014 01:08:39 by "java_re" with MS VC++ 10.0 (VS2010)

time: Wed Aug 03 16:29:23 2016
elapsed time: 0 seconds

