#
# There is insufficient memory for the Java Runtime Environment to continue.
# Native memory allocation (malloc) failed to allocate 259968 bytes for Chunk::new
# Possible reasons:
#   The system is out of physical RAM or swap space
#   In 32 bit mode, the process size limit was hit
# Possible solutions:
#   Reduce memory load on the system
#   Increase physical memory or swap space
#   Check if swap backing store is full
#   Use 64 bit Java on a 64 bit OS
#   Decrease Java heap size (-Xmx/-Xms)
#   Decrease number of Java threads
#   Decrease Java thread stack sizes (-Xss)
#   Set larger code cache with -XX:ReservedCodeCacheSize=
# This output file may be truncated or incomplete.
#
#  Out of Memory Error (allocation.cpp:388), pid=13808, tid=13988
#
# JRE version: Java(TM) SE Runtime Environment (8.0_05-b13) (build 1.8.0_05-b13)
# Java VM: Java HotSpot(TM) 64-Bit Server VM (25.5-b02 mixed mode windows-amd64 compressed oops)
# Failed to write core dump. Minidumps are not enabled by default on client versions of Windows
#

---------------  T H R E A D  ---------------

Current thread (0x0000000015391000):  JavaThread "C2 CompilerThread0" daemon [_thread_in_native, id=13988, stack(0x0000000016ce0000,0x0000000016de0000)]

Stack: [0x0000000016ce0000,0x0000000016de0000]
Native frames: (J=compiled Java code, j=interpreted, Vv=VM code, C=native code)
V  [jvm.dll+0x308dea]


Current CompileTask:
C2:    943 1255   !   4       com.android.dx.cf.code.BytecodeArray::parseInstruction (2764 bytes)


---------------  P R O C E S S  ---------------

Java Threads: ( => current thread )
  0x0000000016a97800 JavaThread "pool-1-thread-4" [_thread_blocked, id=14072, stack(0x0000000017de0000,0x0000000017ee0000)]
  0x0000000016a96800 JavaThread "pool-1-thread-3" [_thread_blocked, id=14068, stack(0x0000000017ce0000,0x0000000017de0000)]
  0x0000000016a96000 JavaThread "pool-1-thread-2" [_thread_blocked, id=14064, stack(0x0000000017be0000,0x0000000017ce0000)]
  0x0000000016967000 JavaThread "pool-2-thread-1" [_thread_blocked, id=14060, stack(0x0000000017ae0000,0x0000000017be0000)]
  0x0000000016966800 JavaThread "pool-1-thread-1" [_thread_blocked, id=14056, stack(0x00000000179e0000,0x0000000017ae0000)]
  0x00000000153de000 JavaThread "Service Thread" daemon [_thread_blocked, id=14012, stack(0x0000000016fe0000,0x00000000170e0000)]
  0x00000000153bb000 JavaThread "C1 CompilerThread2" daemon [_thread_blocked, id=13996, stack(0x0000000016ee0000,0x0000000016fe0000)]
  0x00000000153a0000 JavaThread "C2 CompilerThread1" daemon [_thread_blocked, id=13992, stack(0x0000000016de0000,0x0000000016ee0000)]
=>0x0000000015391000 JavaThread "C2 CompilerThread0" daemon [_thread_in_native, id=13988, stack(0x0000000016ce0000,0x0000000016de0000)]
  0x000000001538f800 JavaThread "Attach Listener" daemon [_thread_blocked, id=13984, stack(0x0000000016be0000,0x0000000016ce0000)]
  0x0000000016723800 JavaThread "Signal Dispatcher" daemon [_thread_blocked, id=13980, stack(0x0000000016ae0000,0x0000000016be0000)]
  0x0000000002c84000 JavaThread "Finalizer" daemon [_thread_blocked, id=13976, stack(0x00000000165e0000,0x00000000166e0000)]
  0x0000000002c79000 JavaThread "Reference Handler" daemon [_thread_blocked, id=13968, stack(0x00000000164e0000,0x00000000165e0000)]
  0x0000000002b90800 JavaThread "main" [_thread_blocked, id=13916, stack(0x0000000002a90000,0x0000000002b90000)]

Other Threads:
  0x0000000015347000 VMThread [stack: 0x00000000163e0000,0x00000000164e0000] [id=13956]
  0x000000001676b000 WatcherThread [stack: 0x00000000170e0000,0x00000000171e0000] [id=14016]

VM state:at safepoint (normal execution)

VM Mutex/Monitor currently owned by a thread:  ([mutex/lock_event])
[0x000000000105c220] Threads_lock - owner thread: 0x0000000015347000
[0x000000000105bda0] Heap_lock - owner thread: 0x0000000016a97800

Heap:
 PSYoungGen      total 9728K, used 9719K [0x00000000eab00000, 0x00000000ebc00000, 0x0000000100000000)
  eden space 7680K, 100% used [0x00000000eab00000,0x00000000eb280000,0x00000000eb280000)
  from space 2048K, 99% used [0x00000000eb280000,0x00000000eb47dc78,0x00000000eb480000)
  to   space 2560K, 7% used [0x00000000eb980000,0x00000000eb9b0750,0x00000000ebc00000)
 ParOldGen       total 129536K, used 2118K [0x00000000c0000000, 0x00000000c7e80000, 0x00000000eab00000)
  object space 129536K, 1% used [0x00000000c0000000,0x00000000c0211ab0,0x00000000c7e80000)
 Metaspace       used 5802K, capacity 6768K, committed 7040K, reserved 1056768K
  class space    used 594K, capacity 616K, committed 640K, reserved 1048576K

Card table byte_map: [0x0000000012050000,0x0000000012260000] byte_map_base: 0x0000000011a50000

Marking Bits: (ParMarkBitMap*) 0x000000006bc213b0
 Begin Bits: [0x00000000127c0000, 0x00000000137c0000)
 End Bits:   [0x00000000137c0000, 0x00000000147c0000)

Polling page: 0x0000000000ee0000

CodeCache: size=245760Kb used=4895Kb max_used=4895Kb free=240864Kb
 bounds [0x0000000002c90000, 0x0000000003160000, 0x0000000011c90000]
 total_blobs=1535 nmethods=1269 adapters=180
 compilation: enabled

Compilation events (10 events):
Event: 0.891 Thread 0x00000000153bb000 1258       3       com.android.dx.ssa.SsaMethod::forEachBlockDepthFirstDom (128 bytes)
Event: 0.891 Thread 0x00000000153a0000 1259       4       com.android.dx.ssa.SsaMethod$2::addToUses (48 bytes)
Event: 0.892 Thread 0x00000000153bb000 nmethod 1258 0x00000000031493d0 code [0x0000000003149720, 0x000000000314b518]
Event: 0.901 Thread 0x00000000153a0000 nmethod 1259 0x000000000314e850 code [0x000000000314ea00, 0x000000000314f3e8]
Event: 0.901 Thread 0x00000000153a0000 1260       4       java.util.Collections$UnmodifiableCollection::iterator (9 bytes)
Event: 0.901 Thread 0x00000000153bb000 1261       3       com.android.dx.rop.code.DexTranslationAdvice::hasConstantOperation (163 bytes)
Event: 0.902 Thread 0x00000000153bb000 nmethod 1261 0x000000000314cd90 code [0x000000000314cfe0, 0x000000000314e338]
Event: 0.904 Thread 0x00000000153a0000 nmethod 1260 0x0000000003145d90 code [0x0000000003145f00, 0x00000000031461b8]
Event: 0.905 Thread 0x00000000153bb000 1262       3       com.android.dx.util.FixedSizeList::shrinkToFit (103 bytes)
Event: 0.905 Thread 0x00000000153bb000 nmethod 1262 0x0000000003150ad0 code [0x0000000003150c80, 0x0000000003151468]

GC Heap History (10 events):
Event: 0.155 GC heap before
{Heap before GC invocations=5 (full 0):
 PSYoungGen      total 2560K, used 2552K [0x00000000eab00000, 0x00000000eae00000, 0x0000000100000000)
  eden space 2048K, 100% used [0x00000000eab00000,0x00000000ead00000,0x00000000ead00000)
  from space 512K, 98% used [0x00000000ead80000,0x00000000eadfe030,0x00000000eae00000)
  to   space 512K, 0% used [0x00000000ead00000,0x00000000ead00000,0x00000000ead80000)
 ParOldGen       total 129536K, used 644K [0x00000000c0000000, 0x00000000c7e80000, 0x00000000eab00000)
  object space 129536K, 0% used [0x00000000c0000000,0x00000000c00a10d8,0x00000000c7e80000)
 Metaspace       used 3474K, capacity 4720K, committed 4864K, reserved 1056768K
  class space    used 377K, capacity 424K, committed 512K, reserved 1048576K
Event: 0.156 GC heap after
Heap after GC invocations=5 (full 0):
 PSYoungGen      total 2560K, used 504K [0x00000000eab00000, 0x00000000eb100000, 0x0000000100000000)
  eden space 2048K, 0% used [0x00000000eab00000,0x00000000eab00000,0x00000000ead00000)
  from space 512K, 98% used [0x00000000ead00000,0x00000000ead7e030,0x00000000ead80000)
  to   space 1024K, 0% used [0x00000000eb000000,0x00000000eb000000,0x00000000eb100000)
 ParOldGen       total 129536K, used 644K [0x00000000c0000000, 0x00000000c7e80000, 0x00000000eab00000)
  object space 129536K, 0% used [0x00000000c0000000,0x00000000c00a10d8,0x00000000c7e80000)
 Metaspace       used 3474K, capacity 4720K, committed 4864K, reserved 1056768K
  class space    used 377K, capacity 424K, committed 512K, reserved 1048576K
}
Event: 0.159 GC heap before
{Heap before GC invocations=6 (full 0):
 PSYoungGen      total 2560K, used 2552K [0x00000000eab00000, 0x00000000eb100000, 0x0000000100000000)
  eden space 2048K, 100% used [0x00000000eab00000,0x00000000ead00000,0x00000000ead00000)
  from space 512K, 98% used [0x00000000ead00000,0x00000000ead7e030,0x00000000ead80000)
  to   space 1024K, 0% used [0x00000000eb000000,0x00000000eb000000,0x00000000eb100000)
 ParOldGen       total 129536K, used 644K [0x00000000c0000000, 0x00000000c7e80000, 0x00000000eab00000)
  object space 129536K, 0% used [0x00000000c0000000,0x00000000c00a10d8,0x00000000c7e80000)
 Metaspace       used 3474K, capacity 4720K, committed 4864K, reserved 1056768K
  class space    used 377K, capacity 424K, committed 512K, reserved 1048576K
Event: 0.159 GC heap after
Heap after GC invocations=6 (full 0):
 PSYoungGen      total 5120K, used 568K [0x00000000eab00000, 0x00000000eb100000, 0x0000000100000000)
  eden space 4096K, 0% used [0x00000000eab00000,0x00000000eab00000,0x00000000eaf00000)
  from space 1024K, 55% used [0x00000000eb000000,0x00000000eb08e030,0x00000000eb100000)
  to   space 1024K, 0% used [0x00000000eaf00000,0x00000000eaf00000,0x00000000eb000000)
 ParOldGen       total 129536K, used 652K [0x00000000c0000000, 0x00000000c7e80000, 0x00000000eab00000)
  object space 129536K, 0% used [0x00000000c0000000,0x00000000c00a30d8,0x00000000c7e80000)
 Metaspace       used 3474K, capacity 4720K, committed 4864K, reserved 1056768K
  class space    used 377K, capacity 424K, committed 512K, reserved 1048576K
}
Event: 0.250 GC heap before
{Heap before GC invocations=7 (full 0):
 PSYoungGen      total 5120K, used 4664K [0x00000000eab00000, 0x00000000eb100000, 0x0000000100000000)
  eden space 4096K, 100% used [0x00000000eab00000,0x00000000eaf00000,0x00000000eaf00000)
  from space 1024K, 55% used [0x00000000eb000000,0x00000000eb08e030,0x00000000eb100000)
  to   space 1024K, 0% used [0x00000000eaf00000,0x00000000eaf00000,0x00000000eb000000)
 ParOldGen       total 129536K, used 652K [0x00000000c0000000, 0x00000000c7e80000, 0x00000000eab00000)
  object space 129536K, 0% used [0x00000000c0000000,0x00000000c00a30d8,0x00000000c7e80000)
 Metaspace       used 4326K, capacity 5456K, committed 5760K, reserved 1056768K
  class space    used 481K, capacity 520K, committed 640K, reserved 1048576K
Event: 0.259 GC heap after
Heap after GC invocations=7 (full 0):
 PSYoungGen      total 5120K, used 998K [0x00000000eab00000, 0x00000000eb600000, 0x0000000100000000)
  eden space 4096K, 0% used [0x00000000eab00000,0x00000000eab00000,0x00000000eaf00000)
  from space 1024K, 97% used [0x00000000eaf00000,0x00000000eaff98b0,0x00000000eb000000)
  to   space 1536K, 0% used [0x00000000eb480000,0x00000000eb480000,0x00000000eb600000)
 ParOldGen       total 129536K, used 1209K [0x00000000c0000000, 0x00000000c7e80000, 0x00000000eab00000)
  object space 129536K, 0% used [0x00000000c0000000,0x00000000c012e500,0x00000000c7e80000)
 Metaspace       used 4326K, capacity 5456K, committed 5760K, reserved 1056768K
  class space    used 481K, capacity 520K, committed 640K, reserved 1048576K
}
Event: 0.364 GC heap before
{Heap before GC invocations=8 (full 0):
 PSYoungGen      total 5120K, used 5094K [0x00000000eab00000, 0x00000000eb600000, 0x0000000100000000)
  eden space 4096K, 100% used [0x00000000eab00000,0x00000000eaf00000,0x00000000eaf00000)
  from space 1024K, 97% used [0x00000000eaf00000,0x00000000eaff98b0,0x00000000eb000000)
  to   space 1536K, 0% used [0x00000000eb480000,0x00000000eb480000,0x00000000eb600000)
 ParOldGen       total 129536K, used 1209K [0x00000000c0000000, 0x00000000c7e80000, 0x00000000eab00000)
  object space 129536K, 0% used [0x00000000c0000000,0x00000000c012e500,0x00000000c7e80000)
 Metaspace       used 5383K, capacity 6448K, committed 6528K, reserved 1056768K
  class space    used 589K, capacity 616K, committed 640K, reserved 1048576K
Event: 0.443 GC heap after
Heap after GC invocations=8 (full 0):
 PSYoungGen      total 9216K, used 1528K [0x00000000eab00000, 0x00000000eb700000, 0x0000000100000000)
  eden space 7680K, 0% used [0x00000000eab00000,0x00000000eab00000,0x00000000eb280000)
  from space 1536K, 99% used [0x00000000eb480000,0x00000000eb5fe0d0,0x00000000eb600000)
  to   space 2048K, 0% used [0x00000000eb280000,0x00000000eb280000,0x00000000eb480000)
 ParOldGen       total 129536K, used 1506K [0x00000000c0000000, 0x00000000c7e80000, 0x00000000eab00000)
  object space 129536K, 1% used [0x00000000c0000000,0x00000000c01788b8,0x00000000c7e80000)
 Metaspace       used 5383K, capacity 6448K, committed 6528K, reserved 1056768K
  class space    used 589K, capacity 616K, committed 640K, reserved 1048576K
}
Event: 0.604 GC heap before
{Heap before GC invocations=9 (full 0):
 PSYoungGen      total 9216K, used 9208K [0x00000000eab00000, 0x00000000eb700000, 0x0000000100000000)
  eden space 7680K, 100% used [0x00000000eab00000,0x00000000eb280000,0x00000000eb280000)
  from space 1536K, 99% used [0x00000000eb480000,0x00000000eb5fe0d0,0x00000000eb600000)
  to   space 2048K, 0% used [0x00000000eb280000,0x00000000eb280000,0x00000000eb480000)
 ParOldGen       total 129536K, used 1506K [0x00000000c0000000, 0x00000000c7e80000, 0x00000000eab00000)
  object space 129536K, 1% used [0x00000000c0000000,0x00000000c01788b8,0x00000000c7e80000)
 Metaspace       used 5682K, capacity 6704K, committed 6784K, reserved 1056768K
  class space    used 593K, capacity 616K, committed 640K, reserved 1048576K
Event: 0.608 GC heap after
Heap after GC invocations=9 (full 0):
 PSYoungGen      total 9728K, used 2039K [0x00000000eab00000, 0x00000000ebc00000, 0x0000000100000000)
  eden space 7680K, 0% used [0x00000000eab00000,0x00000000eab00000,0x00000000eb280000)
  from space 2048K, 99% used [0x00000000eb280000,0x00000000eb47dc78,0x00000000eb480000)
  to   space 2560K, 0% used [0x00000000eb980000,0x00000000eb980000,0x00000000ebc00000)
 ParOldGen       total 129536K, used 1691K [0x00000000c0000000, 0x00000000c7e80000, 0x00000000eab00000)
  object space 129536K, 1% used [0x00000000c0000000,0x00000000c01a6ca0,0x00000000c7e80000)
 Metaspace       used 5682K, capacity 6704K, committed 6784K, reserved 1056768K
  class space    used 593K, capacity 616K, committed 640K, reserved 1048576K
}

Deoptimization events (0 events):
No events

Internal exceptions (10 events):
Event: 0.342 Thread 0x0000000002b90800 Exception <a 'java/security/PrivilegedActionException'> (0x00000000eaea5d50) thrown at [D:\re\workspace\8-2-build-windows-amd64-cygwin\jdk8u5\2488\hotspot\src\share\vm\prims\jvm.cpp, line 1248]
Event: 0.342 Thread 0x0000000016a96800 Exception <a 'java/security/PrivilegedActionException'> (0x00000000ead34eb0) thrown at [D:\re\workspace\8-2-build-windows-amd64-cygwin\jdk8u5\2488\hotspot\src\share\vm\prims\jvm.cpp, line 1248]
Event: 0.342 Thread 0x0000000002b90800 Exception <a 'java/security/PrivilegedActionException'> (0x00000000eaeaa4b8) thrown at [D:\re\workspace\8-2-build-windows-amd64-cygwin\jdk8u5\2488\hotspot\src\share\vm\prims\jvm.cpp, line 1248]
Event: 0.342 Thread 0x0000000016a96800 Exception <a 'java/security/PrivilegedActionException'> (0x00000000eaed32a8) thrown at [D:\re\workspace\8-2-build-windows-amd64-cygwin\jdk8u5\2488\hotspot\src\share\vm\prims\jvm.cpp, line 1248]
Event: 0.346 Thread 0x0000000016966800 Exception <a 'java/security/PrivilegedActionException'> (0x00000000eaeac488) thrown at [D:\re\workspace\8-2-build-windows-amd64-cygwin\jdk8u5\2488\hotspot\src\share\vm\prims\jvm.cpp, line 1248]
Event: 0.346 Thread 0x0000000016966800 Exception <a 'java/security/PrivilegedActionException'> (0x00000000eaeb1838) thrown at [D:\re\workspace\8-2-build-windows-amd64-cygwin\jdk8u5\2488\hotspot\src\share\vm\prims\jvm.cpp, line 1248]
Event: 0.446 Thread 0x0000000016a97800 Exception <a 'java/security/PrivilegedActionException'> (0x00000000eab626f0) thrown at [D:\re\workspace\8-2-build-windows-amd64-cygwin\jdk8u5\2488\hotspot\src\share\vm\prims\jvm.cpp, line 1248]
Event: 0.449 Thread 0x0000000002b90800 Exception <a 'java/security/PrivilegedActionException'> (0x00000000eab39230) thrown at [D:\re\workspace\8-2-build-windows-amd64-cygwin\jdk8u5\2488\hotspot\src\share\vm\prims\jvm.cpp, line 1248]
Event: 0.489 Thread 0x0000000016a97800 Exception <a 'java/security/PrivilegedActionException'> (0x00000000eae62a00) thrown at [D:\re\workspace\8-2-build-windows-amd64-cygwin\jdk8u5\2488\hotspot\src\share\vm\prims\jvm.cpp, line 1248]
Event: 0.562 Thread 0x0000000016a96800 Exception <a 'java/security/PrivilegedActionException'> (0x00000000eb260f90) thrown at [D:\re\workspace\8-2-build-windows-amd64-cygwin\jdk8u5\2488\hotspot\src\share\vm\prims\jvm.cpp, line 1248]

Events (10 events):
Event: 0.493 loading class java/util/HashMap$ValueIterator
Event: 0.493 loading class java/util/HashMap$ValueIterator done
Event: 0.562 loading class com/android/dx/cf/code/SwitchList
Event: 0.562 loading class com/android/dx/cf/code/SwitchList done
Event: 0.566 Executing VM operation: ParallelGCFailedAllocation
Event: 0.608 Executing VM operation: ParallelGCFailedAllocation done
Event: 0.611 loading class java/util/ArrayList$1
Event: 0.611 loading class java/util/ArrayList$1 done
Event: 0.803 loading class java/util/DualPivotQuicksort
Event: 0.803 loading class java/util/DualPivotQuicksort done


Dynamic libraries:
0x00007ff7b1cb0000 - 0x00007ff7b1ce4000 	D:\jdk\bin\java.exe
0x00007ffd1f340000 - 0x00007ffd1f4e9000 	C:\Windows\SYSTEM32\ntdll.dll
0x00007ffd1cbd0000 - 0x00007ffd1cd09000 	C:\Windows\system32\KERNEL32.DLL
0x00007ffd1c840000 - 0x00007ffd1c94e000 	C:\Windows\system32\KERNELBASE.dll
0x00007ffd1e970000 - 0x00007ffd1ea15000 	C:\Windows\system32\ADVAPI32.dll
0x00007ffd1e6f0000 - 0x00007ffd1e861000 	C:\Windows\system32\USER32.dll
0x00007ffd1a700000 - 0x00007ffd1a95a000 	C:\Windows\WinSxS\amd64_microsoft.windows.common-controls_6595b64144ccf1df_6.0.9600.16384_none_62475f7becb72503\COMCTL32.dll
0x00007ffd1e450000 - 0x00007ffd1e4f7000 	C:\Windows\system32\msvcrt.dll
0x00007ffd1ea20000 - 0x00007ffd1ea77000 	C:\Windows\SYSTEM32\sechost.dll
0x00007ffd1f200000 - 0x00007ffd1f336000 	C:\Windows\system32\RPCRT4.dll
0x00007ffd1ec90000 - 0x00007ffd1edd5000 	C:\Windows\system32\GDI32.dll
0x00007ffd1cf20000 - 0x00007ffd1cf54000 	C:\Windows\system32\IMM32.DLL
0x00007ffd1cdd0000 - 0x00007ffd1cf09000 	C:\Windows\system32\MSCTF.dll
0x000000006afa0000 - 0x000000006b072000 	D:\jdk\jre\bin\msvcr100.dll
0x000000006b470000 - 0x000000006bc9a000 	D:\jdk\jre\bin\server\jvm.dll
0x00007ffd19ee0000 - 0x00007ffd19ee9000 	C:\Windows\SYSTEM32\WSOCK32.dll
0x00007ffd18480000 - 0x00007ffd1849f000 	C:\Windows\SYSTEM32\WINMM.dll
0x00007ffd1cd10000 - 0x00007ffd1cd17000 	C:\Windows\system32\PSAPI.DLL
0x00007ffd1ea90000 - 0x00007ffd1eae8000 	C:\Windows\system32\WS2_32.dll
0x00007ffd18320000 - 0x00007ffd1834a000 	C:\Windows\SYSTEM32\WINMMBASE.dll
0x00007ffd1cf10000 - 0x00007ffd1cf19000 	C:\Windows\system32\NSI.dll
0x00007ffd1c950000 - 0x00007ffd1c99a000 	C:\Windows\SYSTEM32\cfgmgr32.dll
0x00007ffd1b570000 - 0x00007ffd1b596000 	C:\Windows\SYSTEM32\DEVOBJ.dll
0x000000006bec0000 - 0x000000006becf000 	D:\jdk\jre\bin\verify.dll
0x000000006be90000 - 0x000000006beb8000 	D:\jdk\jre\bin\java.dll
0x000000006be70000 - 0x000000006be86000 	D:\jdk\jre\bin\zip.dll
0x00007ffd1d040000 - 0x00007ffd1e44d000 	C:\Windows\system32\SHELL32.dll
0x00007ffd1f020000 - 0x00007ffd1f1f7000 	C:\Windows\SYSTEM32\combase.dll
0x00007ffd1cf80000 - 0x00007ffd1cfd1000 	C:\Windows\system32\SHLWAPI.dll
0x00007ffd1ad50000 - 0x00007ffd1adf1000 	C:\Windows\SYSTEM32\SHCORE.dll
0x00007ffd1c6c0000 - 0x00007ffd1c6d4000 	C:\Windows\SYSTEM32\profapi.dll

VM Arguments:
jvm_args: -Djava.awt.headless=true -Xmx1024M -Dfile.encoding=GBK -Duser.country=CN -Duser.language=zh -Duser.variant 
java_command: com.android.dx.command.Main --dex --force-jumbo --num-threads=4 --output E:\Sports\app\build\intermediates\pre-dexed\debug\com.android.support-appcompat-v7-24.0.0_672518572d15bd26cf15f5d8ba443bc032734724.jar E:\Sports\app\build\intermediates\exploded-aar\com.android.support\appcompat-v7\24.0.0\jars\classes.jar
java_class_path (initial): D:\android\AppData\Local\Android\sdk\build-tools\24.0.0\lib\dx.jar
Launcher Type: SUN_STANDARD

Environment Variables:
JAVA_HOME=D:\jdk
PATH=C:\Windows\system32;C:\Windows;C:\Windows\System32\Wbem;C:\Windows\System32\WindowsPowerShell\v1.0\;D:\jdk\bin;D:\jdk\jre\bin;D:\android\AppData\Local\Android\sdk\tools;D:\android\AppData\Local\Android\sdk\platform-tools;C:\Program Files (x86)\NVIDIA Corporation\PhysX\Common
USERNAME=Administrator
OS=Windows_NT
PROCESSOR_IDENTIFIER=Intel64 Family 6 Model 60 Stepping 3, GenuineIntel



---------------  S Y S T E M  ---------------

OS: Windows 8.1 , 64 bit Build 9600 

CPU:total 4 (4 cores per cpu, 1 threads per core) family 6 model 60 stepping 3, cmov, cx8, fxsr, mmx, sse, sse2, sse3, ssse3, sse4.1, sse4.2, popcnt, avx, avx2, aes, clmul, erms, tsc, tscinvbit

Memory: 4k page, physical 8273724k(1981268k free), swap 8273724k(4924k free)

vm_info: Java HotSpot(TM) 64-Bit Server VM (25.5-b02) for windows-amd64 JRE (1.8.0_05-b13), built on Mar 18 2014 01:08:39 by "java_re" with MS VC++ 10.0 (VS2010)

time: Wed Aug 03 16:19:07 2016
elapsed time: 0 seconds

