#
# There is insufficient memory for the Java Runtime Environment to continue.
# Native memory allocation (malloc) failed to allocate 32744 bytes for ChunkPool::allocate
# Possible reasons:
#   The system is out of physical RAM or swap space
#   In 32 bit mode, the process size limit was hit
# Possible solutions:
#   Reduce memory load on the system
#   Increase physical memory or swap space
#   Check if swap backing store is full
#   Use 64 bit Java on a 64 bit OS
#   Decrease Java heap size (-Xmx/-Xms)
#   Decrease number of Java threads
#   Decrease Java thread stack sizes (-Xss)
#   Set larger code cache with -XX:ReservedCodeCacheSize=
# This output file may be truncated or incomplete.
#
#  Out of Memory Error (allocation.cpp:271), pid=12160, tid=13952
#
# JRE version: Java(TM) SE Runtime Environment (8.0_05-b13) (build 1.8.0_05-b13)
# Java VM: Java HotSpot(TM) 64-Bit Server VM (25.5-b02 mixed mode windows-amd64 compressed oops)
# Failed to write core dump. Minidumps are not enabled by default on client versions of Windows
#

---------------  T H R E A D  ---------------

Current thread (0x0000000015c55000):  JavaThread "C1 CompilerThread2" daemon [_thread_in_native, id=13952, stack(0x0000000016400000,0x0000000016500000)]

Stack: [0x0000000016400000,0x0000000016500000]
Native frames: (J=compiled Java code, j=interpreted, Vv=VM code, C=native code)
V  [jvm.dll+0x308dea]


Current CompileTask:
C1:    683  816   !   3       com.android.dx.cf.code.RopperMachine::run (1550 bytes)


---------------  P R O C E S S  ---------------

Java Threads: ( => current thread )
  0x0000000015ee8800 JavaThread "pool-1-thread-4" [_thread_in_Java, id=11544, stack(0x0000000017300000,0x0000000017400000)]
  0x0000000015ed3000 JavaThread "pool-1-thread-3" [_thread_in_vm, id=14056, stack(0x0000000017200000,0x0000000017300000)]
  0x0000000015ed2000 JavaThread "pool-1-thread-2" [_thread_in_vm, id=12148, stack(0x0000000017100000,0x0000000017200000)]
  0x0000000015ed1000 JavaThread "pool-2-thread-1" [_thread_blocked, id=14000, stack(0x0000000017000000,0x0000000017100000)]
  0x0000000015ece800 JavaThread "pool-1-thread-1" [_thread_blocked, id=13488, stack(0x0000000016f00000,0x0000000017000000)]
  0x0000000015c5a000 JavaThread "Service Thread" daemon [_thread_blocked, id=2040, stack(0x0000000016500000,0x0000000016600000)]
=>0x0000000015c55000 JavaThread "C1 CompilerThread2" daemon [_thread_in_native, id=13952, stack(0x0000000016400000,0x0000000016500000)]
  0x00000000148f9800 JavaThread "C2 CompilerThread1" daemon [_thread_in_native, id=11440, stack(0x0000000016300000,0x0000000016400000)]
  0x00000000148b0800 JavaThread "C2 CompilerThread0" daemon [_thread_in_native, id=13700, stack(0x0000000016200000,0x0000000016300000)]
  0x00000000148af000 JavaThread "Attach Listener" daemon [_thread_blocked, id=13664, stack(0x0000000016100000,0x0000000016200000)]
  0x0000000015c43800 JavaThread "Signal Dispatcher" daemon [_thread_blocked, id=13668, stack(0x0000000016000000,0x0000000016100000)]
  0x0000000002114000 JavaThread "Finalizer" daemon [_thread_blocked, id=13580, stack(0x0000000015b00000,0x0000000015c00000)]
  0x0000000002109000 JavaThread "Reference Handler" daemon [_thread_blocked, id=14216, stack(0x0000000015a00000,0x0000000015b00000)]
  0x0000000002020800 JavaThread "main" [_thread_blocked, id=12752, stack(0x0000000001bf0000,0x0000000001cf0000)]

Other Threads:
  0x0000000014867000 VMThread [stack: 0x0000000015900000,0x0000000015a00000] [id=14072]
  0x0000000015c77000 WatcherThread [stack: 0x0000000016600000,0x0000000016700000] [id=12540]

VM state:not at safepoint (normal execution)

VM Mutex/Monitor currently owned by a thread:  ([mutex/lock_event])
[0x00000000021ccc30] MethodData_lock - owner thread: 0x0000000015ed3000

Heap:
 PSYoungGen      total 9216K, used 8348K [0x00000000eab00000, 0x00000000eb700000, 0x0000000100000000)
  eden space 7680K, 88% used [0x00000000eab00000,0x00000000eb1ac590,0x00000000eb280000)
  from space 1536K, 98% used [0x00000000eb480000,0x00000000eb5fad98,0x00000000eb600000)
  to   space 2048K, 0% used [0x00000000eb280000,0x00000000eb280000,0x00000000eb480000)
 ParOldGen       total 129536K, used 1649K [0x00000000c0000000, 0x00000000c7e80000, 0x00000000eab00000)
  object space 129536K, 1% used [0x00000000c0000000,0x00000000c019c488,0x00000000c7e80000)
 Metaspace       used 5615K, capacity 6640K, committed 6784K, reserved 1056768K
  class space    used 593K, capacity 616K, committed 640K, reserved 1048576K

Card table byte_map: [0x0000000011590000,0x00000000117a0000] byte_map_base: 0x0000000010f90000

Marking Bits: (ParMarkBitMap*) 0x000000006bc213b0
 Begin Bits: [0x0000000011d00000, 0x0000000012d00000)
 End Bits:   [0x0000000012d00000, 0x0000000013d00000)

Polling page: 0x0000000001cf0000

CodeCache: size=245760Kb used=2952Kb max_used=2964Kb free=242807Kb
 bounds [0x00000000021d0000, 0x00000000024c0000, 0x00000000111d0000]
 total_blobs=1060 nmethods=794 adapters=180
 compilation: enabled

Compilation events (10 events):
Event: 0.657 Thread 0x00000000148b0800 nmethod 825 0x00000000024ad1d0 code [0x00000000024ad300, 0x00000000024ad378]
Event: 0.657 Thread 0x0000000015c55000 nmethod 817 0x00000000024ad410 code [0x00000000024ad9e0, 0x00000000024b2078]
Event: 0.657 Thread 0x00000000148b0800  791       4       java.util.ArrayList::iterator (10 bytes)
Event: 0.657 Thread 0x0000000015c55000  824       3       com.android.dx.ssa.SCCP::simulateBlock (54 bytes)
Event: 0.658 Thread 0x0000000015c55000 nmethod 824 0x000000000249b410 code [0x000000000249b600, 0x000000000249bf08]
Event: 0.658 Thread 0x0000000015c55000  816   !   3       com.android.dx.cf.code.RopperMachine::run (1550 bytes)
Event: 0.658 Thread 0x00000000148b0800 nmethod 791 0x0000000002499bd0 code [0x0000000002499d20, 0x0000000002499e28]
Event: 0.658 Thread 0x00000000148b0800  747       4       com.android.dx.rop.code.RegisterSpec::getCategory (13 bytes)
Event: 0.658 Thread 0x00000000148b0800 nmethod 747 0x00000000024998d0 code [0x0000000002499a20, 0x0000000002499af8]
Event: 0.658 Thread 0x00000000148b0800  826       4       com.android.dx.ssa.SsaBasicBlock::forEachInsn (37 bytes)

GC Heap History (10 events):
Event: 0.136 GC heap before
{Heap before GC invocations=4 (full 0):
 PSYoungGen      total 1536K, used 1504K [0x00000000eab00000, 0x00000000eae00000, 0x0000000100000000)
  eden space 1024K, 100% used [0x00000000eab00000,0x00000000eac00000,0x00000000eac00000)
  from space 512K, 93% used [0x00000000eac00000,0x00000000eac78030,0x00000000eac80000)
  to   space 512K, 0% used [0x00000000ead80000,0x00000000ead80000,0x00000000eae00000)
 ParOldGen       total 129536K, used 688K [0x00000000c0000000, 0x00000000c7e80000, 0x00000000eab00000)
  object space 129536K, 0% used [0x00000000c0000000,0x00000000c00ac300,0x00000000c7e80000)
 Metaspace       used 3473K, capacity 4720K, committed 4864K, reserved 1056768K
  class space    used 376K, capacity 424K, committed 512K, reserved 1048576K
Event: 0.144 GC heap after
Heap after GC invocations=4 (full 0):
 PSYoungGen      total 2560K, used 504K [0x00000000eab00000, 0x00000000eae00000, 0x0000000100000000)
  eden space 2048K, 0% used [0x00000000eab00000,0x00000000eab00000,0x00000000ead00000)
  from space 512K, 98% used [0x00000000ead80000,0x00000000eadfe030,0x00000000eae00000)
  to   space 512K, 0% used [0x00000000ead00000,0x00000000ead00000,0x00000000ead80000)
 ParOldGen       total 129536K, used 696K [0x00000000c0000000, 0x00000000c7e80000, 0x00000000eab00000)
  object space 129536K, 0% used [0x00000000c0000000,0x00000000c00ae300,0x00000000c7e80000)
 Metaspace       used 3473K, capacity 4720K, committed 4864K, reserved 1056768K
  class space    used 376K, capacity 424K, committed 512K, reserved 1048576K
}
Event: 0.147 GC heap before
{Heap before GC invocations=5 (full 0):
 PSYoungGen      total 2560K, used 2552K [0x00000000eab00000, 0x00000000eae00000, 0x0000000100000000)
  eden space 2048K, 100% used [0x00000000eab00000,0x00000000ead00000,0x00000000ead00000)
  from space 512K, 98% used [0x00000000ead80000,0x00000000eadfe030,0x00000000eae00000)
  to   space 512K, 0% used [0x00000000ead00000,0x00000000ead00000,0x00000000ead80000)
 ParOldGen       total 129536K, used 696K [0x00000000c0000000, 0x00000000c7e80000, 0x00000000eab00000)
  object space 129536K, 0% used [0x00000000c0000000,0x00000000c00ae300,0x00000000c7e80000)
 Metaspace       used 3473K, capacity 4720K, committed 4864K, reserved 1056768K
  class space    used 376K, capacity 424K, committed 512K, reserved 1048576K
Event: 0.151 GC heap after
Heap after GC invocations=5 (full 0):
 PSYoungGen      total 2560K, used 440K [0x00000000eab00000, 0x00000000eb100000, 0x0000000100000000)
  eden space 2048K, 0% used [0x00000000eab00000,0x00000000eab00000,0x00000000ead00000)
  from space 512K, 85% used [0x00000000ead00000,0x00000000ead6e030,0x00000000ead80000)
  to   space 1024K, 0% used [0x00000000eb000000,0x00000000eb000000,0x00000000eb100000)
 ParOldGen       total 129536K, used 704K [0x00000000c0000000, 0x00000000c7e80000, 0x00000000eab00000)
  object space 129536K, 0% used [0x00000000c0000000,0x00000000c00b0300,0x00000000c7e80000)
 Metaspace       used 3473K, capacity 4720K, committed 4864K, reserved 1056768K
  class space    used 376K, capacity 424K, committed 512K, reserved 1048576K
}
Event: 0.155 GC heap before
{Heap before GC invocations=6 (full 0):
 PSYoungGen      total 2560K, used 2488K [0x00000000eab00000, 0x00000000eb100000, 0x0000000100000000)
  eden space 2048K, 100% used [0x00000000eab00000,0x00000000ead00000,0x00000000ead00000)
  from space 512K, 85% used [0x00000000ead00000,0x00000000ead6e030,0x00000000ead80000)
  to   space 1024K, 0% used [0x00000000eb000000,0x00000000eb000000,0x00000000eb100000)
 ParOldGen       total 129536K, used 704K [0x00000000c0000000, 0x00000000c7e80000, 0x00000000eab00000)
  object space 129536K, 0% used [0x00000000c0000000,0x00000000c00b0300,0x00000000c7e80000)
 Metaspace       used 3473K, capacity 4720K, committed 4864K, reserved 1056768K
  class space    used 376K, capacity 424K, committed 512K, reserved 1048576K
Event: 0.158 GC heap after
Heap after GC invocations=6 (full 0):
 PSYoungGen      total 5120K, used 440K [0x00000000eab00000, 0x00000000eb100000, 0x0000000100000000)
  eden space 4096K, 0% used [0x00000000eab00000,0x00000000eab00000,0x00000000eaf00000)
  from space 1024K, 42% used [0x00000000eb000000,0x00000000eb06e030,0x00000000eb100000)
  to   space 1024K, 0% used [0x00000000eaf00000,0x00000000eaf00000,0x00000000eb000000)
 ParOldGen       total 129536K, used 704K [0x00000000c0000000, 0x00000000c7e80000, 0x00000000eab00000)
  object space 129536K, 0% used [0x00000000c0000000,0x00000000c00b0300,0x00000000c7e80000)
 Metaspace       used 3473K, capacity 4720K, committed 4864K, reserved 1056768K
  class space    used 376K, capacity 424K, committed 512K, reserved 1048576K
}
Event: 0.357 GC heap before
{Heap before GC invocations=7 (full 0):
 PSYoungGen      total 5120K, used 4536K [0x00000000eab00000, 0x00000000eb100000, 0x0000000100000000)
  eden space 4096K, 100% used [0x00000000eab00000,0x00000000eaf00000,0x00000000eaf00000)
  from space 1024K, 42% used [0x00000000eb000000,0x00000000eb06e030,0x00000000eb100000)
  to   space 1024K, 0% used [0x00000000eaf00000,0x00000000eaf00000,0x00000000eb000000)
 ParOldGen       total 129536K, used 704K [0x00000000c0000000, 0x00000000c7e80000, 0x00000000eab00000)
  object space 129536K, 0% used [0x00000000c0000000,0x00000000c00b0300,0x00000000c7e80000)
 Metaspace       used 4264K, capacity 5456K, committed 5760K, reserved 1056768K
  class space    used 476K, capacity 520K, committed 640K, reserved 1048576K
Event: 0.359 GC heap after
Heap after GC invocations=7 (full 0):
 PSYoungGen      total 5120K, used 1010K [0x00000000eab00000, 0x00000000eb600000, 0x0000000100000000)
  eden space 4096K, 0% used [0x00000000eab00000,0x00000000eab00000,0x00000000eaf00000)
  from space 1024K, 98% used [0x00000000eaf00000,0x00000000eaffca80,0x00000000eb000000)
  to   space 1536K, 0% used [0x00000000eb480000,0x00000000eb480000,0x00000000eb600000)
 ParOldGen       total 129536K, used 1210K [0x00000000c0000000, 0x00000000c7e80000, 0x00000000eab00000)
  object space 129536K, 0% used [0x00000000c0000000,0x00000000c012ea18,0x00000000c7e80000)
 Metaspace       used 4264K, capacity 5456K, committed 5760K, reserved 1056768K
  class space    used 476K, capacity 520K, committed 640K, reserved 1048576K
}
Event: 0.455 GC heap before
{Heap before GC invocations=8 (full 0):
 PSYoungGen      total 5120K, used 5106K [0x00000000eab00000, 0x00000000eb600000, 0x0000000100000000)
  eden space 4096K, 100% used [0x00000000eab00000,0x00000000eaf00000,0x00000000eaf00000)
  from space 1024K, 98% used [0x00000000eaf00000,0x00000000eaffca80,0x00000000eb000000)
  to   space 1536K, 0% used [0x00000000eb480000,0x00000000eb480000,0x00000000eb600000)
 ParOldGen       total 129536K, used 1210K [0x00000000c0000000, 0x00000000c7e80000, 0x00000000eab00000)
  object space 129536K, 0% used [0x00000000c0000000,0x00000000c012ea18,0x00000000c7e80000)
 Metaspace       used 5347K, capacity 6384K, committed 6528K, reserved 1056768K
  class space    used 587K, capacity 616K, committed 640K, reserved 1048576K
Event: 0.587 GC heap after
Heap after GC invocations=8 (full 0):
 PSYoungGen      total 9216K, used 1515K [0x00000000eab00000, 0x00000000eb700000, 0x0000000100000000)
  eden space 7680K, 0% used [0x00000000eab00000,0x00000000eab00000,0x00000000eb280000)
  from space 1536K, 98% used [0x00000000eb480000,0x00000000eb5fad98,0x00000000eb600000)
  to   space 2048K, 0% used [0x00000000eb280000,0x00000000eb280000,0x00000000eb480000)
 ParOldGen       total 129536K, used 1649K [0x00000000c0000000, 0x00000000c7e80000, 0x00000000eab00000)
  object space 129536K, 1% used [0x00000000c0000000,0x00000000c019c488,0x00000000c7e80000)
 Metaspace       used 5347K, capacity 6384K, committed 6528K, reserved 1056768K
  class space    used 587K, capacity 616K, committed 640K, reserved 1048576K
}

Deoptimization events (1 events):
Event: 0.597 Thread 0x0000000015ed2000 Uncommon trap: reason=bimorphic action=maybe_recompile pc=0x00000000023fdd90 method=java.util.HashMap.getNode(ILjava/lang/Object;)Ljava/util/HashMap$Node; @ 126

Internal exceptions (10 events):
Event: 0.439 Thread 0x0000000015ee8800 Exception <a 'java/security/PrivilegedActionException'> (0x00000000eae81638) thrown at [D:\re\workspace\8-2-build-windows-amd64-cygwin\jdk8u5\2488\hotspot\src\share\vm\prims\jvm.cpp, line 1248]
Event: 0.440 Thread 0x0000000015ee8800 Exception <a 'java/security/PrivilegedActionException'> (0x00000000eae87848) thrown at [D:\re\workspace\8-2-build-windows-amd64-cygwin\jdk8u5\2488\hotspot\src\share\vm\prims\jvm.cpp, line 1248]
Event: 0.440 Thread 0x0000000015ee8800 Exception <a 'java/security/PrivilegedActionException'> (0x00000000eae8a798) thrown at [D:\re\workspace\8-2-build-windows-amd64-cygwin\jdk8u5\2488\hotspot\src\share\vm\prims\jvm.cpp, line 1248]
Event: 0.446 Thread 0x0000000015ece800 Exception <a 'java/security/PrivilegedActionException'> (0x00000000eaca1fa8) thrown at [D:\re\workspace\8-2-build-windows-amd64-cygwin\jdk8u5\2488\hotspot\src\share\vm\prims\jvm.cpp, line 1248]
Event: 0.446 Thread 0x0000000015ece800 Exception <a 'java/security/PrivilegedActionException'> (0x00000000eaea1b18) thrown at [D:\re\workspace\8-2-build-windows-amd64-cygwin\jdk8u5\2488\hotspot\src\share\vm\prims\jvm.cpp, line 1248]
Event: 0.447 Thread 0x0000000015ed2000 Exception <a 'java/security/PrivilegedActionException'> (0x00000000eac89720) thrown at [D:\re\workspace\8-2-build-windows-amd64-cygwin\jdk8u5\2488\hotspot\src\share\vm\prims\jvm.cpp, line 1248]
Event: 0.450 Thread 0x0000000015ed2000 Exception <a 'java/security/PrivilegedActionException'> (0x00000000eaeea820) thrown at [D:\re\workspace\8-2-build-windows-amd64-cygwin\jdk8u5\2488\hotspot\src\share\vm\prims\jvm.cpp, line 1248]
Event: 0.594 Thread 0x0000000002020800 Exception <a 'java/security/PrivilegedActionException'> (0x00000000eab05930) thrown at [D:\re\workspace\8-2-build-windows-amd64-cygwin\jdk8u5\2488\hotspot\src\share\vm\prims\jvm.cpp, line 1248]
Event: 0.605 Thread 0x0000000015ed2000 Exception <a 'java/security/PrivilegedActionException'> (0x00000000eac3f8c8) thrown at [D:\re\workspace\8-2-build-windows-amd64-cygwin\jdk8u5\2488\hotspot\src\share\vm\prims\jvm.cpp, line 1248]
Event: 0.636 Thread 0x0000000015ed2000 Exception <a 'java/security/PrivilegedActionException'> (0x00000000eae4f2f0) thrown at [D:\re\workspace\8-2-build-windows-amd64-cygwin\jdk8u5\2488\hotspot\src\share\vm\prims\jvm.cpp, line 1248]

Events (10 events):
Event: 0.605 loading class com/android/dx/cf/code/BytecodeArray$ConstantParserVisitor
Event: 0.605 loading class com/android/dx/cf/code/BytecodeArray$ConstantParserVisitor done
Event: 0.636 loading class com/android/dx/cf/code/Ropper$ExceptionHandlerSetup
Event: 0.636 loading class com/android/dx/cf/code/Ropper$ExceptionHandlerSetup done
Event: 0.637 loading class java/util/HashMap$Values
Event: 0.637 loading class java/util/HashMap$Values done
Event: 0.637 loading class java/util/HashMap$ValueIterator
Event: 0.637 loading class java/util/HashMap$ValueIterator done
Event: 0.658 loading class java/util/ArrayList$1
Event: 0.658 loading class java/util/ArrayList$1 done


Dynamic libraries:
0x00007ff7b1cb0000 - 0x00007ff7b1ce4000 	D:\jdk\bin\java.exe
0x00007ffd1f340000 - 0x00007ffd1f4e9000 	C:\Windows\SYSTEM32\ntdll.dll
0x00007ffd1cbd0000 - 0x00007ffd1cd09000 	C:\Windows\system32\KERNEL32.DLL
0x00007ffd1c840000 - 0x00007ffd1c94e000 	C:\Windows\system32\KERNELBASE.dll
0x00007ffd1e970000 - 0x00007ffd1ea15000 	C:\Windows\system32\ADVAPI32.dll
0x00007ffd1e6f0000 - 0x00007ffd1e861000 	C:\Windows\system32\USER32.dll
0x00007ffd1a700000 - 0x00007ffd1a95a000 	C:\Windows\WinSxS\amd64_microsoft.windows.common-controls_6595b64144ccf1df_6.0.9600.16384_none_62475f7becb72503\COMCTL32.dll
0x00007ffd1e450000 - 0x00007ffd1e4f7000 	C:\Windows\system32\msvcrt.dll
0x00007ffd1ea20000 - 0x00007ffd1ea77000 	C:\Windows\SYSTEM32\sechost.dll
0x00007ffd1f200000 - 0x00007ffd1f336000 	C:\Windows\system32\RPCRT4.dll
0x00007ffd1ec90000 - 0x00007ffd1edd5000 	C:\Windows\system32\GDI32.dll
0x00007ffd1cf20000 - 0x00007ffd1cf54000 	C:\Windows\system32\IMM32.DLL
0x00007ffd1cdd0000 - 0x00007ffd1cf09000 	C:\Windows\system32\MSCTF.dll
0x000000006afa0000 - 0x000000006b072000 	D:\jdk\jre\bin\msvcr100.dll
0x000000006b470000 - 0x000000006bc9a000 	D:\jdk\jre\bin\server\jvm.dll
0x00007ffd19ee0000 - 0x00007ffd19ee9000 	C:\Windows\SYSTEM32\WSOCK32.dll
0x00007ffd18480000 - 0x00007ffd1849f000 	C:\Windows\SYSTEM32\WINMM.dll
0x00007ffd1cd10000 - 0x00007ffd1cd17000 	C:\Windows\system32\PSAPI.DLL
0x00007ffd1ea90000 - 0x00007ffd1eae8000 	C:\Windows\system32\WS2_32.dll
0x00007ffd18320000 - 0x00007ffd1834a000 	C:\Windows\SYSTEM32\WINMMBASE.dll
0x00007ffd1cf10000 - 0x00007ffd1cf19000 	C:\Windows\system32\NSI.dll
0x00007ffd1c950000 - 0x00007ffd1c99a000 	C:\Windows\SYSTEM32\cfgmgr32.dll
0x00007ffd1b570000 - 0x00007ffd1b596000 	C:\Windows\SYSTEM32\DEVOBJ.dll
0x000000006bec0000 - 0x000000006becf000 	D:\jdk\jre\bin\verify.dll
0x000000006be90000 - 0x000000006beb8000 	D:\jdk\jre\bin\java.dll
0x000000006be70000 - 0x000000006be86000 	D:\jdk\jre\bin\zip.dll
0x00007ffd1d040000 - 0x00007ffd1e44d000 	C:\Windows\system32\SHELL32.dll
0x00007ffd1f020000 - 0x00007ffd1f1f7000 	C:\Windows\SYSTEM32\combase.dll
0x00007ffd1cf80000 - 0x00007ffd1cfd1000 	C:\Windows\system32\SHLWAPI.dll
0x00007ffd1ad50000 - 0x00007ffd1adf1000 	C:\Windows\SYSTEM32\SHCORE.dll
0x00007ffd1c6c0000 - 0x00007ffd1c6d4000 	C:\Windows\SYSTEM32\profapi.dll

VM Arguments:
jvm_args: -Djava.awt.headless=true -Xmx1024M -Dfile.encoding=GBK -Duser.country=CN -Duser.language=zh -Duser.variant 
java_command: com.android.dx.command.Main --dex --force-jumbo --num-threads=4 --output E:\Sports\app\build\intermediates\pre-dexed\debug\com.android.support-appcompat-v7-24.0.0_672518572d15bd26cf15f5d8ba443bc032734724.jar E:\Sports\app\build\intermediates\exploded-aar\com.android.support\appcompat-v7\24.0.0\jars\classes.jar
java_class_path (initial): D:\android\AppData\Local\Android\sdk\build-tools\24.0.0\lib\dx.jar
Launcher Type: SUN_STANDARD

Environment Variables:
JAVA_HOME=D:\jdk
PATH=C:\Windows\system32;C:\Windows;C:\Windows\System32\Wbem;C:\Windows\System32\WindowsPowerShell\v1.0\;D:\jdk\bin;D:\jdk\jre\bin;D:\android\AppData\Local\Android\sdk\tools;D:\android\AppData\Local\Android\sdk\platform-tools;C:\Program Files (x86)\NVIDIA Corporation\PhysX\Common
USERNAME=Administrator
OS=Windows_NT
PROCESSOR_IDENTIFIER=Intel64 Family 6 Model 60 Stepping 3, GenuineIntel



---------------  S Y S T E M  ---------------

OS: Windows 8.1 , 64 bit Build 9600 

CPU:total 4 (4 cores per cpu, 1 threads per core) family 6 model 60 stepping 3, cmov, cx8, fxsr, mmx, sse, sse2, sse3, ssse3, sse4.1, sse4.2, popcnt, avx, avx2, aes, clmul, erms, tsc, tscinvbit

Memory: 4k page, physical 8273724k(2016488k free), swap 8273724k(5120k free)

vm_info: Java HotSpot(TM) 64-Bit Server VM (25.5-b02) for windows-amd64 JRE (1.8.0_05-b13), built on Mar 18 2014 01:08:39 by "java_re" with MS VC++ 10.0 (VS2010)

time: Wed Aug 03 16:26:11 2016
elapsed time: 0 seconds

