#
# There is insufficient memory for the Java Runtime Environment to continue.
# Native memory allocation (malloc) failed to allocate 508176 bytes for Chunk::new
# Possible reasons:
#   The system is out of physical RAM or swap space
#   In 32 bit mode, the process size limit was hit
# Possible solutions:
#   Reduce memory load on the system
#   Increase physical memory or swap space
#   Check if swap backing store is full
#   Use 64 bit Java on a 64 bit OS
#   Decrease Java heap size (-Xmx/-Xms)
#   Decrease number of Java threads
#   Decrease Java thread stack sizes (-Xss)
#   Set larger code cache with -XX:ReservedCodeCacheSize=
# This output file may be truncated or incomplete.
#
#  Out of Memory Error (allocation.cpp:388), pid=13508, tid=4320
#
# JRE version: Java(TM) SE Runtime Environment (8.0_05-b13) (build 1.8.0_05-b13)
# Java VM: Java HotSpot(TM) 64-Bit Server VM (25.5-b02 mixed mode windows-amd64 compressed oops)
# Failed to write core dump. Minidumps are not enabled by default on client versions of Windows
#

---------------  T H R E A D  ---------------

Current thread (0x0000000015132800):  JavaThread "C2 CompilerThread0" daemon [_thread_in_native, id=4320, stack(0x0000000016a90000,0x0000000016b90000)]

Stack: [0x0000000016a90000,0x0000000016b90000]
Native frames: (J=compiled Java code, j=interpreted, Vv=VM code, C=native code)
V  [jvm.dll+0x308dea]


Current CompileTask:
C2:    999  688       4       com.android.dx.ssa.NormalSsaInsn::accept (25 bytes)


---------------  P R O C E S S  ---------------

Java Threads: ( => current thread )
  0x0000000016702800 JavaThread "pool-1-thread-4" [_thread_blocked, id=14088, stack(0x0000000017b90000,0x0000000017c90000)]
  0x00000000166ff800 JavaThread "pool-1-thread-3" [_thread_blocked, id=13400, stack(0x0000000017a90000,0x0000000017b90000)]
  0x0000000016861000 JavaThread "pool-1-thread-2" [_thread_blocked, id=13636, stack(0x0000000017990000,0x0000000017a90000)]
  0x00000000167fb800 JavaThread "pool-2-thread-1" [_thread_blocked, id=13464, stack(0x0000000017890000,0x0000000017990000)]
  0x0000000016712800 JavaThread "pool-1-thread-1" [_thread_blocked, id=14320, stack(0x0000000017790000,0x0000000017890000)]
  0x00000000164eb000 JavaThread "Service Thread" daemon [_thread_blocked, id=4644, stack(0x0000000016d90000,0x0000000016e90000)]
  0x000000001517e800 JavaThread "C1 CompilerThread2" daemon [_thread_in_native, id=13584, stack(0x0000000016c90000,0x0000000016d90000)]
  0x000000001517b000 JavaThread "C2 CompilerThread1" daemon [_thread_in_native, id=10508, stack(0x0000000016b90000,0x0000000016c90000)]
=>0x0000000015132800 JavaThread "C2 CompilerThread0" daemon [_thread_in_native, id=4320, stack(0x0000000016a90000,0x0000000016b90000)]
  0x0000000015131000 JavaThread "Attach Listener" daemon [_thread_blocked, id=13536, stack(0x0000000016990000,0x0000000016a90000)]
  0x00000000164d3800 JavaThread "Signal Dispatcher" daemon [_thread_blocked, id=14272, stack(0x0000000016890000,0x0000000016990000)]
  0x0000000002a44000 JavaThread "Finalizer" daemon [_thread_blocked, id=12872, stack(0x0000000016390000,0x0000000016490000)]
  0x0000000002a39000 JavaThread "Reference Handler" daemon [_thread_blocked, id=13896, stack(0x0000000016290000,0x0000000016390000)]
  0x0000000002950800 JavaThread "main" [_thread_blocked, id=11008, stack(0x0000000002850000,0x0000000002950000)]

Other Threads:
  0x00000000150e7000 VMThread [stack: 0x0000000016190000,0x0000000016290000] [id=13868]
  0x00000000164f0800 WatcherThread [stack: 0x0000000016e90000,0x0000000016f90000] [id=10428]

VM state:at safepoint (normal execution)

VM Mutex/Monitor currently owned by a thread:  ([mutex/lock_event])
[0x000000000284c4a0] Threads_lock - owner thread: 0x00000000150e7000
[0x000000000284b820] Heap_lock - owner thread: 0x0000000016861000

Heap:
 PSYoungGen      total 9728K, used 9724K [0x00000000eab00000, 0x00000000eb800000, 0x0000000100000000)
  eden space 7680K, 100% used [0x00000000eab00000,0x00000000eb280000,0x00000000eb280000)
  from space 2048K, 99% used [0x00000000eb500000,0x00000000eb6ff110,0x00000000eb700000)
  to   space 2560K, 55% used [0x00000000eb280000,0x00000000eb3e0010,0x00000000eb500000)
 ParOldGen       total 129536K, used 6550K [0x00000000c0000000, 0x00000000c7e80000, 0x00000000eab00000)
  object space 129536K, 5% used [0x00000000c0000000,0x00000000c0665a50,0x00000000c7e80000)
 Metaspace       used 5633K, capacity 6640K, committed 6784K, reserved 1056768K
  class space    used 590K, capacity 616K, committed 640K, reserved 1048576K

Card table byte_map: [0x0000000011e10000,0x0000000012020000] byte_map_base: 0x0000000011810000

Marking Bits: (ParMarkBitMap*) 0x000000006bc213b0
 Begin Bits: [0x0000000012580000, 0x0000000013580000)
 End Bits:   [0x0000000013580000, 0x0000000014580000)

Polling page: 0x0000000000c30000

CodeCache: size=245760Kb used=2858Kb max_used=2869Kb free=242901Kb
 bounds [0x0000000002a50000, 0x0000000002d30000, 0x0000000011a50000]
 total_blobs=1068 nmethods=802 adapters=180
 compilation: enabled

Compilation events (10 events):
Event: 0.799 Thread 0x000000001517e800 nmethod 773 0x0000000002d03090 code [0x0000000002d034c0, 0x0000000002d05f58]
Event: 0.799 Thread 0x000000001517e800  774       3       com.android.dx.ssa.back.IdenticalBlockCombiner::combineBlocks (102 bytes)
Event: 0.800 Thread 0x000000001517e800 nmethod 774 0x0000000002d07350 code [0x0000000002d07520, 0x0000000002d07db8]
Event: 0.800 Thread 0x000000001517e800  775       3       com.android.dx.rop.code.BasicBlockList$RegCountVisitor::visitPlainInsn (6 bytes)
Event: 0.800 Thread 0x000000001517e800 nmethod 775 0x0000000002d081d0 code [0x0000000002d08340, 0x0000000002d084c8]
Event: 0.800 Thread 0x000000001517e800  776       3       com.android.dx.rop.code.ThrowingCstInsn::accept (8 bytes)
Event: 0.800 Thread 0x000000001517e800 nmethod 776 0x0000000002d08550 code [0x0000000002d086c0, 0x0000000002d088e8]
Event: 0.800 Thread 0x000000001517e800  777   !   3       com.android.dx.rop.code.LocalVariableInfo::setStarts (40 bytes)
Event: 0.800 Thread 0x000000001517e800 nmethod 777 0x0000000002d089d0 code [0x0000000002d08b80, 0x0000000002d091a8]
Event: 0.800 Thread 0x000000001517e800  778       3       com.android.dx.rop.code.RopMethod::calcPredecessors (227 bytes)

GC Heap History (10 events):
Event: 0.198 GC heap before
{Heap before GC invocations=4 (full 0):
 PSYoungGen      total 1536K, used 1520K [0x00000000eab00000, 0x00000000eae00000, 0x0000000100000000)
  eden space 1024K, 100% used [0x00000000eab00000,0x00000000eac00000,0x00000000eac00000)
  from space 512K, 96% used [0x00000000eac00000,0x00000000eac7c040,0x00000000eac80000)
  to   space 512K, 0% used [0x00000000ead80000,0x00000000ead80000,0x00000000eae00000)
 ParOldGen       total 129536K, used 668K [0x00000000c0000000, 0x00000000c7e80000, 0x00000000eab00000)
  object space 129536K, 0% used [0x00000000c0000000,0x00000000c00a7310,0x00000000c7e80000)
 Metaspace       used 3493K, capacity 4720K, committed 4864K, reserved 1056768K
  class space    used 376K, capacity 424K, committed 512K, reserved 1048576K
Event: 0.199 GC heap after
Heap after GC invocations=4 (full 0):
 PSYoungGen      total 2560K, used 504K [0x00000000eab00000, 0x00000000eae00000, 0x0000000100000000)
  eden space 2048K, 0% used [0x00000000eab00000,0x00000000eab00000,0x00000000ead00000)
  from space 512K, 98% used [0x00000000ead80000,0x00000000eadfe010,0x00000000eae00000)
  to   space 512K, 0% used [0x00000000ead00000,0x00000000ead00000,0x00000000ead80000)
 ParOldGen       total 129536K, used 724K [0x00000000c0000000, 0x00000000c7e80000, 0x00000000eab00000)
  object space 129536K, 0% used [0x00000000c0000000,0x00000000c00b5310,0x00000000c7e80000)
 Metaspace       used 3493K, capacity 4720K, committed 4864K, reserved 1056768K
  class space    used 376K, capacity 424K, committed 512K, reserved 1048576K
}
Event: 0.209 GC heap before
{Heap before GC invocations=5 (full 0):
 PSYoungGen      total 2560K, used 2552K [0x00000000eab00000, 0x00000000eae00000, 0x0000000100000000)
  eden space 2048K, 100% used [0x00000000eab00000,0x00000000ead00000,0x00000000ead00000)
  from space 512K, 98% used [0x00000000ead80000,0x00000000eadfe010,0x00000000eae00000)
  to   space 512K, 0% used [0x00000000ead00000,0x00000000ead00000,0x00000000ead80000)
 ParOldGen       total 129536K, used 724K [0x00000000c0000000, 0x00000000c7e80000, 0x00000000eab00000)
  object space 129536K, 0% used [0x00000000c0000000,0x00000000c00b5310,0x00000000c7e80000)
 Metaspace       used 3505K, capacity 4720K, committed 4864K, reserved 1056768K
  class space    used 376K, capacity 424K, committed 512K, reserved 1048576K
Event: 0.221 GC heap after
Heap after GC invocations=5 (full 0):
 PSYoungGen      total 2560K, used 504K [0x00000000eab00000, 0x00000000eb100000, 0x0000000100000000)
  eden space 2048K, 0% used [0x00000000eab00000,0x00000000eab00000,0x00000000ead00000)
  from space 512K, 98% used [0x00000000ead00000,0x00000000ead7e010,0x00000000ead80000)
  to   space 1024K, 0% used [0x00000000eb000000,0x00000000eb000000,0x00000000eb100000)
 ParOldGen       total 129536K, used 748K [0x00000000c0000000, 0x00000000c7e80000, 0x00000000eab00000)
  object space 129536K, 0% used [0x00000000c0000000,0x00000000c00bb310,0x00000000c7e80000)
 Metaspace       used 3505K, capacity 4720K, committed 4864K, reserved 1056768K
  class space    used 376K, capacity 424K, committed 512K, reserved 1048576K
}
Event: 0.250 GC heap before
{Heap before GC invocations=6 (full 0):
 PSYoungGen      total 2560K, used 2552K [0x00000000eab00000, 0x00000000eb100000, 0x0000000100000000)
  eden space 2048K, 100% used [0x00000000eab00000,0x00000000ead00000,0x00000000ead00000)
  from space 512K, 98% used [0x00000000ead00000,0x00000000ead7e010,0x00000000ead80000)
  to   space 1024K, 0% used [0x00000000eb000000,0x00000000eb000000,0x00000000eb100000)
 ParOldGen       total 129536K, used 748K [0x00000000c0000000, 0x00000000c7e80000, 0x00000000eab00000)
  object space 129536K, 0% used [0x00000000c0000000,0x00000000c00bb310,0x00000000c7e80000)
 Metaspace       used 3530K, capacity 4784K, committed 5120K, reserved 1056768K
  class space    used 379K, capacity 424K, committed 512K, reserved 1048576K
Event: 0.251 GC heap after
Heap after GC invocations=6 (full 0):
 PSYoungGen      total 5120K, used 690K [0x00000000eab00000, 0x00000000eb100000, 0x0000000100000000)
  eden space 4096K, 0% used [0x00000000eab00000,0x00000000eab00000,0x00000000eaf00000)
  from space 1024K, 67% used [0x00000000eb000000,0x00000000eb0aca90,0x00000000eb100000)
  to   space 1024K, 0% used [0x00000000eaf00000,0x00000000eaf00000,0x00000000eb000000)
 ParOldGen       total 129536K, used 748K [0x00000000c0000000, 0x00000000c7e80000, 0x00000000eab00000)
  object space 129536K, 0% used [0x00000000c0000000,0x00000000c00bb310,0x00000000c7e80000)
 Metaspace       used 3530K, capacity 4784K, committed 5120K, reserved 1056768K
  class space    used 379K, capacity 424K, committed 512K, reserved 1048576K
}
Event: 0.375 GC heap before
{Heap before GC invocations=7 (full 0):
 PSYoungGen      total 5120K, used 4786K [0x00000000eab00000, 0x00000000eb100000, 0x0000000100000000)
  eden space 4096K, 100% used [0x00000000eab00000,0x00000000eaf00000,0x00000000eaf00000)
  from space 1024K, 67% used [0x00000000eb000000,0x00000000eb0aca90,0x00000000eb100000)
  to   space 1024K, 0% used [0x00000000eaf00000,0x00000000eaf00000,0x00000000eb000000)
 ParOldGen       total 129536K, used 748K [0x00000000c0000000, 0x00000000c7e80000, 0x00000000eab00000)
  object space 129536K, 0% used [0x00000000c0000000,0x00000000c00bb310,0x00000000c7e80000)
 Metaspace       used 4252K, capacity 5392K, committed 5760K, reserved 1056768K
  class space    used 468K, capacity 520K, committed 640K, reserved 1048576K
Event: 0.401 GC heap after
Heap after GC invocations=7 (full 0):
 PSYoungGen      total 5120K, used 1016K [0x00000000eab00000, 0x00000000eb700000, 0x0000000100000000)
  eden space 4096K, 0% used [0x00000000eab00000,0x00000000eab00000,0x00000000eaf00000)
  from space 1024K, 99% used [0x00000000eaf00000,0x00000000eaffe3b8,0x00000000eb000000)
  to   space 2048K, 0% used [0x00000000eb500000,0x00000000eb500000,0x00000000eb700000)
 ParOldGen       total 129536K, used 1859K [0x00000000c0000000, 0x00000000c7e80000, 0x00000000eab00000)
  object space 129536K, 1% used [0x00000000c0000000,0x00000000c01d0e08,0x00000000c7e80000)
 Metaspace       used 4252K, capacity 5392K, committed 5760K, reserved 1056768K
  class space    used 468K, capacity 520K, committed 640K, reserved 1048576K
}
Event: 0.575 GC heap before
{Heap before GC invocations=8 (full 0):
 PSYoungGen      total 5120K, used 5112K [0x00000000eab00000, 0x00000000eb700000, 0x0000000100000000)
  eden space 4096K, 100% used [0x00000000eab00000,0x00000000eaf00000,0x00000000eaf00000)
  from space 1024K, 99% used [0x00000000eaf00000,0x00000000eaffe3b8,0x00000000eb000000)
  to   space 2048K, 0% used [0x00000000eb500000,0x00000000eb500000,0x00000000eb700000)
 ParOldGen       total 129536K, used 1859K [0x00000000c0000000, 0x00000000c7e80000, 0x00000000eab00000)
  object space 129536K, 1% used [0x00000000c0000000,0x00000000c01d0e08,0x00000000c7e80000)
 Metaspace       used 5358K, capacity 6448K, committed 6528K, reserved 1056768K
  class space    used 583K, capacity 616K, committed 640K, reserved 1048576K
Event: 0.668 GC heap after
Heap after GC invocations=8 (full 0):
 PSYoungGen      total 9728K, used 2036K [0x00000000eab00000, 0x00000000eb800000, 0x0000000100000000)
  eden space 7680K, 0% used [0x00000000eab00000,0x00000000eab00000,0x00000000eb280000)
  from space 2048K, 99% used [0x00000000eb500000,0x00000000eb6fd160,0x00000000eb700000)
  to   space 2560K, 0% used [0x00000000eb280000,0x00000000eb280000,0x00000000eb500000)
 ParOldGen       total 129536K, used 2196K [0x00000000c0000000, 0x00000000c7e80000, 0x00000000eab00000)
  object space 129536K, 1% used [0x00000000c0000000,0x00000000c0225198,0x00000000c7e80000)
 Metaspace       used 5358K, capacity 6448K, committed 6528K, reserved 1056768K
  class space    used 583K, capacity 616K, committed 640K, reserved 1048576K
}

Deoptimization events (0 events):
No events

Internal exceptions (10 events):
Event: 0.567 Thread 0x00000000166ff800 Exception <a 'java/security/PrivilegedActionException'> (0x00000000eaead788) thrown at [D:\re\workspace\8-2-build-windows-amd64-cygwin\jdk8u5\2488\hotspot\src\share\vm\prims\jvm.cpp, line 1248]
Event: 0.568 Thread 0x0000000016861000 Exception <a 'java/security/PrivilegedActionException'> (0x00000000ead31470) thrown at [D:\re\workspace\8-2-build-windows-amd64-cygwin\jdk8u5\2488\hotspot\src\share\vm\prims\jvm.cpp, line 1248]
Event: 0.569 Thread 0x0000000016861000 Exception <a 'java/security/PrivilegedActionException'> (0x00000000eaeb97c0) thrown at [D:\re\workspace\8-2-build-windows-amd64-cygwin\jdk8u5\2488\hotspot\src\share\vm\prims\jvm.cpp, line 1248]
Event: 0.569 Thread 0x0000000016861000 Exception <a 'java/security/PrivilegedActionException'> (0x00000000eaebc750) thrown at [D:\re\workspace\8-2-build-windows-amd64-cygwin\jdk8u5\2488\hotspot\src\share\vm\prims\jvm.cpp, line 1248]
Event: 0.574 Thread 0x0000000016861000 Exception <a 'java/security/PrivilegedActionException'> (0x00000000eaef5538) thrown at [D:\re\workspace\8-2-build-windows-amd64-cygwin\jdk8u5\2488\hotspot\src\share\vm\prims\jvm.cpp, line 1248]
Event: 0.701 Thread 0x0000000002950800 Exception <a 'java/security/PrivilegedActionException'> (0x00000000eabbb980) thrown at [D:\re\workspace\8-2-build-windows-amd64-cygwin\jdk8u5\2488\hotspot\src\share\vm\prims\jvm.cpp, line 1248]
Event: 0.704 Thread 0x0000000002950800 Exception <a 'java/security/PrivilegedActionException'> (0x00000000eabdc678) thrown at [D:\re\workspace\8-2-build-windows-amd64-cygwin\jdk8u5\2488\hotspot\src\share\vm\prims\jvm.cpp, line 1248]
Event: 0.750 Thread 0x0000000002950800 Exception <a 'java/security/PrivilegedActionException'> (0x00000000eaf58d08) thrown at [D:\re\workspace\8-2-build-windows-amd64-cygwin\jdk8u5\2488\hotspot\src\share\vm\prims\jvm.cpp, line 1248]
Event: 0.751 Thread 0x0000000002950800 Exception <a 'java/security/PrivilegedActionException'> (0x00000000eaf5c888) thrown at [D:\re\workspace\8-2-build-windows-amd64-cygwin\jdk8u5\2488\hotspot\src\share\vm\prims\jvm.cpp, line 1248]
Event: 0.751 Thread 0x0000000002950800 Exception <a 'java/security/PrivilegedActionException'> (0x00000000eaf62758) thrown at [D:\re\workspace\8-2-build-windows-amd64-cygwin\jdk8u5\2488\hotspot\src\share\vm\prims\jvm.cpp, line 1248]

Events (10 events):
Event: 0.717 loading class java/util/TreeMap$EntryIterator
Event: 0.717 loading class java/util/TreeMap$EntryIterator done
Event: 0.750 loading class com/android/dx/cf/attrib/AttEnclosingMethod
Event: 0.750 loading class com/android/dx/cf/attrib/AttEnclosingMethod done
Event: 0.751 loading class com/android/dx/cf/code/BytecodeArray$ConstantParserVisitor
Event: 0.751 loading class com/android/dx/cf/code/BytecodeArray$ConstantParserVisitor done
Event: 0.751 loading class com/android/dx/cf/code/Ropper$ExceptionHandlerSetup
Event: 0.751 loading class com/android/dx/cf/code/Ropper$ExceptionHandlerSetup done
Event: 0.754 loading class java/util/DualPivotQuicksort
Event: 0.754 loading class java/util/DualPivotQuicksort done


Dynamic libraries:
0x00007ff7b1cb0000 - 0x00007ff7b1ce4000 	D:\jdk\bin\java.exe
0x00007ffd1f340000 - 0x00007ffd1f4e9000 	C:\Windows\SYSTEM32\ntdll.dll
0x00007ffd1cbd0000 - 0x00007ffd1cd09000 	C:\Windows\system32\KERNEL32.DLL
0x00007ffd1c840000 - 0x00007ffd1c94e000 	C:\Windows\system32\KERNELBASE.dll
0x00007ffd1e970000 - 0x00007ffd1ea15000 	C:\Windows\system32\ADVAPI32.dll
0x00007ffd1e6f0000 - 0x00007ffd1e861000 	C:\Windows\system32\USER32.dll
0x00007ffd1a700000 - 0x00007ffd1a95a000 	C:\Windows\WinSxS\amd64_microsoft.windows.common-controls_6595b64144ccf1df_6.0.9600.16384_none_62475f7becb72503\COMCTL32.dll
0x00007ffd1e450000 - 0x00007ffd1e4f7000 	C:\Windows\system32\msvcrt.dll
0x00007ffd1ea20000 - 0x00007ffd1ea77000 	C:\Windows\SYSTEM32\sechost.dll
0x00007ffd1f200000 - 0x00007ffd1f336000 	C:\Windows\system32\RPCRT4.dll
0x00007ffd1ec90000 - 0x00007ffd1edd5000 	C:\Windows\system32\GDI32.dll
0x00007ffd1cf20000 - 0x00007ffd1cf54000 	C:\Windows\system32\IMM32.DLL
0x00007ffd1cdd0000 - 0x00007ffd1cf09000 	C:\Windows\system32\MSCTF.dll
0x000000006afa0000 - 0x000000006b072000 	D:\jdk\jre\bin\msvcr100.dll
0x000000006b470000 - 0x000000006bc9a000 	D:\jdk\jre\bin\server\jvm.dll
0x00007ffd19ee0000 - 0x00007ffd19ee9000 	C:\Windows\SYSTEM32\WSOCK32.dll
0x00007ffd18480000 - 0x00007ffd1849f000 	C:\Windows\SYSTEM32\WINMM.dll
0x00007ffd1cd10000 - 0x00007ffd1cd17000 	C:\Windows\system32\PSAPI.DLL
0x00007ffd1ea90000 - 0x00007ffd1eae8000 	C:\Windows\system32\WS2_32.dll
0x00007ffd18320000 - 0x00007ffd1834a000 	C:\Windows\SYSTEM32\WINMMBASE.dll
0x00007ffd1cf10000 - 0x00007ffd1cf19000 	C:\Windows\system32\NSI.dll
0x00007ffd1c950000 - 0x00007ffd1c99a000 	C:\Windows\SYSTEM32\cfgmgr32.dll
0x00007ffd1b570000 - 0x00007ffd1b596000 	C:\Windows\SYSTEM32\DEVOBJ.dll
0x000000006bec0000 - 0x000000006becf000 	D:\jdk\jre\bin\verify.dll
0x000000006be90000 - 0x000000006beb8000 	D:\jdk\jre\bin\java.dll
0x000000006be70000 - 0x000000006be86000 	D:\jdk\jre\bin\zip.dll
0x00007ffd1d040000 - 0x00007ffd1e44d000 	C:\Windows\system32\SHELL32.dll
0x00007ffd1f020000 - 0x00007ffd1f1f7000 	C:\Windows\SYSTEM32\combase.dll
0x00007ffd1cf80000 - 0x00007ffd1cfd1000 	C:\Windows\system32\SHLWAPI.dll
0x00007ffd1ad50000 - 0x00007ffd1adf1000 	C:\Windows\SYSTEM32\SHCORE.dll
0x00007ffd1c6c0000 - 0x00007ffd1c6d4000 	C:\Windows\SYSTEM32\profapi.dll

VM Arguments:
jvm_args: -Djava.awt.headless=true -Xmx1024M -Dfile.encoding=GBK -Duser.country=CN -Duser.language=zh -Duser.variant 
java_command: com.android.dx.command.Main --dex --force-jumbo --num-threads=4 --output E:\Sports\app\build\intermediates\pre-dexed\debug\jackson-databind-2.7.0_f2e793bee2bbe42249aa70405c900d1025754e24.jar E:\Sports\app\libs\jackson-databind-2.7.0.jar
java_class_path (initial): D:\android\AppData\Local\Android\sdk\build-tools\24.0.0\lib\dx.jar
Launcher Type: SUN_STANDARD

Environment Variables:
JAVA_HOME=D:\jdk
PATH=C:\Windows\system32;C:\Windows;C:\Windows\System32\Wbem;C:\Windows\System32\WindowsPowerShell\v1.0\;D:\jdk\bin;D:\jdk\jre\bin;D:\android\AppData\Local\Android\sdk\tools;D:\android\AppData\Local\Android\sdk\platform-tools;C:\Program Files (x86)\NVIDIA Corporation\PhysX\Common
USERNAME=Administrator
OS=Windows_NT
PROCESSOR_IDENTIFIER=Intel64 Family 6 Model 60 Stepping 3, GenuineIntel



---------------  S Y S T E M  ---------------

OS: Windows 8.1 , 64 bit Build 9600 

CPU:total 4 (4 cores per cpu, 1 threads per core) family 6 model 60 stepping 3, cmov, cx8, fxsr, mmx, sse, sse2, sse3, ssse3, sse4.1, sse4.2, popcnt, avx, avx2, aes, clmul, erms, tsc, tscinvbit

Memory: 4k page, physical 8273724k(2000924k free), swap 8273724k(4792k free)

vm_info: Java HotSpot(TM) 64-Bit Server VM (25.5-b02) for windows-amd64 JRE (1.8.0_05-b13), built on Mar 18 2014 01:08:39 by "java_re" with MS VC++ 10.0 (VS2010)

time: Wed Aug 03 16:26:10 2016
elapsed time: 1 seconds

