#
# There is insufficient memory for the Java Runtime Environment to continue.
# Native memory allocation (malloc) failed to allocate 893536 bytes for Chunk::new
# Possible reasons:
#   The system is out of physical RAM or swap space
#   In 32 bit mode, the process size limit was hit
# Possible solutions:
#   Reduce memory load on the system
#   Increase physical memory or swap space
#   Check if swap backing store is full
#   Use 64 bit Java on a 64 bit OS
#   Decrease Java heap size (-Xmx/-Xms)
#   Decrease number of Java threads
#   Decrease Java thread stack sizes (-Xss)
#   Set larger code cache with -XX:ReservedCodeCacheSize=
# This output file may be truncated or incomplete.
#
#  Out of Memory Error (allocation.cpp:388), pid=13532, tid=13684
#
# JRE version: Java(TM) SE Runtime Environment (8.0_05-b13) (build 1.8.0_05-b13)
# Java VM: Java HotSpot(TM) 64-Bit Server VM (25.5-b02 mixed mode windows-amd64 compressed oops)
# Failed to write core dump. Minidumps are not enabled by default on client versions of Windows
#

---------------  T H R E A D  ---------------

Current thread (0x00000000150bc000):  JavaThread "C2 CompilerThread1" daemon [_thread_in_native, id=13684, stack(0x0000000016af0000,0x0000000016bf0000)]

Stack: [0x0000000016af0000,0x0000000016bf0000]
Native frames: (J=compiled Java code, j=interpreted, Vv=VM code, C=native code)
V  [jvm.dll+0x308dea]


Current CompileTask:
C2:    924 1281       4       com.android.dx.ssa.SCCP::simulateBranch (666 bytes)


---------------  P R O C E S S  ---------------

Java Threads: ( => current thread )
  0x000000001667f000 JavaThread "pool-1-thread-4" [_thread_blocked, id=13764, stack(0x0000000017af0000,0x0000000017bf0000)]
  0x0000000016673800 JavaThread "pool-1-thread-3" [_thread_blocked, id=13740, stack(0x00000000179f0000,0x0000000017af0000)]
  0x00000000166e3000 JavaThread "pool-1-thread-2" [_thread_blocked, id=13736, stack(0x00000000178f0000,0x00000000179f0000)]
  0x00000000166e1800 JavaThread "pool-2-thread-1" [_thread_blocked, id=13732, stack(0x00000000177f0000,0x00000000178f0000)]
  0x000000001674b800 JavaThread "pool-1-thread-1" [_thread_blocked, id=13728, stack(0x00000000176f0000,0x00000000177f0000)]
  0x0000000016467000 JavaThread "Service Thread" daemon [_thread_blocked, id=13692, stack(0x0000000016cf0000,0x0000000016df0000)]
  0x00000000150c2800 JavaThread "C1 CompilerThread2" daemon [_thread_blocked, id=13688, stack(0x0000000016bf0000,0x0000000016cf0000)]
=>0x00000000150bc000 JavaThread "C2 CompilerThread1" daemon [_thread_in_native, id=13684, stack(0x0000000016af0000,0x0000000016bf0000)]
  0x00000000150b0800 JavaThread "C2 CompilerThread0" daemon [_thread_in_native, id=13680, stack(0x00000000169f0000,0x0000000016af0000)]
  0x00000000150af000 JavaThread "Attach Listener" daemon [_thread_blocked, id=13676, stack(0x00000000168f0000,0x00000000169f0000)]
  0x0000000016433800 JavaThread "Signal Dispatcher" daemon [_thread_blocked, id=13672, stack(0x00000000167f0000,0x00000000168f0000)]
  0x00000000029c3800 JavaThread "Finalizer" daemon [_thread_blocked, id=13656, stack(0x00000000162f0000,0x00000000163f0000)]
  0x00000000029b9000 JavaThread "Reference Handler" daemon [_thread_blocked, id=13652, stack(0x00000000161f0000,0x00000000162f0000)]
  0x00000000028d0800 JavaThread "main" [_thread_in_Java, id=13604, stack(0x00000000027d0000,0x00000000028d0000)]

Other Threads:
  0x0000000015067000 VMThread [stack: 0x00000000160f0000,0x00000000161f0000] [id=13632]
  0x000000001646a000 WatcherThread [stack: 0x0000000016df0000,0x0000000016ef0000] [id=13696]

VM state:not at safepoint (normal execution)

VM Mutex/Monitor currently owned by a thread: None

Heap:
 PSYoungGen      total 14848K, used 2260K [0x00000000eab00000, 0x00000000ebd00000, 0x0000000100000000)
  eden space 11776K, 3% used [0x00000000eab00000,0x00000000eab75350,0x00000000eb680000)
  from space 3072K, 58% used [0x00000000eb680000,0x00000000eb840000,0x00000000eb980000)
  to   space 2560K, 0% used [0x00000000eb980000,0x00000000eb980000,0x00000000ebc00000)
 ParOldGen       total 129536K, used 5353K [0x00000000c0000000, 0x00000000c7e80000, 0x00000000eab00000)
  object space 129536K, 4% used [0x00000000c0000000,0x00000000c053a570,0x00000000c7e80000)
 Metaspace       used 5735K, capacity 6768K, committed 7040K, reserved 1056768K
  class space    used 576K, capacity 616K, committed 640K, reserved 1048576K

Card table byte_map: [0x0000000011d90000,0x0000000011fa0000] byte_map_base: 0x0000000011790000

Marking Bits: (ParMarkBitMap*) 0x000000006bc213b0
 Begin Bits: [0x0000000012500000, 0x0000000013500000)
 End Bits:   [0x0000000013500000, 0x0000000014500000)

Polling page: 0x0000000000b60000

CodeCache: size=245760Kb used=5216Kb max_used=5234Kb free=240543Kb
 bounds [0x00000000029d0000, 0x0000000002f00000, 0x00000000119d0000]
 total_blobs=1560 nmethods=1297 adapters=177
 compilation: enabled

Compilation events (10 events):
Event: 0.868 Thread 0x00000000150c2800 1303       3       com.android.dx.ssa.PhiInsn::getOpcode (2 bytes)
Event: 0.868 Thread 0x00000000150c2800 nmethod 1303 0x0000000002ee0b10 code [0x0000000002ee0c60, 0x0000000002ee0db0]
Event: 0.868 Thread 0x00000000150c2800 1302  s    3       com.android.dx.dex.file.MethodIdsSection::intern (55 bytes)
Event: 0.868 Thread 0x00000000150c2800 nmethod 1302 0x0000000002ee0e50 code [0x0000000002ee1060, 0x0000000002ee1ce8]
Event: 0.868 Thread 0x00000000150c2800 1304       3       com.android.dx.cf.code.ConcreteMethod::getMaxStack (8 bytes)
Event: 0.868 Thread 0x00000000150c2800 nmethod 1304 0x0000000002ee2350 code [0x0000000002ee24a0, 0x0000000002ee2690]
Event: 0.868 Thread 0x00000000150c2800 1299       3       com.android.dx.dex.file.Section::validateAlignment (23 bytes)
Event: 0.868 Thread 0x00000000150c2800 nmethod 1299 0x0000000002ee2750 code [0x0000000002ee28c0, 0x0000000002ee2b08]
Event: 0.870 Thread 0x00000000150b0800 nmethod 1153 0x0000000002ee2bd0 code [0x0000000002ee3120, 0x0000000002ee62d8]
Event: 0.870 Thread 0x00000000150b0800 1286       4       com.android.dx.ssa.back.LivenessAnalyzer::run (231 bytes)

GC Heap History (10 events):
Event: 0.310 GC heap before
{Heap before GC invocations=7 (full 0):
 PSYoungGen      total 5632K, used 5412K [0x00000000eab00000, 0x00000000eb200000, 0x0000000100000000)
  eden space 4096K, 100% used [0x00000000eab00000,0x00000000eaf00000,0x00000000eaf00000)
  from space 1536K, 85% used [0x00000000eb080000,0x00000000eb1c92a0,0x00000000eb200000)
  to   space 1536K, 0% used [0x00000000eaf00000,0x00000000eaf00000,0x00000000eb080000)
 ParOldGen       total 129536K, used 988K [0x00000000c0000000, 0x00000000c7e80000, 0x00000000eab00000)
  object space 129536K, 0% used [0x00000000c0000000,0x00000000c00f71d8,0x00000000c7e80000)
 Metaspace       used 5325K, capacity 6384K, committed 6528K, reserved 1056768K
  class space    used 573K, capacity 616K, committed 640K, reserved 1048576K
Event: 0.314 GC heap after
Heap after GC invocations=7 (full 0):
 PSYoungGen      total 5632K, used 1533K [0x00000000eab00000, 0x00000000eb700000, 0x0000000100000000)
  eden space 4096K, 0% used [0x00000000eab00000,0x00000000eab00000,0x00000000eaf00000)
  from space 1536K, 99% used [0x00000000eaf00000,0x00000000eb07f650,0x00000000eb080000)
  to   space 2048K, 0% used [0x00000000eb500000,0x00000000eb500000,0x00000000eb700000)
 ParOldGen       total 129536K, used 1734K [0x00000000c0000000, 0x00000000c7e80000, 0x00000000eab00000)
  object space 129536K, 1% used [0x00000000c0000000,0x00000000c01b1988,0x00000000c7e80000)
 Metaspace       used 5325K, capacity 6384K, committed 6528K, reserved 1056768K
  class space    used 573K, capacity 616K, committed 640K, reserved 1048576K
}
Event: 0.405 GC heap before
{Heap before GC invocations=8 (full 0):
 PSYoungGen      total 5632K, used 5629K [0x00000000eab00000, 0x00000000eb700000, 0x0000000100000000)
  eden space 4096K, 100% used [0x00000000eab00000,0x00000000eaf00000,0x00000000eaf00000)
  from space 1536K, 99% used [0x00000000eaf00000,0x00000000eb07f650,0x00000000eb080000)
  to   space 2048K, 0% used [0x00000000eb500000,0x00000000eb500000,0x00000000eb700000)
 ParOldGen       total 129536K, used 1734K [0x00000000c0000000, 0x00000000c7e80000, 0x00000000eab00000)
  object space 129536K, 1% used [0x00000000c0000000,0x00000000c01b1988,0x00000000c7e80000)
 Metaspace       used 5564K, capacity 6576K, committed 6784K, reserved 1056768K
  class space    used 575K, capacity 616K, committed 640K, reserved 1048576K
Event: 0.452 GC heap after
Heap after GC invocations=8 (full 0):
 PSYoungGen      total 9728K, used 1568K [0x00000000eab00000, 0x00000000eb800000, 0x0000000100000000)
  eden space 7680K, 0% used [0x00000000eab00000,0x00000000eab00000,0x00000000eb280000)
  from space 2048K, 76% used [0x00000000eb500000,0x00000000eb688018,0x00000000eb700000)
  to   space 2560K, 0% used [0x00000000eb280000,0x00000000eb280000,0x00000000eb500000)
 ParOldGen       total 129536K, used 1790K [0x00000000c0000000, 0x00000000c7e80000, 0x00000000eab00000)
  object space 129536K, 1% used [0x00000000c0000000,0x00000000c01bf988,0x00000000c7e80000)
 Metaspace       used 5564K, capacity 6576K, committed 6784K, reserved 1056768K
  class space    used 575K, capacity 616K, committed 640K, reserved 1048576K
}
Event: 0.508 GC heap before
{Heap before GC invocations=9 (full 0):
 PSYoungGen      total 9728K, used 9248K [0x00000000eab00000, 0x00000000eb800000, 0x0000000100000000)
  eden space 7680K, 100% used [0x00000000eab00000,0x00000000eb280000,0x00000000eb280000)
  from space 2048K, 76% used [0x00000000eb500000,0x00000000eb688018,0x00000000eb700000)
  to   space 2560K, 0% used [0x00000000eb280000,0x00000000eb280000,0x00000000eb500000)
 ParOldGen       total 129536K, used 1790K [0x00000000c0000000, 0x00000000c7e80000, 0x00000000eab00000)
  object space 129536K, 1% used [0x00000000c0000000,0x00000000c01bf988,0x00000000c7e80000)
 Metaspace       used 5618K, capacity 6640K, committed 6784K, reserved 1056768K
  class space    used 576K, capacity 616K, committed 640K, reserved 1048576K
Event: 0.512 GC heap after
Heap after GC invocations=9 (full 0):
 PSYoungGen      total 10240K, used 2352K [0x00000000eab00000, 0x00000000ebc00000, 0x0000000100000000)
  eden space 7680K, 0% used [0x00000000eab00000,0x00000000eab00000,0x00000000eb280000)
  from space 2560K, 91% used [0x00000000eb280000,0x00000000eb4cc028,0x00000000eb500000)
  to   space 2560K, 0% used [0x00000000eb980000,0x00000000eb980000,0x00000000ebc00000)
 ParOldGen       total 129536K, used 2224K [0x00000000c0000000, 0x00000000c7e80000, 0x00000000eab00000)
  object space 129536K, 1% used [0x00000000c0000000,0x00000000c022c348,0x00000000c7e80000)
 Metaspace       used 5618K, capacity 6640K, committed 6784K, reserved 1056768K
  class space    used 576K, capacity 616K, committed 640K, reserved 1048576K
}
Event: 0.761 GC heap before
{Heap before GC invocations=10 (full 0):
 PSYoungGen      total 10240K, used 10032K [0x00000000eab00000, 0x00000000ebc00000, 0x0000000100000000)
  eden space 7680K, 100% used [0x00000000eab00000,0x00000000eb280000,0x00000000eb280000)
  from space 2560K, 91% used [0x00000000eb280000,0x00000000eb4cc028,0x00000000eb500000)
  to   space 2560K, 0% used [0x00000000eb980000,0x00000000eb980000,0x00000000ebc00000)
 ParOldGen       total 129536K, used 2224K [0x00000000c0000000, 0x00000000c7e80000, 0x00000000eab00000)
  object space 129536K, 1% used [0x00000000c0000000,0x00000000c022c348,0x00000000c7e80000)
 Metaspace       used 5686K, capacity 6704K, committed 6784K, reserved 1056768K
  class space    used 576K, capacity 616K, committed 640K, reserved 1048576K
Event: 0.768 GC heap after
Heap after GC invocations=10 (full 0):
 PSYoungGen      total 14336K, used 2368K [0x00000000eab00000, 0x00000000ebd00000, 0x0000000100000000)
  eden space 11776K, 0% used [0x00000000eab00000,0x00000000eab00000,0x00000000eb680000)
  from space 2560K, 92% used [0x00000000eb980000,0x00000000ebbd0000,0x00000000ebc00000)
  to   space 3072K, 0% used [0x00000000eb680000,0x00000000eb680000,0x00000000eb980000)
 ParOldGen       total 129536K, used 3252K [0x00000000c0000000, 0x00000000c7e80000, 0x00000000eab00000)
  object space 129536K, 2% used [0x00000000c0000000,0x00000000c032d370,0x00000000c7e80000)
 Metaspace       used 5686K, capacity 6704K, committed 6784K, reserved 1056768K
  class space    used 576K, capacity 616K, committed 640K, reserved 1048576K
}
Event: 0.887 GC heap before
{Heap before GC invocations=11 (full 0):
 PSYoungGen      total 14336K, used 14144K [0x00000000eab00000, 0x00000000ebd00000, 0x0000000100000000)
  eden space 11776K, 100% used [0x00000000eab00000,0x00000000eb680000,0x00000000eb680000)
  from space 2560K, 92% used [0x00000000eb980000,0x00000000ebbd0000,0x00000000ebc00000)
  to   space 3072K, 0% used [0x00000000eb680000,0x00000000eb680000,0x00000000eb980000)
 ParOldGen       total 129536K, used 3252K [0x00000000c0000000, 0x00000000c7e80000, 0x00000000eab00000)
  object space 129536K, 2% used [0x00000000c0000000,0x00000000c032d370,0x00000000c7e80000)
 Metaspace       used 5735K, capacity 6768K, committed 7040K, reserved 1056768K
  class space    used 576K, capacity 616K, committed 640K, reserved 1048576K
Event: 0.896 GC heap after
Heap after GC invocations=11 (full 0):
 PSYoungGen      total 14848K, used 1792K [0x00000000eab00000, 0x00000000ebd00000, 0x0000000100000000)
  eden space 11776K, 0% used [0x00000000eab00000,0x00000000eab00000,0x00000000eb680000)
  from space 3072K, 58% used [0x00000000eb680000,0x00000000eb840000,0x00000000eb980000)
  to   space 2560K, 0% used [0x00000000eb980000,0x00000000eb980000,0x00000000ebc00000)
 ParOldGen       total 129536K, used 5353K [0x00000000c0000000, 0x00000000c7e80000, 0x00000000eab00000)
  object space 129536K, 4% used [0x00000000c0000000,0x00000000c053a570,0x00000000c7e80000)
 Metaspace       used 5735K, capacity 6768K, committed 7040K, reserved 1056768K
  class space    used 576K, capacity 616K, committed 640K, reserved 1048576K
}

Deoptimization events (10 events):
Event: 0.367 Thread 0x00000000028d0800 Uncommon trap: reason=bimorphic action=maybe_recompile pc=0x0000000002c7a79c method=com.android.dx.rop.code.RegisterSpec.hashCodeOf(ILcom/android/dx/rop/type/TypeBearer;Lcom/android/dx/rop/code/LocalItem;)I @ 18
Event: 0.460 Thread 0x000000001674b800 Uncommon trap: reason=bimorphic action=maybe_recompile pc=0x0000000002c986c4 method=com.android.dx.rop.code.RegisterSpec.hashCodeOf(ILcom/android/dx/rop/type/TypeBearer;Lcom/android/dx/rop/code/LocalItem;)I @ 18
Event: 0.460 Thread 0x00000000028d0800 Uncommon trap: reason=bimorphic action=maybe_recompile pc=0x0000000002c7a79c method=com.android.dx.rop.code.RegisterSpec.hashCodeOf(ILcom/android/dx/rop/type/TypeBearer;Lcom/android/dx/rop/code/LocalItem;)I @ 18
Event: 0.461 Thread 0x00000000028d0800 Uncommon trap: reason=class_check action=maybe_recompile pc=0x0000000002cb8894 method=java.util.Collections$UnmodifiableCollection$1.hasNext()Z @ 4
Event: 0.461 Thread 0x00000000028d0800 Uncommon trap: reason=class_check action=maybe_recompile pc=0x0000000002cb8894 method=java.util.Collections$UnmodifiableCollection$1.hasNext()Z @ 4
Event: 0.461 Thread 0x00000000028d0800 Uncommon trap: reason=class_check action=maybe_recompile pc=0x0000000002cb8894 method=java.util.Collections$UnmodifiableCollection$1.hasNext()Z @ 4
Event: 0.461 Thread 0x00000000028d0800 Uncommon trap: reason=class_check action=maybe_recompile pc=0x0000000002cb8894 method=java.util.Collections$UnmodifiableCollection$1.hasNext()Z @ 4
Event: 0.490 Thread 0x00000000028d0800 Uncommon trap: reason=null_check action=make_not_entrant pc=0x0000000002cfed74 method=com.android.dx.rop.type.Type.equals(Ljava/lang/Object;)Z @ 8
Event: 0.490 Thread 0x000000001667f000 Uncommon trap: reason=unreached action=reinterpret pc=0x0000000002c48964 method=java.util.HashMap.getNode(ILjava/lang/Object;)Ljava/util/HashMap$Node; @ 84
Event: 0.897 Thread 0x0000000016673800 Uncommon trap: reason=unreached action=reinterpret pc=0x0000000002ee5814 method=com.android.dx.ssa.SCCP.simulateStmt(Lcom/android/dx/ssa/SsaInsn;)V @ 418

Internal exceptions (10 events):
Event: 0.302 Thread 0x0000000016673800 Exception <a 'java/security/PrivilegedActionException'> (0x00000000eae90860) thrown at [D:\re\workspace\8-2-build-windows-amd64-cygwin\jdk8u5\2488\hotspot\src\share\vm\prims\jvm.cpp, line 1248]
Event: 0.303 Thread 0x00000000028d0800 Exception <a 'java/security/PrivilegedActionException'> (0x00000000eacfec18) thrown at [D:\re\workspace\8-2-build-windows-amd64-cygwin\jdk8u5\2488\hotspot\src\share\vm\prims\jvm.cpp, line 1248]
Event: 0.303 Thread 0x000000001674b800 Exception <a 'java/security/PrivilegedActionException'> (0x00000000eae63fd8) thrown at [D:\re\workspace\8-2-build-windows-amd64-cygwin\jdk8u5\2488\hotspot\src\share\vm\prims\jvm.cpp, line 1248]
Event: 0.309 Thread 0x00000000028d0800 Exception <a 'java/security/PrivilegedActionException'> (0x00000000eaee47d8) thrown at [D:\re\workspace\8-2-build-windows-amd64-cygwin\jdk8u5\2488\hotspot\src\share\vm\prims\jvm.cpp, line 1248]
Event: 0.310 Thread 0x00000000028d0800 Exception <a 'java/security/PrivilegedActionException'> (0x00000000eaeeb7f0) thrown at [D:\re\workspace\8-2-build-windows-amd64-cygwin\jdk8u5\2488\hotspot\src\share\vm\prims\jvm.cpp, line 1248]
Event: 0.349 Thread 0x00000000166e3000 Exception <a 'java/security/PrivilegedActionException'> (0x00000000ead8d2a8) thrown at [D:\re\workspace\8-2-build-windows-amd64-cygwin\jdk8u5\2488\hotspot\src\share\vm\prims\jvm.cpp, line 1248]
Event: 0.372 Thread 0x00000000166e3000 Exception <a 'java/security/PrivilegedActionException'> (0x00000000eae399d8) thrown at [D:\re\workspace\8-2-build-windows-amd64-cygwin\jdk8u5\2488\hotspot\src\share\vm\prims\jvm.cpp, line 1248]
Event: 0.490 Thread 0x00000000028d0800 Implicit null exception at 0x0000000002cfec62 to 0x0000000002cfed65
Event: 0.495 Thread 0x00000000028d0800 Exception <a 'java/security/PrivilegedActionException'> (0x00000000eb065eb8) thrown at [D:\re\workspace\8-2-build-windows-amd64-cygwin\jdk8u5\2488\hotspot\src\share\vm\prims\jvm.cpp, line 1248]
Event: 0.865 Thread 0x000000001674b800 Exception <a 'java/security/PrivilegedActionException'> (0x00000000eb108400) thrown at [D:\re\workspace\8-2-build-windows-amd64-cygwin\jdk8u5\2488\hotspot\src\share\vm\prims\jvm.cpp, line 1248]

Events (10 events):
Event: 0.797 Thread 0x0000000016673800 DEOPT UNPACKING pc=0x0000000002a17604 sp=0x0000000017aee8f0 mode 0
Event: 0.814 Thread 0x00000000028d0800 DEOPT PACKING pc=0x0000000002cbdf8f sp=0x00000000028ce550
Event: 0.814 Thread 0x00000000028d0800 DEOPT UNPACKING pc=0x0000000002a17604 sp=0x00000000028ce330 mode 0
Event: 0.865 loading class com/android/dx/dex/file/MethodAnnotationStruct
Event: 0.865 loading class com/android/dx/dex/file/MethodAnnotationStruct done
Event: 0.887 Executing VM operation: ParallelGCFailedAllocation
Event: 0.896 Executing VM operation: ParallelGCFailedAllocation done
Event: 0.897 Thread 0x0000000016673800 Uncommon trap: trap_request=0xffffffad fr.pc=0x0000000002ee5814
Event: 0.897 Thread 0x0000000016673800 DEOPT PACKING pc=0x0000000002ee5814 sp=0x0000000017aeeb40
Event: 0.897 Thread 0x0000000016673800 DEOPT UNPACKING pc=0x0000000002a155af sp=0x0000000017aeeb20 mode 2


Dynamic libraries:
0x00007ff7b1cb0000 - 0x00007ff7b1ce4000 	D:\jdk\bin\java.exe
0x00007ffd1f340000 - 0x00007ffd1f4e9000 	C:\Windows\SYSTEM32\ntdll.dll
0x00007ffd1cbd0000 - 0x00007ffd1cd09000 	C:\Windows\system32\KERNEL32.DLL
0x00007ffd1c840000 - 0x00007ffd1c94e000 	C:\Windows\system32\KERNELBASE.dll
0x00007ffd1e970000 - 0x00007ffd1ea15000 	C:\Windows\system32\ADVAPI32.dll
0x00007ffd1e6f0000 - 0x00007ffd1e861000 	C:\Windows\system32\USER32.dll
0x00007ffd1a700000 - 0x00007ffd1a95a000 	C:\Windows\WinSxS\amd64_microsoft.windows.common-controls_6595b64144ccf1df_6.0.9600.16384_none_62475f7becb72503\COMCTL32.dll
0x00007ffd1e450000 - 0x00007ffd1e4f7000 	C:\Windows\system32\msvcrt.dll
0x00007ffd1ea20000 - 0x00007ffd1ea77000 	C:\Windows\SYSTEM32\sechost.dll
0x00007ffd1f200000 - 0x00007ffd1f336000 	C:\Windows\system32\RPCRT4.dll
0x00007ffd1ec90000 - 0x00007ffd1edd5000 	C:\Windows\system32\GDI32.dll
0x00007ffd1cf20000 - 0x00007ffd1cf54000 	C:\Windows\system32\IMM32.DLL
0x00007ffd1cdd0000 - 0x00007ffd1cf09000 	C:\Windows\system32\MSCTF.dll
0x000000006afa0000 - 0x000000006b072000 	D:\jdk\jre\bin\msvcr100.dll
0x000000006b470000 - 0x000000006bc9a000 	D:\jdk\jre\bin\server\jvm.dll
0x00007ffd19ee0000 - 0x00007ffd19ee9000 	C:\Windows\SYSTEM32\WSOCK32.dll
0x00007ffd18480000 - 0x00007ffd1849f000 	C:\Windows\SYSTEM32\WINMM.dll
0x00007ffd1cd10000 - 0x00007ffd1cd17000 	C:\Windows\system32\PSAPI.DLL
0x00007ffd1ea90000 - 0x00007ffd1eae8000 	C:\Windows\system32\WS2_32.dll
0x00007ffd18320000 - 0x00007ffd1834a000 	C:\Windows\SYSTEM32\WINMMBASE.dll
0x00007ffd1cf10000 - 0x00007ffd1cf19000 	C:\Windows\system32\NSI.dll
0x00007ffd1c950000 - 0x00007ffd1c99a000 	C:\Windows\SYSTEM32\cfgmgr32.dll
0x00007ffd1b570000 - 0x00007ffd1b596000 	C:\Windows\SYSTEM32\DEVOBJ.dll
0x000000006bec0000 - 0x000000006becf000 	D:\jdk\jre\bin\verify.dll
0x000000006be90000 - 0x000000006beb8000 	D:\jdk\jre\bin\java.dll
0x000000006be70000 - 0x000000006be86000 	D:\jdk\jre\bin\zip.dll
0x00007ffd1d040000 - 0x00007ffd1e44d000 	C:\Windows\system32\SHELL32.dll
0x00007ffd1f020000 - 0x00007ffd1f1f7000 	C:\Windows\SYSTEM32\combase.dll
0x00007ffd1cf80000 - 0x00007ffd1cfd1000 	C:\Windows\system32\SHLWAPI.dll
0x00007ffd1ad50000 - 0x00007ffd1adf1000 	C:\Windows\SYSTEM32\SHCORE.dll
0x00007ffd1c6c0000 - 0x00007ffd1c6d4000 	C:\Windows\SYSTEM32\profapi.dll

VM Arguments:
jvm_args: -Djava.awt.headless=true -Xmx1024M -Dfile.encoding=GBK -Duser.country=CN -Duser.language=zh -Duser.variant 
java_command: com.android.dx.command.Main --dex --force-jumbo --num-threads=4 --output E:\Sports\app\build\intermediates\pre-dexed\debug\jpush-android-2.1.0_1d7ffda134d31503033077e14f5048c0f81442d1.jar E:\Sports\app\libs\jpush-android-2.1.0.jar
java_class_path (initial): D:\android\AppData\Local\Android\sdk\build-tools\24.0.0\lib\dx.jar
Launcher Type: SUN_STANDARD

Environment Variables:
JAVA_HOME=D:\jdk
PATH=C:\Windows\system32;C:\Windows;C:\Windows\System32\Wbem;C:\Windows\System32\WindowsPowerShell\v1.0\;D:\jdk\bin;D:\jdk\jre\bin;D:\android\AppData\Local\Android\sdk\tools;D:\android\AppData\Local\Android\sdk\platform-tools;C:\Program Files (x86)\NVIDIA Corporation\PhysX\Common
USERNAME=Administrator
OS=Windows_NT
PROCESSOR_IDENTIFIER=Intel64 Family 6 Model 60 Stepping 3, GenuineIntel



---------------  S Y S T E M  ---------------

OS: Windows 8.1 , 64 bit Build 9600 

CPU:total 4 (4 cores per cpu, 1 threads per core) family 6 model 60 stepping 3, cmov, cx8, fxsr, mmx, sse, sse2, sse3, ssse3, sse4.1, sse4.2, popcnt, avx, avx2, aes, clmul, erms, tsc, tscinvbit

Memory: 4k page, physical 8273724k(2002408k free), swap 8273724k(7784k free)

vm_info: Java HotSpot(TM) 64-Bit Server VM (25.5-b02) for windows-amd64 JRE (1.8.0_05-b13), built on Mar 18 2014 01:08:39 by "java_re" with MS VC++ 10.0 (VS2010)

time: Wed Aug 03 16:19:05 2016
elapsed time: 0 seconds

