#
# There is insufficient memory for the Java Runtime Environment to continue.
# Native memory allocation (malloc) failed to allocate 32744 bytes for ChunkPool::allocate
# Possible reasons:
#   The system is out of physical RAM or swap space
#   In 32 bit mode, the process size limit was hit
# Possible solutions:
#   Reduce memory load on the system
#   Increase physical memory or swap space
#   Check if swap backing store is full
#   Use 64 bit Java on a 64 bit OS
#   Decrease Java heap size (-Xmx/-Xms)
#   Decrease number of Java threads
#   Decrease Java thread stack sizes (-Xss)
#   Set larger code cache with -XX:ReservedCodeCacheSize=
# This output file may be truncated or incomplete.
#
#  Out of Memory Error (allocation.cpp:271), pid=12476, tid=8928
#
# JRE version: Java(TM) SE Runtime Environment (8.0_05-b13) (build 1.8.0_05-b13)
# Java VM: Java HotSpot(TM) 64-Bit Server VM (25.5-b02 mixed mode windows-amd64 compressed oops)
# Failed to write core dump. Minidumps are not enabled by default on client versions of Windows
#

---------------  T H R E A D  ---------------

Current thread (0x000000001542f000):  JavaThread "C2 CompilerThread0" daemon [_thread_in_native, id=8928, stack(0x0000000016d70000,0x0000000016e70000)]

Stack: [0x0000000016d70000,0x0000000016e70000]
Native frames: (J=compiled Java code, j=interpreted, Vv=VM code, C=native code)
V  [jvm.dll+0x308dea]


Current CompileTask:
C2:    505  792       4       java.util.BitSet::clear (70 bytes)


---------------  P R O C E S S  ---------------

Java Threads: ( => current thread )
  0x0000000016927000 JavaThread "pool-1-thread-4" [_thread_in_Java, id=14200, stack(0x0000000017670000,0x0000000017770000)]
  0x0000000016924800 JavaThread "pool-1-thread-3" [_thread_blocked, id=12712, stack(0x0000000017570000,0x0000000017670000)]
  0x0000000016923000 JavaThread "pool-1-thread-2" [_thread_in_Java, id=13620, stack(0x0000000017470000,0x0000000017570000)]
  0x0000000016922000 JavaThread "pool-2-thread-1" [_thread_blocked, id=13252, stack(0x0000000017370000,0x0000000017470000)]
  0x0000000016921800 JavaThread "pool-1-thread-1" [_thread_blocked, id=9448, stack(0x0000000017270000,0x0000000017370000)]
  0x00000000167c7000 JavaThread "Service Thread" daemon [_thread_blocked, id=8876, stack(0x0000000017070000,0x0000000017170000)]
  0x000000001547c800 JavaThread "C1 CompilerThread2" daemon [_thread_in_vm, id=4672, stack(0x0000000016f70000,0x0000000017070000)]
  0x0000000015432000 JavaThread "C2 CompilerThread1" daemon [_thread_in_native, id=13840, stack(0x0000000016e70000,0x0000000016f70000)]
=>0x000000001542f000 JavaThread "C2 CompilerThread0" daemon [_thread_in_native, id=8928, stack(0x0000000016d70000,0x0000000016e70000)]
  0x00000000167b3000 JavaThread "Attach Listener" daemon [_thread_blocked, id=13356, stack(0x0000000016c70000,0x0000000016d70000)]
  0x00000000167b2800 JavaThread "Signal Dispatcher" daemon [_thread_blocked, id=13792, stack(0x0000000016b70000,0x0000000016c70000)]
  0x0000000002d43800 JavaThread "Finalizer" daemon [_thread_blocked, id=14252, stack(0x0000000016670000,0x0000000016770000)]
  0x0000000002d39000 JavaThread "Reference Handler" daemon [_thread_blocked, id=14288, stack(0x0000000016570000,0x0000000016670000)]
  0x0000000002c50800 JavaThread "main" [_thread_blocked, id=13480, stack(0x0000000002b50000,0x0000000002c50000)]

Other Threads:
  0x00000000153e7000 VMThread [stack: 0x0000000016470000,0x0000000016570000] [id=12328]
  0x00000000167d4000 WatcherThread [stack: 0x0000000017170000,0x0000000017270000] [id=13160]

VM state:not at safepoint (normal execution)

VM Mutex/Monitor currently owned by a thread: None

Heap:
 PSYoungGen      total 5632K, used 4362K [0x00000000eab00000, 0x00000000eb200000, 0x0000000100000000)
  eden space 4096K, 69% used [0x00000000eab00000,0x00000000eadc6928,0x00000000eaf00000)
  from space 1536K, 98% used [0x00000000eaf00000,0x00000000eb07c028,0x00000000eb080000)
  to   space 1536K, 0% used [0x00000000eb080000,0x00000000eb080000,0x00000000eb200000)
 ParOldGen       total 129536K, used 1793K [0x00000000c0000000, 0x00000000c7e80000, 0x00000000eab00000)
  object space 129536K, 1% used [0x00000000c0000000,0x00000000c01c06a0,0x00000000c7e80000)
 Metaspace       used 5571K, capacity 6640K, committed 6784K, reserved 1056768K
  class space    used 590K, capacity 616K, committed 640K, reserved 1048576K

Card table byte_map: [0x0000000012110000,0x0000000012320000] byte_map_base: 0x0000000011b10000

Marking Bits: (ParMarkBitMap*) 0x000000006bc213b0
 Begin Bits: [0x0000000012880000, 0x0000000013880000)
 End Bits:   [0x0000000013880000, 0x0000000014880000)

Polling page: 0x0000000001030000

CodeCache: size=245760Kb used=2891Kb max_used=2891Kb free=242868Kb
 bounds [0x0000000002d50000, 0x0000000003030000, 0x0000000011d50000]
 total_blobs=1031 nmethods=765 adapters=180
 compilation: enabled

Compilation events (10 events):
Event: 0.500 Thread 0x000000001542f000  786       4       com.android.dx.rop.code.RegisterSpecList::get (9 bytes)
Event: 0.500 Thread 0x000000001542f000 nmethod 786 0x0000000003008210 code [0x0000000003008360, 0x0000000003008438]
Event: 0.500 Thread 0x0000000015432000  788  s    4       java.util.Vector::elementAt (48 bytes)
Event: 0.500 Thread 0x000000001542f000  789  s    4       java.util.Stack::pop (19 bytes)
Event: 0.501 Thread 0x0000000015432000 nmethod 788 0x0000000003007d10 code [0x0000000003007e60, 0x00000000030080f8]
Event: 0.501 Thread 0x0000000015432000  790   !   4       com.android.dx.rop.code.RegisterSpec::intern (70 bytes)
Event: 0.502 Thread 0x000000001542f000 nmethod 789 0x0000000003007610 code [0x0000000003007760, 0x0000000003007a78]
Event: 0.502 Thread 0x000000001542f000  791       4       com.android.dx.ssa.NormalSsaInsn::isNormalMoveInsn (20 bytes)
Event: 0.503 Thread 0x000000001542f000 nmethod 791 0x0000000003007390 code [0x00000000030074c0, 0x0000000003007558]
Event: 0.503 Thread 0x000000001542f000  792       4       java.util.BitSet::clear (70 bytes)

GC Heap History (10 events):
Event: 0.129 GC heap before
{Heap before GC invocations=3 (full 0):
 PSYoungGen      total 1536K, used 1533K [0x00000000eab00000, 0x00000000ead00000, 0x0000000100000000)
  eden space 1024K, 100% used [0x00000000eab00000,0x00000000eac00000,0x00000000eac00000)
  from space 512K, 99% used [0x00000000eac80000,0x00000000eacff600,0x00000000ead00000)
  to   space 512K, 0% used [0x00000000eac00000,0x00000000eac00000,0x00000000eac80000)
 ParOldGen       total 129536K, used 320K [0x00000000c0000000, 0x00000000c7e80000, 0x00000000eab00000)
  object space 129536K, 0% used [0x00000000c0000000,0x00000000c0050000,0x00000000c7e80000)
 Metaspace       used 3440K, capacity 4720K, committed 4864K, reserved 1056768K
  class space    used 376K, capacity 424K, committed 512K, reserved 1048576K
Event: 0.130 GC heap after
Heap after GC invocations=3 (full 0):
 PSYoungGen      total 1536K, used 488K [0x00000000eab00000, 0x00000000eae00000, 0x0000000100000000)
  eden space 1024K, 0% used [0x00000000eab00000,0x00000000eab00000,0x00000000eac00000)
  from space 512K, 95% used [0x00000000eac00000,0x00000000eac7a020,0x00000000eac80000)
  to   space 512K, 0% used [0x00000000ead80000,0x00000000ead80000,0x00000000eae00000)
 ParOldGen       total 129536K, used 580K [0x00000000c0000000, 0x00000000c7e80000, 0x00000000eab00000)
  object space 129536K, 0% used [0x00000000c0000000,0x00000000c00910d8,0x00000000c7e80000)
 Metaspace       used 3440K, capacity 4720K, committed 4864K, reserved 1056768K
  class space    used 376K, capacity 424K, committed 512K, reserved 1048576K
}
Event: 0.150 GC heap before
{Heap before GC invocations=4 (full 0):
 PSYoungGen      total 1536K, used 1512K [0x00000000eab00000, 0x00000000eae00000, 0x0000000100000000)
  eden space 1024K, 100% used [0x00000000eab00000,0x00000000eac00000,0x00000000eac00000)
  from space 512K, 95% used [0x00000000eac00000,0x00000000eac7a020,0x00000000eac80000)
  to   space 512K, 0% used [0x00000000ead80000,0x00000000ead80000,0x00000000eae00000)
 ParOldGen       total 129536K, used 580K [0x00000000c0000000, 0x00000000c7e80000, 0x00000000eab00000)
  object space 129536K, 0% used [0x00000000c0000000,0x00000000c00910d8,0x00000000c7e80000)
 Metaspace       used 3636K, capacity 4880K, committed 5120K, reserved 1056768K
  class space    used 402K, capacity 456K, committed 512K, reserved 1048576K
Event: 0.151 GC heap after
Heap after GC invocations=4 (full 0):
 PSYoungGen      total 2560K, used 504K [0x00000000eab00000, 0x00000000eae00000, 0x0000000100000000)
  eden space 2048K, 0% used [0x00000000eab00000,0x00000000eab00000,0x00000000ead00000)
  from space 512K, 98% used [0x00000000ead80000,0x00000000eadfe030,0x00000000eae00000)
  to   space 512K, 0% used [0x00000000ead00000,0x00000000ead00000,0x00000000ead80000)
 ParOldGen       total 129536K, used 770K [0x00000000c0000000, 0x00000000c7e80000, 0x00000000eab00000)
  object space 129536K, 0% used [0x00000000c0000000,0x00000000c00c0a38,0x00000000c7e80000)
 Metaspace       used 3636K, capacity 4880K, committed 5120K, reserved 1056768K
  class space    used 402K, capacity 456K, committed 512K, reserved 1048576K
}
Event: 0.218 GC heap before
{Heap before GC invocations=5 (full 0):
 PSYoungGen      total 2560K, used 2552K [0x00000000eab00000, 0x00000000eae00000, 0x0000000100000000)
  eden space 2048K, 100% used [0x00000000eab00000,0x00000000ead00000,0x00000000ead00000)
  from space 512K, 98% used [0x00000000ead80000,0x00000000eadfe030,0x00000000eae00000)
  to   space 512K, 0% used [0x00000000ead00000,0x00000000ead00000,0x00000000ead80000)
 ParOldGen       total 129536K, used 770K [0x00000000c0000000, 0x00000000c7e80000, 0x00000000eab00000)
  object space 129536K, 0% used [0x00000000c0000000,0x00000000c00c0a38,0x00000000c7e80000)
 Metaspace       used 4227K, capacity 5392K, committed 5760K, reserved 1056768K
  class space    used 473K, capacity 520K, committed 640K, reserved 1048576K
Event: 0.224 GC heap after
Heap after GC invocations=5 (full 0):
 PSYoungGen      total 2560K, used 488K [0x00000000eab00000, 0x00000000eb200000, 0x0000000100000000)
  eden space 2048K, 0% used [0x00000000eab00000,0x00000000eab00000,0x00000000ead00000)
  from space 512K, 95% used [0x00000000ead00000,0x00000000ead7a020,0x00000000ead80000)
  to   space 1536K, 0% used [0x00000000eb080000,0x00000000eb080000,0x00000000eb200000)
 ParOldGen       total 129536K, used 1404K [0x00000000c0000000, 0x00000000c7e80000, 0x00000000eab00000)
  object space 129536K, 1% used [0x00000000c0000000,0x00000000c015f240,0x00000000c7e80000)
 Metaspace       used 4227K, capacity 5392K, committed 5760K, reserved 1056768K
  class space    used 473K, capacity 520K, committed 640K, reserved 1048576K
}
Event: 0.273 GC heap before
{Heap before GC invocations=6 (full 0):
 PSYoungGen      total 2560K, used 2534K [0x00000000eab00000, 0x00000000eb200000, 0x0000000100000000)
  eden space 2048K, 99% used [0x00000000eab00000,0x00000000eacff948,0x00000000ead00000)
  from space 512K, 95% used [0x00000000ead00000,0x00000000ead7a020,0x00000000ead80000)
  to   space 1536K, 0% used [0x00000000eb080000,0x00000000eb080000,0x00000000eb200000)
 ParOldGen       total 129536K, used 1404K [0x00000000c0000000, 0x00000000c7e80000, 0x00000000eab00000)
  object space 129536K, 1% used [0x00000000c0000000,0x00000000c015f240,0x00000000c7e80000)
 Metaspace       used 4827K, capacity 5936K, committed 6272K, reserved 1056768K
  class space    used 537K, capacity 552K, committed 640K, reserved 1048576K
Event: 0.278 GC heap after
Heap after GC invocations=6 (full 0):
 PSYoungGen      total 5632K, used 1173K [0x00000000eab00000, 0x00000000eb200000, 0x0000000100000000)
  eden space 4096K, 0% used [0x00000000eab00000,0x00000000eab00000,0x00000000eaf00000)
  from space 1536K, 76% used [0x00000000eb080000,0x00000000eb1a5668,0x00000000eb200000)
  to   space 1536K, 0% used [0x00000000eaf00000,0x00000000eaf00000,0x00000000eb080000)
 ParOldGen       total 129536K, used 1404K [0x00000000c0000000, 0x00000000c7e80000, 0x00000000eab00000)
  object space 129536K, 1% used [0x00000000c0000000,0x00000000c015f240,0x00000000c7e80000)
 Metaspace       used 4827K, capacity 5936K, committed 6272K, reserved 1056768K
  class space    used 537K, capacity 552K, committed 640K, reserved 1048576K
}
Event: 0.407 GC heap before
{Heap before GC invocations=7 (full 0):
 PSYoungGen      total 5632K, used 5269K [0x00000000eab00000, 0x00000000eb200000, 0x0000000100000000)
  eden space 4096K, 100% used [0x00000000eab00000,0x00000000eaf00000,0x00000000eaf00000)
  from space 1536K, 76% used [0x00000000eb080000,0x00000000eb1a5668,0x00000000eb200000)
  to   space 1536K, 0% used [0x00000000eaf00000,0x00000000eaf00000,0x00000000eb080000)
 ParOldGen       total 129536K, used 1404K [0x00000000c0000000, 0x00000000c7e80000, 0x00000000eab00000)
  object space 129536K, 1% used [0x00000000c0000000,0x00000000c015f240,0x00000000c7e80000)
 Metaspace       used 5459K, capacity 6512K, committed 6784K, reserved 1056768K
  class space    used 590K, capacity 616K, committed 640K, reserved 1048576K
Event: 0.467 GC heap after
Heap after GC invocations=7 (full 0):
 PSYoungGen      total 5632K, used 1520K [0x00000000eab00000, 0x00000000eb200000, 0x0000000100000000)
  eden space 4096K, 0% used [0x00000000eab00000,0x00000000eab00000,0x00000000eaf00000)
  from space 1536K, 98% used [0x00000000eaf00000,0x00000000eb07c028,0x00000000eb080000)
  to   space 1536K, 0% used [0x00000000eb080000,0x00000000eb080000,0x00000000eb200000)
 ParOldGen       total 129536K, used 1793K [0x00000000c0000000, 0x00000000c7e80000, 0x00000000eab00000)
  object space 129536K, 1% used [0x00000000c0000000,0x00000000c01c06a0,0x00000000c7e80000)
 Metaspace       used 5459K, capacity 6512K, committed 6784K, reserved 1056768K
  class space    used 590K, capacity 616K, committed 640K, reserved 1048576K
}

Deoptimization events (0 events):
No events

Internal exceptions (10 events):
Event: 0.378 Thread 0x0000000002c50800 Exception <a 'java/security/PrivilegedActionException'> (0x00000000eacc3c30) thrown at [D:\re\workspace\8-2-build-windows-amd64-cygwin\jdk8u5\2488\hotspot\src\share\vm\prims\jvm.cpp, line 1248]
Event: 0.380 Thread 0x0000000002c50800 Exception <a 'java/security/PrivilegedActionException'> (0x00000000eacd0858) thrown at [D:\re\workspace\8-2-build-windows-amd64-cygwin\jdk8u5\2488\hotspot\src\share\vm\prims\jvm.cpp, line 1248]
Event: 0.380 Thread 0x0000000002c50800 Exception <a 'java/security/PrivilegedActionException'> (0x00000000eacd6d88) thrown at [D:\re\workspace\8-2-build-windows-amd64-cygwin\jdk8u5\2488\hotspot\src\share\vm\prims\jvm.cpp, line 1248]
Event: 0.381 Thread 0x0000000016923000 Exception <a 'java/security/PrivilegedActionException'> (0x00000000eab524f0) thrown at [D:\re\workspace\8-2-build-windows-amd64-cygwin\jdk8u5\2488\hotspot\src\share\vm\prims\jvm.cpp, line 1248]
Event: 0.381 Thread 0x0000000002c50800 Exception <a 'java/security/PrivilegedActionException'> (0x00000000eacdbf98) thrown at [D:\re\workspace\8-2-build-windows-amd64-cygwin\jdk8u5\2488\hotspot\src\share\vm\prims\jvm.cpp, line 1248]
Event: 0.384 Thread 0x0000000016923000 Exception <a 'java/security/PrivilegedActionException'> (0x00000000ead16d40) thrown at [D:\re\workspace\8-2-build-windows-amd64-cygwin\jdk8u5\2488\hotspot\src\share\vm\prims\jvm.cpp, line 1248]
Event: 0.387 Thread 0x0000000016923000 Exception <a 'java/security/PrivilegedActionException'> (0x00000000ead50628) thrown at [D:\re\workspace\8-2-build-windows-amd64-cygwin\jdk8u5\2488\hotspot\src\share\vm\prims\jvm.cpp, line 1248]
Event: 0.390 Thread 0x0000000002c50800 Exception <a 'java/security/PrivilegedActionException'> (0x00000000ead73668) thrown at [D:\re\workspace\8-2-build-windows-amd64-cygwin\jdk8u5\2488\hotspot\src\share\vm\prims\jvm.cpp, line 1248]
Event: 0.396 Thread 0x0000000002c50800 Exception <a 'java/security/PrivilegedActionException'> (0x00000000eae2a068) thrown at [D:\re\workspace\8-2-build-windows-amd64-cygwin\jdk8u5\2488\hotspot\src\share\vm\prims\jvm.cpp, line 1248]
Event: 0.398 Thread 0x0000000002c50800 Exception <a 'java/security/PrivilegedActionException'> (0x00000000eae471e8) thrown at [D:\re\workspace\8-2-build-windows-amd64-cygwin\jdk8u5\2488\hotspot\src\share\vm\prims\jvm.cpp, line 1248]

Events (10 events):
Event: 0.397 loading class com/android/dx/cf/attrib/AttLocalVariableTypeTable
Event: 0.397 loading class com/android/dx/cf/attrib/AttLocalVariableTypeTable done
Event: 0.401 loading class java/util/TreeMap$EntrySet
Event: 0.401 loading class java/util/TreeMap$EntrySet done
Event: 0.402 loading class java/util/TreeMap$EntryIterator
Event: 0.402 loading class java/util/TreeMap$EntryIterator done
Event: 0.406 Executing VM operation: ParallelGCFailedAllocation
Event: 0.467 Executing VM operation: ParallelGCFailedAllocation done
Event: 0.477 loading class java/util/ArrayList$1
Event: 0.477 loading class java/util/ArrayList$1 done


Dynamic libraries:
0x00007ff7b1cb0000 - 0x00007ff7b1ce4000 	D:\jdk\bin\java.exe
0x00007ffd1f340000 - 0x00007ffd1f4e9000 	C:\Windows\SYSTEM32\ntdll.dll
0x00007ffd1cbd0000 - 0x00007ffd1cd09000 	C:\Windows\system32\KERNEL32.DLL
0x00007ffd1c840000 - 0x00007ffd1c94e000 	C:\Windows\system32\KERNELBASE.dll
0x00007ffd1e970000 - 0x00007ffd1ea15000 	C:\Windows\system32\ADVAPI32.dll
0x00007ffd1e6f0000 - 0x00007ffd1e861000 	C:\Windows\system32\USER32.dll
0x00007ffd1a700000 - 0x00007ffd1a95a000 	C:\Windows\WinSxS\amd64_microsoft.windows.common-controls_6595b64144ccf1df_6.0.9600.16384_none_62475f7becb72503\COMCTL32.dll
0x00007ffd1e450000 - 0x00007ffd1e4f7000 	C:\Windows\system32\msvcrt.dll
0x00007ffd1ea20000 - 0x00007ffd1ea77000 	C:\Windows\SYSTEM32\sechost.dll
0x00007ffd1f200000 - 0x00007ffd1f336000 	C:\Windows\system32\RPCRT4.dll
0x00007ffd1ec90000 - 0x00007ffd1edd5000 	C:\Windows\system32\GDI32.dll
0x00007ffd1cf20000 - 0x00007ffd1cf54000 	C:\Windows\system32\IMM32.DLL
0x00007ffd1cdd0000 - 0x00007ffd1cf09000 	C:\Windows\system32\MSCTF.dll
0x000000006afa0000 - 0x000000006b072000 	D:\jdk\jre\bin\msvcr100.dll
0x000000006b470000 - 0x000000006bc9a000 	D:\jdk\jre\bin\server\jvm.dll
0x00007ffd19ee0000 - 0x00007ffd19ee9000 	C:\Windows\SYSTEM32\WSOCK32.dll
0x00007ffd18480000 - 0x00007ffd1849f000 	C:\Windows\SYSTEM32\WINMM.dll
0x00007ffd1cd10000 - 0x00007ffd1cd17000 	C:\Windows\system32\PSAPI.DLL
0x00007ffd1ea90000 - 0x00007ffd1eae8000 	C:\Windows\system32\WS2_32.dll
0x00007ffd18320000 - 0x00007ffd1834a000 	C:\Windows\SYSTEM32\WINMMBASE.dll
0x00007ffd1cf10000 - 0x00007ffd1cf19000 	C:\Windows\system32\NSI.dll
0x00007ffd1c950000 - 0x00007ffd1c99a000 	C:\Windows\SYSTEM32\cfgmgr32.dll
0x00007ffd1b570000 - 0x00007ffd1b596000 	C:\Windows\SYSTEM32\DEVOBJ.dll
0x000000006bec0000 - 0x000000006becf000 	D:\jdk\jre\bin\verify.dll
0x000000006be90000 - 0x000000006beb8000 	D:\jdk\jre\bin\java.dll
0x000000006be70000 - 0x000000006be86000 	D:\jdk\jre\bin\zip.dll
0x00007ffd1d040000 - 0x00007ffd1e44d000 	C:\Windows\system32\SHELL32.dll
0x00007ffd1f020000 - 0x00007ffd1f1f7000 	C:\Windows\SYSTEM32\combase.dll
0x00007ffd1cf80000 - 0x00007ffd1cfd1000 	C:\Windows\system32\SHLWAPI.dll
0x00007ffd1ad50000 - 0x00007ffd1adf1000 	C:\Windows\SYSTEM32\SHCORE.dll
0x00007ffd1c6c0000 - 0x00007ffd1c6d4000 	C:\Windows\SYSTEM32\profapi.dll

VM Arguments:
jvm_args: -Djava.awt.headless=true -Xmx1024M -Dfile.encoding=GBK -Duser.country=CN -Duser.language=zh -Duser.variant 
java_command: com.android.dx.command.Main --dex --num-threads=4 --output E:\Sports\app\build\intermediates\pre-dexed\debug\jackson-annotations-2.7.0_8a352a85c1bed47da6f7ffaccae99a24cfd15e08.jar E:\Sports\app\libs\jackson-annotations-2.7.0.jar
java_class_path (initial): D:\android\AppData\Local\Android\sdk\build-tools\24.0.0\lib\dx.jar
Launcher Type: SUN_STANDARD

Environment Variables:
JAVA_HOME=D:\jdk
PATH=C:\Windows\system32;C:\Windows;C:\Windows\System32\Wbem;C:\Windows\System32\WindowsPowerShell\v1.0\;D:\jdk\bin;D:\jdk\jre\bin;D:\android\AppData\Local\Android\sdk\tools;D:\android\AppData\Local\Android\sdk\platform-tools;C:\Program Files (x86)\NVIDIA Corporation\PhysX\Common
USERNAME=Administrator
OS=Windows_NT
PROCESSOR_IDENTIFIER=Intel64 Family 6 Model 60 Stepping 3, GenuineIntel



---------------  S Y S T E M  ---------------

OS: Windows 8.1 , 64 bit Build 9600 

CPU:total 4 (4 cores per cpu, 1 threads per core) family 6 model 60 stepping 3, cmov, cx8, fxsr, mmx, sse, sse2, sse3, ssse3, sse4.1, sse4.2, popcnt, avx, avx2, aes, clmul, erms, tsc, tscinvbit

Memory: 4k page, physical 8273724k(2014636k free), swap 8273724k(5076k free)

vm_info: Java HotSpot(TM) 64-Bit Server VM (25.5-b02) for windows-amd64 JRE (1.8.0_05-b13), built on Mar 18 2014 01:08:39 by "java_re" with MS VC++ 10.0 (VS2010)

time: Wed Aug 03 16:29:32 2016
elapsed time: 0 seconds

