#
# There is insufficient memory for the Java Runtime Environment to continue.
# Native memory allocation (malloc) failed to allocate 32744 bytes for ChunkPool::allocate
# Possible reasons:
#   The system is out of physical RAM or swap space
#   In 32 bit mode, the process size limit was hit
# Possible solutions:
#   Reduce memory load on the system
#   Increase physical memory or swap space
#   Check if swap backing store is full
#   Use 64 bit Java on a 64 bit OS
#   Decrease Java heap size (-Xmx/-Xms)
#   Decrease number of Java threads
#   Decrease Java thread stack sizes (-Xss)
#   Set larger code cache with -XX:ReservedCodeCacheSize=
# This output file may be truncated or incomplete.
#
#  Out of Memory Error (allocation.cpp:271), pid=10456, tid=12148
#
# JRE version: Java(TM) SE Runtime Environment (8.0_05-b13) (build 1.8.0_05-b13)
# Java VM: Java HotSpot(TM) 64-Bit Server VM (25.5-b02 mixed mode windows-amd64 compressed oops)
# Failed to write core dump. Minidumps are not enabled by default on client versions of Windows
#

---------------  T H R E A D  ---------------

Current thread (0x0000000014fbc800):  JavaThread "C2 CompilerThread1" daemon [_thread_in_native, id=12148, stack(0x00000000169f0000,0x0000000016af0000)]

Stack: [0x00000000169f0000,0x0000000016af0000]
Native frames: (J=compiled Java code, j=interpreted, Vv=VM code, C=native code)
V  [jvm.dll+0x308dea]


Current CompileTask:
C2:    340  589       4       com.android.dx.ssa.NormalSsaInsn::accept (25 bytes)


---------------  P R O C E S S  ---------------

Java Threads: ( => current thread )
  0x0000000016524800 JavaThread "pool-1-thread-4" [_thread_in_Java, id=14032, stack(0x00000000171f0000,0x00000000172f0000)]
  0x0000000016502000 JavaThread "pool-1-thread-3" [_thread_in_Java, id=13748, stack(0x00000000170f0000,0x00000000171f0000)]
  0x0000000016479000 JavaThread "pool-1-thread-2" [_thread_blocked, id=6680, stack(0x0000000016ff0000,0x00000000170f0000)]
  0x0000000016478800 JavaThread "pool-2-thread-1" [_thread_blocked, id=13752, stack(0x0000000016ef0000,0x0000000016ff0000)]
  0x0000000016475800 JavaThread "pool-1-thread-1" [_thread_in_Java, id=8740, stack(0x0000000016df0000,0x0000000016ef0000)]
  0x0000000016362000 JavaThread "Service Thread" daemon [_thread_blocked, id=14016, stack(0x0000000016bf0000,0x0000000016cf0000)]
  0x000000001634d000 JavaThread "C1 CompilerThread2" daemon [_thread_in_native, id=13588, stack(0x0000000016af0000,0x0000000016bf0000)]
=>0x0000000014fbc800 JavaThread "C2 CompilerThread1" daemon [_thread_in_native, id=12148, stack(0x00000000169f0000,0x0000000016af0000)]
  0x0000000014fb0800 JavaThread "C2 CompilerThread0" daemon [_thread_in_native, id=13324, stack(0x00000000168f0000,0x00000000169f0000)]
  0x0000000014faf800 JavaThread "Attach Listener" daemon [_thread_blocked, id=13852, stack(0x00000000167f0000,0x00000000168f0000)]
  0x0000000016333800 JavaThread "Signal Dispatcher" daemon [_thread_blocked, id=13584, stack(0x00000000166f0000,0x00000000167f0000)]
  0x00000000028c4000 JavaThread "Finalizer" daemon [_thread_blocked, id=13904, stack(0x00000000161f0000,0x00000000162f0000)]
  0x00000000028b9000 JavaThread "Reference Handler" daemon [_thread_blocked, id=12856, stack(0x00000000160f0000,0x00000000161f0000)]
  0x00000000027d0800 JavaThread "main" [_thread_blocked, id=2604, stack(0x00000000026d0000,0x00000000027d0000)]

Other Threads:
  0x0000000014f67000 VMThread [stack: 0x0000000015ff0000,0x00000000160f0000] [id=11436]
  0x0000000016367000 WatcherThread [stack: 0x0000000016cf0000,0x0000000016df0000] [id=13952]

VM state:at safepoint (normal execution)

VM Mutex/Monitor currently owned by a thread:  ([mutex/lock_event])
[0x00000000023cc5a0] Threads_lock - owner thread: 0x0000000014f67000
[0x00000000023cbea0] Heap_lock - owner thread: 0x0000000016475800
[0x00000000023cdf30] MethodData_lock - owner thread: 0x0000000016475800

Heap:
 PSYoungGen      total 2560K, used 2253K [0x00000000eab00000, 0x00000000eae00000, 0x0000000100000000)
  eden space 2048K, 85% used [0x00000000eab00000,0x00000000eacb7270,0x00000000ead00000)
  from space 512K, 97% used [0x00000000ead00000,0x00000000ead7c470,0x00000000ead80000)
  to   space 512K, 0% used [0x00000000ead80000,0x00000000ead80000,0x00000000eae00000)
 ParOldGen       total 129536K, used 3005K [0x00000000c0000000, 0x00000000c7e80000, 0x00000000eab00000)
  object space 129536K, 2% used [0x00000000c0000000,0x00000000c02ef590,0x00000000c7e80000)
 Metaspace       used 5387K, capacity 6448K, committed 6528K, reserved 1060864K
  class space    used 584K, capacity 616K, committed 640K, reserved 1048576K

Card table byte_map: [0x0000000011c90000,0x0000000011ea0000] byte_map_base: 0x0000000011690000

Marking Bits: (ParMarkBitMap*) 0x000000006bc213b0
 Begin Bits: [0x0000000012400000, 0x0000000013400000)
 End Bits:   [0x0000000013400000, 0x0000000014400000)

Polling page: 0x00000000022e0000

CodeCache: size=245760Kb used=2102Kb max_used=2113Kb free=243657Kb
 bounds [0x00000000028d0000, 0x0000000002b40000, 0x00000000118d0000]
 total_blobs=832 nmethods=566 adapters=180
 compilation: enabled

Compilation events (10 events):
Event: 0.335 Thread 0x000000001634d000  573   !   3       com.android.dx.cf.code.BytecodeArray::parseInstruction (2764 bytes)
Event: 0.336 Thread 0x0000000014fbc800 nmethod 577 0x0000000002adca10 code [0x0000000002adcb60, 0x0000000002adcdb8]
Event: 0.336 Thread 0x0000000014fbc800  579       4       com.android.dx.rop.code.InsnList::get (9 bytes)
Event: 0.336 Thread 0x0000000014fbc800 nmethod 579 0x0000000002ae0c90 code [0x0000000002ae0de0, 0x0000000002ae0ed8]
Event: 0.336 Thread 0x0000000014fb0800 nmethod 578 0x0000000002adf150 code [0x0000000002adf2a0, 0x0000000002adf5d8]
Event: 0.337 Thread 0x0000000014fbc800  586       4       java.util.BitSet::set (58 bytes)
Event: 0.338 Thread 0x0000000014fb0800  587       4       java.util.BitSet::get (69 bytes)
Event: 0.338 Thread 0x0000000014fbc800 nmethod 586 0x0000000002aded10 code [0x0000000002adee60, 0x0000000002adefe8]
Event: 0.338 Thread 0x0000000014fb0800 nmethod 587 0x0000000002adc6d0 code [0x0000000002adc800, 0x0000000002adc8d8]
Event: 0.339 Thread 0x0000000014fbc800  589       4       com.android.dx.ssa.NormalSsaInsn::accept (25 bytes)

GC Heap History (10 events):
Event: 0.131 GC heap before
{Heap before GC invocations=3 (full 0):
 PSYoungGen      total 1536K, used 1533K [0x00000000eab00000, 0x00000000ead00000, 0x0000000100000000)
  eden space 1024K, 100% used [0x00000000eab00000,0x00000000eac00000,0x00000000eac00000)
  from space 512K, 99% used [0x00000000eac80000,0x00000000eacff600,0x00000000ead00000)
  to   space 512K, 0% used [0x00000000eac00000,0x00000000eac00000,0x00000000eac80000)
 ParOldGen       total 129536K, used 312K [0x00000000c0000000, 0x00000000c7e80000, 0x00000000eab00000)
  object space 129536K, 0% used [0x00000000c0000000,0x00000000c004e000,0x00000000c7e80000)
 Metaspace       used 3438K, capacity 4720K, committed 4864K, reserved 1056768K
  class space    used 376K, capacity 424K, committed 512K, reserved 1048576K
Event: 0.132 GC heap after
Heap after GC invocations=3 (full 0):
 PSYoungGen      total 1536K, used 504K [0x00000000eab00000, 0x00000000eae00000, 0x0000000100000000)
  eden space 1024K, 0% used [0x00000000eab00000,0x00000000eab00000,0x00000000eac00000)
  from space 512K, 98% used [0x00000000eac00000,0x00000000eac7e010,0x00000000eac80000)
  to   space 512K, 0% used [0x00000000ead80000,0x00000000ead80000,0x00000000eae00000)
 ParOldGen       total 129536K, used 551K [0x00000000c0000000, 0x00000000c7e80000, 0x00000000eab00000)
  object space 129536K, 0% used [0x00000000c0000000,0x00000000c0089d60,0x00000000c7e80000)
 Metaspace       used 3438K, capacity 4720K, committed 4864K, reserved 1056768K
  class space    used 376K, capacity 424K, committed 512K, reserved 1048576K
}
Event: 0.168 GC heap before
{Heap before GC invocations=4 (full 0):
 PSYoungGen      total 1536K, used 1528K [0x00000000eab00000, 0x00000000eae00000, 0x0000000100000000)
  eden space 1024K, 100% used [0x00000000eab00000,0x00000000eac00000,0x00000000eac00000)
  from space 512K, 98% used [0x00000000eac00000,0x00000000eac7e010,0x00000000eac80000)
  to   space 512K, 0% used [0x00000000ead80000,0x00000000ead80000,0x00000000eae00000)
 ParOldGen       total 129536K, used 551K [0x00000000c0000000, 0x00000000c7e80000, 0x00000000eab00000)
  object space 129536K, 0% used [0x00000000c0000000,0x00000000c0089d60,0x00000000c7e80000)
 Metaspace       used 3730K, capacity 5008K, committed 5120K, reserved 1056768K
  class space    used 418K, capacity 456K, committed 512K, reserved 1048576K
Event: 0.171 GC heap after
Heap after GC invocations=4 (full 0):
 PSYoungGen      total 2560K, used 504K [0x00000000eab00000, 0x00000000eae00000, 0x0000000100000000)
  eden space 2048K, 0% used [0x00000000eab00000,0x00000000eab00000,0x00000000ead00000)
  from space 512K, 98% used [0x00000000ead80000,0x00000000eadfe030,0x00000000eae00000)
  to   space 512K, 0% used [0x00000000ead00000,0x00000000ead00000,0x00000000ead80000)
 ParOldGen       total 129536K, used 860K [0x00000000c0000000, 0x00000000c7e80000, 0x00000000eab00000)
  object space 129536K, 0% used [0x00000000c0000000,0x00000000c00d72a0,0x00000000c7e80000)
 Metaspace       used 3730K, capacity 5008K, committed 5120K, reserved 1056768K
  class space    used 418K, capacity 456K, committed 512K, reserved 1048576K
}
Event: 0.230 GC heap before
{Heap before GC invocations=5 (full 0):
 PSYoungGen      total 2560K, used 2550K [0x00000000eab00000, 0x00000000eae00000, 0x0000000100000000)
  eden space 2048K, 99% used [0x00000000eab00000,0x00000000eacff8e8,0x00000000ead00000)
  from space 512K, 98% used [0x00000000ead80000,0x00000000eadfe030,0x00000000eae00000)
  to   space 512K, 0% used [0x00000000ead00000,0x00000000ead00000,0x00000000ead80000)
 ParOldGen       total 129536K, used 860K [0x00000000c0000000, 0x00000000c7e80000, 0x00000000eab00000)
  object space 129536K, 0% used [0x00000000c0000000,0x00000000c00d72a0,0x00000000c7e80000)
 Metaspace       used 4187K, capacity 5392K, committed 5760K, reserved 1056768K
  class space    used 473K, capacity 520K, committed 640K, reserved 1048576K
Event: 0.232 GC heap after
Heap after GC invocations=5 (full 0):
 PSYoungGen      total 2560K, used 504K [0x00000000eab00000, 0x00000000eae00000, 0x0000000100000000)
  eden space 2048K, 0% used [0x00000000eab00000,0x00000000eab00000,0x00000000ead00000)
  from space 512K, 98% used [0x00000000ead00000,0x00000000ead7e030,0x00000000ead80000)
  to   space 512K, 0% used [0x00000000ead80000,0x00000000ead80000,0x00000000eae00000)
 ParOldGen       total 129536K, used 1597K [0x00000000c0000000, 0x00000000c7e80000, 0x00000000eab00000)
  object space 129536K, 1% used [0x00000000c0000000,0x00000000c018f6f8,0x00000000c7e80000)
 Metaspace       used 4187K, capacity 5392K, committed 5760K, reserved 1056768K
  class space    used 473K, capacity 520K, committed 640K, reserved 1048576K
}
Event: 0.269 GC heap before
{Heap before GC invocations=6 (full 0):
 PSYoungGen      total 2560K, used 2552K [0x00000000eab00000, 0x00000000eae00000, 0x0000000100000000)
  eden space 2048K, 100% used [0x00000000eab00000,0x00000000ead00000,0x00000000ead00000)
  from space 512K, 98% used [0x00000000ead00000,0x00000000ead7e030,0x00000000ead80000)
  to   space 512K, 0% used [0x00000000ead80000,0x00000000ead80000,0x00000000eae00000)
 ParOldGen       total 129536K, used 1597K [0x00000000c0000000, 0x00000000c7e80000, 0x00000000eab00000)
  object space 129536K, 1% used [0x00000000c0000000,0x00000000c018f6f8,0x00000000c7e80000)
 Metaspace       used 4830K, capacity 5936K, committed 6272K, reserved 1056768K
  class space    used 538K, capacity 552K, committed 640K, reserved 1048576K
Event: 0.272 GC heap after
Heap after GC invocations=6 (full 0):
 PSYoungGen      total 2560K, used 504K [0x00000000eab00000, 0x00000000eae00000, 0x0000000100000000)
  eden space 2048K, 0% used [0x00000000eab00000,0x00000000eab00000,0x00000000ead00000)
  from space 512K, 98% used [0x00000000ead80000,0x00000000eadfe030,0x00000000eae00000)
  to   space 512K, 0% used [0x00000000ead00000,0x00000000ead00000,0x00000000ead80000)
 ParOldGen       total 129536K, used 2176K [0x00000000c0000000, 0x00000000c7e80000, 0x00000000eab00000)
  object space 129536K, 1% used [0x00000000c0000000,0x00000000c02203f8,0x00000000c7e80000)
 Metaspace       used 4830K, capacity 5936K, committed 6272K, reserved 1056768K
  class space    used 538K, capacity 552K, committed 640K, reserved 1048576K
}
Event: 0.309 GC heap before
{Heap before GC invocations=7 (full 0):
 PSYoungGen      total 2560K, used 2552K [0x00000000eab00000, 0x00000000eae00000, 0x0000000100000000)
  eden space 2048K, 100% used [0x00000000eab00000,0x00000000ead00000,0x00000000ead00000)
  from space 512K, 98% used [0x00000000ead80000,0x00000000eadfe030,0x00000000eae00000)
  to   space 512K, 0% used [0x00000000ead00000,0x00000000ead00000,0x00000000ead80000)
 ParOldGen       total 129536K, used 2176K [0x00000000c0000000, 0x00000000c7e80000, 0x00000000eab00000)
  object space 129536K, 1% used [0x00000000c0000000,0x00000000c02203f8,0x00000000c7e80000)
 Metaspace       used 5262K, capacity 6384K, committed 6528K, reserved 1056768K
  class space    used 581K, capacity 616K, committed 640K, reserved 1048576K
Event: 0.318 GC heap after
Heap after GC invocations=7 (full 0):
 PSYoungGen      total 2560K, used 497K [0x00000000eab00000, 0x00000000eae00000, 0x0000000100000000)
  eden space 2048K, 0% used [0x00000000eab00000,0x00000000eab00000,0x00000000ead00000)
  from space 512K, 97% used [0x00000000ead00000,0x00000000ead7c470,0x00000000ead80000)
  to   space 512K, 0% used [0x00000000ead80000,0x00000000ead80000,0x00000000eae00000)
 ParOldGen       total 129536K, used 3005K [0x00000000c0000000, 0x00000000c7e80000, 0x00000000eab00000)
  object space 129536K, 2% used [0x00000000c0000000,0x00000000c02ef590,0x00000000c7e80000)
 Metaspace       used 5262K, capacity 6384K, committed 6528K, reserved 1056768K
  class space    used 581K, capacity 616K, committed 640K, reserved 1048576K
}

Deoptimization events (0 events):
No events

Internal exceptions (10 events):
Event: 0.299 Thread 0x0000000016502000 Exception <a 'java/security/PrivilegedActionException'> (0x00000000eab5f950) thrown at [D:\re\workspace\8-2-build-windows-amd64-cygwin\jdk8u5\2488\hotspot\src\share\vm\prims\jvm.cpp, line 1248]
Event: 0.299 Thread 0x0000000016502000 Exception <a 'java/security/PrivilegedActionException'> (0x00000000eac8b8f8) thrown at [D:\re\workspace\8-2-build-windows-amd64-cygwin\jdk8u5\2488\hotspot\src\share\vm\prims\jvm.cpp, line 1248]
Event: 0.300 Thread 0x0000000016502000 Exception <a 'java/security/PrivilegedActionException'> (0x00000000eac94538) thrown at [D:\re\workspace\8-2-build-windows-amd64-cygwin\jdk8u5\2488\hotspot\src\share\vm\prims\jvm.cpp, line 1248]
Event: 0.300 Thread 0x0000000016502000 Exception <a 'java/security/PrivilegedActionException'> (0x00000000eac99a00) thrown at [D:\re\workspace\8-2-build-windows-amd64-cygwin\jdk8u5\2488\hotspot\src\share\vm\prims\jvm.cpp, line 1248]
Event: 0.300 Thread 0x0000000016502000 Exception <a 'java/security/PrivilegedActionException'> (0x00000000eac9c9a8) thrown at [D:\re\workspace\8-2-build-windows-amd64-cygwin\jdk8u5\2488\hotspot\src\share\vm\prims\jvm.cpp, line 1248]
Event: 0.307 Thread 0x0000000016479000 Exception <a 'java/security/PrivilegedActionException'> (0x00000000eacfca78) thrown at [D:\re\workspace\8-2-build-windows-amd64-cygwin\jdk8u5\2488\hotspot\src\share\vm\prims\jvm.cpp, line 1248]
Event: 0.325 Thread 0x0000000016479000 Exception <a 'java/security/PrivilegedActionException'> (0x00000000eab2ae40) thrown at [D:\re\workspace\8-2-build-windows-amd64-cygwin\jdk8u5\2488\hotspot\src\share\vm\prims\jvm.cpp, line 1248]
Event: 0.325 Thread 0x00000000027d0800 Exception <a 'java/security/PrivilegedActionException'> (0x00000000eab57688) thrown at [D:\re\workspace\8-2-build-windows-amd64-cygwin\jdk8u5\2488\hotspot\src\share\vm\prims\jvm.cpp, line 1248]
Event: 0.335 Thread 0x0000000016502000 Exception <a 'java/security/PrivilegedActionException'> (0x00000000eac49258) thrown at [D:\re\workspace\8-2-build-windows-amd64-cygwin\jdk8u5\2488\hotspot\src\share\vm\prims\jvm.cpp, line 1248]
Event: 0.336 Thread 0x0000000016502000 Exception <a 'java/security/PrivilegedActionException'> (0x00000000eac4ee38) thrown at [D:\re\workspace\8-2-build-windows-amd64-cygwin\jdk8u5\2488\hotspot\src\share\vm\prims\jvm.cpp, line 1248]

Events (10 events):
Event: 0.325 loading class com/android/dx/dex/file/MethodAnnotationStruct
Event: 0.325 loading class com/android/dx/dex/file/MethodAnnotationStruct done
Event: 0.335 loading class com/android/dx/cf/code/BytecodeArray$ConstantParserVisitor
Event: 0.335 loading class com/android/dx/cf/code/BytecodeArray$ConstantParserVisitor done
Event: 0.336 loading class com/android/dx/cf/code/Ropper$ExceptionHandlerSetup
Event: 0.336 loading class com/android/dx/cf/code/Ropper$ExceptionHandlerSetup done
Event: 0.337 loading class java/util/HashMap$Values
Event: 0.337 loading class java/util/HashMap$Values done
Event: 0.337 loading class java/util/HashMap$ValueIterator
Event: 0.337 loading class java/util/HashMap$ValueIterator done


Dynamic libraries:
0x00007ff7b1cb0000 - 0x00007ff7b1ce4000 	D:\jdk\bin\java.exe
0x00007ffd1f340000 - 0x00007ffd1f4e9000 	C:\Windows\SYSTEM32\ntdll.dll
0x00007ffd1cbd0000 - 0x00007ffd1cd09000 	C:\Windows\system32\KERNEL32.DLL
0x00007ffd1c840000 - 0x00007ffd1c94e000 	C:\Windows\system32\KERNELBASE.dll
0x00007ffd1e970000 - 0x00007ffd1ea15000 	C:\Windows\system32\ADVAPI32.dll
0x00007ffd1e6f0000 - 0x00007ffd1e861000 	C:\Windows\system32\USER32.dll
0x00007ffd1a700000 - 0x00007ffd1a95a000 	C:\Windows\WinSxS\amd64_microsoft.windows.common-controls_6595b64144ccf1df_6.0.9600.16384_none_62475f7becb72503\COMCTL32.dll
0x00007ffd1e450000 - 0x00007ffd1e4f7000 	C:\Windows\system32\msvcrt.dll
0x00007ffd1ea20000 - 0x00007ffd1ea77000 	C:\Windows\SYSTEM32\sechost.dll
0x00007ffd1f200000 - 0x00007ffd1f336000 	C:\Windows\system32\RPCRT4.dll
0x00007ffd1ec90000 - 0x00007ffd1edd5000 	C:\Windows\system32\GDI32.dll
0x00007ffd1cf20000 - 0x00007ffd1cf54000 	C:\Windows\system32\IMM32.DLL
0x00007ffd1cdd0000 - 0x00007ffd1cf09000 	C:\Windows\system32\MSCTF.dll
0x000000006afa0000 - 0x000000006b072000 	D:\jdk\jre\bin\msvcr100.dll
0x000000006b470000 - 0x000000006bc9a000 	D:\jdk\jre\bin\server\jvm.dll
0x00007ffd19ee0000 - 0x00007ffd19ee9000 	C:\Windows\SYSTEM32\WSOCK32.dll
0x00007ffd18480000 - 0x00007ffd1849f000 	C:\Windows\SYSTEM32\WINMM.dll
0x00007ffd1cd10000 - 0x00007ffd1cd17000 	C:\Windows\system32\PSAPI.DLL
0x00007ffd1ea90000 - 0x00007ffd1eae8000 	C:\Windows\system32\WS2_32.dll
0x00007ffd18320000 - 0x00007ffd1834a000 	C:\Windows\SYSTEM32\WINMMBASE.dll
0x00007ffd1cf10000 - 0x00007ffd1cf19000 	C:\Windows\system32\NSI.dll
0x00007ffd1c950000 - 0x00007ffd1c99a000 	C:\Windows\SYSTEM32\cfgmgr32.dll
0x00007ffd1b570000 - 0x00007ffd1b596000 	C:\Windows\SYSTEM32\DEVOBJ.dll
0x000000006bec0000 - 0x000000006becf000 	D:\jdk\jre\bin\verify.dll
0x000000006be90000 - 0x000000006beb8000 	D:\jdk\jre\bin\java.dll
0x000000006be70000 - 0x000000006be86000 	D:\jdk\jre\bin\zip.dll
0x00007ffd1d040000 - 0x00007ffd1e44d000 	C:\Windows\system32\SHELL32.dll
0x00007ffd1f020000 - 0x00007ffd1f1f7000 	C:\Windows\SYSTEM32\combase.dll
0x00007ffd1cf80000 - 0x00007ffd1cfd1000 	C:\Windows\system32\SHLWAPI.dll
0x00007ffd1ad50000 - 0x00007ffd1adf1000 	C:\Windows\SYSTEM32\SHCORE.dll
0x00007ffd1c6c0000 - 0x00007ffd1c6d4000 	C:\Windows\SYSTEM32\profapi.dll

VM Arguments:
jvm_args: -Djava.awt.headless=true -Xmx1024M -Dfile.encoding=GBK -Duser.country=CN -Duser.language=zh -Duser.variant 
java_command: com.android.dx.command.Main --dex --force-jumbo --num-threads=4 --output E:\Sports\app\build\intermediates\pre-dexed\debug\jp.wasabeef-glide-transformations-2.0.1_46dee2f4d8620b7380f1bd8dc416b8449c244faa.jar E:\Sports\app\build\intermediates\exploded-aar\jp.wasabeef\glide-transformations\2.0.1\jars\classes.jar
java_class_path (initial): D:\android\AppData\Local\Android\sdk\build-tools\24.0.0\lib\dx.jar
Launcher Type: SUN_STANDARD

Environment Variables:
JAVA_HOME=D:\jdk
PATH=C:\Windows\system32;C:\Windows;C:\Windows\System32\Wbem;C:\Windows\System32\WindowsPowerShell\v1.0\;D:\jdk\bin;D:\jdk\jre\bin;D:\android\AppData\Local\Android\sdk\tools;D:\android\AppData\Local\Android\sdk\platform-tools;C:\Program Files (x86)\NVIDIA Corporation\PhysX\Common
USERNAME=Administrator
OS=Windows_NT
PROCESSOR_IDENTIFIER=Intel64 Family 6 Model 60 Stepping 3, GenuineIntel



---------------  S Y S T E M  ---------------

OS: Windows 8.1 , 64 bit Build 9600 

CPU:total 4 (4 cores per cpu, 1 threads per core) family 6 model 60 stepping 3, cmov, cx8, fxsr, mmx, sse, sse2, sse3, ssse3, sse4.1, sse4.2, popcnt, avx, avx2, aes, clmul, erms, tsc, tscinvbit

Memory: 4k page, physical 8273724k(1990216k free), swap 8273724k(5108k free)

vm_info: Java HotSpot(TM) 64-Bit Server VM (25.5-b02) for windows-amd64 JRE (1.8.0_05-b13), built on Mar 18 2014 01:08:39 by "java_re" with MS VC++ 10.0 (VS2010)

time: Wed Aug 03 16:30:37 2016
elapsed time: 0 seconds

