#
# There is insufficient memory for the Java Runtime Environment to continue.
# Native memory allocation (malloc) failed to allocate 164256 bytes for Chunk::new
# Possible reasons:
#   The system is out of physical RAM or swap space
#   In 32 bit mode, the process size limit was hit
# Possible solutions:
#   Reduce memory load on the system
#   Increase physical memory or swap space
#   Check if swap backing store is full
#   Use 64 bit Java on a 64 bit OS
#   Decrease Java heap size (-Xmx/-Xms)
#   Decrease number of Java threads
#   Decrease Java thread stack sizes (-Xss)
#   Set larger code cache with -XX:ReservedCodeCacheSize=
# This output file may be truncated or incomplete.
#
#  Out of Memory Error (allocation.cpp:388), pid=13260, tid=12300
#
# JRE version: Java(TM) SE Runtime Environment (8.0_05-b13) (build 1.8.0_05-b13)
# Java VM: Java HotSpot(TM) 64-Bit Server VM (25.5-b02 mixed mode windows-amd64 compressed oops)
# Failed to write core dump. Minidumps are not enabled by default on client versions of Windows
#

---------------  T H R E A D  ---------------

Current thread (0x000000001540c000):  JavaThread "C2 CompilerThread1" daemon [_thread_in_native, id=12300, stack(0x0000000016e60000,0x0000000016f60000)]

Stack: [0x0000000016e60000,0x0000000016f60000]
Native frames: (J=compiled Java code, j=interpreted, Vv=VM code, C=native code)
V  [jvm.dll+0x308dea]


Current CompileTask:
C2:   1030 1008       4       com.android.dx.ssa.NormalSsaInsn::mapSourceRegisters (48 bytes)


---------------  P R O C E S S  ---------------

Java Threads: ( => current thread )
  0x0000000016a7b000 JavaThread "pool-1-thread-4" [_thread_in_vm, id=14252, stack(0x0000000017e60000,0x0000000017f60000)]
  0x0000000016a7e800 JavaThread "pool-1-thread-3" [_thread_blocked, id=13560, stack(0x0000000017d60000,0x0000000017e60000)]
  0x0000000016a7c000 JavaThread "pool-1-thread-2" [_thread_blocked, id=14312, stack(0x0000000017c60000,0x0000000017d60000)]
  0x0000000016a44000 JavaThread "pool-2-thread-1" [_thread_blocked, id=14176, stack(0x0000000017b60000,0x0000000017c60000)]
  0x0000000016a43000 JavaThread "pool-1-thread-1" [_thread_in_vm, id=11732, stack(0x0000000017a60000,0x0000000017b60000)]
  0x00000000167c2000 JavaThread "Service Thread" daemon [_thread_blocked, id=14160, stack(0x0000000017060000,0x0000000017160000)]
  0x000000001544d000 JavaThread "C1 CompilerThread2" daemon [_thread_blocked, id=14168, stack(0x0000000016f60000,0x0000000017060000)]
=>0x000000001540c000 JavaThread "C2 CompilerThread1" daemon [_thread_in_native, id=12300, stack(0x0000000016e60000,0x0000000016f60000)]
  0x0000000015400800 JavaThread "C2 CompilerThread0" daemon [_thread_in_native, id=10292, stack(0x0000000016d60000,0x0000000016e60000)]
  0x00000000153ff000 JavaThread "Attach Listener" daemon [_thread_blocked, id=13024, stack(0x0000000016c60000,0x0000000016d60000)]
  0x00000000167a3800 JavaThread "Signal Dispatcher" daemon [_thread_blocked, id=14276, stack(0x0000000016b60000,0x0000000016c60000)]
  0x0000000002cce000 JavaThread "Finalizer" daemon [_thread_blocked, id=11384, stack(0x0000000016660000,0x0000000016760000)]
  0x0000000002cc9000 JavaThread "Reference Handler" daemon [_thread_blocked, id=12948, stack(0x0000000016560000,0x0000000016660000)]
  0x0000000002be0800 JavaThread "main" [_thread_blocked, id=14084, stack(0x00000000027d0000,0x00000000028d0000)]

Other Threads:
  0x00000000153b7000 VMThread [stack: 0x0000000016460000,0x0000000016560000] [id=13972]
  0x00000000167d7000 WatcherThread [stack: 0x0000000017160000,0x0000000017260000] [id=14156]

VM state:synchronizing (normal execution)

VM Mutex/Monitor currently owned by a thread:  ([mutex/lock_event])
[0x0000000002d1bea0] Threads_lock - owner thread: 0x00000000153b7000
[0x0000000002d1c2a0] Heap_lock - owner thread: 0x0000000002be0800

Heap:
 PSYoungGen      total 9728K, used 8768K [0x00000000eab00000, 0x00000000eb800000, 0x0000000100000000)
  eden space 7680K, 100% used [0x00000000eab00000,0x00000000eb280000,0x00000000eb280000)
  from space 2048K, 53% used [0x00000000eb500000,0x00000000eb610000,0x00000000eb700000)
  to   space 2560K, 0% used [0x00000000eb280000,0x00000000eb280000,0x00000000eb500000)
 ParOldGen       total 129536K, used 6589K [0x00000000c0000000, 0x00000000c7e80000, 0x00000000eab00000)
  object space 129536K, 5% used [0x00000000c0000000,0x00000000c066f480,0x00000000c7e80000)
 Metaspace       used 5741K, capacity 6768K, committed 7040K, reserved 1056768K
  class space    used 576K, capacity 616K, committed 640K, reserved 1048576K

Card table byte_map: [0x00000000120e0000,0x00000000122f0000] byte_map_base: 0x0000000011ae0000

Marking Bits: (ParMarkBitMap*) 0x000000006bc213b0
 Begin Bits: [0x0000000012850000, 0x0000000013850000)
 End Bits:   [0x0000000013850000, 0x0000000014850000)

Polling page: 0x0000000000fa0000

CodeCache: size=245760Kb used=3945Kb max_used=3945Kb free=241815Kb
 bounds [0x0000000002d20000, 0x0000000003100000, 0x0000000011d20000]
 total_blobs=1286 nmethods=1022 adapters=177
 compilation: disabled (not enough contiguous free space left)

Compilation events (10 events):
Event: 0.811 Thread 0x000000001544d000 1009       3       com.android.dx.ssa.SsaMethod::makeNewGotoBlock (52 bytes)
Event: 0.812 Thread 0x000000001544d000 nmethod 1009 0x00000000030efc90 code [0x00000000030efee0, 0x00000000030f0cc8]
Event: 0.812 Thread 0x000000001544d000  940       1       com.android.dx.dex.code.RopTranslator::access$100 (5 bytes)
Event: 0.812 Thread 0x000000001544d000 nmethod 940 0x00000000030f1490 code [0x00000000030f15e0, 0x00000000030f16d0]
Event: 0.813 Thread 0x000000001540c000 nmethod 999 0x00000000030f4f10 code [0x00000000030f50e0, 0x00000000030f5c88]
Event: 0.813 Thread 0x000000001540c000 1010       4       com.android.dx.ssa.SsaMethod::deleteInsns (239 bytes)
Event: 0.833 Thread 0x000000001540c000 nmethod 1010 0x00000000030f8f10 code [0x00000000030f9140, 0x00000000030f9f40]
Event: 0.833 Thread 0x000000001540c000 1013       4       com.android.dx.rop.code.RegisterSpecSet::mutableCopy (57 bytes)
Event: 0.836 Thread 0x000000001540c000 nmethod 1013 0x00000000030f7450 code [0x00000000030f75a0, 0x00000000030f7878]
Event: 0.836 Thread 0x000000001540c000 1008       4       com.android.dx.ssa.NormalSsaInsn::mapSourceRegisters (48 bytes)

GC Heap History (10 events):
Event: 0.175 GC heap before
{Heap before GC invocations=4 (full 0):
 PSYoungGen      total 1536K, used 1512K [0x00000000eab00000, 0x00000000eae00000, 0x0000000100000000)
  eden space 1024K, 100% used [0x00000000eab00000,0x00000000eac00000,0x00000000eac00000)
  from space 512K, 95% used [0x00000000eac00000,0x00000000eac7a020,0x00000000eac80000)
  to   space 512K, 0% used [0x00000000ead80000,0x00000000ead80000,0x00000000eae00000)
 ParOldGen       total 129536K, used 631K [0x00000000c0000000, 0x00000000c7e80000, 0x00000000eab00000)
  object space 129536K, 0% used [0x00000000c0000000,0x00000000c009dd60,0x00000000c7e80000)
 Metaspace       used 3467K, capacity 4720K, committed 4864K, reserved 1056768K
  class space    used 376K, capacity 424K, committed 512K, reserved 1048576K
Event: 0.177 GC heap after
Heap after GC invocations=4 (full 0):
 PSYoungGen      total 2560K, used 504K [0x00000000eab00000, 0x00000000eae00000, 0x0000000100000000)
  eden space 2048K, 0% used [0x00000000eab00000,0x00000000eab00000,0x00000000ead00000)
  from space 512K, 98% used [0x00000000ead80000,0x00000000eadfe030,0x00000000eae00000)
  to   space 512K, 0% used [0x00000000ead00000,0x00000000ead00000,0x00000000ead80000)
 ParOldGen       total 129536K, used 639K [0x00000000c0000000, 0x00000000c7e80000, 0x00000000eab00000)
  object space 129536K, 0% used [0x00000000c0000000,0x00000000c009fd60,0x00000000c7e80000)
 Metaspace       used 3467K, capacity 4720K, committed 4864K, reserved 1056768K
  class space    used 376K, capacity 424K, committed 512K, reserved 1048576K
}
Event: 0.290 GC heap before
{Heap before GC invocations=5 (full 0):
 PSYoungGen      total 2560K, used 2552K [0x00000000eab00000, 0x00000000eae00000, 0x0000000100000000)
  eden space 2048K, 100% used [0x00000000eab00000,0x00000000ead00000,0x00000000ead00000)
  from space 512K, 98% used [0x00000000ead80000,0x00000000eadfe030,0x00000000eae00000)
  to   space 512K, 0% used [0x00000000ead00000,0x00000000ead00000,0x00000000ead80000)
 ParOldGen       total 129536K, used 639K [0x00000000c0000000, 0x00000000c7e80000, 0x00000000eab00000)
  object space 129536K, 0% used [0x00000000c0000000,0x00000000c009fd60,0x00000000c7e80000)
 Metaspace       used 3824K, capacity 5008K, committed 5120K, reserved 1056768K
  class space    used 422K, capacity 456K, committed 512K, reserved 1048576K
Event: 0.310 GC heap after
Heap after GC invocations=5 (full 0):
 PSYoungGen      total 2560K, used 488K [0x00000000eab00000, 0x00000000eb200000, 0x0000000100000000)
  eden space 2048K, 0% used [0x00000000eab00000,0x00000000eab00000,0x00000000ead00000)
  from space 512K, 95% used [0x00000000ead00000,0x00000000ead7a020,0x00000000ead80000)
  to   space 1536K, 0% used [0x00000000eb080000,0x00000000eb080000,0x00000000eb200000)
 ParOldGen       total 129536K, used 1004K [0x00000000c0000000, 0x00000000c7e80000, 0x00000000eab00000)
  object space 129536K, 0% used [0x00000000c0000000,0x00000000c00fb110,0x00000000c7e80000)
 Metaspace       used 3824K, capacity 5008K, committed 5120K, reserved 1056768K
  class space    used 422K, capacity 456K, committed 512K, reserved 1048576K
}
Event: 0.390 GC heap before
{Heap before GC invocations=6 (full 0):
 PSYoungGen      total 2560K, used 2526K [0x00000000eab00000, 0x00000000eb200000, 0x0000000100000000)
  eden space 2048K, 99% used [0x00000000eab00000,0x00000000eacfdbb8,0x00000000ead00000)
  from space 512K, 95% used [0x00000000ead00000,0x00000000ead7a020,0x00000000ead80000)
  to   space 1536K, 0% used [0x00000000eb080000,0x00000000eb080000,0x00000000eb200000)
 ParOldGen       total 129536K, used 1004K [0x00000000c0000000, 0x00000000c7e80000, 0x00000000eab00000)
  object space 129536K, 0% used [0x00000000c0000000,0x00000000c00fb110,0x00000000c7e80000)
 Metaspace       used 4258K, capacity 5456K, committed 5760K, reserved 1056768K
  class space    used 466K, capacity 520K, committed 640K, reserved 1048576K
Event: 0.401 GC heap after
Heap after GC invocations=6 (full 0):
 PSYoungGen      total 5632K, used 1349K [0x00000000eab00000, 0x00000000eb200000, 0x0000000100000000)
  eden space 4096K, 0% used [0x00000000eab00000,0x00000000eab00000,0x00000000eaf00000)
  from space 1536K, 87% used [0x00000000eb080000,0x00000000eb1d1718,0x00000000eb200000)
  to   space 1536K, 0% used [0x00000000eaf00000,0x00000000eaf00000,0x00000000eb080000)
 ParOldGen       total 129536K, used 1004K [0x00000000c0000000, 0x00000000c7e80000, 0x00000000eab00000)
  object space 129536K, 0% used [0x00000000c0000000,0x00000000c00fb110,0x00000000c7e80000)
 Metaspace       used 4258K, capacity 5456K, committed 5760K, reserved 1056768K
  class space    used 466K, capacity 520K, committed 640K, reserved 1048576K
}
Event: 0.516 GC heap before
{Heap before GC invocations=7 (full 0):
 PSYoungGen      total 5632K, used 5445K [0x00000000eab00000, 0x00000000eb200000, 0x0000000100000000)
  eden space 4096K, 100% used [0x00000000eab00000,0x00000000eaf00000,0x00000000eaf00000)
  from space 1536K, 87% used [0x00000000eb080000,0x00000000eb1d1718,0x00000000eb200000)
  to   space 1536K, 0% used [0x00000000eaf00000,0x00000000eaf00000,0x00000000eb080000)
 ParOldGen       total 129536K, used 1004K [0x00000000c0000000, 0x00000000c7e80000, 0x00000000eab00000)
  object space 129536K, 0% used [0x00000000c0000000,0x00000000c00fb110,0x00000000c7e80000)
 Metaspace       used 5272K, capacity 6384K, committed 6528K, reserved 1056768K
  class space    used 573K, capacity 616K, committed 640K, reserved 1048576K
Event: 0.631 GC heap after
Heap after GC invocations=7 (full 0):
 PSYoungGen      total 5632K, used 1504K [0x00000000eab00000, 0x00000000eb700000, 0x0000000100000000)
  eden space 4096K, 0% used [0x00000000eab00000,0x00000000eab00000,0x00000000eaf00000)
  from space 1536K, 97% used [0x00000000eaf00000,0x00000000eb078018,0x00000000eb080000)
  to   space 2048K, 0% used [0x00000000eb500000,0x00000000eb500000,0x00000000eb700000)
 ParOldGen       total 129536K, used 1729K [0x00000000c0000000, 0x00000000c7e80000, 0x00000000eab00000)
  object space 129536K, 1% used [0x00000000c0000000,0x00000000c01b04a0,0x00000000c7e80000)
 Metaspace       used 5272K, capacity 6384K, committed 6528K, reserved 1056768K
  class space    used 573K, capacity 616K, committed 640K, reserved 1048576K
}
Event: 0.673 GC heap before
{Heap before GC invocations=8 (full 0):
 PSYoungGen      total 5632K, used 5600K [0x00000000eab00000, 0x00000000eb700000, 0x0000000100000000)
  eden space 4096K, 100% used [0x00000000eab00000,0x00000000eaf00000,0x00000000eaf00000)
  from space 1536K, 97% used [0x00000000eaf00000,0x00000000eb078018,0x00000000eb080000)
  to   space 2048K, 0% used [0x00000000eb500000,0x00000000eb500000,0x00000000eb700000)
 ParOldGen       total 129536K, used 1729K [0x00000000c0000000, 0x00000000c7e80000, 0x00000000eab00000)
  object space 129536K, 1% used [0x00000000c0000000,0x00000000c01b04a0,0x00000000c7e80000)
 Metaspace       used 5490K, capacity 6512K, committed 6784K, reserved 1056768K
  class space    used 575K, capacity 616K, committed 640K, reserved 1048576K
Event: 0.698 GC heap after
Heap after GC invocations=8 (full 0):
 PSYoungGen      total 9728K, used 1696K [0x00000000eab00000, 0x00000000eb800000, 0x0000000100000000)
  eden space 7680K, 0% used [0x00000000eab00000,0x00000000eab00000,0x00000000eb280000)
  from space 2048K, 82% used [0x00000000eb500000,0x00000000eb6a8018,0x00000000eb700000)
  to   space 2560K, 0% used [0x00000000eb280000,0x00000000eb280000,0x00000000eb500000)
 ParOldGen       total 129536K, used 1817K [0x00000000c0000000, 0x00000000c7e80000, 0x00000000eab00000)
  object space 129536K, 1% used [0x00000000c0000000,0x00000000c01c64c0,0x00000000c7e80000)
 Metaspace       used 5490K, capacity 6512K, committed 6784K, reserved 1056768K
  class space    used 575K, capacity 616K, committed 640K, reserved 1048576K
}

Deoptimization events (10 events):
Event: 0.667 Thread 0x0000000016a7b000 Uncommon trap: reason=unreached action=reinterpret pc=0x0000000002f63b24 method=java.util.HashMap.getNode(ILjava/lang/Object;)Ljava/util/HashMap$Node; @ 84
Event: 0.667 Thread 0x0000000016a7b000 Uncommon trap: reason=unreached action=reinterpret pc=0x0000000002f3b6d4 method=java.util.HashMap.getNode(ILjava/lang/Object;)Ljava/util/HashMap$Node; @ 84
Event: 0.669 Thread 0x0000000002be0800 Uncommon trap: reason=bimorphic action=maybe_recompile pc=0x0000000002fb07dc method=com.android.dx.rop.code.RegisterSpec.hashCodeOf(ILcom/android/dx/rop/type/TypeBearer;Lcom/android/dx/rop/code/LocalItem;)I @ 18
Event: 0.669 Thread 0x0000000002be0800 Uncommon trap: reason=bimorphic action=maybe_recompile pc=0x0000000002fb07dc method=com.android.dx.rop.code.RegisterSpec.hashCodeOf(ILcom/android/dx/rop/type/TypeBearer;Lcom/android/dx/rop/code/LocalItem;)I @ 18
Event: 0.670 Thread 0x0000000002be0800 Uncommon trap: reason=bimorphic action=maybe_recompile pc=0x0000000002fb07dc method=com.android.dx.rop.code.RegisterSpec.hashCodeOf(ILcom/android/dx/rop/type/TypeBearer;Lcom/android/dx/rop/code/LocalItem;)I @ 18
Event: 0.670 Thread 0x0000000002be0800 Uncommon trap: reason=bimorphic action=maybe_recompile pc=0x0000000002fb07dc method=com.android.dx.rop.code.RegisterSpec.hashCodeOf(ILcom/android/dx/rop/type/TypeBearer;Lcom/android/dx/rop/code/LocalItem;)I @ 18
Event: 0.713 Thread 0x0000000016a43000 Uncommon trap: reason=bimorphic action=maybe_recompile pc=0x0000000002fcdf8c method=com.android.dx.rop.code.RegisterSpec.equals(ILcom/android/dx/rop/type/TypeBearer;Lcom/android/dx/rop/code/LocalItem;)Z @ 13
Event: 0.713 Thread 0x0000000016a43000 Uncommon trap: reason=bimorphic action=maybe_recompile pc=0x0000000002fcdf8c method=com.android.dx.rop.code.RegisterSpec.equals(ILcom/android/dx/rop/type/TypeBearer;Lcom/android/dx/rop/code/LocalItem;)Z @ 13
Event: 0.760 Thread 0x0000000016a43000 Uncommon trap: reason=bimorphic action=maybe_recompile pc=0x0000000002fcdf8c method=com.android.dx.rop.code.RegisterSpec.equals(ILcom/android/dx/rop/type/TypeBearer;Lcom/android/dx/rop/code/LocalItem;)Z @ 13
Event: 0.761 Thread 0x0000000016a43000 Uncommon trap: reason=bimorphic action=maybe_recompile pc=0x0000000002fcdf8c method=com.android.dx.rop.code.RegisterSpec.equals(ILcom/android/dx/rop/type/TypeBearer;Lcom/android/dx/rop/code/LocalItem;)Z @ 13

Internal exceptions (10 events):
Event: 0.506 Thread 0x0000000002be0800 Exception <a 'java/security/PrivilegedActionException'> (0x00000000eae5f5a8) thrown at [D:\re\workspace\8-2-build-windows-amd64-cygwin\jdk8u5\2488\hotspot\src\share\vm\prims\jvm.cpp, line 1248]
Event: 0.507 Thread 0x0000000002be0800 Exception <a 'java/security/PrivilegedActionException'> (0x00000000eae6f8a8) thrown at [D:\re\workspace\8-2-build-windows-amd64-cygwin\jdk8u5\2488\hotspot\src\share\vm\prims\jvm.cpp, line 1248]
Event: 0.508 Thread 0x0000000002be0800 Exception <a 'java/security/PrivilegedActionException'> (0x00000000eae787f0) thrown at [D:\re\workspace\8-2-build-windows-amd64-cygwin\jdk8u5\2488\hotspot\src\share\vm\prims\jvm.cpp, line 1248]
Event: 0.508 Thread 0x0000000002be0800 Exception <a 'java/security/PrivilegedActionException'> (0x00000000eae7eb80) thrown at [D:\re\workspace\8-2-build-windows-amd64-cygwin\jdk8u5\2488\hotspot\src\share\vm\prims\jvm.cpp, line 1248]
Event: 0.508 Thread 0x0000000002be0800 Exception <a 'java/security/PrivilegedActionException'> (0x00000000eae81e30) thrown at [D:\re\workspace\8-2-build-windows-amd64-cygwin\jdk8u5\2488\hotspot\src\share\vm\prims\jvm.cpp, line 1248]
Event: 0.512 Thread 0x0000000002be0800 Exception <a 'java/security/PrivilegedActionException'> (0x00000000eaea2eb0) thrown at [D:\re\workspace\8-2-build-windows-amd64-cygwin\jdk8u5\2488\hotspot\src\share\vm\prims\jvm.cpp, line 1248]
Event: 0.513 Thread 0x0000000002be0800 Exception <a 'java/security/PrivilegedActionException'> (0x00000000eaebe730) thrown at [D:\re\workspace\8-2-build-windows-amd64-cygwin\jdk8u5\2488\hotspot\src\share\vm\prims\jvm.cpp, line 1248]
Event: 0.647 Thread 0x0000000016a7c000 Exception <a 'java/security/PrivilegedActionException'> (0x00000000eac323d8) thrown at [D:\re\workspace\8-2-build-windows-amd64-cygwin\jdk8u5\2488\hotspot\src\share\vm\prims\jvm.cpp, line 1248]
Event: 0.660 Thread 0x0000000016a43000 Exception <a 'java/security/PrivilegedActionException'> (0x00000000eac4cbb0) thrown at [D:\re\workspace\8-2-build-windows-amd64-cygwin\jdk8u5\2488\hotspot\src\share\vm\prims\jvm.cpp, line 1248]
Event: 0.755 Thread 0x0000000002be0800 Exception <a 'java/security/PrivilegedActionException'> (0x00000000eaf5dc28) thrown at [D:\re\workspace\8-2-build-windows-amd64-cygwin\jdk8u5\2488\hotspot\src\share\vm\prims\jvm.cpp, line 1248]

Events (10 events):
Event: 0.713 Thread 0x0000000016a43000 DEOPT PACKING pc=0x0000000002fcdf8c sp=0x0000000017b5e450
Event: 0.713 Thread 0x0000000016a43000 DEOPT UNPACKING pc=0x0000000002d655af sp=0x0000000017b5e3e0 mode 2
Event: 0.755 loading class com/android/dx/dex/file/FieldAnnotationStruct
Event: 0.755 loading class com/android/dx/dex/file/FieldAnnotationStruct done
Event: 0.760 Thread 0x0000000016a43000 Uncommon trap: trap_request=0xffffffc6 fr.pc=0x0000000002fcdf8c
Event: 0.760 Thread 0x0000000016a43000 DEOPT PACKING pc=0x0000000002fcdf8c sp=0x0000000017b5e970
Event: 0.760 Thread 0x0000000016a43000 DEOPT UNPACKING pc=0x0000000002d655af sp=0x0000000017b5e900 mode 2
Event: 0.761 Thread 0x0000000016a43000 Uncommon trap: trap_request=0xffffffc6 fr.pc=0x0000000002fcdf8c
Event: 0.761 Thread 0x0000000016a43000 DEOPT PACKING pc=0x0000000002fcdf8c sp=0x0000000017b5e980
Event: 0.761 Thread 0x0000000016a43000 DEOPT UNPACKING pc=0x0000000002d655af sp=0x0000000017b5e910 mode 2


Dynamic libraries:
0x00007ff7b1cb0000 - 0x00007ff7b1ce4000 	D:\jdk\bin\java.exe
0x00007ffd1f340000 - 0x00007ffd1f4e9000 	C:\Windows\SYSTEM32\ntdll.dll
0x00007ffd1cbd0000 - 0x00007ffd1cd09000 	C:\Windows\system32\KERNEL32.DLL
0x00007ffd1c840000 - 0x00007ffd1c94e000 	C:\Windows\system32\KERNELBASE.dll
0x00007ffd1e970000 - 0x00007ffd1ea15000 	C:\Windows\system32\ADVAPI32.dll
0x00007ffd1e6f0000 - 0x00007ffd1e861000 	C:\Windows\system32\USER32.dll
0x00007ffd1a700000 - 0x00007ffd1a95a000 	C:\Windows\WinSxS\amd64_microsoft.windows.common-controls_6595b64144ccf1df_6.0.9600.16384_none_62475f7becb72503\COMCTL32.dll
0x00007ffd1e450000 - 0x00007ffd1e4f7000 	C:\Windows\system32\msvcrt.dll
0x00007ffd1ea20000 - 0x00007ffd1ea77000 	C:\Windows\SYSTEM32\sechost.dll
0x00007ffd1f200000 - 0x00007ffd1f336000 	C:\Windows\system32\RPCRT4.dll
0x00007ffd1ec90000 - 0x00007ffd1edd5000 	C:\Windows\system32\GDI32.dll
0x00007ffd1cf20000 - 0x00007ffd1cf54000 	C:\Windows\system32\IMM32.DLL
0x00007ffd1cdd0000 - 0x00007ffd1cf09000 	C:\Windows\system32\MSCTF.dll
0x000000006afa0000 - 0x000000006b072000 	D:\jdk\jre\bin\msvcr100.dll
0x000000006b470000 - 0x000000006bc9a000 	D:\jdk\jre\bin\server\jvm.dll
0x00007ffd19ee0000 - 0x00007ffd19ee9000 	C:\Windows\SYSTEM32\WSOCK32.dll
0x00007ffd18480000 - 0x00007ffd1849f000 	C:\Windows\SYSTEM32\WINMM.dll
0x00007ffd1cd10000 - 0x00007ffd1cd17000 	C:\Windows\system32\PSAPI.DLL
0x00007ffd1ea90000 - 0x00007ffd1eae8000 	C:\Windows\system32\WS2_32.dll
0x00007ffd18320000 - 0x00007ffd1834a000 	C:\Windows\SYSTEM32\WINMMBASE.dll
0x00007ffd1cf10000 - 0x00007ffd1cf19000 	C:\Windows\system32\NSI.dll
0x00007ffd1c950000 - 0x00007ffd1c99a000 	C:\Windows\SYSTEM32\cfgmgr32.dll
0x00007ffd1b570000 - 0x00007ffd1b596000 	C:\Windows\SYSTEM32\DEVOBJ.dll
0x000000006bec0000 - 0x000000006becf000 	D:\jdk\jre\bin\verify.dll
0x000000006be90000 - 0x000000006beb8000 	D:\jdk\jre\bin\java.dll
0x000000006be70000 - 0x000000006be86000 	D:\jdk\jre\bin\zip.dll
0x00007ffd1d040000 - 0x00007ffd1e44d000 	C:\Windows\system32\SHELL32.dll
0x00007ffd1f020000 - 0x00007ffd1f1f7000 	C:\Windows\SYSTEM32\combase.dll
0x00007ffd1cf80000 - 0x00007ffd1cfd1000 	C:\Windows\system32\SHLWAPI.dll
0x00007ffd1ad50000 - 0x00007ffd1adf1000 	C:\Windows\SYSTEM32\SHCORE.dll
0x00007ffd1c6c0000 - 0x00007ffd1c6d4000 	C:\Windows\SYSTEM32\profapi.dll

VM Arguments:
jvm_args: -Djava.awt.headless=true -Xmx1024M -Dfile.encoding=GBK -Duser.country=CN -Duser.language=zh -Duser.variant 
java_command: com.android.dx.command.Main --dex --force-jumbo --num-threads=4 --output E:\Sports\app\build\intermediates\pre-dexed\debug\jpush-android-2.1.0_1d7ffda134d31503033077e14f5048c0f81442d1.jar E:\Sports\app\libs\jpush-android-2.1.0.jar
java_class_path (initial): D:\android\AppData\Local\Android\sdk\build-tools\24.0.0\lib\dx.jar
Launcher Type: SUN_STANDARD

Environment Variables:
JAVA_HOME=D:\jdk
PATH=C:\Windows\system32;C:\Windows;C:\Windows\System32\Wbem;C:\Windows\System32\WindowsPowerShell\v1.0\;D:\jdk\bin;D:\jdk\jre\bin;D:\android\AppData\Local\Android\sdk\tools;D:\android\AppData\Local\Android\sdk\platform-tools;C:\Program Files (x86)\NVIDIA Corporation\PhysX\Common
USERNAME=Administrator
OS=Windows_NT
PROCESSOR_IDENTIFIER=Intel64 Family 6 Model 60 Stepping 3, GenuineIntel



---------------  S Y S T E M  ---------------

OS: Windows 8.1 , 64 bit Build 9600 

CPU:total 4 (4 cores per cpu, 1 threads per core) family 6 model 60 stepping 3, cmov, cx8, fxsr, mmx, sse, sse2, sse3, ssse3, sse4.1, sse4.2, popcnt, avx, avx2, aes, clmul, erms, tsc, tscinvbit

Memory: 4k page, physical 8273724k(2000944k free), swap 8273724k(4792k free)

vm_info: Java HotSpot(TM) 64-Bit Server VM (25.5-b02) for windows-amd64 JRE (1.8.0_05-b13), built on Mar 18 2014 01:08:39 by "java_re" with MS VC++ 10.0 (VS2010)

time: Wed Aug 03 16:26:10 2016
elapsed time: 1 seconds

