#
# There is insufficient memory for the Java Runtime Environment to continue.
# Native memory allocation (malloc) failed to allocate 1358176 bytes for Chunk::new
# Possible reasons:
#   The system is out of physical RAM or swap space
#   In 32 bit mode, the process size limit was hit
# Possible solutions:
#   Reduce memory load on the system
#   Increase physical memory or swap space
#   Check if swap backing store is full
#   Use 64 bit Java on a 64 bit OS
#   Decrease Java heap size (-Xmx/-Xms)
#   Decrease number of Java threads
#   Decrease Java thread stack sizes (-Xss)
#   Set larger code cache with -XX:ReservedCodeCacheSize=
# This output file may be truncated or incomplete.
#
#  Out of Memory Error (allocation.cpp:388), pid=10428, tid=11740
#
# JRE version: Java(TM) SE Runtime Environment (8.0_05-b13) (build 1.8.0_05-b13)
# Java VM: Java HotSpot(TM) 64-Bit Server VM (25.5-b02 mixed mode windows-amd64 compressed oops)
# Failed to write core dump. Minidumps are not enabled by default on client versions of Windows
#

---------------  T H R E A D  ---------------

Current thread (0x0000000014ff2800):  JavaThread "C2 CompilerThread0" daemon [_thread_in_native, id=11740, stack(0x0000000016930000,0x0000000016a30000)]

Stack: [0x0000000016930000,0x0000000016a30000]
Native frames: (J=compiled Java code, j=interpreted, Vv=VM code, C=native code)
V  [jvm.dll+0x308dea]


Current CompileTask:
C2:    869 1091   !   4       com.android.dx.cf.code.BytecodeArray::parseInstruction (2764 bytes)


---------------  P R O C E S S  ---------------

Java Threads: ( => current thread )
  0x00000000165ca000 JavaThread "pool-1-thread-4" [_thread_blocked, id=12724, stack(0x0000000017a30000,0x0000000017b30000)]
  0x000000001664f000 JavaThread "pool-1-thread-3" [_thread_blocked, id=13588, stack(0x0000000017930000,0x0000000017a30000)]
  0x000000001664c000 JavaThread "pool-1-thread-2" [_thread_in_Java, id=12148, stack(0x0000000017830000,0x0000000017930000)]
  0x00000000165e4000 JavaThread "pool-2-thread-1" [_thread_blocked, id=13324, stack(0x0000000017730000,0x0000000017830000)]
  0x00000000165e3000 JavaThread "pool-1-thread-1" [_thread_in_Java, id=13852, stack(0x0000000017630000,0x0000000017730000)]
  0x00000000163a4000 JavaThread "Service Thread" daemon [_thread_blocked, id=11152, stack(0x0000000016c30000,0x0000000016d30000)]
  0x000000001503d800 JavaThread "C1 CompilerThread2" daemon [_thread_blocked, id=11888, stack(0x0000000016b30000,0x0000000016c30000)]
  0x0000000015018800 JavaThread "C2 CompilerThread1" daemon [_thread_in_native, id=9576, stack(0x0000000016a30000,0x0000000016b30000)]
=>0x0000000014ff2800 JavaThread "C2 CompilerThread0" daemon [_thread_in_native, id=11740, stack(0x0000000016930000,0x0000000016a30000)]
  0x0000000014ff1800 JavaThread "Attach Listener" daemon [_thread_blocked, id=13492, stack(0x0000000016830000,0x0000000016930000)]
  0x0000000016373800 JavaThread "Signal Dispatcher" daemon [_thread_blocked, id=13444, stack(0x0000000016730000,0x0000000016830000)]
  0x0000000002904000 JavaThread "Finalizer" daemon [_thread_blocked, id=13948, stack(0x0000000016230000,0x0000000016330000)]
  0x00000000028f9000 JavaThread "Reference Handler" daemon [_thread_blocked, id=12888, stack(0x0000000016130000,0x0000000016230000)]
  0x0000000002810800 JavaThread "main" [_thread_in_Java, id=13904, stack(0x0000000002710000,0x0000000002810000)]

Other Threads:
  0x0000000014fa7000 VMThread [stack: 0x0000000016030000,0x0000000016130000] [id=3808]
  0x00000000163a8800 WatcherThread [stack: 0x0000000016d30000,0x0000000016e30000] [id=13584]

VM state:not at safepoint (normal execution)

VM Mutex/Monitor currently owned by a thread: None

Heap:
 PSYoungGen      total 10240K, used 8113K [0x00000000eab00000, 0x00000000eb800000, 0x0000000100000000)
  eden space 7680K, 88% used [0x00000000eab00000,0x00000000eb1a4520,0x00000000eb280000)
  from space 2560K, 51% used [0x00000000eb280000,0x00000000eb3c8000,0x00000000eb500000)
  to   space 2048K, 0% used [0x00000000eb500000,0x00000000eb500000,0x00000000eb700000)
 ParOldGen       total 129536K, used 5878K [0x00000000c0000000, 0x00000000c7e80000, 0x00000000eab00000)
  object space 129536K, 4% used [0x00000000c0000000,0x00000000c05bd920,0x00000000c7e80000)
 Metaspace       used 5675K, capacity 6704K, committed 6784K, reserved 1056768K
  class space    used 576K, capacity 616K, committed 640K, reserved 1048576K

Card table byte_map: [0x0000000011cd0000,0x0000000011ee0000] byte_map_base: 0x00000000116d0000

Marking Bits: (ParMarkBitMap*) 0x000000006bc213b0
 Begin Bits: [0x0000000012440000, 0x0000000013440000)
 End Bits:   [0x0000000013440000, 0x0000000014440000)

Polling page: 0x0000000000a60000

CodeCache: size=245760Kb used=3869Kb max_used=3885Kb free=241891Kb
 bounds [0x0000000002910000, 0x0000000002ce0000, 0x0000000011910000]
 total_blobs=1310 nmethods=1047 adapters=177
 compilation: enabled

Compilation events (10 events):
Event: 0.853 Thread 0x000000001503d800 nmethod 930 0x0000000002cdcb90 code [0x0000000002cdcd00, 0x0000000002cdce88]
Event: 0.853 Thread 0x0000000015018800 1089       4       com.android.dx.ssa.SsaBasicBlock::getCountPhiInsns (45 bytes)
Event: 0.853 Thread 0x0000000014ff2800 nmethod 1044 0x0000000002cdbbd0 code [0x0000000002cdbda0, 0x0000000002cdc320]
Event: 0.853 Thread 0x0000000014ff2800 1080       4       com.android.dx.dex.code.CodeAddress::<init> (7 bytes)
Event: 0.854 Thread 0x0000000014ff2800 nmethod 1080 0x0000000002cda150 code [0x0000000002cda2a0, 0x0000000002cda358]
Event: 0.854 Thread 0x0000000014ff2800 1086       4       com.android.dx.rop.cst.Constant::compareTo (9 bytes)
Event: 0.854 Thread 0x0000000014ff2800 nmethod 1086 0x0000000002cd85d0 code [0x0000000002cd8720, 0x0000000002cd8818]
Event: 0.854 Thread 0x0000000014ff2800 1091   !   4       com.android.dx.cf.code.BytecodeArray::parseInstruction (2764 bytes)
Event: 0.855 Thread 0x0000000015018800 nmethod 1089 0x0000000002cdb6d0 code [0x0000000002cdb820, 0x0000000002cdba58]
Event: 0.855 Thread 0x0000000015018800 1077       4       com.android.dx.ssa.Dominators::eval (29 bytes)

GC Heap History (10 events):
Event: 0.303 GC heap before
{Heap before GC invocations=7 (full 0):
 PSYoungGen      total 5632K, used 5448K [0x00000000eab00000, 0x00000000eb200000, 0x0000000100000000)
  eden space 4096K, 100% used [0x00000000eab00000,0x00000000eaf00000,0x00000000eaf00000)
  from space 1536K, 88% used [0x00000000eb080000,0x00000000eb1d20e0,0x00000000eb200000)
  to   space 1536K, 0% used [0x00000000eaf00000,0x00000000eaf00000,0x00000000eb080000)
 ParOldGen       total 129536K, used 995K [0x00000000c0000000, 0x00000000c7e80000, 0x00000000eab00000)
  object space 129536K, 0% used [0x00000000c0000000,0x00000000c00f8e80,0x00000000c7e80000)
 Metaspace       used 5288K, capacity 6384K, committed 6528K, reserved 1056768K
  class space    used 573K, capacity 616K, committed 640K, reserved 1048576K
Event: 0.306 GC heap after
Heap after GC invocations=7 (full 0):
 PSYoungGen      total 5632K, used 1505K [0x00000000eab00000, 0x00000000eb700000, 0x0000000100000000)
  eden space 4096K, 0% used [0x00000000eab00000,0x00000000eab00000,0x00000000eaf00000)
  from space 1536K, 97% used [0x00000000eaf00000,0x00000000eb078490,0x00000000eb080000)
  to   space 2048K, 0% used [0x00000000eb500000,0x00000000eb500000,0x00000000eb700000)
 ParOldGen       total 129536K, used 1735K [0x00000000c0000000, 0x00000000c7e80000, 0x00000000eab00000)
  object space 129536K, 1% used [0x00000000c0000000,0x00000000c01b1f50,0x00000000c7e80000)
 Metaspace       used 5288K, capacity 6384K, committed 6528K, reserved 1056768K
  class space    used 573K, capacity 616K, committed 640K, reserved 1048576K
}
Event: 0.428 GC heap before
{Heap before GC invocations=8 (full 0):
 PSYoungGen      total 5632K, used 5601K [0x00000000eab00000, 0x00000000eb700000, 0x0000000100000000)
  eden space 4096K, 100% used [0x00000000eab00000,0x00000000eaf00000,0x00000000eaf00000)
  from space 1536K, 97% used [0x00000000eaf00000,0x00000000eb078490,0x00000000eb080000)
  to   space 2048K, 0% used [0x00000000eb500000,0x00000000eb500000,0x00000000eb700000)
 ParOldGen       total 129536K, used 1735K [0x00000000c0000000, 0x00000000c7e80000, 0x00000000eab00000)
  object space 129536K, 1% used [0x00000000c0000000,0x00000000c01b1f50,0x00000000c7e80000)
 Metaspace       used 5549K, capacity 6576K, committed 6784K, reserved 1056768K
  class space    used 575K, capacity 616K, committed 640K, reserved 1048576K
Event: 0.439 GC heap after
Heap after GC invocations=8 (full 0):
 PSYoungGen      total 9728K, used 1888K [0x00000000eab00000, 0x00000000eb800000, 0x0000000100000000)
  eden space 7680K, 0% used [0x00000000eab00000,0x00000000eab00000,0x00000000eb280000)
  from space 2048K, 92% used [0x00000000eb500000,0x00000000eb6d8018,0x00000000eb700000)
  to   space 2560K, 0% used [0x00000000eb280000,0x00000000eb280000,0x00000000eb500000)
 ParOldGen       total 129536K, used 1831K [0x00000000c0000000, 0x00000000c7e80000, 0x00000000eab00000)
  object space 129536K, 1% used [0x00000000c0000000,0x00000000c01c9f70,0x00000000c7e80000)
 Metaspace       used 5549K, capacity 6576K, committed 6784K, reserved 1056768K
  class space    used 575K, capacity 616K, committed 640K, reserved 1048576K
}
Event: 0.597 GC heap before
{Heap before GC invocations=9 (full 0):
 PSYoungGen      total 9728K, used 9568K [0x00000000eab00000, 0x00000000eb800000, 0x0000000100000000)
  eden space 7680K, 100% used [0x00000000eab00000,0x00000000eb280000,0x00000000eb280000)
  from space 2048K, 92% used [0x00000000eb500000,0x00000000eb6d8018,0x00000000eb700000)
  to   space 2560K, 0% used [0x00000000eb280000,0x00000000eb280000,0x00000000eb500000)
 ParOldGen       total 129536K, used 1831K [0x00000000c0000000, 0x00000000c7e80000, 0x00000000eab00000)
  object space 129536K, 1% used [0x00000000c0000000,0x00000000c01c9f70,0x00000000c7e80000)
 Metaspace       used 5599K, capacity 6640K, committed 6784K, reserved 1056768K
  class space    used 575K, capacity 616K, committed 640K, reserved 1048576K
Event: 0.702 GC heap after
Heap after GC invocations=9 (full 0):
 PSYoungGen      total 10240K, used 2528K [0x00000000eab00000, 0x00000000eb800000, 0x0000000100000000)
  eden space 7680K, 0% used [0x00000000eab00000,0x00000000eab00000,0x00000000eb280000)
  from space 2560K, 98% used [0x00000000eb280000,0x00000000eb4f8018,0x00000000eb500000)
  to   space 2048K, 0% used [0x00000000eb500000,0x00000000eb500000,0x00000000eb700000)
 ParOldGen       total 129536K, used 2388K [0x00000000c0000000, 0x00000000c7e80000, 0x00000000eab00000)
  object space 129536K, 1% used [0x00000000c0000000,0x00000000c0255168,0x00000000c7e80000)
 Metaspace       used 5599K, capacity 6640K, committed 6784K, reserved 1056768K
  class space    used 575K, capacity 616K, committed 640K, reserved 1048576K
}
Event: 0.743 GC heap before
{Heap before GC invocations=10 (full 0):
 PSYoungGen      total 10240K, used 10208K [0x00000000eab00000, 0x00000000eb800000, 0x0000000100000000)
  eden space 7680K, 100% used [0x00000000eab00000,0x00000000eb280000,0x00000000eb280000)
  from space 2560K, 98% used [0x00000000eb280000,0x00000000eb4f8018,0x00000000eb500000)
  to   space 2048K, 0% used [0x00000000eb500000,0x00000000eb500000,0x00000000eb700000)
 ParOldGen       total 129536K, used 2388K [0x00000000c0000000, 0x00000000c7e80000, 0x00000000eab00000)
  object space 129536K, 1% used [0x00000000c0000000,0x00000000c0255168,0x00000000c7e80000)
 Metaspace       used 5612K, capacity 6640K, committed 6784K, reserved 1056768K
  class space    used 576K, capacity 616K, committed 640K, reserved 1048576K
Event: 0.746 GC heap after
Heap after GC invocations=10 (full 0):
 PSYoungGen      total 9728K, used 2048K [0x00000000eab00000, 0x00000000eb800000, 0x0000000100000000)
  eden space 7680K, 0% used [0x00000000eab00000,0x00000000eab00000,0x00000000eb280000)
  from space 2048K, 100% used [0x00000000eb500000,0x00000000eb700000,0x00000000eb700000)
  to   space 2560K, 0% used [0x00000000eb280000,0x00000000eb280000,0x00000000eb500000)
 ParOldGen       total 129536K, used 3837K [0x00000000c0000000, 0x00000000c7e80000, 0x00000000eab00000)
  object space 129536K, 2% used [0x00000000c0000000,0x00000000c03bf6b8,0x00000000c7e80000)
 Metaspace       used 5612K, capacity 6640K, committed 6784K, reserved 1056768K
  class space    used 576K, capacity 616K, committed 640K, reserved 1048576K
}
Event: 0.828 GC heap before
{Heap before GC invocations=11 (full 0):
 PSYoungGen      total 9728K, used 9728K [0x00000000eab00000, 0x00000000eb800000, 0x0000000100000000)
  eden space 7680K, 100% used [0x00000000eab00000,0x00000000eb280000,0x00000000eb280000)
  from space 2048K, 100% used [0x00000000eb500000,0x00000000eb700000,0x00000000eb700000)
  to   space 2560K, 0% used [0x00000000eb280000,0x00000000eb280000,0x00000000eb500000)
 ParOldGen       total 129536K, used 3837K [0x00000000c0000000, 0x00000000c7e80000, 0x00000000eab00000)
  object space 129536K, 2% used [0x00000000c0000000,0x00000000c03bf6b8,0x00000000c7e80000)
 Metaspace       used 5643K, capacity 6704K, committed 6784K, reserved 1056768K
  class space    used 576K, capacity 616K, committed 640K, reserved 1048576K
Event: 0.831 GC heap after
Heap after GC invocations=11 (full 0):
 PSYoungGen      total 10240K, used 1312K [0x00000000eab00000, 0x00000000eb800000, 0x0000000100000000)
  eden space 7680K, 0% used [0x00000000eab00000,0x00000000eab00000,0x00000000eb280000)
  from space 2560K, 51% used [0x00000000eb280000,0x00000000eb3c8000,0x00000000eb500000)
  to   space 2048K, 0% used [0x00000000eb500000,0x00000000eb500000,0x00000000eb700000)
 ParOldGen       total 129536K, used 5878K [0x00000000c0000000, 0x00000000c7e80000, 0x00000000eab00000)
  object space 129536K, 4% used [0x00000000c0000000,0x00000000c05bd920,0x00000000c7e80000)
 Metaspace       used 5643K, capacity 6704K, committed 6784K, reserved 1056768K
  class space    used 576K, capacity 616K, committed 640K, reserved 1048576K
}

Deoptimization events (10 events):
Event: 0.386 Thread 0x0000000002810800 Uncommon trap: reason=bimorphic action=maybe_recompile pc=0x0000000002bf6b1c method=com.android.dx.rop.code.RegisterSpec.hashCodeOf(ILcom/android/dx/rop/type/TypeBearer;Lcom/android/dx/rop/code/LocalItem;)I @ 18
Event: 0.386 Thread 0x0000000002810800 Uncommon trap: reason=bimorphic action=maybe_recompile pc=0x0000000002c08ecc method=com.android.dx.rop.code.RegisterSpec.equals(ILcom/android/dx/rop/type/TypeBearer;Lcom/android/dx/rop/code/LocalItem;)Z @ 13
Event: 0.386 Thread 0x0000000002810800 Uncommon trap: reason=bimorphic action=maybe_recompile pc=0x0000000002bf6b1c method=com.android.dx.rop.code.RegisterSpec.hashCodeOf(ILcom/android/dx/rop/type/TypeBearer;Lcom/android/dx/rop/code/LocalItem;)I @ 18
Event: 0.386 Thread 0x0000000002810800 Uncommon trap: reason=bimorphic action=maybe_recompile pc=0x0000000002c08ecc method=com.android.dx.rop.code.RegisterSpec.equals(ILcom/android/dx/rop/type/TypeBearer;Lcom/android/dx/rop/code/LocalItem;)Z @ 13
Event: 0.386 Thread 0x0000000002810800 Uncommon trap: reason=bimorphic action=maybe_recompile pc=0x0000000002bf6b1c method=com.android.dx.rop.code.RegisterSpec.hashCodeOf(ILcom/android/dx/rop/type/TypeBearer;Lcom/android/dx/rop/code/LocalItem;)I @ 18
Event: 0.386 Thread 0x0000000002810800 Uncommon trap: reason=bimorphic action=maybe_recompile pc=0x0000000002c08ecc method=com.android.dx.rop.code.RegisterSpec.equals(ILcom/android/dx/rop/type/TypeBearer;Lcom/android/dx/rop/code/LocalItem;)Z @ 13
Event: 0.386 Thread 0x0000000002810800 Uncommon trap: reason=bimorphic action=maybe_recompile pc=0x0000000002c08ecc method=com.android.dx.rop.code.RegisterSpec.equals(ILcom/android/dx/rop/type/TypeBearer;Lcom/android/dx/rop/code/LocalItem;)Z @ 13
Event: 0.479 Thread 0x00000000165e3000 Uncommon trap: reason=bimorphic action=maybe_recompile pc=0x0000000002c5e7e0 method=com.android.dx.rop.code.RegisterSpec.hashCodeOf(ILcom/android/dx/rop/type/TypeBearer;Lcom/android/dx/rop/code/LocalItem;)I @ 18
Event: 0.479 Thread 0x00000000165e3000 Uncommon trap: reason=bimorphic action=maybe_recompile pc=0x0000000002c0bc80 method=com.android.dx.rop.code.RegisterSpec.equals(ILcom/android/dx/rop/type/TypeBearer;Lcom/android/dx/rop/code/LocalItem;)Z @ 13
Event: 0.862 Thread 0x000000001664c000 Uncommon trap: reason=unreached action=reinterpret pc=0x0000000002c8f91c method=com.android.dx.rop.cst.Constant.compareTo(Lcom/android/dx/rop/cst/Constant;)I @ 12

Internal exceptions (10 events):
Event: 0.292 Thread 0x000000001664f000 Exception <a 'java/security/PrivilegedActionException'> (0x00000000eae81cf0) thrown at [D:\re\workspace\8-2-build-windows-amd64-cygwin\jdk8u5\2488\hotspot\src\share\vm\prims\jvm.cpp, line 1248]
Event: 0.293 Thread 0x000000001664f000 Exception <a 'java/security/PrivilegedActionException'> (0x00000000eae86008) thrown at [D:\re\workspace\8-2-build-windows-amd64-cygwin\jdk8u5\2488\hotspot\src\share\vm\prims\jvm.cpp, line 1248]
Event: 0.293 Thread 0x000000001664f000 Exception <a 'java/security/PrivilegedActionException'> (0x00000000eae907f0) thrown at [D:\re\workspace\8-2-build-windows-amd64-cygwin\jdk8u5\2488\hotspot\src\share\vm\prims\jvm.cpp, line 1248]
Event: 0.293 Thread 0x000000001664f000 Exception <a 'java/security/PrivilegedActionException'> (0x00000000eae93780) thrown at [D:\re\workspace\8-2-build-windows-amd64-cygwin\jdk8u5\2488\hotspot\src\share\vm\prims\jvm.cpp, line 1248]
Event: 0.299 Thread 0x00000000165e3000 Exception <a 'java/security/PrivilegedActionException'> (0x00000000eaeb47c8) thrown at [D:\re\workspace\8-2-build-windows-amd64-cygwin\jdk8u5\2488\hotspot\src\share\vm\prims\jvm.cpp, line 1248]
Event: 0.299 Thread 0x00000000165e3000 Exception <a 'java/security/PrivilegedActionException'> (0x00000000eaebfac0) thrown at [D:\re\workspace\8-2-build-windows-amd64-cygwin\jdk8u5\2488\hotspot\src\share\vm\prims\jvm.cpp, line 1248]
Event: 0.365 Thread 0x000000001664c000 Exception <a 'java/security/PrivilegedActionException'> (0x00000000eacba778) thrown at [D:\re\workspace\8-2-build-windows-amd64-cygwin\jdk8u5\2488\hotspot\src\share\vm\prims\jvm.cpp, line 1248]
Event: 0.423 Thread 0x000000001664c000 Exception <a 'java/security/PrivilegedActionException'> (0x00000000eacd9cf8) thrown at [D:\re\workspace\8-2-build-windows-amd64-cygwin\jdk8u5\2488\hotspot\src\share\vm\prims\jvm.cpp, line 1248]
Event: 0.727 Thread 0x000000001664f000 Exception <a 'java/security/PrivilegedActionException'> (0x00000000eb09c270) thrown at [D:\re\workspace\8-2-build-windows-amd64-cygwin\jdk8u5\2488\hotspot\src\share\vm\prims\jvm.cpp, line 1248]
Event: 0.729 Thread 0x000000001664f000 Exception <a 'java/security/PrivilegedActionException'> (0x00000000eb123ce0) thrown at [D:\re\workspace\8-2-build-windows-amd64-cygwin\jdk8u5\2488\hotspot\src\share\vm\prims\jvm.cpp, line 1248]

Events (10 events):
Event: 0.727 loading class com/android/dx/dex/file/FieldAnnotationStruct done
Event: 0.729 loading class com/android/dx/dex/file/MethodAnnotationStruct
Event: 0.729 loading class com/android/dx/dex/file/MethodAnnotationStruct done
Event: 0.739 Executing VM operation: ParallelGCFailedAllocation
Event: 0.746 Executing VM operation: ParallelGCFailedAllocation done
Event: 0.813 Executing VM operation: ParallelGCFailedAllocation
Event: 0.831 Executing VM operation: ParallelGCFailedAllocation done
Event: 0.862 Thread 0x000000001664c000 Uncommon trap: trap_request=0xffffffad fr.pc=0x0000000002c8f91c
Event: 0.862 Thread 0x000000001664c000 DEOPT PACKING pc=0x0000000002c8f91c sp=0x000000001792e530
Event: 0.862 Thread 0x000000001664c000 DEOPT UNPACKING pc=0x00000000029555af sp=0x000000001792e4d0 mode 2


Dynamic libraries:
0x00007ff7b1cb0000 - 0x00007ff7b1ce4000 	D:\jdk\bin\java.exe
0x00007ffd1f340000 - 0x00007ffd1f4e9000 	C:\Windows\SYSTEM32\ntdll.dll
0x00007ffd1cbd0000 - 0x00007ffd1cd09000 	C:\Windows\system32\KERNEL32.DLL
0x00007ffd1c840000 - 0x00007ffd1c94e000 	C:\Windows\system32\KERNELBASE.dll
0x00007ffd1e970000 - 0x00007ffd1ea15000 	C:\Windows\system32\ADVAPI32.dll
0x00007ffd1e6f0000 - 0x00007ffd1e861000 	C:\Windows\system32\USER32.dll
0x00007ffd1a700000 - 0x00007ffd1a95a000 	C:\Windows\WinSxS\amd64_microsoft.windows.common-controls_6595b64144ccf1df_6.0.9600.16384_none_62475f7becb72503\COMCTL32.dll
0x00007ffd1e450000 - 0x00007ffd1e4f7000 	C:\Windows\system32\msvcrt.dll
0x00007ffd1ea20000 - 0x00007ffd1ea77000 	C:\Windows\SYSTEM32\sechost.dll
0x00007ffd1f200000 - 0x00007ffd1f336000 	C:\Windows\system32\RPCRT4.dll
0x00007ffd1ec90000 - 0x00007ffd1edd5000 	C:\Windows\system32\GDI32.dll
0x00007ffd1cf20000 - 0x00007ffd1cf54000 	C:\Windows\system32\IMM32.DLL
0x00007ffd1cdd0000 - 0x00007ffd1cf09000 	C:\Windows\system32\MSCTF.dll
0x000000006afa0000 - 0x000000006b072000 	D:\jdk\jre\bin\msvcr100.dll
0x000000006b470000 - 0x000000006bc9a000 	D:\jdk\jre\bin\server\jvm.dll
0x00007ffd19ee0000 - 0x00007ffd19ee9000 	C:\Windows\SYSTEM32\WSOCK32.dll
0x00007ffd18480000 - 0x00007ffd1849f000 	C:\Windows\SYSTEM32\WINMM.dll
0x00007ffd1cd10000 - 0x00007ffd1cd17000 	C:\Windows\system32\PSAPI.DLL
0x00007ffd1ea90000 - 0x00007ffd1eae8000 	C:\Windows\system32\WS2_32.dll
0x00007ffd18320000 - 0x00007ffd1834a000 	C:\Windows\SYSTEM32\WINMMBASE.dll
0x00007ffd1cf10000 - 0x00007ffd1cf19000 	C:\Windows\system32\NSI.dll
0x00007ffd1c950000 - 0x00007ffd1c99a000 	C:\Windows\SYSTEM32\cfgmgr32.dll
0x00007ffd1b570000 - 0x00007ffd1b596000 	C:\Windows\SYSTEM32\DEVOBJ.dll
0x000000006bec0000 - 0x000000006becf000 	D:\jdk\jre\bin\verify.dll
0x000000006be90000 - 0x000000006beb8000 	D:\jdk\jre\bin\java.dll
0x000000006be70000 - 0x000000006be86000 	D:\jdk\jre\bin\zip.dll
0x00007ffd1d040000 - 0x00007ffd1e44d000 	C:\Windows\system32\SHELL32.dll
0x00007ffd1f020000 - 0x00007ffd1f1f7000 	C:\Windows\SYSTEM32\combase.dll
0x00007ffd1cf80000 - 0x00007ffd1cfd1000 	C:\Windows\system32\SHLWAPI.dll
0x00007ffd1ad50000 - 0x00007ffd1adf1000 	C:\Windows\SYSTEM32\SHCORE.dll
0x00007ffd1c6c0000 - 0x00007ffd1c6d4000 	C:\Windows\SYSTEM32\profapi.dll

VM Arguments:
jvm_args: -Djava.awt.headless=true -Xmx1024M -Dfile.encoding=GBK -Duser.country=CN -Duser.language=zh -Duser.variant 
java_command: com.android.dx.command.Main --dex --force-jumbo --num-threads=4 --output E:\Sports\app\build\intermediates\pre-dexed\debug\jpush-android-2.1.0_1d7ffda134d31503033077e14f5048c0f81442d1.jar E:\Sports\app\libs\jpush-android-2.1.0.jar
java_class_path (initial): D:\android\AppData\Local\Android\sdk\build-tools\24.0.0\lib\dx.jar
Launcher Type: SUN_STANDARD

Environment Variables:
JAVA_HOME=D:\jdk
PATH=C:\Windows\system32;C:\Windows;C:\Windows\System32\Wbem;C:\Windows\System32\WindowsPowerShell\v1.0\;D:\jdk\bin;D:\jdk\jre\bin;D:\android\AppData\Local\Android\sdk\tools;D:\android\AppData\Local\Android\sdk\platform-tools;C:\Program Files (x86)\NVIDIA Corporation\PhysX\Common
USERNAME=Administrator
OS=Windows_NT
PROCESSOR_IDENTIFIER=Intel64 Family 6 Model 60 Stepping 3, GenuineIntel



---------------  S Y S T E M  ---------------

OS: Windows 8.1 , 64 bit Build 9600 

CPU:total 4 (4 cores per cpu, 1 threads per core) family 6 model 60 stepping 3, cmov, cx8, fxsr, mmx, sse, sse2, sse3, ssse3, sse4.1, sse4.2, popcnt, avx, avx2, aes, clmul, erms, tsc, tscinvbit

Memory: 4k page, physical 8273724k(1873672k free), swap 8273724k(5172k free)

vm_info: Java HotSpot(TM) 64-Bit Server VM (25.5-b02) for windows-amd64 JRE (1.8.0_05-b13), built on Mar 18 2014 01:08:39 by "java_re" with MS VC++ 10.0 (VS2010)

time: Wed Aug 03 16:30:36 2016
elapsed time: 0 seconds

