#
# There is insufficient memory for the Java Runtime Environment to continue.
# Native memory allocation (malloc) failed to allocate 32744 bytes for ChunkPool::allocate
# Possible reasons:
#   The system is out of physical RAM or swap space
#   In 32 bit mode, the process size limit was hit
# Possible solutions:
#   Reduce memory load on the system
#   Increase physical memory or swap space
#   Check if swap backing store is full
#   Use 64 bit Java on a 64 bit OS
#   Decrease Java heap size (-Xmx/-Xms)
#   Decrease number of Java threads
#   Decrease Java thread stack sizes (-Xss)
#   Set larger code cache with -XX:ReservedCodeCacheSize=
# This output file may be truncated or incomplete.
#
#  Out of Memory Error (allocation.cpp:271), pid=13936, tid=13504
#
# JRE version: Java(TM) SE Runtime Environment (8.0_05-b13) (build 1.8.0_05-b13)
# Java VM: Java HotSpot(TM) 64-Bit Server VM (25.5-b02 mixed mode windows-amd64 compressed oops)
# Failed to write core dump. Minidumps are not enabled by default on client versions of Windows
#

---------------  T H R E A D  ---------------

Current thread (0x0000000014ebc800):  JavaThread "C1 CompilerThread2" daemon [_thread_in_native, id=13504, stack(0x00000000169c0000,0x0000000016ac0000)]

Stack: [0x00000000169c0000,0x0000000016ac0000]
Native frames: (J=compiled Java code, j=interpreted, Vv=VM code, C=native code)
V  [jvm.dll+0x308dea]


Current CompileTask:
C1:    136   22       3       java.io.DataInputStream::readUTF (501 bytes)


---------------  P R O C E S S  ---------------

Java Threads: ( => current thread )
  0x000000001621c000 JavaThread "Service Thread" daemon [_thread_blocked, id=9448, stack(0x0000000016ac0000,0x0000000016bc0000)]
=>0x0000000014ebc800 JavaThread "C1 CompilerThread2" daemon [_thread_in_native, id=13504, stack(0x00000000169c0000,0x0000000016ac0000)]
  0x0000000014eba000 JavaThread "C2 CompilerThread1" daemon [_thread_blocked, id=13500, stack(0x00000000168c0000,0x00000000169c0000)]
  0x0000000014e71000 JavaThread "C2 CompilerThread0" daemon [_thread_blocked, id=13188, stack(0x00000000167c0000,0x00000000168c0000)]
  0x0000000014e6f800 JavaThread "Attach Listener" daemon [_thread_blocked, id=12872, stack(0x00000000166c0000,0x00000000167c0000)]
  0x0000000016203800 JavaThread "Signal Dispatcher" daemon [_thread_blocked, id=7276, stack(0x00000000165c0000,0x00000000166c0000)]
  0x0000000002784000 JavaThread "Finalizer" daemon [_thread_blocked, id=14072, stack(0x00000000160c0000,0x00000000161c0000)]
  0x0000000002779000 JavaThread "Reference Handler" daemon [_thread_blocked, id=13952, stack(0x0000000015fc0000,0x00000000160c0000)]
  0x0000000002690800 JavaThread "main" [_thread_in_vm, id=12612, stack(0x0000000002590000,0x0000000002690000)]

Other Threads:
  0x0000000014e27000 VMThread [stack: 0x0000000015ec0000,0x0000000015fc0000] [id=13904]
  0x0000000016226800 WatcherThread [stack: 0x0000000016bc0000,0x0000000016cc0000] [id=3808]

VM state:not at safepoint (normal execution)

VM Mutex/Monitor currently owned by a thread: None

Heap:
 PSYoungGen      total 1024K, used 785K [0x00000000eab00000, 0x00000000ead00000, 0x0000000100000000)
  eden space 512K, 55% used [0x00000000eab00000,0x00000000eab466b8,0x00000000eab80000)
  from space 512K, 98% used [0x00000000eab80000,0x00000000eabfe030,0x00000000eac00000)
  to   space 512K, 0% used [0x00000000eac80000,0x00000000eac80000,0x00000000ead00000)
 ParOldGen       total 129536K, used 0K [0x00000000c0000000, 0x00000000c7e80000, 0x00000000eab00000)
  object space 129536K, 0% used [0x00000000c0000000,0x00000000c0000000,0x00000000c7e80000)
 Metaspace       used 2605K, capacity 4480K, committed 4480K, reserved 1056768K
  class space    used 278K, capacity 384K, committed 384K, reserved 1048576K

Card table byte_map: [0x0000000011b50000,0x0000000011d60000] byte_map_base: 0x0000000011550000

Marking Bits: (ParMarkBitMap*) 0x000000006bc213b0
 Begin Bits: [0x00000000122c0000, 0x00000000132c0000)
 End Bits:   [0x00000000132c0000, 0x00000000142c0000)

Polling page: 0x0000000000a80000

CodeCache: size=245760Kb used=1095Kb max_used=1095Kb free=244664Kb
 bounds [0x0000000002790000, 0x0000000002a00000, 0x0000000011790000]
 total_blobs=256 nmethods=21 adapters=150
 compilation: enabled

Compilation events (10 events):
Event: 0.117 Thread 0x0000000014ebc800 nmethod 17 0x000000000289e9d0 code [0x000000000289eb80, 0x000000000289efb8]
Event: 0.132 Thread 0x0000000014ebc800   18       1       java.lang.Object::<init> (1 bytes)
Event: 0.132 Thread 0x0000000014ebc800 nmethod 18 0x00000000028a0610 code [0x00000000028a0760, 0x00000000028a0870]
Event: 0.132 Thread 0x0000000014ebc800   19       3       java.io.BufferedInputStream::getBufIfOpen (21 bytes)
Event: 0.132 Thread 0x0000000014ebc800 nmethod 19 0x00000000028a08d0 code [0x00000000028a0a40, 0x00000000028a0c48]
Event: 0.133 Thread 0x0000000014ebc800   20       3       java.lang.String::<init> (62 bytes)
Event: 0.133 Thread 0x0000000014ebc800 nmethod 20 0x00000000028a0d10 code [0x00000000028a0ec0, 0x00000000028a12d8]
Event: 0.133 Thread 0x0000000014ebc800   21  s    3       java.io.BufferedInputStream::read (49 bytes)
Event: 0.133 Thread 0x0000000014ebc800 nmethod 21 0x00000000028a1510 code [0x00000000028a16a0, 0x00000000028a1bd8]
Event: 0.133 Thread 0x0000000014ebc800   22       3       java.io.DataInputStream::readUTF (501 bytes)

GC Heap History (2 events):
Event: 0.057 GC heap before
{Heap before GC invocations=1 (full 0):
 PSYoungGen      total 1024K, used 508K [0x00000000eab00000, 0x00000000eac80000, 0x0000000100000000)
  eden space 512K, 99% used [0x00000000eab00000,0x00000000eab7f368,0x00000000eab80000)
  from space 512K, 0% used [0x00000000eac00000,0x00000000eac00000,0x00000000eac80000)
  to   space 512K, 0% used [0x00000000eab80000,0x00000000eab80000,0x00000000eac00000)
 ParOldGen       total 129536K, used 0K [0x00000000c0000000, 0x00000000c7e80000, 0x00000000eab00000)
  object space 129536K, 0% used [0x00000000c0000000,0x00000000c0000000,0x00000000c7e80000)
 Metaspace       used 1835K, capacity 4480K, committed 4480K, reserved 1056768K
  class space    used 204K, capacity 384K, committed 384K, reserved 1048576K
Event: 0.059 GC heap after
Heap after GC invocations=1 (full 0):
 PSYoungGen      total 1024K, used 504K [0x00000000eab00000, 0x00000000ead00000, 0x0000000100000000)
  eden space 512K, 0% used [0x00000000eab00000,0x00000000eab00000,0x00000000eab80000)
  from space 512K, 98% used [0x00000000eab80000,0x00000000eabfe030,0x00000000eac00000)
  to   space 512K, 0% used [0x00000000eac80000,0x00000000eac80000,0x00000000ead00000)
 ParOldGen       total 129536K, used 0K [0x00000000c0000000, 0x00000000c7e80000, 0x00000000eab00000)
  object space 129536K, 0% used [0x00000000c0000000,0x00000000c0000000,0x00000000c7e80000)
 Metaspace       used 1835K, capacity 4480K, committed 4480K, reserved 1056768K
  class space    used 204K, capacity 384K, committed 384K, reserved 1048576K
}

Deoptimization events (0 events):
No events

Internal exceptions (3 events):
Event: 0.033 Thread 0x0000000002690800 Exception <a 'java/lang/NoSuchMethodError': Method sun.misc.Unsafe.defineClass(Ljava/lang/String;[BII)Ljava/lang/Class; name or signature does not match> (0x00000000eab14b78) thrown at [D:\re\workspace\8-2-build-windows-amd64-cygwin\jdk8u5\2488\hotspot\src€U_ÎN(¡?
Event: 0.034 Thread 0x0000000002690800 Exception <a 'java/lang/NoSuchMethodError': Method sun.misc.Unsafe.prefetchRead(Ljava/lang/Object;J)V name or signature does not match> (0x00000000eab14e08) thrown at [D:\re\workspace\8-2-build-windows-amd64-cygwin\jdk8u5\2488\hotspot\src\share\vm\prims\jn[ÚÄ¾¾?
Event: 0.120 Thread 0x0000000002690800 Exception <a 'java/security/PrivilegedActionException'> (0x00000000eab26e88) thrown at [D:\re\workspace\8-2-build-windows-amd64-cygwin\jdk8u5\2488\hotspot\src\share\vm\prims\jvm.cpp, line 1248]

Events (10 events):
Event: 0.129 loading class sun/util/calendar/ZoneInfo
Event: 0.129 loading class sun/util/calendar/ZoneInfo done
Event: 0.129 loading class sun/util/calendar/ZoneInfoFile
Event: 0.129 loading class sun/util/calendar/ZoneInfoFile done
Event: 0.129 loading class sun/util/calendar/ZoneInfoFile$1
Event: 0.132 loading class sun/util/calendar/ZoneInfoFile$1 done
Event: 0.132 loading class java/io/DataInputStream
Event: 0.132 loading class java/io/DataInput
Event: 0.132 loading class java/io/DataInput done
Event: 0.132 loading class java/io/DataInputStream done


Dynamic libraries:
0x00007ff7b1cb0000 - 0x00007ff7b1ce4000 	D:\jdk\bin\java.exe
0x00007ffd1f340000 - 0x00007ffd1f4e9000 	C:\Windows\SYSTEM32\ntdll.dll
0x00007ffd1cbd0000 - 0x00007ffd1cd09000 	C:\Windows\system32\KERNEL32.DLL
0x00007ffd1c840000 - 0x00007ffd1c94e000 	C:\Windows\system32\KERNELBASE.dll
0x00007ffd1e970000 - 0x00007ffd1ea15000 	C:\Windows\system32\ADVAPI32.dll
0x00007ffd1e6f0000 - 0x00007ffd1e861000 	C:\Windows\system32\USER32.dll
0x00007ffd1a700000 - 0x00007ffd1a95a000 	C:\Windows\WinSxS\amd64_microsoft.windows.common-controls_6595b64144ccf1df_6.0.9600.16384_none_62475f7becb72503\COMCTL32.dll
0x00007ffd1e450000 - 0x00007ffd1e4f7000 	C:\Windows\system32\msvcrt.dll
0x00007ffd1ea20000 - 0x00007ffd1ea77000 	C:\Windows\SYSTEM32\sechost.dll
0x00007ffd1f200000 - 0x00007ffd1f336000 	C:\Windows\system32\RPCRT4.dll
0x00007ffd1ec90000 - 0x00007ffd1edd5000 	C:\Windows\system32\GDI32.dll
0x00007ffd1cf20000 - 0x00007ffd1cf54000 	C:\Windows\system32\IMM32.DLL
0x00007ffd1cdd0000 - 0x00007ffd1cf09000 	C:\Windows\system32\MSCTF.dll
0x000000006afa0000 - 0x000000006b072000 	D:\jdk\jre\bin\msvcr100.dll
0x000000006b470000 - 0x000000006bc9a000 	D:\jdk\jre\bin\server\jvm.dll
0x00007ffd19ee0000 - 0x00007ffd19ee9000 	C:\Windows\SYSTEM32\WSOCK32.dll
0x00007ffd18480000 - 0x00007ffd1849f000 	C:\Windows\SYSTEM32\WINMM.dll
0x00007ffd1cd10000 - 0x00007ffd1cd17000 	C:\Windows\system32\PSAPI.DLL
0x00007ffd1ea90000 - 0x00007ffd1eae8000 	C:\Windows\system32\WS2_32.dll
0x00007ffd18320000 - 0x00007ffd1834a000 	C:\Windows\SYSTEM32\WINMMBASE.dll
0x00007ffd1cf10000 - 0x00007ffd1cf19000 	C:\Windows\system32\NSI.dll
0x00007ffd1c950000 - 0x00007ffd1c99a000 	C:\Windows\SYSTEM32\cfgmgr32.dll
0x00007ffd1b570000 - 0x00007ffd1b596000 	C:\Windows\SYSTEM32\DEVOBJ.dll
0x000000006bec0000 - 0x000000006becf000 	D:\jdk\jre\bin\verify.dll
0x000000006be90000 - 0x000000006beb8000 	D:\jdk\jre\bin\java.dll
0x000000006be70000 - 0x000000006be86000 	D:\jdk\jre\bin\zip.dll
0x00007ffd1d040000 - 0x00007ffd1e44d000 	C:\Windows\system32\SHELL32.dll
0x00007ffd1f020000 - 0x00007ffd1f1f7000 	C:\Windows\SYSTEM32\combase.dll
0x00007ffd1cf80000 - 0x00007ffd1cfd1000 	C:\Windows\system32\SHLWAPI.dll
0x00007ffd1ad50000 - 0x00007ffd1adf1000 	C:\Windows\SYSTEM32\SHCORE.dll
0x00007ffd1c6c0000 - 0x00007ffd1c6d4000 	C:\Windows\SYSTEM32\profapi.dll
0x00007ffd132f0000 - 0x00007ffd13478000 	C:\Windows\SYSTEM32\dbghelp.dll

VM Arguments:
jvm_args: -Djava.awt.headless=true -Xmx1024M -Dfile.encoding=GBK -Duser.country=CN -Duser.language=zh -Duser.variant 
java_command: com.android.dx.command.Main --dex --force-jumbo --num-threads=4 --output E:\Sports\app\build\intermediates\pre-dexed\debug\jackson-databind-2.7.0_f2e793bee2bbe42249aa70405c900d1025754e24.jar E:\Sports\app\libs\jackson-databind-2.7.0.jar
java_class_path (initial): D:\android\AppData\Local\Android\sdk\build-tools\24.0.0\lib\dx.jar
Launcher Type: SUN_STANDARD

Environment Variables:
JAVA_HOME=D:\jdk
PATH=C:\Windows\system32;C:\Windows;C:\Windows\System32\Wbem;C:\Windows\System32\WindowsPowerShell\v1.0\;D:\jdk\bin;D:\jdk\jre\bin;D:\android\AppData\Local\Android\sdk\tools;D:\android\AppData\Local\Android\sdk\platform-tools;C:\Program Files (x86)\NVIDIA Corporation\PhysX\Common
USERNAME=Administrator
OS=Windows_NT
PROCESSOR_IDENTIFIER=Intel64 Family 6 Model 60 Stepping 3, GenuineIntel



---------------  S Y S T E M  ---------------

OS: Windows 8.1 , 64 bit Build 9600 

CPU:total 4 (4 cores per cpu, 1 threads per core) family 6 model 60 stepping 3, cmov, cx8, fxsr, mmx, sse, sse2, sse3, ssse3, sse4.1, sse4.2, popcnt, avx, avx2, aes, clmul, erms, tsc, tscinvbit

Memory: 4k page, physical 8273724k(1995344k free), swap 8273724k(5072k free)

vm_info: Java HotSpot(TM) 64-Bit Server VM (25.5-b02) for windows-amd64 JRE (1.8.0_05-b13), built on Mar 18 2014 01:08:39 by "java_re" with MS VC++ 10.0 (VS2010)

time: Wed Aug 03 16:30:35 2016
elapsed time: 0 seconds

