#
# There is insufficient memory for the Java Runtime Environment to continue.
# Native memory allocation (malloc) failed to allocate 71952 bytes for Chunk::new
# Possible reasons:
#   The system is out of physical RAM or swap space
#   In 32 bit mode, the process size limit was hit
# Possible solutions:
#   Reduce memory load on the system
#   Increase physical memory or swap space
#   Check if swap backing store is full
#   Use 64 bit Java on a 64 bit OS
#   Decrease Java heap size (-Xmx/-Xms)
#   Decrease number of Java threads
#   Decrease Java thread stack sizes (-Xss)
#   Set larger code cache with -XX:ReservedCodeCacheSize=
# This output file may be truncated or incomplete.
#
#  Out of Memory Error (allocation.cpp:388), pid=8728, tid=12200
#
# JRE version: Java(TM) SE Runtime Environment (8.0_05-b13) (build 1.8.0_05-b13)
# Java VM: Java HotSpot(TM) 64-Bit Server VM (25.5-b02 mixed mode windows-amd64 compressed oops)
# Failed to write core dump. Minidumps are not enabled by default on client versions of Windows
#

---------------  T H R E A D  ---------------

Current thread (0x0000000014a4b800):  JavaThread "C2 CompilerThread1" daemon [_thread_in_native, id=12200, stack(0x00000000164a0000,0x00000000165a0000)]

Stack: [0x00000000164a0000,0x00000000165a0000]
Native frames: (J=compiled Java code, j=interpreted, Vv=VM code, C=native code)
V  [jvm.dll+0x308dea]
V  [jvm.dll+0x25def1]
V  [jvm.dll+0x25eb0f]
V  [jvm.dll+0x2564e5]
V  [jvm.dll+0xbcfc5]
V  [jvm.dll+0xbd45c]
V  [jvm.dll+0x44d9cd]
V  [jvm.dll+0x48e13f]
V  [jvm.dll+0x442075]
V  [jvm.dll+0x44366b]
V  [jvm.dll+0x427532]
V  [jvm.dll+0x96702]
V  [jvm.dll+0x96ef3]
V  [jvm.dll+0x2232c4]
V  [jvm.dll+0x27baca]
C  [msvcr100.dll+0x21d9f]
C  [msvcr100.dll+0x21e3b]
C  [KERNEL32.DLL+0x15dd]
C  [ntdll.dll+0x764ad]


Current CompileTask:
C2:   1587 1568       4       com.android.dx.ssa.SCCP::simulateStmt (481 bytes)


---------------  P R O C E S S  ---------------

Java Threads: ( => current thread )
  0x0000000014a8d800 JavaThread "Service Thread" daemon [_thread_blocked, id=12728, stack(0x00000000166a0000,0x00000000167a0000)]
  0x0000000014a4f000 JavaThread "C1 CompilerThread2" daemon [_thread_blocked, id=10392, stack(0x00000000165a0000,0x00000000166a0000)]
=>0x0000000014a4b800 JavaThread "C2 CompilerThread1" daemon [_thread_in_native, id=12200, stack(0x00000000164a0000,0x00000000165a0000)]
  0x0000000014a40800 JavaThread "C2 CompilerThread0" daemon [_thread_in_vm, id=6860, stack(0x00000000163a0000,0x00000000164a0000)]
  0x0000000014a3f800 JavaThread "Attach Listener" daemon [_thread_blocked, id=13128, stack(0x00000000162a0000,0x00000000163a0000)]
  0x0000000015de3800 JavaThread "Signal Dispatcher" daemon [_thread_blocked, id=9236, stack(0x00000000161a0000,0x00000000162a0000)]
  0x000000000234e000 JavaThread "Finalizer" daemon [_thread_blocked, id=11880, stack(0x0000000015ca0000,0x0000000015da0000)]
  0x0000000002349000 JavaThread "Reference Handler" daemon [_thread_blocked, id=8928, stack(0x0000000015ba0000,0x0000000015ca0000)]
  0x0000000002260800 JavaThread "main" [_thread_blocked, id=13288, stack(0x0000000001e40000,0x0000000001f40000)]

Other Threads:
  0x00000000149f7000 VMThread [stack: 0x0000000015aa0000,0x0000000015ba0000] [id=13028]
  0x0000000015e0d800 WatcherThread [stack: 0x00000000167a0000,0x00000000168a0000] [id=2604]

VM state:not at safepoint (normal execution)

VM Mutex/Monitor currently owned by a thread:  ([mutex/lock_event])
[0x0000000001e3e530] Compile_lock - owner thread: 0x0000000002260800

Heap:
 PSYoungGen      total 38400K, used 8145K [0x00000000eab00000, 0x00000000ed600000, 0x0000000100000000)
  eden space 34304K, 15% used [0x00000000eab00000,0x00000000eb034608,0x00000000ecc80000)
  from space 4096K, 68% used [0x00000000ed100000,0x00000000ed3c0000,0x00000000ed500000)
  to   space 4608K, 0% used [0x00000000ecc80000,0x00000000ecc80000,0x00000000ed100000)
 ParOldGen       total 129536K, used 13226K [0x00000000c0000000, 0x00000000c7e80000, 0x00000000eab00000)
  object space 129536K, 10% used [0x00000000c0000000,0x00000000c0cea9f0,0x00000000c7e80000)
 Metaspace       used 6716K, capacity 7384K, committed 7680K, reserved 1056768K
  class space    used 675K, capacity 720K, committed 768K, reserved 1048576K

Card table byte_map: [0x0000000011720000,0x0000000011930000] byte_map_base: 0x0000000011120000

Marking Bits: (ParMarkBitMap*) 0x000000006bc213b0
 Begin Bits: [0x0000000011e90000, 0x0000000012e90000)
 End Bits:   [0x0000000012e90000, 0x0000000013e90000)

Polling page: 0x0000000001dd0000

CodeCache: size=245760Kb used=7617Kb max_used=7617Kb free=238142Kb
 bounds [0x0000000002360000, 0x0000000002ae0000, 0x0000000011360000]
 total_blobs=2323 nmethods=2047 adapters=188
 compilation: enabled

Compilation events (10 events):
Event: 1.288 Thread 0x0000000014a4f000 1610       2       java.util.HashMap$HashIterator::nextNode (100 bytes)
Event: 1.288 Thread 0x0000000014a4f000 nmethod 1610 0x0000000002985610 code [0x00000000029857a0, 0x0000000002985af8]
Event: 1.293 Thread 0x0000000014a4f000 1611       2       com.android.dx.dex.cf.CfTranslator::translate0 (259 bytes)
Event: 1.294 Thread 0x0000000014a4f000 nmethod 1611 0x0000000002987850 code [0x0000000002987b20, 0x0000000002988818]
Event: 1.294 Thread 0x0000000014a4f000 1613       2       java.lang.Integer::bitCount (49 bytes)
Event: 1.294 Thread 0x0000000014a4f000 nmethod 1613 0x00000000029852d0 code [0x0000000002985420, 0x0000000002985590]
Event: 1.294 Thread 0x0000000014a4f000 1614       2       com.android.dx.rop.code.Insn$BaseVisitor::visitThrowingInsn (1 bytes)
Event: 1.294 Thread 0x0000000014a4f000 nmethod 1614 0x0000000002984f90 code [0x00000000029850e0, 0x0000000002985230]
Event: 1.294 Thread 0x0000000014a4f000 1615       2       com.android.dx.cf.code.BytecodeArray$ConstantParserVisitor::visitConstant (18 bytes)
Event: 1.294 Thread 0x0000000014a4f000 nmethod 1615 0x0000000002984c50 code [0x0000000002984da0, 0x0000000002984f10]

GC Heap History (10 events):
Event: 0.793 GC heap before
{Heap before GC invocations=9 (full 0):
 PSYoungGen      total 10240K, used 9856K [0x00000000eab00000, 0x00000000eb700000, 0x0000000100000000)
  eden space 8192K, 100% used [0x00000000eab00000,0x00000000eb300000,0x00000000eb300000)
  from space 2048K, 81% used [0x00000000eb500000,0x00000000eb6a0018,0x00000000eb700000)
  to   space 2048K, 0% used [0x00000000eb300000,0x00000000eb300000,0x00000000eb500000)
 ParOldGen       total 129536K, used 1706K [0x00000000c0000000, 0x00000000c7e80000, 0x00000000eab00000)
  object space 129536K, 1% used [0x00000000c0000000,0x00000000c01aa968,0x00000000c7e80000)
 Metaspace       used 5687K, capacity 6704K, committed 6784K, reserved 1056768K
  class space    used 584K, capacity 616K, committed 640K, reserved 1048576K
Event: 0.798 GC heap after
Heap after GC invocations=9 (full 0):
 PSYoungGen      total 10240K, used 2032K [0x00000000eab00000, 0x00000000ebe00000, 0x0000000100000000)
  eden space 8192K, 0% used [0x00000000eab00000,0x00000000eab00000,0x00000000eb300000)
  from space 2048K, 99% used [0x00000000eb300000,0x00000000eb4fc028,0x00000000eb500000)
  to   space 3072K, 0% used [0x00000000ebb00000,0x00000000ebb00000,0x00000000ebe00000)
 ParOldGen       total 129536K, used 2777K [0x00000000c0000000, 0x00000000c7e80000, 0x00000000eab00000)
  object space 129536K, 2% used [0x00000000c0000000,0x00000000c02b6600,0x00000000c7e80000)
 Metaspace       used 5687K, capacity 6704K, committed 6784K, reserved 1056768K
  class space    used 584K, capacity 616K, committed 640K, reserved 1048576K
}
Event: 1.046 GC heap before
{Heap before GC invocations=10 (full 0):
 PSYoungGen      total 10240K, used 10224K [0x00000000eab00000, 0x00000000ebe00000, 0x0000000100000000)
  eden space 8192K, 100% used [0x00000000eab00000,0x00000000eb300000,0x00000000eb300000)
  from space 2048K, 99% used [0x00000000eb300000,0x00000000eb4fc028,0x00000000eb500000)
  to   space 3072K, 0% used [0x00000000ebb00000,0x00000000ebb00000,0x00000000ebe00000)
 ParOldGen       total 129536K, used 2777K [0x00000000c0000000, 0x00000000c7e80000, 0x00000000eab00000)
  object space 129536K, 2% used [0x00000000c0000000,0x00000000c02b6600,0x00000000c7e80000)
 Metaspace       used 5824K, capacity 6832K, committed 7040K, reserved 1056768K
  class space    used 589K, capacity 616K, committed 640K, reserved 1048576K
Event: 1.051 GC heap after
Heap after GC invocations=10 (full 0):
 PSYoungGen      total 16384K, used 2496K [0x00000000eab00000, 0x00000000ebe00000, 0x0000000100000000)
  eden space 13312K, 0% used [0x00000000eab00000,0x00000000eab00000,0x00000000eb800000)
  from space 3072K, 81% used [0x00000000ebb00000,0x00000000ebd70010,0x00000000ebe00000)
  to   space 3072K, 0% used [0x00000000eb800000,0x00000000eb800000,0x00000000ebb00000)
 ParOldGen       total 129536K, used 3593K [0x00000000c0000000, 0x00000000c7e80000, 0x00000000eab00000)
  object space 129536K, 2% used [0x00000000c0000000,0x00000000c0382618,0x00000000c7e80000)
 Metaspace       used 5824K, capacity 6832K, committed 7040K, reserved 1056768K
  class space    used 589K, capacity 616K, committed 640K, reserved 1048576K
}
Event: 1.115 GC heap before
{Heap before GC invocations=11 (full 0):
 PSYoungGen      total 16384K, used 15808K [0x00000000eab00000, 0x00000000ebe00000, 0x0000000100000000)
  eden space 13312K, 100% used [0x00000000eab00000,0x00000000eb800000,0x00000000eb800000)
  from space 3072K, 81% used [0x00000000ebb00000,0x00000000ebd70010,0x00000000ebe00000)
  to   space 3072K, 0% used [0x00000000eb800000,0x00000000eb800000,0x00000000ebb00000)
 ParOldGen       total 129536K, used 3593K [0x00000000c0000000, 0x00000000c7e80000, 0x00000000eab00000)
  object space 129536K, 2% used [0x00000000c0000000,0x00000000c0382618,0x00000000c7e80000)
 Metaspace       used 5866K, capacity 6896K, committed 7040K, reserved 1056768K
  class space    used 589K, capacity 616K, committed 640K, reserved 1048576K
Event: 1.126 GC heap after
Heap after GC invocations=11 (full 0):
 PSYoungGen      total 16384K, used 2400K [0x00000000eab00000, 0x00000000ec700000, 0x0000000100000000)
  eden space 13312K, 0% used [0x00000000eab00000,0x00000000eab00000,0x00000000eb800000)
  from space 3072K, 78% used [0x00000000eb800000,0x00000000eba58000,0x00000000ebb00000)
  to   space 3584K, 0% used [0x00000000ec380000,0x00000000ec380000,0x00000000ec700000)
 ParOldGen       total 129536K, used 5812K [0x00000000c0000000, 0x00000000c7e80000, 0x00000000eab00000)
  object space 129536K, 4% used [0x00000000c0000000,0x00000000c05ad0b8,0x00000000c7e80000)
 Metaspace       used 5866K, capacity 6896K, committed 7040K, reserved 1056768K
  class space    used 589K, capacity 616K, committed 640K, reserved 1048576K
}
Event: 1.200 GC heap before
{Heap before GC invocations=12 (full 0):
 PSYoungGen      total 16384K, used 15712K [0x00000000eab00000, 0x00000000ec700000, 0x0000000100000000)
  eden space 13312K, 100% used [0x00000000eab00000,0x00000000eb800000,0x00000000eb800000)
  from space 3072K, 78% used [0x00000000eb800000,0x00000000eba58000,0x00000000ebb00000)
  to   space 3584K, 0% used [0x00000000ec380000,0x00000000ec380000,0x00000000ec700000)
 ParOldGen       total 129536K, used 5812K [0x00000000c0000000, 0x00000000c7e80000, 0x00000000eab00000)
  object space 129536K, 4% used [0x00000000c0000000,0x00000000c05ad0b8,0x00000000c7e80000)
 Metaspace       used 5908K, capacity 6896K, committed 7040K, reserved 1056768K
  class space    used 589K, capacity 616K, committed 640K, reserved 1048576K
Event: 1.207 GC heap after
Heap after GC invocations=12 (full 0):
 PSYoungGen      total 25088K, used 2832K [0x00000000eab00000, 0x00000000ec700000, 0x0000000100000000)
  eden space 21504K, 0% used [0x00000000eab00000,0x00000000eab00000,0x00000000ec000000)
  from space 3584K, 79% used [0x00000000ec380000,0x00000000ec644198,0x00000000ec700000)
  to   space 3584K, 0% used [0x00000000ec000000,0x00000000ec000000,0x00000000ec380000)
 ParOldGen       total 129536K, used 7892K [0x00000000c0000000, 0x00000000c7e80000, 0x00000000eab00000)
  object space 129536K, 6% used [0x00000000c0000000,0x00000000c07b5020,0x00000000c7e80000)
 Metaspace       used 5908K, capacity 6896K, committed 7040K, reserved 1056768K
  class space    used 589K, capacity 616K, committed 640K, reserved 1048576K
}
Event: 1.258 GC heap before
{Heap before GC invocations=13 (full 0):
 PSYoungGen      total 25088K, used 24336K [0x00000000eab00000, 0x00000000ec700000, 0x0000000100000000)
  eden space 21504K, 100% used [0x00000000eab00000,0x00000000ec000000,0x00000000ec000000)
  from space 3584K, 79% used [0x00000000ec380000,0x00000000ec644198,0x00000000ec700000)
  to   space 3584K, 0% used [0x00000000ec000000,0x00000000ec000000,0x00000000ec380000)
 ParOldGen       total 129536K, used 7892K [0x00000000c0000000, 0x00000000c7e80000, 0x00000000eab00000)
  object space 129536K, 6% used [0x00000000c0000000,0x00000000c07b5020,0x00000000c7e80000)
 Metaspace       used 6024K, capacity 6936K, committed 7168K, reserved 1056768K
  class space    used 613K, capacity 656K, committed 768K, reserved 1048576K
Event: 1.266 GC heap after
Heap after GC invocations=13 (full 0):
 PSYoungGen      total 25088K, used 3584K [0x00000000eab00000, 0x00000000ed500000, 0x0000000100000000)
  eden space 21504K, 0% used [0x00000000eab00000,0x00000000eab00000,0x00000000ec000000)
  from space 3584K, 100% used [0x00000000ec000000,0x00000000ec380000,0x00000000ec380000)
  to   space 4096K, 0% used [0x00000000ed100000,0x00000000ed100000,0x00000000ed500000)
 ParOldGen       total 129536K, used 10052K [0x00000000c0000000, 0x00000000c7e80000, 0x00000000eab00000)
  object space 129536K, 7% used [0x00000000c0000000,0x00000000c09d1030,0x00000000c7e80000)
 Metaspace       used 6024K, capacity 6936K, committed 7168K, reserved 1056768K
  class space    used 613K, capacity 656K, committed 768K, reserved 1048576K
}

Deoptimization events (10 events):
Event: 1.082 Thread 0x000000001600c000 Uncommon trap: reason=class_check action=maybe_recompile pc=0x00000000027db578 method=java.util.HashMap.putVal(ILjava/lang/Object;Ljava/lang/Object;ZZ)Ljava/lang/Object; @ 203
Event: 1.135 Thread 0x0000000016002000 Uncommon trap: reason=bimorphic action=maybe_recompile pc=0x00000000028b1920 method=com.android.dx.ssa.LiteralOpUpgrader.tryReplacingWithConstant(Lcom/android/dx/ssa/NormalSsaInsn;)Z @ 62
Event: 1.160 Thread 0x0000000002260800 Uncommon trap: reason=bimorphic action=maybe_recompile pc=0x00000000028b1920 method=com.android.dx.ssa.LiteralOpUpgrader.tryReplacingWithConstant(Lcom/android/dx/ssa/NormalSsaInsn;)Z @ 62
Event: 1.169 Thread 0x000000001601c800 Uncommon trap: reason=bimorphic action=maybe_recompile pc=0x000000000284d8c0 method=com.android.dx.cf.code.BytecodeArray.parseInstruction(ILcom/android/dx/cf/code/BytecodeArray$Visitor;)I @ 1130
Event: 1.169 Thread 0x000000001601c800 Uncommon trap: reason=bimorphic action=maybe_recompile pc=0x000000000284d8c0 method=com.android.dx.cf.code.BytecodeArray.parseInstruction(ILcom/android/dx/cf/code/BytecodeArray$Visitor;)I @ 1130
Event: 1.171 Thread 0x0000000016002000 Uncommon trap: reason=bimorphic action=maybe_recompile pc=0x000000000284d8c0 method=com.android.dx.cf.code.BytecodeArray.parseInstruction(ILcom/android/dx/cf/code/BytecodeArray$Visitor;)I @ 1130
Event: 1.171 Thread 0x0000000016002000 Uncommon trap: reason=bimorphic action=maybe_recompile pc=0x000000000284d8c0 method=com.android.dx.cf.code.BytecodeArray.parseInstruction(ILcom/android/dx/cf/code/BytecodeArray$Visitor;)I @ 1130
Event: 1.224 Thread 0x0000000002260800 Uncommon trap: reason=null_check action=make_not_entrant pc=0x000000000281ace4 method=com.android.dx.rop.type.Type.equals(Ljava/lang/Object;)Z @ 8
Event: 1.227 Thread 0x0000000016002800 Uncommon trap: reason=unreached action=reinterpret pc=0x0000000002966bc8 method=com.android.dx.rop.code.RegisterSpec.intersect(Lcom/android/dx/rop/code/RegisterSpec;Z)Lcom/android/dx/rop/code/RegisterSpec; @ 8
Event: 1.250 Thread 0x000000001600c000 Uncommon trap: reason=unreached action=reinterpret pc=0x000000000287f6d4 method=java.util.HashMap.getNode(ILjava/lang/Object;)Ljava/util/HashMap$Node; @ 84

Internal exceptions (10 events):
Event: 1.033 Thread 0x0000000002260800 Exception <a 'java/security/PrivilegedActionException'> (0x00000000eb19a2a8) thrown at [D:\re\workspace\8-2-build-windows-amd64-cygwin\jdk8u5\2488\hotspot\src\share\vm\prims\jvm.cpp, line 1248]
Event: 1.033 Thread 0x0000000002260800 Exception <a 'java/security/PrivilegedActionException'> (0x00000000eb19ca38) thrown at [D:\re\workspace\8-2-build-windows-amd64-cygwin\jdk8u5\2488\hotspot\src\share\vm\prims\jvm.cpp, line 1248]
Event: 1.040 Thread 0x0000000016002000 Exception <a 'java/security/PrivilegedActionException'> (0x00000000eb024678) thrown at [D:\re\workspace\8-2-build-windows-amd64-cygwin\jdk8u5\2488\hotspot\src\share\vm\prims\jvm.cpp, line 1248]
Event: 1.055 Thread 0x0000000016002000 Implicit null exception at 0x00000000027b8b19 to 0x00000000027ba115
Event: 1.055 Thread 0x0000000016002000 Implicit null exception at 0x00000000027a728c to 0x00000000027a8789
Event: 1.224 Thread 0x0000000002260800 Implicit null exception at 0x000000000281abe2 to 0x000000000281acd5
Event: 1.242 Thread 0x0000000002260800 Exception <a 'java/security/PrivilegedActionException'> (0x00000000ebc8cdd8) thrown at [D:\re\workspace\8-2-build-windows-amd64-cygwin\jdk8u5\2488\hotspot\src\share\vm\prims\jvm.cpp, line 1248]
Event: 1.249 Thread 0x000000001600c000 Exception <a 'java/lang/ArrayIndexOutOfBoundsException': 18> (0x00000000ebe74040) thrown at [D:\re\workspace\8-2-build-windows-amd64-cygwin\jdk8u5\2488\hotspot\src\share\vm\interpreter\interpreterRuntime.cpp, line 337]
Event: 1.250 Thread 0x000000001600c000 Exception <a 'java/lang/ArrayIndexOutOfBoundsException': 145> (0x00000000ebe75ad8) thrown at [D:\re\workspace\8-2-build-windows-amd64-cygwin\jdk8u5\2488\hotspot\src\share\vm\interpreter\interpreterRuntime.cpp, line 337]
Event: 1.250 Thread 0x000000001600c000 Exception <a 'java/lang/ArrayIndexOutOfBoundsException'> (0x00000000ebe76cf0) thrown at [D:\re\workspace\8-2-build-windows-amd64-cygwin\jdk8u5\2488\hotspot\src\share\vm\runtime\sharedRuntime.cpp, line 595]

Events (10 events):
Event: 1.250 loading class java/lang/reflect/TypeVariable done
Event: 1.250 loading class sun/reflect/generics/reflectiveObjects/TypeVariableImpl
Event: 1.250 loading class sun/reflect/generics/reflectiveObjects/LazyReflectiveObjectGenerator
Event: 1.250 loading class sun/reflect/generics/reflectiveObjects/LazyReflectiveObjectGenerator done
Event: 1.250 loading class sun/reflect/generics/reflectiveObjects/TypeVariableImpl done
Event: 1.250 Thread 0x000000001600c000 Uncommon trap: trap_request=0xffffffad fr.pc=0x000000000287f6d4
Event: 1.250 Thread 0x000000001600c000 DEOPT PACKING pc=0x000000000287f6d4 sp=0x0000000016d9db10
Event: 1.250 Thread 0x000000001600c000 DEOPT UNPACKING pc=0x00000000023a55af sp=0x0000000016d9da98 mode 2
Event: 1.253 Executing VM operation: ParallelGCFailedAllocation
Event: 1.266 Executing VM operation: ParallelGCFailedAllocation done


Dynamic libraries:
0x00007ff7b1cb0000 - 0x00007ff7b1ce4000 	D:\jdk\bin\java.exe
0x00007ffd1f340000 - 0x00007ffd1f4e9000 	C:\Windows\SYSTEM32\ntdll.dll
0x00007ffd1cbd0000 - 0x00007ffd1cd09000 	C:\Windows\system32\KERNEL32.DLL
0x00007ffd1c840000 - 0x00007ffd1c94e000 	C:\Windows\system32\KERNELBASE.dll
0x00007ffd1e970000 - 0x00007ffd1ea15000 	C:\Windows\system32\ADVAPI32.dll
0x00007ffd1e6f0000 - 0x00007ffd1e861000 	C:\Windows\system32\USER32.dll
0x00007ffd1a700000 - 0x00007ffd1a95a000 	C:\Windows\WinSxS\amd64_microsoft.windows.common-controls_6595b64144ccf1df_6.0.9600.16384_none_62475f7becb72503\COMCTL32.dll
0x00007ffd1e450000 - 0x00007ffd1e4f7000 	C:\Windows\system32\msvcrt.dll
0x00007ffd1ea20000 - 0x00007ffd1ea77000 	C:\Windows\SYSTEM32\sechost.dll
0x00007ffd1f200000 - 0x00007ffd1f336000 	C:\Windows\system32\RPCRT4.dll
0x00007ffd1ec90000 - 0x00007ffd1edd5000 	C:\Windows\system32\GDI32.dll
0x00007ffd1cf20000 - 0x00007ffd1cf54000 	C:\Windows\system32\IMM32.DLL
0x00007ffd1cdd0000 - 0x00007ffd1cf09000 	C:\Windows\system32\MSCTF.dll
0x000000006afa0000 - 0x000000006b072000 	D:\jdk\jre\bin\msvcr100.dll
0x000000006b470000 - 0x000000006bc9a000 	D:\jdk\jre\bin\server\jvm.dll
0x00007ffd19ee0000 - 0x00007ffd19ee9000 	C:\Windows\SYSTEM32\WSOCK32.dll
0x00007ffd18480000 - 0x00007ffd1849f000 	C:\Windows\SYSTEM32\WINMM.dll
0x00007ffd1cd10000 - 0x00007ffd1cd17000 	C:\Windows\system32\PSAPI.DLL
0x00007ffd1ea90000 - 0x00007ffd1eae8000 	C:\Windows\system32\WS2_32.dll
0x00007ffd18320000 - 0x00007ffd1834a000 	C:\Windows\SYSTEM32\WINMMBASE.dll
0x00007ffd1cf10000 - 0x00007ffd1cf19000 	C:\Windows\system32\NSI.dll
0x00007ffd1c950000 - 0x00007ffd1c99a000 	C:\Windows\SYSTEM32\cfgmgr32.dll
0x00007ffd1b570000 - 0x00007ffd1b596000 	C:\Windows\SYSTEM32\DEVOBJ.dll
0x000000006bec0000 - 0x000000006becf000 	D:\jdk\jre\bin\verify.dll
0x000000006be90000 - 0x000000006beb8000 	D:\jdk\jre\bin\java.dll
0x000000006be70000 - 0x000000006be86000 	D:\jdk\jre\bin\zip.dll
0x00007ffd1d040000 - 0x00007ffd1e44d000 	C:\Windows\system32\SHELL32.dll
0x00007ffd1f020000 - 0x00007ffd1f1f7000 	C:\Windows\SYSTEM32\combase.dll
0x00007ffd1cf80000 - 0x00007ffd1cfd1000 	C:\Windows\system32\SHLWAPI.dll
0x00007ffd1ad50000 - 0x00007ffd1adf1000 	C:\Windows\SYSTEM32\SHCORE.dll
0x00007ffd1c6c0000 - 0x00007ffd1c6d4000 	C:\Windows\SYSTEM32\profapi.dll
0x00007ffd132f0000 - 0x00007ffd13478000 	C:\Windows\SYSTEM32\dbghelp.dll

VM Arguments:
jvm_args: -Djava.awt.headless=true -Xmx1024M -Dfile.encoding=GBK -Duser.country=CN -Duser.language=zh -Duser.variant 
java_command: com.android.dx.command.Main --dex --force-jumbo --num-threads=4 --output E:\Sports\app\build\intermediates\pre-dexed\debug\com.github.lecho-hellocharts-library-1.5.8_a7f7040635f67323c85c887f631e40668674be21.jar E:\Sports\app\build\intermediates\exploded-aar\com.github.lecho\hellocharts-library\1.5.8\jars\classes.jar
java_class_path (initial): D:\android\AppData\Local\Android\sdk\build-tools\24.0.0\lib\dx.jar
Launcher Type: SUN_STANDARD

Environment Variables:
JAVA_HOME=D:\jdk
PATH=C:\Windows\system32;C:\Windows;C:\Windows\System32\Wbem;C:\Windows\System32\WindowsPowerShell\v1.0\;D:\jdk\bin;D:\jdk\jre\bin;D:\android\AppData\Local\Android\sdk\tools;D:\android\AppData\Local\Android\sdk\platform-tools;C:\Program Files (x86)\NVIDIA Corporation\PhysX\Common
USERNAME=Administrator
OS=Windows_NT
PROCESSOR_IDENTIFIER=Intel64 Family 6 Model 60 Stepping 3, GenuineIntel



---------------  S Y S T E M  ---------------

OS: Windows 8.1 , 64 bit Build 9600 

CPU:total 4 (4 cores per cpu, 1 threads per core) family 6 model 60 stepping 3, cmov, cx8, fxsr, mmx, sse, sse2, sse3, ssse3, sse4.1, sse4.2, popcnt, avx, avx2, aes, clmul, erms, tsc, tscinvbit

Memory: 4k page, physical 8273724k(2023044k free), swap 8273724k(206980k free)

vm_info: Java HotSpot(TM) 64-Bit Server VM (25.5-b02) for windows-amd64 JRE (1.8.0_05-b13), built on Mar 18 2014 01:08:39 by "java_re" with MS VC++ 10.0 (VS2010)

time: Wed Aug 03 16:18:59 2016
elapsed time: 1 seconds

