#
# There is insufficient memory for the Java Runtime Environment to continue.
# Native memory allocation (malloc) failed to allocate 32744 bytes for ChunkPool::allocate
# Possible reasons:
#   The system is out of physical RAM or swap space
#   In 32 bit mode, the process size limit was hit
# Possible solutions:
#   Reduce memory load on the system
#   Increase physical memory or swap space
#   Check if swap backing store is full
#   Use 64 bit Java on a 64 bit OS
#   Decrease Java heap size (-Xmx/-Xms)
#   Decrease number of Java threads
#   Decrease Java thread stack sizes (-Xss)
#   Set larger code cache with -XX:ReservedCodeCacheSize=
# This output file may be truncated or incomplete.
#
#  Out of Memory Error (allocation.cpp:271), pid=12808, tid=13588
#
# JRE version: Java(TM) SE Runtime Environment (8.0_05-b13) (build 1.8.0_05-b13)
# Java VM: Java HotSpot(TM) 64-Bit Server VM (25.5-b02 mixed mode windows-amd64 compressed oops)
# Failed to write core dump. Minidumps are not enabled by default on client versions of Windows
#

---------------  T H R E A D  ---------------

Current thread (0x0000000015cc7800):  JavaThread "C1 CompilerThread2" daemon [_thread_in_native, id=13588, stack(0x0000000016470000,0x0000000016570000)]

Stack: [0x0000000016470000,0x0000000016570000]
Native frames: (J=compiled Java code, j=interpreted, Vv=VM code, C=native code)
V  [jvm.dll+0x308dea]


Current CompileTask:
C1:   1075  706   !   3       com.android.dx.cf.code.BytecodeArray::parseInstruction (2764 bytes)


---------------  P R O C E S S  ---------------

Java Threads: ( => current thread )
  0x0000000015e0e000 JavaThread "pool-1-thread-4" [_thread_blocked, id=12148, stack(0x0000000016b70000,0x0000000016c70000)]
  0x0000000015e09800 JavaThread "pool-1-thread-3" [_thread_in_Java, id=14000, stack(0x0000000016a70000,0x0000000016b70000)]
  0x0000000015e08800 JavaThread "pool-1-thread-2" [_thread_in_Java, id=13488, stack(0x0000000016970000,0x0000000016a70000)]
  0x0000000015e08000 JavaThread "pool-2-thread-1" [_thread_blocked, id=14076, stack(0x0000000016870000,0x0000000016970000)]
  0x0000000015df6000 JavaThread "pool-1-thread-1" [_thread_in_Java, id=13996, stack(0x0000000016770000,0x0000000016870000)]
  0x0000000015ccb800 JavaThread "Service Thread" daemon [_thread_blocked, id=13368, stack(0x0000000016570000,0x0000000016670000)]
=>0x0000000015cc7800 JavaThread "C1 CompilerThread2" daemon [_thread_in_native, id=13588, stack(0x0000000016470000,0x0000000016570000)]
  0x0000000014915000 JavaThread "C2 CompilerThread1" daemon [_thread_in_native, id=13812, stack(0x0000000016370000,0x0000000016470000)]
  0x0000000014913800 JavaThread "C2 CompilerThread0" daemon [_thread_in_native, id=13432, stack(0x0000000016270000,0x0000000016370000)]
  0x0000000014912800 JavaThread "Attach Listener" daemon [_thread_blocked, id=13752, stack(0x0000000016170000,0x0000000016270000)]
  0x0000000015cb3800 JavaThread "Signal Dispatcher" daemon [_thread_blocked, id=13684, stack(0x0000000016070000,0x0000000016170000)]
  0x0000000002221800 JavaThread "Finalizer" daemon [_thread_blocked, id=8000, stack(0x0000000015b70000,0x0000000015c70000)]
  0x000000000221b800 JavaThread "Reference Handler" daemon [_thread_blocked, id=12856, stack(0x0000000015a70000,0x0000000015b70000)]
  0x0000000002130800 JavaThread "main" [_thread_blocked, id=12348, stack(0x0000000001cd0000,0x0000000001dd0000)]

Other Threads:
  0x00000000148c7800 VMThread [stack: 0x0000000015970000,0x0000000015a70000] [id=12468]
  0x0000000015cd6000 WatcherThread [stack: 0x0000000016670000,0x0000000016770000] [id=13776]

VM state:not at safepoint (normal execution)

VM Mutex/Monitor currently owned by a thread: None

Heap:
 PSYoungGen      total 5632K, used 1817K [0x00000000eab00000, 0x00000000eb200000, 0x0000000100000000)
  eden space 4096K, 7% used [0x00000000eab00000,0x00000000eab49d18,0x00000000eaf00000)
  from space 1536K, 99% used [0x00000000eaf00000,0x00000000eb07c9a8,0x00000000eb080000)
  to   space 1536K, 0% used [0x00000000eb080000,0x00000000eb080000,0x00000000eb200000)
 ParOldGen       total 129536K, used 2035K [0x00000000c0000000, 0x00000000c7e80000, 0x00000000eab00000)
  object space 129536K, 1% used [0x00000000c0000000,0x00000000c01fcde8,0x00000000c7e80000)
 Metaspace       used 5459K, capacity 6512K, committed 6784K, reserved 1056768K
  class space    used 586K, capacity 616K, committed 640K, reserved 1048576K

Card table byte_map: [0x00000000115f0000,0x0000000011800000] byte_map_base: 0x0000000010ff0000

Marking Bits: (ParMarkBitMap*) 0x000000006bc213b0
 Begin Bits: [0x0000000011d60000, 0x0000000012d60000)
 End Bits:   [0x0000000012d60000, 0x0000000013d60000)

Polling page: 0x00000000004c0000

CodeCache: size=245760Kb used=2605Kb max_used=2616Kb free=243154Kb
 bounds [0x0000000002230000, 0x00000000024d0000, 0x0000000011230000]
 total_blobs=975 nmethods=709 adapters=180
 compilation: enabled

Compilation events (10 events):
Event: 1.064 Thread 0x0000000015cc7800  697       3       com.android.dx.rop.code.RegisterSpecSet::size (49 bytes)
Event: 1.065 Thread 0x0000000015cc7800 nmethod 697 0x00000000024b9c90 code [0x00000000024b9e00, 0x00000000024ba090]
Event: 1.065 Thread 0x0000000014913800 nmethod 696 0x0000000002458fd0 code [0x0000000002459100, 0x0000000002459198]
Event: 1.065 Thread 0x0000000015cc7800  698       3       com.android.dx.ssa.back.FirstFitLocalCombiningAllocator::canMapReg (32 bytes)
Event: 1.065 Thread 0x0000000015cc7800 nmethod 698 0x00000000024bb790 code [0x00000000024bb980, 0x00000000024bc288]
Event: 1.065 Thread 0x0000000015cc7800  706   !   3       com.android.dx.cf.code.BytecodeArray::parseInstruction (2764 bytes)
Event: 1.067 Thread 0x0000000014915000  714       4       java.util.ArrayList::isEmpty (13 bytes)
Event: 1.067 Thread 0x0000000014913800  715       4       com.android.dx.util.IntList::add (65 bytes)
Event: 1.067 Thread 0x0000000014915000 nmethod 714 0x0000000002477ed0 code [0x0000000002478000, 0x0000000002478078]
Event: 1.067 Thread 0x0000000014915000  716       4       com.android.dx.util.IntList::growIfNeeded (46 bytes)

GC Heap History (10 events):
Event: 0.139 GC heap before
{Heap before GC invocations=2 (full 0):
 PSYoungGen      total 1024K, used 982K [0x00000000eab00000, 0x00000000ead00000, 0x0000000100000000)
  eden space 512K, 94% used [0x00000000eab00000,0x00000000eab798d0,0x00000000eab80000)
  from space 512K, 96% used [0x00000000eab80000,0x00000000eabfc020,0x00000000eac00000)
  to   space 512K, 0% used [0x00000000eac80000,0x00000000eac80000,0x00000000ead00000)
 ParOldGen       total 129536K, used 40K [0x00000000c0000000, 0x00000000c7e80000, 0x00000000eab00000)
  object space 129536K, 0% used [0x00000000c0000000,0x00000000c000a000,0x00000000c7e80000)
 Metaspace       used 2895K, capacity 4490K, committed 4864K, reserved 1056768K
  class space    used 309K, capacity 386K, committed 512K, reserved 1048576K
Event: 0.146 GC heap after
Heap after GC invocations=2 (full 0):
 PSYoungGen      total 1536K, used 501K [0x00000000eab00000, 0x00000000ead00000, 0x0000000100000000)
  eden space 1024K, 0% used [0x00000000eab00000,0x00000000eab00000,0x00000000eac00000)
  from space 512K, 97% used [0x00000000eac80000,0x00000000eacfd600,0x00000000ead00000)
  to   space 512K, 0% used [0x00000000eac00000,0x00000000eac00000,0x00000000eac80000)
 ParOldGen       total 129536K, used 272K [0x00000000c0000000, 0x00000000c7e80000, 0x00000000eab00000)
  object space 129536K, 0% used [0x00000000c0000000,0x00000000c0044000,0x00000000c7e80000)
 Metaspace       used 2895K, capacity 4490K, committed 4864K, reserved 1056768K
  class space    used 309K, capacity 386K, committed 512K, reserved 1048576K
}
Event: 0.204 GC heap before
{Heap before GC invocations=3 (full 0):
 PSYoungGen      total 1536K, used 1525K [0x00000000eab00000, 0x00000000ead00000, 0x0000000100000000)
  eden space 1024K, 100% used [0x00000000eab00000,0x00000000eac00000,0x00000000eac00000)
  from space 512K, 97% used [0x00000000eac80000,0x00000000eacfd600,0x00000000ead00000)
  to   space 512K, 0% used [0x00000000eac00000,0x00000000eac00000,0x00000000eac80000)
 ParOldGen       total 129536K, used 272K [0x00000000c0000000, 0x00000000c7e80000, 0x00000000eab00000)
  object space 129536K, 0% used [0x00000000c0000000,0x00000000c0044000,0x00000000c7e80000)
 Metaspace       used 3441K, capacity 4720K, committed 4864K, reserved 1056768K
  class space    used 377K, capacity 424K, committed 512K, reserved 1048576K
Event: 0.208 GC heap after
Heap after GC invocations=3 (full 0):
 PSYoungGen      total 1536K, used 504K [0x00000000eab00000, 0x00000000eae00000, 0x0000000100000000)
  eden space 1024K, 0% used [0x00000000eab00000,0x00000000eab00000,0x00000000eac00000)
  from space 512K, 98% used [0x00000000eac00000,0x00000000eac7e030,0x00000000eac80000)
  to   space 512K, 0% used [0x00000000ead80000,0x00000000ead80000,0x00000000eae00000)
 ParOldGen       total 129536K, used 500K [0x00000000c0000000, 0x00000000c7e80000, 0x00000000eab00000)
  object space 129536K, 0% used [0x00000000c0000000,0x00000000c007d0d8,0x00000000c7e80000)
 Metaspace       used 3441K, capacity 4720K, committed 4864K, reserved 1056768K
  class space    used 377K, capacity 424K, committed 512K, reserved 1048576K
}
Event: 0.280 GC heap before
{Heap before GC invocations=4 (full 0):
 PSYoungGen      total 1536K, used 1528K [0x00000000eab00000, 0x00000000eae00000, 0x0000000100000000)
  eden space 1024K, 100% used [0x00000000eab00000,0x00000000eac00000,0x00000000eac00000)
  from space 512K, 98% used [0x00000000eac00000,0x00000000eac7e030,0x00000000eac80000)
  to   space 512K, 0% used [0x00000000ead80000,0x00000000ead80000,0x00000000eae00000)
 ParOldGen       total 129536K, used 500K [0x00000000c0000000, 0x00000000c7e80000, 0x00000000eab00000)
  object space 129536K, 0% used [0x00000000c0000000,0x00000000c007d0d8,0x00000000c7e80000)
 Metaspace       used 3712K, capacity 5008K, committed 5120K, reserved 1056768K
  class space    used 413K, capacity 456K, committed 512K, reserved 1048576K
Event: 0.288 GC heap after
Heap after GC invocations=4 (full 0):
 PSYoungGen      total 2560K, used 511K [0x00000000eab00000, 0x00000000eae00000, 0x0000000100000000)
  eden space 2048K, 0% used [0x00000000eab00000,0x00000000eab00000,0x00000000ead00000)
  from space 512K, 99% used [0x00000000ead80000,0x00000000eadffc60,0x00000000eae00000)
  to   space 512K, 0% used [0x00000000ead00000,0x00000000ead00000,0x00000000ead80000)
 ParOldGen       total 129536K, used 781K [0x00000000c0000000, 0x00000000c7e80000, 0x00000000eab00000)
  object space 129536K, 0% used [0x00000000c0000000,0x00000000c00c34a8,0x00000000c7e80000)
 Metaspace       used 3712K, capacity 5008K, committed 5120K, reserved 1056768K
  class space    used 413K, capacity 456K, committed 512K, reserved 1048576K
}
Event: 0.451 GC heap before
{Heap before GC invocations=5 (full 0):
 PSYoungGen      total 2560K, used 2559K [0x00000000eab00000, 0x00000000eae00000, 0x0000000100000000)
  eden space 2048K, 100% used [0x00000000eab00000,0x00000000ead00000,0x00000000ead00000)
  from space 512K, 99% used [0x00000000ead80000,0x00000000eadffc60,0x00000000eae00000)
  to   space 512K, 0% used [0x00000000ead00000,0x00000000ead00000,0x00000000ead80000)
 ParOldGen       total 129536K, used 781K [0x00000000c0000000, 0x00000000c7e80000, 0x00000000eab00000)
  object space 129536K, 0% used [0x00000000c0000000,0x00000000c00c34a8,0x00000000c7e80000)
 Metaspace       used 4188K, capacity 5392K, committed 5760K, reserved 1056768K
  class space    used 470K, capacity 520K, committed 640K, reserved 1048576K
Event: 0.550 GC heap after
Heap after GC invocations=5 (full 0):
 PSYoungGen      total 2560K, used 490K [0x00000000eab00000, 0x00000000eb200000, 0x0000000100000000)
  eden space 2048K, 0% used [0x00000000eab00000,0x00000000eab00000,0x00000000ead00000)
  from space 512K, 95% used [0x00000000ead00000,0x00000000ead7a9a0,0x00000000ead80000)
  to   space 1536K, 0% used [0x00000000eb080000,0x00000000eb080000,0x00000000eb200000)
 ParOldGen       total 129536K, used 1580K [0x00000000c0000000, 0x00000000c7e80000, 0x00000000eab00000)
  object space 129536K, 1% used [0x00000000c0000000,0x00000000c018b150,0x00000000c7e80000)
 Metaspace       used 4188K, capacity 5392K, committed 5760K, reserved 1056768K
  class space    used 470K, capacity 520K, committed 640K, reserved 1048576K
}
Event: 0.720 GC heap before
{Heap before GC invocations=6 (full 0):
 PSYoungGen      total 2560K, used 2538K [0x00000000eab00000, 0x00000000eb200000, 0x0000000100000000)
  eden space 2048K, 100% used [0x00000000eab00000,0x00000000ead00000,0x00000000ead00000)
  from space 512K, 95% used [0x00000000ead00000,0x00000000ead7a9a0,0x00000000ead80000)
  to   space 1536K, 0% used [0x00000000eb080000,0x00000000eb080000,0x00000000eb200000)
 ParOldGen       total 129536K, used 1580K [0x00000000c0000000, 0x00000000c7e80000, 0x00000000eab00000)
  object space 129536K, 1% used [0x00000000c0000000,0x00000000c018b150,0x00000000c7e80000)
 Metaspace       used 4820K, capacity 5936K, committed 6272K, reserved 1056768K
  class space    used 534K, capacity 552K, committed 640K, reserved 1048576K
Event: 0.745 GC heap after
Heap after GC invocations=6 (full 0):
 PSYoungGen      total 5632K, used 1223K [0x00000000eab00000, 0x00000000eb200000, 0x0000000100000000)
  eden space 4096K, 0% used [0x00000000eab00000,0x00000000eab00000,0x00000000eaf00000)
  from space 1536K, 79% used [0x00000000eb080000,0x00000000eb1b1fd8,0x00000000eb200000)
  to   space 1536K, 0% used [0x00000000eaf00000,0x00000000eaf00000,0x00000000eb080000)
 ParOldGen       total 129536K, used 1580K [0x00000000c0000000, 0x00000000c7e80000, 0x00000000eab00000)
  object space 129536K, 1% used [0x00000000c0000000,0x00000000c018b150,0x00000000c7e80000)
 Metaspace       used 4820K, capacity 5936K, committed 6272K, reserved 1056768K
  class space    used 534K, capacity 552K, committed 640K, reserved 1048576K
}

Deoptimization events (0 events):
No events

Internal exceptions (10 events):
Event: 0.889 Thread 0x0000000015e09800 Exception <a 'java/security/PrivilegedActionException'> (0x00000000eacb59a8) thrown at [D:\re\workspace\8-2-build-windows-amd64-cygwin\jdk8u5\2488\hotspot\src\share\vm\prims\jvm.cpp, line 1248]
Event: 0.891 Thread 0x0000000015e09800 Exception <a 'java/security/PrivilegedActionException'> (0x00000000eacc2198) thrown at [D:\re\workspace\8-2-build-windows-amd64-cygwin\jdk8u5\2488\hotspot\src\share\vm\prims\jvm.cpp, line 1248]
Event: 0.891 Thread 0x0000000015e09800 Exception <a 'java/security/PrivilegedActionException'> (0x00000000eacc83f8) thrown at [D:\re\workspace\8-2-build-windows-amd64-cygwin\jdk8u5\2488\hotspot\src\share\vm\prims\jvm.cpp, line 1248]
Event: 0.892 Thread 0x0000000015e09800 Exception <a 'java/security/PrivilegedActionException'> (0x00000000eacccc80) thrown at [D:\re\workspace\8-2-build-windows-amd64-cygwin\jdk8u5\2488\hotspot\src\share\vm\prims\jvm.cpp, line 1248]
Event: 0.901 Thread 0x0000000015e09800 Exception <a 'java/security/PrivilegedActionException'> (0x00000000eacee4a8) thrown at [D:\re\workspace\8-2-build-windows-amd64-cygwin\jdk8u5\2488\hotspot\src\share\vm\prims\jvm.cpp, line 1248]
Event: 0.904 Thread 0x0000000015e09800 Exception <a 'java/security/PrivilegedActionException'> (0x00000000ead1e1f8) thrown at [D:\re\workspace\8-2-build-windows-amd64-cygwin\jdk8u5\2488\hotspot\src\share\vm\prims\jvm.cpp, line 1248]
Event: 0.906 Thread 0x0000000015df6000 Exception <a 'java/security/PrivilegedActionException'> (0x00000000ead3cee0) thrown at [D:\re\workspace\8-2-build-windows-amd64-cygwin\jdk8u5\2488\hotspot\src\share\vm\prims\jvm.cpp, line 1248]
Event: 0.920 Thread 0x0000000002130800 Exception <a 'java/security/PrivilegedActionException'> (0x00000000eabb0c98) thrown at [D:\re\workspace\8-2-build-windows-amd64-cygwin\jdk8u5\2488\hotspot\src\share\vm\prims\jvm.cpp, line 1248]
Event: 0.929 Thread 0x0000000015e08800 Exception <a 'java/security/PrivilegedActionException'> (0x00000000ead93828) thrown at [D:\re\workspace\8-2-build-windows-amd64-cygwin\jdk8u5\2488\hotspot\src\share\vm\prims\jvm.cpp, line 1248]
Event: 1.062 Thread 0x0000000015e09800 Exception <a 'java/security/PrivilegedActionException'> (0x00000000ead3e7f8) thrown at [D:\re\workspace\8-2-build-windows-amd64-cygwin\jdk8u5\2488\hotspot\src\share\vm\prims\jvm.cpp, line 1248]

Events (10 events):
Event: 0.904 loading class com/android/dx/ssa/PhiInsn$Operand
Event: 0.904 loading class com/android/dx/ssa/PhiInsn$Operand done
Event: 0.906 loading class com/android/dx/cf/code/BytecodeArray$ConstantParserVisitor
Event: 0.906 loading class com/android/dx/cf/code/BytecodeArray$ConstantParserVisitor done
Event: 0.906 loading class com/android/dx/ssa/back/FirstFitLocalCombiningAllocator$Multiset
Event: 0.906 loading class com/android/dx/ssa/back/FirstFitLocalCombiningAllocator$Multiset done
Event: 0.920 loading class com/android/dx/dex/file/MethodAnnotationStruct
Event: 0.920 loading class com/android/dx/dex/file/MethodAnnotationStruct done
Event: 0.929 loading class com/android/dx/dex/file/FieldAnnotationStruct
Event: 0.929 loading class com/android/dx/dex/file/FieldAnnotationStruct done


Dynamic libraries:
0x00007ff7b1cb0000 - 0x00007ff7b1ce4000 	D:\jdk\bin\java.exe
0x00007ffd1f340000 - 0x00007ffd1f4e9000 	C:\Windows\SYSTEM32\ntdll.dll
0x00007ffd1cbd0000 - 0x00007ffd1cd09000 	C:\Windows\system32\KERNEL32.DLL
0x00007ffd1c840000 - 0x00007ffd1c94e000 	C:\Windows\system32\KERNELBASE.dll
0x00007ffd1e970000 - 0x00007ffd1ea15000 	C:\Windows\system32\ADVAPI32.dll
0x00007ffd1e6f0000 - 0x00007ffd1e861000 	C:\Windows\system32\USER32.dll
0x00007ffd1a700000 - 0x00007ffd1a95a000 	C:\Windows\WinSxS\amd64_microsoft.windows.common-controls_6595b64144ccf1df_6.0.9600.16384_none_62475f7becb72503\COMCTL32.dll
0x00007ffd1e450000 - 0x00007ffd1e4f7000 	C:\Windows\system32\msvcrt.dll
0x00007ffd1ea20000 - 0x00007ffd1ea77000 	C:\Windows\SYSTEM32\sechost.dll
0x00007ffd1f200000 - 0x00007ffd1f336000 	C:\Windows\system32\RPCRT4.dll
0x00007ffd1ec90000 - 0x00007ffd1edd5000 	C:\Windows\system32\GDI32.dll
0x00007ffd1cf20000 - 0x00007ffd1cf54000 	C:\Windows\system32\IMM32.DLL
0x00007ffd1cdd0000 - 0x00007ffd1cf09000 	C:\Windows\system32\MSCTF.dll
0x000000006afa0000 - 0x000000006b072000 	D:\jdk\jre\bin\msvcr100.dll
0x000000006b470000 - 0x000000006bc9a000 	D:\jdk\jre\bin\server\jvm.dll
0x00007ffd19ee0000 - 0x00007ffd19ee9000 	C:\Windows\SYSTEM32\WSOCK32.dll
0x00007ffd18480000 - 0x00007ffd1849f000 	C:\Windows\SYSTEM32\WINMM.dll
0x00007ffd1cd10000 - 0x00007ffd1cd17000 	C:\Windows\system32\PSAPI.DLL
0x00007ffd1ea90000 - 0x00007ffd1eae8000 	C:\Windows\system32\WS2_32.dll
0x00007ffd18320000 - 0x00007ffd1834a000 	C:\Windows\SYSTEM32\WINMMBASE.dll
0x00007ffd1cf10000 - 0x00007ffd1cf19000 	C:\Windows\system32\NSI.dll
0x00007ffd1c950000 - 0x00007ffd1c99a000 	C:\Windows\SYSTEM32\cfgmgr32.dll
0x00007ffd1b570000 - 0x00007ffd1b596000 	C:\Windows\SYSTEM32\DEVOBJ.dll
0x000000006bec0000 - 0x000000006becf000 	D:\jdk\jre\bin\verify.dll
0x000000006be90000 - 0x000000006beb8000 	D:\jdk\jre\bin\java.dll
0x000000006be70000 - 0x000000006be86000 	D:\jdk\jre\bin\zip.dll
0x00007ffd1d040000 - 0x00007ffd1e44d000 	C:\Windows\system32\SHELL32.dll
0x00007ffd1f020000 - 0x00007ffd1f1f7000 	C:\Windows\SYSTEM32\combase.dll
0x00007ffd1cf80000 - 0x00007ffd1cfd1000 	C:\Windows\system32\SHLWAPI.dll
0x00007ffd1ad50000 - 0x00007ffd1adf1000 	C:\Windows\SYSTEM32\SHCORE.dll
0x00007ffd1c6c0000 - 0x00007ffd1c6d4000 	C:\Windows\SYSTEM32\profapi.dll

VM Arguments:
jvm_args: -Djava.awt.headless=true -Xmx1024M -Dfile.encoding=GBK -Duser.country=CN -Duser.language=zh -Duser.variant 
java_command: com.android.dx.command.Main --dex --force-jumbo --num-threads=4 --output E:\Sports\app\build\intermediates\pre-dexed\debug\instant-run_465f309ed479af38715dbae5d4c13efcb3780927.jar E:\Sports\app\build\intermediates\incremental-runtime-classes\debug\instant-run.jar
java_class_path (initial): D:\android\AppData\Local\Android\sdk\build-tools\24.0.0\lib\dx.jar
Launcher Type: SUN_STANDARD

Environment Variables:
JAVA_HOME=D:\jdk
PATH=C:\Windows\system32;C:\Windows;C:\Windows\System32\Wbem;C:\Windows\System32\WindowsPowerShell\v1.0\;D:\jdk\bin;D:\jdk\jre\bin;D:\android\AppData\Local\Android\sdk\tools;D:\android\AppData\Local\Android\sdk\platform-tools;C:\Program Files (x86)\NVIDIA Corporation\PhysX\Common
USERNAME=Administrator
OS=Windows_NT
PROCESSOR_IDENTIFIER=Intel64 Family 6 Model 60 Stepping 3, GenuineIntel



---------------  S Y S T E M  ---------------

OS: Windows 8.1 , 64 bit Build 9600 

CPU:total 4 (4 cores per cpu, 1 threads per core) family 6 model 60 stepping 3, cmov, cx8, fxsr, mmx, sse, sse2, sse3, ssse3, sse4.1, sse4.2, popcnt, avx, avx2, aes, clmul, erms, tsc, tscinvbit

Memory: 4k page, physical 8273724k(2013756k free), swap 8273724k(4808k free)

vm_info: Java HotSpot(TM) 64-Bit Server VM (25.5-b02) for windows-amd64 JRE (1.8.0_05-b13), built on Mar 18 2014 01:08:39 by "java_re" with MS VC++ 10.0 (VS2010)

time: Wed Aug 03 16:26:09 2016
elapsed time: 1 seconds

